<?xml version="1.0" encoding="utf-8"?>
<CoverageSession xmlns:xsd="http://www.w3.org/2001/XMLSchema" xmlns:xsi="http://www.w3.org/2001/XMLSchema-instance">
  <Summary numSequencePoints="0" visitedSequencePoints="0" numBranchPoints="0" visitedBranchPoints="0" sequenceCoverage="0" branchCoverage="0" maxCyclomaticComplexity="0" minCyclomaticComplexity="0" visitedClasses="0" numClasses="0" visitedMethods="0" numMethods="0" />
  <Modules>
    <Module skippedDueTo="Filter" hash="D9-A4-43-79-FA-F4-2A-B0-31-3A-20-A1-03-C5-E0-42-94-AB-99-28">
      <ModulePath>C:\WINDOWS\Microsoft.Net\assembly\GAC_64\mscorlib\v4.0_4.0.0.0__b77a5c561934e089\mscorlib.dll</ModulePath>
      <ModuleTime>2018-02-09T03:35:01.1681381Z</ModuleTime>
      <ModuleName>mscorlib</ModuleName>
      <Classes />
    </Module>
    <Module skippedDueTo="MissingPdb" hash="86-E9-3D-3D-7C-09-09-11-61-67-42-C6-1E-4B-75-FF-C4-1C-03-96">
      <ModulePath>C:\workspaces\githubRepos\openkit-dotnet\packages\NUnit.ConsoleRunner.3.8.0\tools\nunit3-console.exe</ModulePath>
      <ModuleTime>2018-01-27T10:27:14Z</ModuleTime>
      <ModuleName>nunit3-console</ModuleName>
      <Classes />
    </Module>
    <Module skippedDueTo="Filter" hash="CB-7B-C7-A0-09-0F-BA-F4-8A-02-A9-E9-2A-7B-43-34-93-46-0F-58">
      <ModulePath>C:\WINDOWS\Microsoft.Net\assembly\GAC_MSIL\System\v4.0_4.0.0.0__b77a5c561934e089\System.dll</ModulePath>
      <ModuleTime>2017-09-29T13:43:06.7717063Z</ModuleTime>
      <ModuleName>System</ModuleName>
      <Classes />
    </Module>
    <Module skippedDueTo="MissingPdb" hash="C1-08-CD-F2-59-9C-E6-0B-62-F9-09-43-74-9F-8D-57-9D-A9-93-31">
      <ModulePath>C:\workspaces\githubRepos\openkit-dotnet\packages\NUnit.ConsoleRunner.3.8.0\tools\nunit.engine.api.dll</ModulePath>
      <ModuleTime>2018-01-27T10:27:14Z</ModuleTime>
      <ModuleName>nunit.engine.api</ModuleName>
      <Classes />
    </Module>
    <Module skippedDueTo="MissingPdb" hash="95-2A-FF-98-B6-82-8F-7C-F0-AC-3D-56-5A-54-93-7D-3B-32-4F-7B">
      <ModulePath>C:\workspaces\githubRepos\openkit-dotnet\packages\NUnit.ConsoleRunner.3.8.0\tools\nunit.engine.dll</ModulePath>
      <ModuleTime>2018-01-27T10:27:14Z</ModuleTime>
      <ModuleName>nunit.engine</ModuleName>
      <Classes />
    </Module>
    <Module skippedDueTo="MissingPdb" hash="95-2A-FF-98-B6-82-8F-7C-F0-AC-3D-56-5A-54-93-7D-3B-32-4F-7B">
      <ModulePath>C:\workspaces\githubRepos\openkit-dotnet\packages\NUnit.ConsoleRunner.3.8.0\tools\nunit.engine.dll</ModulePath>
      <ModuleTime>2018-01-27T10:27:14Z</ModuleTime>
      <ModuleName>nunit.engine</ModuleName>
      <Classes />
    </Module>
    <Module skippedDueTo="Filter" hash="58-2A-4C-0C-25-69-3C-E5-E8-8F-0E-35-DB-19-D0-78-0E-D1-10-FA">
      <ModulePath>C:\WINDOWS\Microsoft.Net\assembly\GAC_MSIL\System.Xml\v4.0_4.0.0.0__b77a5c561934e089\System.Xml.dll</ModulePath>
      <ModuleTime>2017-12-22T03:10:39.7166266Z</ModuleTime>
      <ModuleName>System.Xml</ModuleName>
      <Classes />
    </Module>
    <Module skippedDueTo="Filter" hash="DC-F8-A3-B5-3C-D2-A2-92-BD-DE-4F-B9-C1-C6-59-24-2B-D3-FE-39">
      <ModulePath>C:\WINDOWS\Microsoft.Net\assembly\GAC_64\System.Web\v4.0_4.0.0.0__b03f5f7f11d50a3a\System.Web.dll</ModulePath>
      <ModuleTime>2018-02-09T03:34:33.7286998Z</ModuleTime>
      <ModuleName>System.Web</ModuleName>
      <Classes />
    </Module>
    <Module skippedDueTo="Filter" hash="95-C2-7F-29-1B-5E-88-C5-62-B1-37-09-E1-F0-97-D4-51-18-8D-2E">
      <ModulePath>C:\WINDOWS\Microsoft.Net\assembly\GAC_MSIL\System.Runtime.Remoting\v4.0_4.0.0.0__b77a5c561934e089\System.Runtime.Remoting.dll</ModulePath>
      <ModuleTime>2017-09-29T13:43:06.6935754Z</ModuleTime>
      <ModuleName>System.Runtime.Remoting</ModuleName>
      <Classes />
    </Module>
    <Module skippedDueTo="Filter" hash="62-13-DF-BA-4D-76-38-3A-FE-E9-5E-D8-6C-07-CC-1D-A2-DE-73-52">
      <ModulePath>C:\WINDOWS\Microsoft.Net\assembly\GAC_MSIL\System.Configuration\v4.0_4.0.0.0__b03f5f7f11d50a3a\System.Configuration.dll</ModulePath>
      <ModuleTime>2017-09-29T13:43:06.6154445Z</ModuleTime>
      <ModuleName>System.Configuration</ModuleName>
      <Classes />
    </Module>
  </Modules>
</CoverageSession>