<?xml version="1.0" encoding="utf-8" standalone="no"?>
<test-run id="2" testcasecount="1930" result="Failed" label="Invalid" total="1930" passed="1930" failed="0" inconclusive="0" skipped="0" asserts="3145" engine-version="3.8.0.0" clr-version="4.0.30319.42000" start-time="2018-05-11 10:26:59Z" end-time="2018-05-11 10:27:05Z" duration="6.111762">
  <command-line><![CDATA["C:\workspaces\githubRepos\openkit-dotnet\packages\NUnit.ConsoleRunner.3.8.0\tools\nunit3-console.exe" '--result=myresults.xml;format=AppVeyor' C:\workspaces\githubRepos\openkit-dotnet\tests\openkit-dotnetfull-3.5.Tests\bin\Coverage\openkit-dotnetfull-3.5.Tests.dll C:\workspaces\githubRepos\openkit-dotnet\tests\openkit-dotnetfull-4.0.Tests\bin\Coverage\openkit-dotnetfull-4.0.Tests.dll C:\workspaces\githubRepos\openkit-dotnet\tests\openkit-dotnetfull-4.5.Tests\bin\Coverage\openkit-dotnetfull-4.5.Tests.dll C:\workspaces\githubRepos\openkit-dotnet\tests\openkit-dotnetfull-4.6.Tests\bin\Coverage\openkit-dotnetfull-4.6.Tests.dll C:\workspaces\githubRepos\openkit-dotnet\tests\openkit-dotnetfull-4.7.Tests\bin\Coverage\openkit-dotnetfull-4.7.Tests.dll]]></command-line>
  <test-suite type="Unknown" id="1-1" name="'--result=myresults.xml;format=AppVeyor'" fullname="C:\workspaces\githubRepos\openkit-dotnet\'--result=myresults.xml;format=AppVeyor'" testcasecount="0" runstate="NotRunnable" result="Failed" label="Invalid">
    <properties>
      <property name="_SKIPREASON" value="File not found: C:\workspaces\githubRepos\openkit-dotnet\'--result=myresults.xml;format=AppVeyor'" />
    </properties>
    <reason>
      <message>File not found: C:\workspaces\githubRepos\openkit-dotnet\'--result=myresults.xml;format=AppVeyor'</message>
    </reason>
  </test-suite>
  <test-suite type="Assembly" id="2-1417" name="openkit-dotnetfull-3.5.Tests.dll" fullname="C:\workspaces\githubRepos\openkit-dotnet\tests\openkit-dotnetfull-3.5.Tests\bin\Coverage\openkit-dotnetfull-3.5.Tests.dll" runstate="Runnable" testcasecount="386" result="Passed" start-time="2018-05-11 10:27:02Z" end-time="2018-05-11 10:27:04Z" duration="2.024639" total="386" passed="386" failed="0" warnings="0" inconclusive="0" skipped="0" asserts="629">
    <environment framework-version="3.9.0.0" clr-version="4.0.30319.42000" os-version="Microsoft Windows NT 10.0.16299.0" platform="Win32NT" cwd="C:\workspaces\githubRepos\openkit-dotnet" machine-name="TAG009441733979" user="stefan.eberl" user-domain="DYNATRACE" culture="de-AT" uiculture="en-US" os-architecture="x64" />
    <settings>
      <setting name="DisposeRunners" value="True" />
      <setting name="WorkDirectory" value="C:\workspaces\githubRepos\openkit-dotnet" />
      <setting name="ImageRuntimeVersion" value="2.0.50727" />
      <setting name="ImageRequiresX86" value="False" />
      <setting name="ImageRequiresDefaultAppDomainAssemblyResolver" value="False" />
      <setting name="NumberOfTestWorkers" value="8" />
    </settings>
    <properties>
      <property name="_PID" value="8596" />
      <property name="_APPDOMAIN" value="domain-3c1df8fe-openkit-dotnetfull-3.5.Tests.dll" />
    </properties>
    <test-suite type="TestSuite" id="2-1418" name="Dynatrace" fullname="Dynatrace" runstate="Runnable" testcasecount="386" result="Passed" start-time="2018-05-11 10:27:02Z" end-time="2018-05-11 10:27:04Z" duration="2.007989" total="386" passed="386" failed="0" warnings="0" inconclusive="0" skipped="0" asserts="629">
      <test-suite type="TestSuite" id="2-1419" name="OpenKit" fullname="Dynatrace.OpenKit" runstate="Runnable" testcasecount="386" result="Passed" start-time="2018-05-11 10:27:02Z" end-time="2018-05-11 10:27:04Z" duration="2.007058" total="386" passed="386" failed="0" warnings="0" inconclusive="0" skipped="0" asserts="629">
        <test-suite type="TestSuite" id="2-1422" name="Core" fullname="Dynatrace.OpenKit.Core" runstate="Runnable" testcasecount="301" result="Passed" start-time="2018-05-11 10:27:02Z" end-time="2018-05-11 10:27:04Z" duration="1.809398" total="301" passed="301" failed="0" warnings="0" inconclusive="0" skipped="0" asserts="474">
          <test-suite type="TestFixture" id="2-1092" name="ActionTest" fullname="Dynatrace.OpenKit.Core.ActionTest" classname="Dynatrace.OpenKit.Core.ActionTest" runstate="Runnable" testcasecount="45" result="Passed" start-time="2018-05-11 10:27:02Z" end-time="2018-05-11 10:27:03Z" duration="0.899044" total="45" passed="45" failed="0" warnings="0" inconclusive="0" skipped="0" asserts="81">
            <test-case id="2-1103" name="AfterLeavingAnActionItIsLeft" fullname="Dynatrace.OpenKit.Core.ActionTest.AfterLeavingAnActionItIsLeft" methodname="AfterLeavingAnActionItIsLeft" classname="Dynatrace.OpenKit.Core.ActionTest" runstate="Runnable" seed="1677547920" result="Passed" start-time="2018-05-11 10:27:02Z" end-time="2018-05-11 10:27:03Z" duration="0.665576" asserts="1" />
            <test-case id="2-1102" name="AnActionAddsItselfIntoListInContstructor" fullname="Dynatrace.OpenKit.Core.ActionTest.AnActionAddsItselfIntoListInContstructor" methodname="AnActionAddsItselfIntoListInContstructor" classname="Dynatrace.OpenKit.Core.ActionTest" runstate="Runnable" seed="1368478786" result="Passed" start-time="2018-05-11 10:27:03Z" end-time="2018-05-11 10:27:03Z" duration="0.030653" asserts="2" />
            <test-case id="2-1136" name="AnActionCanOnlyBeLeftOnce" fullname="Dynatrace.OpenKit.Core.ActionTest.AnActionCanOnlyBeLeftOnce" methodname="AnActionCanOnlyBeLeftOnce" classname="Dynatrace.OpenKit.Core.ActionTest" runstate="Runnable" seed="56443179" result="Passed" start-time="2018-05-11 10:27:03Z" end-time="2018-05-11 10:27:03Z" duration="0.047545" asserts="6" />
            <test-case id="2-1093" name="ANewlyCreatedActionHasAnID" fullname="Dynatrace.OpenKit.Core.ActionTest.ANewlyCreatedActionHasAnID" methodname="ANewlyCreatedActionHasAnID" classname="Dynatrace.OpenKit.Core.ActionTest" runstate="Runnable" seed="691168823" result="Passed" start-time="2018-05-11 10:27:03Z" end-time="2018-05-11 10:27:03Z" duration="0.000836" asserts="1" />
            <test-case id="2-1101" name="ANewlyCreatedActionIsNotLeft" fullname="Dynatrace.OpenKit.Core.ActionTest.ANewlyCreatedActionIsNotLeft" methodname="ANewlyCreatedActionIsNotLeft" classname="Dynatrace.OpenKit.Core.ActionTest" runstate="Runnable" seed="1573320996" result="Passed" start-time="2018-05-11 10:27:03Z" end-time="2018-05-11 10:27:03Z" duration="0.000949" asserts="1" />
            <test-case id="2-1137" name="DisposingAnActionLeavesTheAction" fullname="Dynatrace.OpenKit.Core.ActionTest.DisposingAnActionLeavesTheAction" methodname="DisposingAnActionLeavesTheAction" classname="Dynatrace.OpenKit.Core.ActionTest" runstate="Runnable" seed="99684552" result="Passed" start-time="2018-05-11 10:27:03Z" end-time="2018-05-11 10:27:03Z" duration="0.002728" asserts="3" />
            <test-case id="2-1100" name="EndSequenceNumberIsSetToMinusOne" fullname="Dynatrace.OpenKit.Core.ActionTest.EndSequenceNumberIsSetToMinusOne" methodname="EndSequenceNumberIsSetToMinusOne" classname="Dynatrace.OpenKit.Core.ActionTest" runstate="Runnable" seed="394594572" result="Passed" start-time="2018-05-11 10:27:03Z" end-time="2018-05-11 10:27:03Z" duration="0.000895" asserts="1" />
            <test-case id="2-1098" name="EndTimeIsSetToMinusOneInConstructor" fullname="Dynatrace.OpenKit.Core.ActionTest.EndTimeIsSetToMinusOneInConstructor" methodname="EndTimeIsSetToMinusOneInConstructor" classname="Dynatrace.OpenKit.Core.ActionTest" runstate="Runnable" seed="1436303346" result="Passed" start-time="2018-05-11 10:27:03Z" end-time="2018-05-11 10:27:03Z" duration="0.000791" asserts="1" />
            <test-case id="2-1134" name="LeavingAnActionAddsItselfInTheBeacon" fullname="Dynatrace.OpenKit.Core.ActionTest.LeavingAnActionAddsItselfInTheBeacon" methodname="LeavingAnActionAddsItselfInTheBeacon" classname="Dynatrace.OpenKit.Core.ActionTest" runstate="Runnable" seed="1552057355" result="Passed" start-time="2018-05-11 10:27:03Z" end-time="2018-05-11 10:27:03Z" duration="0.010270" asserts="1" />
            <test-case id="2-1135" name="LeavingAnActionRemovesItselfFromListPassedInCtor" fullname="Dynatrace.OpenKit.Core.ActionTest.LeavingAnActionRemovesItselfFromListPassedInCtor" methodname="LeavingAnActionRemovesItselfFromListPassedInCtor" classname="Dynatrace.OpenKit.Core.ActionTest" runstate="Runnable" seed="1948015339" result="Passed" start-time="2018-05-11 10:27:03Z" end-time="2018-05-11 10:27:03Z" duration="0.001093" asserts="1" />
            <test-case id="2-1131" name="LeavingAnActionReturnsTheParentAction" fullname="Dynatrace.OpenKit.Core.ActionTest.LeavingAnActionReturnsTheParentAction" methodname="LeavingAnActionReturnsTheParentAction" classname="Dynatrace.OpenKit.Core.ActionTest" runstate="Runnable" seed="1806436648" result="Passed" start-time="2018-05-11 10:27:03Z" end-time="2018-05-11 10:27:03Z" duration="0.010603" asserts="3" />
            <test-case id="2-1133" name="LeavingAnActionSetsTheEndSequenceNumber" fullname="Dynatrace.OpenKit.Core.ActionTest.LeavingAnActionSetsTheEndSequenceNumber" methodname="LeavingAnActionSetsTheEndSequenceNumber" classname="Dynatrace.OpenKit.Core.ActionTest" runstate="Runnable" seed="1966495099" result="Passed" start-time="2018-05-11 10:27:03Z" end-time="2018-05-11 10:27:03Z" duration="0.001390" asserts="1" />
            <test-case id="2-1132" name="LeavingAnActionSetsTheEndTimestamp" fullname="Dynatrace.OpenKit.Core.ActionTest.LeavingAnActionSetsTheEndTimestamp" methodname="LeavingAnActionSetsTheEndTimestamp" classname="Dynatrace.OpenKit.Core.ActionTest" runstate="Runnable" seed="1597286612" result="Passed" start-time="2018-05-11 10:27:03Z" end-time="2018-05-11 10:27:03Z" duration="0.001243" asserts="1" />
            <test-case id="2-1094" name="NameIsSet" fullname="Dynatrace.OpenKit.Core.ActionTest.NameIsSet" methodname="NameIsSet" classname="Dynatrace.OpenKit.Core.ActionTest" runstate="Runnable" seed="721987444" result="Passed" start-time="2018-05-11 10:27:03Z" end-time="2018-05-11 10:27:03Z" duration="0.000762" asserts="1" />
            <test-case id="2-1096" name="ParentIDIsEqualToParentActionsID" fullname="Dynatrace.OpenKit.Core.ActionTest.ParentIDIsEqualToParentActionsID" methodname="ParentIDIsEqualToParentActionsID" classname="Dynatrace.OpenKit.Core.ActionTest" runstate="Runnable" seed="1017908878" result="Passed" start-time="2018-05-11 10:27:03Z" end-time="2018-05-11 10:27:03Z" duration="0.000926" asserts="1" />
            <test-case id="2-1095" name="ParentIDIsZeroIfActionHasNoParent" fullname="Dynatrace.OpenKit.Core.ActionTest.ParentIDIsZeroIfActionHasNoParent" methodname="ParentIDIsZeroIfActionHasNoParent" classname="Dynatrace.OpenKit.Core.ActionTest" runstate="Runnable" seed="486682221" result="Passed" start-time="2018-05-11 10:27:03Z" end-time="2018-05-11 10:27:03Z" duration="0.000802" asserts="1" />
            <test-case id="2-1112" name="ReportDoubleValue" fullname="Dynatrace.OpenKit.Core.ActionTest.ReportDoubleValue" methodname="ReportDoubleValue" classname="Dynatrace.OpenKit.Core.ActionTest" runstate="Runnable" seed="1403070840" result="Passed" start-time="2018-05-11 10:27:03Z" end-time="2018-05-11 10:27:03Z" duration="0.005706" asserts="2" />
            <test-case id="2-1113" name="ReportDoubleValueDoesNothingIfActionIsLeft" fullname="Dynatrace.OpenKit.Core.ActionTest.ReportDoubleValueDoesNothingIfActionIsLeft" methodname="ReportDoubleValueDoesNothingIfActionIsLeft" classname="Dynatrace.OpenKit.Core.ActionTest" runstate="Runnable" seed="209133720" result="Passed" start-time="2018-05-11 10:27:03Z" end-time="2018-05-11 10:27:03Z" duration="0.002557" asserts="2" />
            <test-case id="2-1115" name="ReportDoubleValueDoesNothingIfValueNameIsAnEmptyString" fullname="Dynatrace.OpenKit.Core.ActionTest.ReportDoubleValueDoesNothingIfValueNameIsAnEmptyString" methodname="ReportDoubleValueDoesNothingIfValueNameIsAnEmptyString" classname="Dynatrace.OpenKit.Core.ActionTest" runstate="Runnable" seed="913066484" result="Passed" start-time="2018-05-11 10:27:03Z" end-time="2018-05-11 10:27:03Z" duration="0.011549" asserts="2" />
            <test-case id="2-1114" name="ReportDoubleValueDoesNothingIfValueNameIsNull" fullname="Dynatrace.OpenKit.Core.ActionTest.ReportDoubleValueDoesNothingIfValueNameIsNull" methodname="ReportDoubleValueDoesNothingIfValueNameIsNull" classname="Dynatrace.OpenKit.Core.ActionTest" runstate="Runnable" seed="728782584" result="Passed" start-time="2018-05-11 10:27:03Z" end-time="2018-05-11 10:27:03Z" duration="0.001098" asserts="2" />
            <test-case id="2-1121" name="ReportError" fullname="Dynatrace.OpenKit.Core.ActionTest.ReportError" methodname="ReportError" classname="Dynatrace.OpenKit.Core.ActionTest" runstate="Runnable" seed="1891806603" result="Passed" start-time="2018-05-11 10:27:03Z" end-time="2018-05-11 10:27:03Z" duration="0.007375" asserts="2" />
            <test-case id="2-1125" name="ReportErrorAcceptsNullReason" fullname="Dynatrace.OpenKit.Core.ActionTest.ReportErrorAcceptsNullReason" methodname="ReportErrorAcceptsNullReason" classname="Dynatrace.OpenKit.Core.ActionTest" runstate="Runnable" seed="853825679" result="Passed" start-time="2018-05-11 10:27:03Z" end-time="2018-05-11 10:27:03Z" duration="0.001740" asserts="2" />
            <test-case id="2-1122" name="ReportErrorDoesNothingIfActionIsLeft" fullname="Dynatrace.OpenKit.Core.ActionTest.ReportErrorDoesNothingIfActionIsLeft" methodname="ReportErrorDoesNothingIfActionIsLeft" classname="Dynatrace.OpenKit.Core.ActionTest" runstate="Runnable" seed="1941965933" result="Passed" start-time="2018-05-11 10:27:03Z" end-time="2018-05-11 10:27:03Z" duration="0.001406" asserts="2" />
            <test-case id="2-1124" name="ReportErrorDoesNothingIfErrorNameIsAnEmptyString" fullname="Dynatrace.OpenKit.Core.ActionTest.ReportErrorDoesNothingIfErrorNameIsAnEmptyString" methodname="ReportErrorDoesNothingIfErrorNameIsAnEmptyString" classname="Dynatrace.OpenKit.Core.ActionTest" runstate="Runnable" seed="673204677" result="Passed" start-time="2018-05-11 10:27:03Z" end-time="2018-05-11 10:27:03Z" duration="0.001256" asserts="2" />
            <test-case id="2-1123" name="ReportErrorDoesNothingIfErrorNameIsNull" fullname="Dynatrace.OpenKit.Core.ActionTest.ReportErrorDoesNothingIfErrorNameIsNull" methodname="ReportErrorDoesNothingIfErrorNameIsNull" classname="Dynatrace.OpenKit.Core.ActionTest" runstate="Runnable" seed="231375648" result="Passed" start-time="2018-05-11 10:27:03Z" end-time="2018-05-11 10:27:03Z" duration="0.000947" asserts="2" />
            <test-case id="2-1104" name="ReportEvent" fullname="Dynatrace.OpenKit.Core.ActionTest.ReportEvent" methodname="ReportEvent" classname="Dynatrace.OpenKit.Core.ActionTest" runstate="Runnable" seed="2115775489" result="Passed" start-time="2018-05-11 10:27:03Z" end-time="2018-05-11 10:27:03Z" duration="0.002558" asserts="2" />
            <test-case id="2-1105" name="ReportEventDoesNothingIfActionIsLeft" fullname="Dynatrace.OpenKit.Core.ActionTest.ReportEventDoesNothingIfActionIsLeft" methodname="ReportEventDoesNothingIfActionIsLeft" classname="Dynatrace.OpenKit.Core.ActionTest" runstate="Runnable" seed="440690345" result="Passed" start-time="2018-05-11 10:27:03Z" end-time="2018-05-11 10:27:03Z" duration="0.001134" asserts="2" />
            <test-case id="2-1107" name="ReportEventDoesNothingIfEventNameIsAnEmptyString" fullname="Dynatrace.OpenKit.Core.ActionTest.ReportEventDoesNothingIfEventNameIsAnEmptyString" methodname="ReportEventDoesNothingIfEventNameIsAnEmptyString" classname="Dynatrace.OpenKit.Core.ActionTest" runstate="Runnable" seed="1727586882" result="Passed" start-time="2018-05-11 10:27:03Z" end-time="2018-05-11 10:27:03Z" duration="0.001175" asserts="2" />
            <test-case id="2-1106" name="ReportEventDoesNothingIfEventNameIsNull" fullname="Dynatrace.OpenKit.Core.ActionTest.ReportEventDoesNothingIfEventNameIsNull" methodname="ReportEventDoesNothingIfEventNameIsNull" classname="Dynatrace.OpenKit.Core.ActionTest" runstate="Runnable" seed="566250855" result="Passed" start-time="2018-05-11 10:27:03Z" end-time="2018-05-11 10:27:03Z" duration="0.002242" asserts="2" />
            <test-case id="2-1108" name="ReportIntValue" fullname="Dynatrace.OpenKit.Core.ActionTest.ReportIntValue" methodname="ReportIntValue" classname="Dynatrace.OpenKit.Core.ActionTest" runstate="Runnable" seed="1750405667" result="Passed" start-time="2018-05-11 10:27:03Z" end-time="2018-05-11 10:27:03Z" duration="0.003317" asserts="2" />
            <test-case id="2-1109" name="ReportIntValueDoesNothingIfActionIsLeft" fullname="Dynatrace.OpenKit.Core.ActionTest.ReportIntValueDoesNothingIfActionIsLeft" methodname="ReportIntValueDoesNothingIfActionIsLeft" classname="Dynatrace.OpenKit.Core.ActionTest" runstate="Runnable" seed="835694856" result="Passed" start-time="2018-05-11 10:27:03Z" end-time="2018-05-11 10:27:03Z" duration="0.001498" asserts="2" />
            <test-case id="2-1111" name="ReportIntValueDoesNothingIfValueNameIsAnEmptyString" fullname="Dynatrace.OpenKit.Core.ActionTest.ReportIntValueDoesNothingIfValueNameIsAnEmptyString" methodname="ReportIntValueDoesNothingIfValueNameIsAnEmptyString" classname="Dynatrace.OpenKit.Core.ActionTest" runstate="Runnable" seed="467036611" result="Passed" start-time="2018-05-11 10:27:03Z" end-time="2018-05-11 10:27:03Z" duration="0.001998" asserts="2" />
            <test-case id="2-1110" name="ReportIntValueDoesNothingIfValueNameIsNull" fullname="Dynatrace.OpenKit.Core.ActionTest.ReportIntValueDoesNothingIfValueNameIsNull" methodname="ReportIntValueDoesNothingIfValueNameIsNull" classname="Dynatrace.OpenKit.Core.ActionTest" runstate="Runnable" seed="2004547253" result="Passed" start-time="2018-05-11 10:27:03Z" end-time="2018-05-11 10:27:03Z" duration="0.005592" asserts="2" />
            <test-case id="2-1116" name="ReportStringValue" fullname="Dynatrace.OpenKit.Core.ActionTest.ReportStringValue" methodname="ReportStringValue" classname="Dynatrace.OpenKit.Core.ActionTest" runstate="Runnable" seed="326031646" result="Passed" start-time="2018-05-11 10:27:03Z" end-time="2018-05-11 10:27:03Z" duration="0.002907" asserts="2" />
            <test-case id="2-1117" name="ReportStringValueDoesNothingIfActionIsLeft" fullname="Dynatrace.OpenKit.Core.ActionTest.ReportStringValueDoesNothingIfActionIsLeft" methodname="ReportStringValueDoesNothingIfActionIsLeft" classname="Dynatrace.OpenKit.Core.ActionTest" runstate="Runnable" seed="1950853215" result="Passed" start-time="2018-05-11 10:27:03Z" end-time="2018-05-11 10:27:03Z" duration="0.001268" asserts="2" />
            <test-case id="2-1119" name="ReportStringValueDoesNothingIfValueNameIsAnEmptyString" fullname="Dynatrace.OpenKit.Core.ActionTest.ReportStringValueDoesNothingIfValueNameIsAnEmptyString" methodname="ReportStringValueDoesNothingIfValueNameIsAnEmptyString" classname="Dynatrace.OpenKit.Core.ActionTest" runstate="Runnable" seed="1489707296" result="Passed" start-time="2018-05-11 10:27:03Z" end-time="2018-05-11 10:27:03Z" duration="0.001312" asserts="2" />
            <test-case id="2-1118" name="ReportStringValueDoesNothingIfValueNameIsNull" fullname="Dynatrace.OpenKit.Core.ActionTest.ReportStringValueDoesNothingIfValueNameIsNull" methodname="ReportStringValueDoesNothingIfValueNameIsNull" classname="Dynatrace.OpenKit.Core.ActionTest" runstate="Runnable" seed="1308554617" result="Passed" start-time="2018-05-11 10:27:03Z" end-time="2018-05-11 10:27:03Z" duration="0.000999" asserts="2" />
            <test-case id="2-1120" name="ReportStringValueWithValueBeingNullWorks" fullname="Dynatrace.OpenKit.Core.ActionTest.ReportStringValueWithValueBeingNullWorks" methodname="ReportStringValueWithValueBeingNullWorks" classname="Dynatrace.OpenKit.Core.ActionTest" runstate="Runnable" seed="1251847482" result="Passed" start-time="2018-05-11 10:27:03Z" end-time="2018-05-11 10:27:03Z" duration="0.001294" asserts="2" />
            <test-case id="2-1099" name="StartSequenceNumberIsSetInConstructor" fullname="Dynatrace.OpenKit.Core.ActionTest.StartSequenceNumberIsSetInConstructor" methodname="StartSequenceNumberIsSetInConstructor" classname="Dynatrace.OpenKit.Core.ActionTest" runstate="Runnable" seed="364059685" result="Passed" start-time="2018-05-11 10:27:03Z" end-time="2018-05-11 10:27:03Z" duration="0.001049" asserts="1" />
            <test-case id="2-1097" name="StartTimeIsSetInConstructor" fullname="Dynatrace.OpenKit.Core.ActionTest.StartTimeIsSetInConstructor" methodname="StartTimeIsSetInConstructor" classname="Dynatrace.OpenKit.Core.ActionTest" runstate="Runnable" seed="634586197" result="Passed" start-time="2018-05-11 10:27:03Z" end-time="2018-05-11 10:27:03Z" duration="0.001245" asserts="1" />
            <test-case id="2-1127" name="TraceWebRequestGivesNullWebRequestTracerIfActionIsAlreadyLeft" fullname="Dynatrace.OpenKit.Core.ActionTest.TraceWebRequestGivesNullWebRequestTracerIfActionIsAlreadyLeft" methodname="TraceWebRequestGivesNullWebRequestTracerIfActionIsAlreadyLeft" classname="Dynatrace.OpenKit.Core.ActionTest" runstate="Runnable" seed="410006779" result="Passed" start-time="2018-05-11 10:27:03Z" end-time="2018-05-11 10:27:03Z" duration="0.018372" asserts="1" />
            <test-case id="2-1130" name="TraceWebRequestGivesNullWebRequestTracerIfUrlHasAnInvalidScheme" fullname="Dynatrace.OpenKit.Core.ActionTest.TraceWebRequestGivesNullWebRequestTracerIfUrlHasAnInvalidScheme" methodname="TraceWebRequestGivesNullWebRequestTracerIfUrlHasAnInvalidScheme" classname="Dynatrace.OpenKit.Core.ActionTest" runstate="Runnable" seed="1242212131" result="Passed" start-time="2018-05-11 10:27:03Z" end-time="2018-05-11 10:27:03Z" duration="0.001087" asserts="2" />
            <test-case id="2-1129" name="TraceWebRequestGivesNullWebRequestTracerIfUrlIsAnEmptyString" fullname="Dynatrace.OpenKit.Core.ActionTest.TraceWebRequestGivesNullWebRequestTracerIfUrlIsAnEmptyString" methodname="TraceWebRequestGivesNullWebRequestTracerIfUrlIsAnEmptyString" classname="Dynatrace.OpenKit.Core.ActionTest" runstate="Runnable" seed="1648861290" result="Passed" start-time="2018-05-11 10:27:03Z" end-time="2018-05-11 10:27:03Z" duration="0.001006" asserts="2" />
            <test-case id="2-1128" name="TraceWebRequestGivesNullWebRequestTracerIfUrlIsNull" fullname="Dynatrace.OpenKit.Core.ActionTest.TraceWebRequestGivesNullWebRequestTracerIfUrlIsNull" methodname="TraceWebRequestGivesNullWebRequestTracerIfUrlIsNull" classname="Dynatrace.OpenKit.Core.ActionTest" runstate="Runnable" seed="1976186630" result="Passed" start-time="2018-05-11 10:27:03Z" end-time="2018-05-11 10:27:03Z" duration="0.005397" asserts="2" />
            <test-case id="2-1126" name="TraceWebRequestGivesValidWebRequestTracer" fullname="Dynatrace.OpenKit.Core.ActionTest.TraceWebRequestGivesValidWebRequestTracer" methodname="TraceWebRequestGivesValidWebRequestTracer" classname="Dynatrace.OpenKit.Core.ActionTest" runstate="Runnable" seed="32755070" result="Passed" start-time="2018-05-11 10:27:03Z" end-time="2018-05-11 10:27:03Z" duration="0.005012" asserts="2" />
          </test-suite>
          <test-suite type="TestFixture" id="2-1138" name="BeaconSenderTest" fullname="Dynatrace.OpenKit.Core.BeaconSenderTest" classname="Dynatrace.OpenKit.Core.BeaconSenderTest" runstate="Runnable" testcasecount="1" result="Passed" start-time="2018-05-11 10:27:03Z" end-time="2018-05-11 10:27:03Z" duration="0.050715" total="1" passed="1" failed="0" warnings="0" inconclusive="0" skipped="0" asserts="2">
            <test-case id="2-1139" name="IsInitializedGetsValueFromContext" fullname="Dynatrace.OpenKit.Core.BeaconSenderTest.IsInitializedGetsValueFromContext" methodname="IsInitializedGetsValueFromContext" classname="Dynatrace.OpenKit.Core.BeaconSenderTest" runstate="Runnable" seed="1487963567" result="Passed" start-time="2018-05-11 10:27:03Z" end-time="2018-05-11 10:27:03Z" duration="0.047913" asserts="2" />
          </test-suite>
          <test-suite type="TestSuite" id="2-1426" name="Caching" fullname="Dynatrace.OpenKit.Core.Caching" runstate="Runnable" testcasecount="106" result="Passed" start-time="2018-05-11 10:27:02Z" end-time="2018-05-11 10:27:03Z" duration="1.229565" total="106" passed="106" failed="0" warnings="0" inconclusive="0" skipped="0" asserts="225">
            <test-suite type="TestFixture" id="2-1305" name="BeaconCacheEntryTest" fullname="Dynatrace.OpenKit.Core.Caching.BeaconCacheEntryTest" classname="Dynatrace.OpenKit.Core.Caching.BeaconCacheEntryTest" runstate="Runnable" testcasecount="27" result="Passed" start-time="2018-05-11 10:27:03Z" end-time="2018-05-11 10:27:03Z" duration="0.043692" total="27" passed="27" failed="0" warnings="0" inconclusive="0" skipped="0" asserts="103">
              <test-case id="2-1307" name="AddingActionData" fullname="Dynatrace.OpenKit.Core.Caching.BeaconCacheEntryTest.AddingActionData" methodname="AddingActionData" classname="Dynatrace.OpenKit.Core.Caching.BeaconCacheEntryTest" runstate="Runnable" seed="1959217316" result="Passed" start-time="2018-05-11 10:27:03Z" end-time="2018-05-11 10:27:03Z" duration="0.007570" asserts="8" />
              <test-case id="2-1308" name="AddingEventData" fullname="Dynatrace.OpenKit.Core.Caching.BeaconCacheEntryTest.AddingEventData" methodname="AddingEventData" classname="Dynatrace.OpenKit.Core.Caching.BeaconCacheEntryTest" runstate="Runnable" seed="1661566664" result="Passed" start-time="2018-05-11 10:27:03Z" end-time="2018-05-11 10:27:03Z" duration="0.000836" asserts="8" />
              <test-case id="2-1306" name="ADefaultConstructedInstanceHasNoData" fullname="Dynatrace.OpenKit.Core.Caching.BeaconCacheEntryTest.ADefaultConstructedInstanceHasNoData" methodname="ADefaultConstructedInstanceHasNoData" classname="Dynatrace.OpenKit.Core.Caching.BeaconCacheEntryTest" runstate="Runnable" seed="2029174507" result="Passed" start-time="2018-05-11 10:27:03Z" end-time="2018-05-11 10:27:03Z" duration="0.000381" asserts="4" />
              <test-case id="2-1309" name="CopyDataForChunkingMovesData" fullname="Dynatrace.OpenKit.Core.Caching.BeaconCacheEntryTest.CopyDataForChunkingMovesData" methodname="CopyDataForChunkingMovesData" classname="Dynatrace.OpenKit.Core.Caching.BeaconCacheEntryTest" runstate="Runnable" seed="343603248" result="Passed" start-time="2018-05-11 10:27:03Z" end-time="2018-05-11 10:27:03Z" duration="0.001313" asserts="4" />
              <test-case id="2-1315" name="GetChunkGetsAlreadyMarkedData" fullname="Dynatrace.OpenKit.Core.Caching.BeaconCacheEntryTest.GetChunkGetsAlreadyMarkedData" methodname="GetChunkGetsAlreadyMarkedData" classname="Dynatrace.OpenKit.Core.Caching.BeaconCacheEntryTest" runstate="Runnable" seed="938635510" result="Passed" start-time="2018-05-11 10:27:03Z" end-time="2018-05-11 10:27:03Z" duration="0.007242" asserts="10" />
              <test-case id="2-1314" name="GetChunkGetsChunksFromEventDataBeforeActionData" fullname="Dynatrace.OpenKit.Core.Caching.BeaconCacheEntryTest.GetChunkGetsChunksFromEventDataBeforeActionData" methodname="GetChunkGetsChunksFromEventDataBeforeActionData" classname="Dynatrace.OpenKit.Core.Caching.BeaconCacheEntryTest" runstate="Runnable" seed="641193889" result="Passed" start-time="2018-05-11 10:27:03Z" end-time="2018-05-11 10:27:03Z" duration="0.003600" asserts="5" />
              <test-case id="2-1313" name="GetChunkMarksRetrievedData" fullname="Dynatrace.OpenKit.Core.Caching.BeaconCacheEntryTest.GetChunkMarksRetrievedData" methodname="GetChunkMarksRetrievedData" classname="Dynatrace.OpenKit.Core.Caching.BeaconCacheEntryTest" runstate="Runnable" seed="870718488" result="Passed" start-time="2018-05-11 10:27:03Z" end-time="2018-05-11 10:27:03Z" duration="0.000926" asserts="5" />
              <test-case id="2-1316" name="GetChunksTakesSizeIntoAccount" fullname="Dynatrace.OpenKit.Core.Caching.BeaconCacheEntryTest.GetChunksTakesSizeIntoAccount" methodname="GetChunksTakesSizeIntoAccount" classname="Dynatrace.OpenKit.Core.Caching.BeaconCacheEntryTest" runstate="Runnable" seed="73327592" result="Passed" start-time="2018-05-11 10:27:03Z" end-time="2018-05-11 10:27:03Z" duration="0.000774" asserts="3" />
              <test-case id="2-1321" name="GetTotalNumberOfBytesCountsAddedRecordBytes" fullname="Dynatrace.OpenKit.Core.Caching.BeaconCacheEntryTest.GetTotalNumberOfBytesCountsAddedRecordBytes" methodname="GetTotalNumberOfBytesCountsAddedRecordBytes" classname="Dynatrace.OpenKit.Core.Caching.BeaconCacheEntryTest" runstate="Runnable" seed="1718161372" result="Passed" start-time="2018-05-11 10:27:03Z" end-time="2018-05-11 10:27:03Z" duration="0.000884" asserts="5" />
              <test-case id="2-1311" name="NeedsDataCopyBeforeChunkingGivesFalseAfterDataHasBeenCopied" fullname="Dynatrace.OpenKit.Core.Caching.BeaconCacheEntryTest.NeedsDataCopyBeforeChunkingGivesFalseAfterDataHasBeenCopied" methodname="NeedsDataCopyBeforeChunkingGivesFalseAfterDataHasBeenCopied" classname="Dynatrace.OpenKit.Core.Caching.BeaconCacheEntryTest" runstate="Runnable" seed="1886966333" result="Passed" start-time="2018-05-11 10:27:03Z" end-time="2018-05-11 10:27:03Z" duration="0.000879" asserts="1" />
              <test-case id="2-1312" name="NeedsDataCopyBeforeChunkingGivesFalseEvenIfListsAreEmpty" fullname="Dynatrace.OpenKit.Core.Caching.BeaconCacheEntryTest.NeedsDataCopyBeforeChunkingGivesFalseEvenIfListsAreEmpty" methodname="NeedsDataCopyBeforeChunkingGivesFalseEvenIfListsAreEmpty" classname="Dynatrace.OpenKit.Core.Caching.BeaconCacheEntryTest" runstate="Runnable" seed="1202303157" result="Passed" start-time="2018-05-11 10:27:03Z" end-time="2018-05-11 10:27:03Z" duration="0.000234" asserts="1" />
              <test-case id="2-1310" name="NeedsDataCopyBeforeChunkingGivesTrueBeforeDataIsCopied" fullname="Dynatrace.OpenKit.Core.Caching.BeaconCacheEntryTest.NeedsDataCopyBeforeChunkingGivesTrueBeforeDataIsCopied" methodname="NeedsDataCopyBeforeChunkingGivesTrueBeforeDataIsCopied" classname="Dynatrace.OpenKit.Core.Caching.BeaconCacheEntryTest" runstate="Runnable" seed="1152415667" result="Passed" start-time="2018-05-11 10:27:03Z" end-time="2018-05-11 10:27:03Z" duration="0.000407" asserts="1" />
              <test-case id="2-1317" name="RemoveDataMarkedForSendingReturnsIfDataHasNotBeenCopied" fullname="Dynatrace.OpenKit.Core.Caching.BeaconCacheEntryTest.RemoveDataMarkedForSendingReturnsIfDataHasNotBeenCopied" methodname="RemoveDataMarkedForSendingReturnsIfDataHasNotBeenCopied" classname="Dynatrace.OpenKit.Core.Caching.BeaconCacheEntryTest" runstate="Runnable" seed="1577791876" result="Passed" start-time="2018-05-11 10:27:03Z" end-time="2018-05-11 10:27:03Z" duration="0.000693" asserts="4" />
              <test-case id="2-1328" name="RemoveOldestRecordsComparesTopActionAndEventDataAndRemovesOldest" fullname="Dynatrace.OpenKit.Core.Caching.BeaconCacheEntryTest.RemoveOldestRecordsComparesTopActionAndEventDataAndRemovesOldest" methodname="RemoveOldestRecordsComparesTopActionAndEventDataAndRemovesOldest" classname="Dynatrace.OpenKit.Core.Caching.BeaconCacheEntryTest" runstate="Runnable" seed="735202170" result="Passed" start-time="2018-05-11 10:27:03Z" end-time="2018-05-11 10:27:03Z" duration="0.003233" asserts="6" />
              <test-case id="2-1332" name="RemoveOldestRecordsDoesNotRemoveAnythingFromEventAndActionsBeingSent" fullname="Dynatrace.OpenKit.Core.Caching.BeaconCacheEntryTest.RemoveOldestRecordsDoesNotRemoveAnythingFromEventAndActionsBeingSent" methodname="RemoveOldestRecordsDoesNotRemoveAnythingFromEventAndActionsBeingSent" classname="Dynatrace.OpenKit.Core.Caching.BeaconCacheEntryTest" runstate="Runnable" seed="2063525588" result="Passed" start-time="2018-05-11 10:27:03Z" end-time="2018-05-11 10:27:03Z" duration="0.000703" asserts="3" />
              <test-case id="2-1326" name="RemoveOldestRecordsRemovesActionDataIfEventDataIsEmpty" fullname="Dynatrace.OpenKit.Core.Caching.BeaconCacheEntryTest.RemoveOldestRecordsRemovesActionDataIfEventDataIsEmpty" methodname="RemoveOldestRecordsRemovesActionDataIfEventDataIsEmpty" classname="Dynatrace.OpenKit.Core.Caching.BeaconCacheEntryTest" runstate="Runnable" seed="1643996981" result="Passed" start-time="2018-05-11 10:27:03Z" end-time="2018-05-11 10:27:03Z" duration="0.000560" asserts="2" />
              <test-case id="2-1327" name="RemoveOldestRecordsRemovesEventDataIfActionDataIsEmpty" fullname="Dynatrace.OpenKit.Core.Caching.BeaconCacheEntryTest.RemoveOldestRecordsRemovesEventDataIfActionDataIsEmpty" methodname="RemoveOldestRecordsRemovesEventDataIfActionDataIsEmpty" classname="Dynatrace.OpenKit.Core.Caching.BeaconCacheEntryTest" runstate="Runnable" seed="95096669" result="Passed" start-time="2018-05-11 10:27:03Z" end-time="2018-05-11 10:27:03Z" duration="0.000582" asserts="2" />
              <test-case id="2-1329" name="RemoveOldestRecordsRemovesEventDataIfTopEventDataAndActionDataHaveSameTimestamp" fullname="Dynatrace.OpenKit.Core.Caching.BeaconCacheEntryTest.RemoveOldestRecordsRemovesEventDataIfTopEventDataAndActionDataHaveSameTimestamp" methodname="RemoveOldestRecordsRemovesEventDataIfTopEventDataAndActionDataHaveSameTimestamp" classname="Dynatrace.OpenKit.Core.Caching.BeaconCacheEntryTest" runstate="Runnable" seed="1033868282" result="Passed" start-time="2018-05-11 10:27:03Z" end-time="2018-05-11 10:27:03Z" duration="0.000684" asserts="3" />
              <test-case id="2-1325" name="RemoveOldestRecordsRemovesNothingIfEntryIsEmpty" fullname="Dynatrace.OpenKit.Core.Caching.BeaconCacheEntryTest.RemoveOldestRecordsRemovesNothingIfEntryIsEmpty" methodname="RemoveOldestRecordsRemovesNothingIfEntryIsEmpty" classname="Dynatrace.OpenKit.Core.Caching.BeaconCacheEntryTest" runstate="Runnable" seed="18428977" result="Passed" start-time="2018-05-11 10:27:03Z" end-time="2018-05-11 10:27:03Z" duration="0.000212" asserts="1" />
              <test-case id="2-1330" name="RemoveOldestRecordsStopsIfListsAreEmpty" fullname="Dynatrace.OpenKit.Core.Caching.BeaconCacheEntryTest.RemoveOldestRecordsStopsIfListsAreEmpty" methodname="RemoveOldestRecordsStopsIfListsAreEmpty" classname="Dynatrace.OpenKit.Core.Caching.BeaconCacheEntryTest" runstate="Runnable" seed="2082528649" result="Passed" start-time="2018-05-11 10:27:03Z" end-time="2018-05-11 10:27:03Z" duration="0.000589" asserts="3" />
              <test-case id="2-1331" name="RemoveRecordsOlderThanDoesNotRemoveAnythingFromEventAndActionsBeingSent" fullname="Dynatrace.OpenKit.Core.Caching.BeaconCacheEntryTest.RemoveRecordsOlderThanDoesNotRemoveAnythingFromEventAndActionsBeingSent" methodname="RemoveRecordsOlderThanDoesNotRemoveAnythingFromEventAndActionsBeingSent" classname="Dynatrace.OpenKit.Core.Caching.BeaconCacheEntryTest" runstate="Runnable" seed="1008597726" result="Passed" start-time="2018-05-11 10:27:03Z" end-time="2018-05-11 10:27:03Z" duration="0.001868" asserts="3" />
              <test-case id="2-1322" name="RemoveRecordsOlderThanRemovesNothingIfNoActionOrEventDataExists" fullname="Dynatrace.OpenKit.Core.Caching.BeaconCacheEntryTest.RemoveRecordsOlderThanRemovesNothingIfNoActionOrEventDataExists" methodname="RemoveRecordsOlderThanRemovesNothingIfNoActionOrEventDataExists" classname="Dynatrace.OpenKit.Core.Caching.BeaconCacheEntryTest" runstate="Runnable" seed="339066888" result="Passed" start-time="2018-05-11 10:27:03Z" end-time="2018-05-11 10:27:03Z" duration="0.000325" asserts="1" />
              <test-case id="2-1323" name="RemoveRecordsOlderThanRemovesRecordsFromActionData" fullname="Dynatrace.OpenKit.Core.Caching.BeaconCacheEntryTest.RemoveRecordsOlderThanRemovesRecordsFromActionData" methodname="RemoveRecordsOlderThanRemovesRecordsFromActionData" classname="Dynatrace.OpenKit.Core.Caching.BeaconCacheEntryTest" runstate="Runnable" seed="1819029027" result="Passed" start-time="2018-05-11 10:27:03Z" end-time="2018-05-11 10:27:03Z" duration="0.001737" asserts="2" />
              <test-case id="2-1324" name="RemoveRecordsOlderThanRemovesRecordsFromEventData" fullname="Dynatrace.OpenKit.Core.Caching.BeaconCacheEntryTest.RemoveRecordsOlderThanRemovesRecordsFromEventData" methodname="RemoveRecordsOlderThanRemovesRecordsFromEventData" classname="Dynatrace.OpenKit.Core.Caching.BeaconCacheEntryTest" runstate="Runnable" seed="851530347" result="Passed" start-time="2018-05-11 10:27:03Z" end-time="2018-05-11 10:27:03Z" duration="0.000697" asserts="2" />
              <test-case id="2-1319" name="ResetDataMarkedForSendingMovesPreviouslyCopiedDataBack" fullname="Dynatrace.OpenKit.Core.Caching.BeaconCacheEntryTest.ResetDataMarkedForSendingMovesPreviouslyCopiedDataBack" methodname="ResetDataMarkedForSendingMovesPreviouslyCopiedDataBack" classname="Dynatrace.OpenKit.Core.Caching.BeaconCacheEntryTest" runstate="Runnable" seed="305257206" result="Passed" start-time="2018-05-11 10:27:03Z" end-time="2018-05-11 10:27:03Z" duration="0.004358" asserts="4" />
              <test-case id="2-1320" name="ResetDataMarkedForSendingResetsMarkedForSendingFlag" fullname="Dynatrace.OpenKit.Core.Caching.BeaconCacheEntryTest.ResetDataMarkedForSendingResetsMarkedForSendingFlag" methodname="ResetDataMarkedForSendingResetsMarkedForSendingFlag" classname="Dynatrace.OpenKit.Core.Caching.BeaconCacheEntryTest" runstate="Runnable" seed="1171757506" result="Passed" start-time="2018-05-11 10:27:03Z" end-time="2018-05-11 10:27:03Z" duration="0.000862" asserts="8" />
              <test-case id="2-1318" name="resetDataMarkedForSendingReturnsIfDataHasNotBeenCopied" fullname="Dynatrace.OpenKit.Core.Caching.BeaconCacheEntryTest.resetDataMarkedForSendingReturnsIfDataHasNotBeenCopied" methodname="resetDataMarkedForSendingReturnsIfDataHasNotBeenCopied" classname="Dynatrace.OpenKit.Core.Caching.BeaconCacheEntryTest" runstate="Runnable" seed="150380336" result="Passed" start-time="2018-05-11 10:27:03Z" end-time="2018-05-11 10:27:03Z" duration="0.000696" asserts="4" />
            </test-suite>
            <test-suite type="TestFixture" id="2-1333" name="BeaconCacheEvictorTest" fullname="Dynatrace.OpenKit.Core.Caching.BeaconCacheEvictorTest" classname="Dynatrace.OpenKit.Core.Caching.BeaconCacheEvictorTest" runstate="Runnable" testcasecount="6" result="Passed" start-time="2018-05-11 10:27:03Z" end-time="2018-05-11 10:27:03Z" duration="0.081655" total="6" passed="6" failed="0" warnings="0" inconclusive="0" skipped="0" asserts="11">
              <test-case id="2-1334" name="ADefaultConstructedBeaconCacheEvictorIsNotAlive" fullname="Dynatrace.OpenKit.Core.Caching.BeaconCacheEvictorTest.ADefaultConstructedBeaconCacheEvictorIsNotAlive" methodname="ADefaultConstructedBeaconCacheEvictorIsNotAlive" classname="Dynatrace.OpenKit.Core.Caching.BeaconCacheEvictorTest" runstate="Runnable" seed="819070142" result="Passed" start-time="2018-05-11 10:27:03Z" end-time="2018-05-11 10:27:03Z" duration="0.046604" asserts="1" />
              <test-case id="2-1335" name="AfterStartingABeaconCacheEvictorItIsAlive" fullname="Dynatrace.OpenKit.Core.Caching.BeaconCacheEvictorTest.AfterStartingABeaconCacheEvictorItIsAlive" methodname="AfterStartingABeaconCacheEvictorItIsAlive" classname="Dynatrace.OpenKit.Core.Caching.BeaconCacheEvictorTest" runstate="Runnable" seed="240408434" result="Passed" start-time="2018-05-11 10:27:03Z" end-time="2018-05-11 10:27:03Z" duration="0.007771" asserts="2" />
              <test-case id="2-1336" name="StartingAnAlreadyAliveBeaconCacheEvictorDoesNothing" fullname="Dynatrace.OpenKit.Core.Caching.BeaconCacheEvictorTest.StartingAnAlreadyAliveBeaconCacheEvictorDoesNothing" methodname="StartingAnAlreadyAliveBeaconCacheEvictorDoesNothing" classname="Dynatrace.OpenKit.Core.Caching.BeaconCacheEvictorTest" runstate="Runnable" seed="463207512" result="Passed" start-time="2018-05-11 10:27:03Z" end-time="2018-05-11 10:27:03Z" duration="0.004529" asserts="2" />
              <test-case id="2-1337" name="StoppingABeaconCacheEvictorWhichIsNotAliveDoesNothing" fullname="Dynatrace.OpenKit.Core.Caching.BeaconCacheEvictorTest.StoppingABeaconCacheEvictorWhichIsNotAliveDoesNothing" methodname="StoppingABeaconCacheEvictorWhichIsNotAliveDoesNothing" classname="Dynatrace.OpenKit.Core.Caching.BeaconCacheEvictorTest" runstate="Runnable" seed="739830688" result="Passed" start-time="2018-05-11 10:27:03Z" end-time="2018-05-11 10:27:03Z" duration="0.000877" asserts="2" />
              <test-case id="2-1338" name="StoppingAnAliveBeaconCacheEvictor" fullname="Dynatrace.OpenKit.Core.Caching.BeaconCacheEvictorTest.StoppingAnAliveBeaconCacheEvictor" methodname="StoppingAnAliveBeaconCacheEvictor" classname="Dynatrace.OpenKit.Core.Caching.BeaconCacheEvictorTest" runstate="Runnable" seed="1056980185" result="Passed" start-time="2018-05-11 10:27:03Z" end-time="2018-05-11 10:27:03Z" duration="0.004355" asserts="2" />
              <test-case id="2-1339" name="TriggeringEvictionStrategiesInThread" fullname="Dynatrace.OpenKit.Core.Caching.BeaconCacheEvictorTest.TriggeringEvictionStrategiesInThread" methodname="TriggeringEvictionStrategiesInThread" classname="Dynatrace.OpenKit.Core.Caching.BeaconCacheEvictorTest" runstate="Runnable" seed="1491115565" result="Passed" start-time="2018-05-11 10:27:03Z" end-time="2018-05-11 10:27:03Z" duration="0.016600" asserts="2" />
            </test-suite>
            <test-suite type="TestFixture" id="2-1340" name="BeaconCacheRecordTest" fullname="Dynatrace.OpenKit.Core.Caching.BeaconCacheRecordTest" classname="Dynatrace.OpenKit.Core.Caching.BeaconCacheRecordTest" runstate="Runnable" testcasecount="14" result="Passed" start-time="2018-05-11 10:27:03Z" end-time="2018-05-11 10:27:03Z" duration="0.006320" total="14" passed="14" failed="0" warnings="0" inconclusive="0" skipped="0" asserts="28">
              <test-case id="2-1347" name="ADifferentTypeIsNotConsideredEqual" fullname="Dynatrace.OpenKit.Core.Caching.BeaconCacheRecordTest.ADifferentTypeIsNotConsideredEqual" methodname="ADifferentTypeIsNotConsideredEqual" classname="Dynatrace.OpenKit.Core.Caching.BeaconCacheRecordTest" runstate="Runnable" seed="1025565245" result="Passed" start-time="2018-05-11 10:27:03Z" end-time="2018-05-11 10:27:03Z" duration="0.000852" asserts="1" />
              <test-case id="2-1341" name="Data" fullname="Dynatrace.OpenKit.Core.Caching.BeaconCacheRecordTest.Data" methodname="Data" classname="Dynatrace.OpenKit.Core.Caching.BeaconCacheRecordTest" runstate="Runnable" seed="1657160358" result="Passed" start-time="2018-05-11 10:27:03Z" end-time="2018-05-11 10:27:03Z" duration="0.000334" asserts="3" />
              <test-case id="2-1343" name="DataSizeInBytes" fullname="Dynatrace.OpenKit.Core.Caching.BeaconCacheRecordTest.DataSizeInBytes" methodname="DataSizeInBytes" classname="Dynatrace.OpenKit.Core.Caching.BeaconCacheRecordTest" runstate="Runnable" seed="1688358999" result="Passed" start-time="2018-05-11 10:27:03Z" end-time="2018-05-11 10:27:03Z" duration="0.000474" asserts="5" />
              <test-case id="2-1344" name="MarkForSending" fullname="Dynatrace.OpenKit.Core.Caching.BeaconCacheRecordTest.MarkForSending" methodname="MarkForSending" classname="Dynatrace.OpenKit.Core.Caching.BeaconCacheRecordTest" runstate="Runnable" seed="993099381" result="Passed" start-time="2018-05-11 10:27:03Z" end-time="2018-05-11 10:27:03Z" duration="0.000245" asserts="3" />
              <test-case id="2-1354" name="NotEqualInstancesHaveDifferentHashCode" fullname="Dynatrace.OpenKit.Core.Caching.BeaconCacheRecordTest.NotEqualInstancesHaveDifferentHashCode" methodname="NotEqualInstancesHaveDifferentHashCode" classname="Dynatrace.OpenKit.Core.Caching.BeaconCacheRecordTest" runstate="Runnable" seed="1906509903" result="Passed" start-time="2018-05-11 10:27:03Z" end-time="2018-05-11 10:27:03Z" duration="0.001764" asserts="3" />
              <test-case id="2-1346" name="NullIsNotEqual" fullname="Dynatrace.OpenKit.Core.Caching.BeaconCacheRecordTest.NullIsNotEqual" methodname="NullIsNotEqual" classname="Dynatrace.OpenKit.Core.Caching.BeaconCacheRecordTest" runstate="Runnable" seed="356870087" result="Passed" start-time="2018-05-11 10:27:03Z" end-time="2018-05-11 10:27:03Z" duration="0.000200" asserts="1" />
              <test-case id="2-1345" name="SameInstancesAreEqual" fullname="Dynatrace.OpenKit.Core.Caching.BeaconCacheRecordTest.SameInstancesAreEqual" methodname="SameInstancesAreEqual" classname="Dynatrace.OpenKit.Core.Caching.BeaconCacheRecordTest" runstate="Runnable" seed="240504890" result="Passed" start-time="2018-05-11 10:27:03Z" end-time="2018-05-11 10:27:03Z" duration="0.000190" asserts="1" />
              <test-case id="2-1352" name="SameInstancesHaveSameHashCode" fullname="Dynatrace.OpenKit.Core.Caching.BeaconCacheRecordTest.SameInstancesHaveSameHashCode" methodname="SameInstancesHaveSameHashCode" classname="Dynatrace.OpenKit.Core.Caching.BeaconCacheRecordTest" runstate="Runnable" seed="1618747537" result="Passed" start-time="2018-05-11 10:27:03Z" end-time="2018-05-11 10:27:03Z" duration="0.000227" asserts="1" />
              <test-case id="2-1342" name="Timestamp" fullname="Dynatrace.OpenKit.Core.Caching.BeaconCacheRecordTest.Timestamp" methodname="Timestamp" classname="Dynatrace.OpenKit.Core.Caching.BeaconCacheRecordTest" runstate="Runnable" seed="1339169770" result="Passed" start-time="2018-05-11 10:27:03Z" end-time="2018-05-11 10:27:03Z" duration="0.000300" asserts="3" />
              <test-case id="2-1353" name="TwoEqualInstancesHaveSameHashCode" fullname="Dynatrace.OpenKit.Core.Caching.BeaconCacheRecordTest.TwoEqualInstancesHaveSameHashCode" methodname="TwoEqualInstancesHaveSameHashCode" classname="Dynatrace.OpenKit.Core.Caching.BeaconCacheRecordTest" runstate="Runnable" seed="1538237132" result="Passed" start-time="2018-05-11 10:27:03Z" end-time="2018-05-11 10:27:03Z" duration="0.000309" asserts="2" />
              <test-case id="2-1348" name="TwoInstancesAreEqualIfFieldsAreEqual" fullname="Dynatrace.OpenKit.Core.Caching.BeaconCacheRecordTest.TwoInstancesAreEqualIfFieldsAreEqual" methodname="TwoInstancesAreEqualIfFieldsAreEqual" classname="Dynatrace.OpenKit.Core.Caching.BeaconCacheRecordTest" runstate="Runnable" seed="123118514" result="Passed" start-time="2018-05-11 10:27:03Z" end-time="2018-05-11 10:27:03Z" duration="0.000332" asserts="2" />
              <test-case id="2-1350" name="TwoInstancesAreNotEqualIfDataDiffers" fullname="Dynatrace.OpenKit.Core.Caching.BeaconCacheRecordTest.TwoInstancesAreNotEqualIfDataDiffers" methodname="TwoInstancesAreNotEqualIfDataDiffers" classname="Dynatrace.OpenKit.Core.Caching.BeaconCacheRecordTest" runstate="Runnable" seed="968174533" result="Passed" start-time="2018-05-11 10:27:03Z" end-time="2018-05-11 10:27:03Z" duration="0.000220" asserts="1" />
              <test-case id="2-1351" name="TwoInstancesAreNotEqualIfMarkedForSendingDiffers" fullname="Dynatrace.OpenKit.Core.Caching.BeaconCacheRecordTest.TwoInstancesAreNotEqualIfMarkedForSendingDiffers" methodname="TwoInstancesAreNotEqualIfMarkedForSendingDiffers" classname="Dynatrace.OpenKit.Core.Caching.BeaconCacheRecordTest" runstate="Runnable" seed="1834759593" result="Passed" start-time="2018-05-11 10:27:03Z" end-time="2018-05-11 10:27:03Z" duration="0.000266" asserts="1" />
              <test-case id="2-1349" name="TwoInstancesAreNotEqualIfTimestampDiffers" fullname="Dynatrace.OpenKit.Core.Caching.BeaconCacheRecordTest.TwoInstancesAreNotEqualIfTimestampDiffers" methodname="TwoInstancesAreNotEqualIfTimestampDiffers" classname="Dynatrace.OpenKit.Core.Caching.BeaconCacheRecordTest" runstate="Runnable" seed="1356509098" result="Passed" start-time="2018-05-11 10:27:03Z" end-time="2018-05-11 10:27:03Z" duration="0.000256" asserts="1" />
            </test-suite>
            <test-suite type="TestFixture" id="2-1355" name="BeaconCacheTest" fullname="Dynatrace.OpenKit.Core.Caching.BeaconCacheTest" classname="Dynatrace.OpenKit.Core.Caching.BeaconCacheTest" runstate="Runnable" testcasecount="29" result="Passed" start-time="2018-05-11 10:27:03Z" end-time="2018-05-11 10:27:03Z" duration="0.051139" total="29" passed="29" failed="0" warnings="0" inconclusive="0" skipped="0" asserts="64">
              <test-case id="2-1360" name="AddActionDataAddsBeaconIdToCache" fullname="Dynatrace.OpenKit.Core.Caching.BeaconCacheTest.AddActionDataAddsBeaconIdToCache" methodname="AddActionDataAddsBeaconIdToCache" classname="Dynatrace.OpenKit.Core.Caching.BeaconCacheTest" runstate="Runnable" seed="1213878492" result="Passed" start-time="2018-05-11 10:27:03Z" end-time="2018-05-11 10:27:03Z" duration="0.012468" asserts="5" />
              <test-case id="2-1361" name="AddActionDataAddsDataToAlreadyExistingBeaconId" fullname="Dynatrace.OpenKit.Core.Caching.BeaconCacheTest.AddActionDataAddsDataToAlreadyExistingBeaconId" methodname="AddActionDataAddsDataToAlreadyExistingBeaconId" classname="Dynatrace.OpenKit.Core.Caching.BeaconCacheTest" runstate="Runnable" seed="120965137" result="Passed" start-time="2018-05-11 10:27:03Z" end-time="2018-05-11 10:27:03Z" duration="0.005716" asserts="4" />
              <test-case id="2-1362" name="AddActionDataIncreasesCacheSize" fullname="Dynatrace.OpenKit.Core.Caching.BeaconCacheTest.AddActionDataIncreasesCacheSize" methodname="AddActionDataIncreasesCacheSize" classname="Dynatrace.OpenKit.Core.Caching.BeaconCacheTest" runstate="Runnable" seed="830021824" result="Passed" start-time="2018-05-11 10:27:03Z" end-time="2018-05-11 10:27:03Z" duration="0.000779" asserts="1" />
              <test-case id="2-1363" name="AddActionDataRaisesEvent" fullname="Dynatrace.OpenKit.Core.Caching.BeaconCacheTest.AddActionDataRaisesEvent" methodname="AddActionDataRaisesEvent" classname="Dynatrace.OpenKit.Core.Caching.BeaconCacheTest" runstate="Runnable" seed="1944925116" result="Passed" start-time="2018-05-11 10:27:03Z" end-time="2018-05-11 10:27:03Z" duration="0.001422" asserts="2" />
              <test-case id="2-1357" name="AddEventDataAddsBeaconIdToCache" fullname="Dynatrace.OpenKit.Core.Caching.BeaconCacheTest.AddEventDataAddsBeaconIdToCache" methodname="AddEventDataAddsBeaconIdToCache" classname="Dynatrace.OpenKit.Core.Caching.BeaconCacheTest" runstate="Runnable" seed="1795479192" result="Passed" start-time="2018-05-11 10:27:03Z" end-time="2018-05-11 10:27:03Z" duration="0.002261" asserts="5" />
              <test-case id="2-1358" name="AddEventDataAddsDataToAlreadyExistingBeaconId" fullname="Dynatrace.OpenKit.Core.Caching.BeaconCacheTest.AddEventDataAddsDataToAlreadyExistingBeaconId" methodname="AddEventDataAddsDataToAlreadyExistingBeaconId" classname="Dynatrace.OpenKit.Core.Caching.BeaconCacheTest" runstate="Runnable" seed="999998745" result="Passed" start-time="2018-05-11 10:27:03Z" end-time="2018-05-11 10:27:03Z" duration="0.000935" asserts="4" />
              <test-case id="2-1359" name="AddEventDataIncreasesCacheSize" fullname="Dynatrace.OpenKit.Core.Caching.BeaconCacheTest.AddEventDataIncreasesCacheSize" methodname="AddEventDataIncreasesCacheSize" classname="Dynatrace.OpenKit.Core.Caching.BeaconCacheTest" runstate="Runnable" seed="2027119669" result="Passed" start-time="2018-05-11 10:27:03Z" end-time="2018-05-11 10:27:03Z" duration="0.000658" asserts="1" />
              <test-case id="2-1356" name="ADefaultConstructedCacheDoesNotContainBeacons" fullname="Dynatrace.OpenKit.Core.Caching.BeaconCacheTest.ADefaultConstructedCacheDoesNotContainBeacons" methodname="ADefaultConstructedCacheDoesNotContainBeacons" classname="Dynatrace.OpenKit.Core.Caching.BeaconCacheTest" runstate="Runnable" seed="1356589629" result="Passed" start-time="2018-05-11 10:27:03Z" end-time="2018-05-11 10:27:03Z" duration="0.000841" asserts="2" />
              <test-case id="2-1367" name="DeleteCacheEntriesDoesNothingIfGivenBeaconIDIsNotInCache" fullname="Dynatrace.OpenKit.Core.Caching.BeaconCacheTest.DeleteCacheEntriesDoesNothingIfGivenBeaconIDIsNotInCache" methodname="DeleteCacheEntriesDoesNothingIfGivenBeaconIDIsNotInCache" classname="Dynatrace.OpenKit.Core.Caching.BeaconCacheTest" runstate="Runnable" seed="762807156" result="Passed" start-time="2018-05-11 10:27:03Z" end-time="2018-05-11 10:27:03Z" duration="0.000882" asserts="3" />
              <test-case id="2-1365" name="DeleteCacheEntryDecrementsCacheSize" fullname="Dynatrace.OpenKit.Core.Caching.BeaconCacheTest.DeleteCacheEntryDecrementsCacheSize" methodname="DeleteCacheEntryDecrementsCacheSize" classname="Dynatrace.OpenKit.Core.Caching.BeaconCacheTest" runstate="Runnable" seed="1719545847" result="Passed" start-time="2018-05-11 10:27:03Z" end-time="2018-05-11 10:27:03Z" duration="0.000566" asserts="1" />
              <test-case id="2-1366" name="DeleteCacheEntryDoesNotRaiseEvent" fullname="Dynatrace.OpenKit.Core.Caching.BeaconCacheTest.DeleteCacheEntryDoesNotRaiseEvent" methodname="DeleteCacheEntryDoesNotRaiseEvent" classname="Dynatrace.OpenKit.Core.Caching.BeaconCacheTest" runstate="Runnable" seed="388588062" result="Passed" start-time="2018-05-11 10:27:03Z" end-time="2018-05-11 10:27:03Z" duration="0.000692" asserts="1" />
              <test-case id="2-1364" name="DeleteCacheEntryRemovesTheGivenBeacon" fullname="Dynatrace.OpenKit.Core.Caching.BeaconCacheTest.DeleteCacheEntryRemovesTheGivenBeacon" methodname="DeleteCacheEntryRemovesTheGivenBeacon" classname="Dynatrace.OpenKit.Core.Caching.BeaconCacheTest" runstate="Runnable" seed="101823144" result="Passed" start-time="2018-05-11 10:27:03Z" end-time="2018-05-11 10:27:03Z" duration="0.000717" asserts="2" />
              <test-case id="2-1379" name="EvictRecordsByAge" fullname="Dynatrace.OpenKit.Core.Caching.BeaconCacheTest.EvictRecordsByAge" methodname="EvictRecordsByAge" classname="Dynatrace.OpenKit.Core.Caching.BeaconCacheTest" runstate="Runnable" seed="1468673563" result="Passed" start-time="2018-05-11 10:27:03Z" end-time="2018-05-11 10:27:03Z" duration="0.001289" asserts="1" />
              <test-case id="2-1378" name="EvictRecordsByAgeDoesNothingAndReturnsZeroIfBeaconIDDoesNotExist" fullname="Dynatrace.OpenKit.Core.Caching.BeaconCacheTest.EvictRecordsByAgeDoesNothingAndReturnsZeroIfBeaconIDDoesNotExist" methodname="EvictRecordsByAgeDoesNothingAndReturnsZeroIfBeaconIDDoesNotExist" classname="Dynatrace.OpenKit.Core.Caching.BeaconCacheTest" runstate="Runnable" seed="1478929348" result="Passed" start-time="2018-05-11 10:27:03Z" end-time="2018-05-11 10:27:03Z" duration="0.000536" asserts="1" />
              <test-case id="2-1381" name="EvictRecordsByNumber" fullname="Dynatrace.OpenKit.Core.Caching.BeaconCacheTest.EvictRecordsByNumber" methodname="EvictRecordsByNumber" classname="Dynatrace.OpenKit.Core.Caching.BeaconCacheTest" runstate="Runnable" seed="2092592741" result="Passed" start-time="2018-05-11 10:27:03Z" end-time="2018-05-11 10:27:03Z" duration="0.001387" asserts="1" />
              <test-case id="2-1380" name="EvictRecordsByNumberDoesNothingAndReturnsZeroIfBeaconIDDoesNotExist" fullname="Dynatrace.OpenKit.Core.Caching.BeaconCacheTest.EvictRecordsByNumberDoesNothingAndReturnsZeroIfBeaconIDDoesNotExist" methodname="EvictRecordsByNumberDoesNothingAndReturnsZeroIfBeaconIDDoesNotExist" classname="Dynatrace.OpenKit.Core.Caching.BeaconCacheTest" runstate="Runnable" seed="776044762" result="Passed" start-time="2018-05-11 10:27:03Z" end-time="2018-05-11 10:27:03Z" duration="0.000570" asserts="1" />
              <test-case id="2-1369" name="GetNextBeaconChunkCopiesDataForSending" fullname="Dynatrace.OpenKit.Core.Caching.BeaconCacheTest.GetNextBeaconChunkCopiesDataForSending" methodname="GetNextBeaconChunkCopiesDataForSending" classname="Dynatrace.OpenKit.Core.Caching.BeaconCacheTest" runstate="Runnable" seed="987182214" result="Passed" start-time="2018-05-11 10:27:03Z" end-time="2018-05-11 10:27:03Z" duration="0.003785" asserts="5" />
              <test-case id="2-1370" name="GetNextBeaconChunkDecreasesBeaconCacheSize" fullname="Dynatrace.OpenKit.Core.Caching.BeaconCacheTest.GetNextBeaconChunkDecreasesBeaconCacheSize" methodname="GetNextBeaconChunkDecreasesBeaconCacheSize" classname="Dynatrace.OpenKit.Core.Caching.BeaconCacheTest" runstate="Runnable" seed="1664080592" result="Passed" start-time="2018-05-11 10:27:03Z" end-time="2018-05-11 10:27:03Z" duration="0.000711" asserts="1" />
              <test-case id="2-1371" name="getNextBeaconChunkRetrievesNextChunk" fullname="Dynatrace.OpenKit.Core.Caching.BeaconCacheTest.getNextBeaconChunkRetrievesNextChunk" methodname="getNextBeaconChunkRetrievesNextChunk" classname="Dynatrace.OpenKit.Core.Caching.BeaconCacheTest" runstate="Runnable" seed="1107406736" result="Passed" start-time="2018-05-11 10:27:03Z" end-time="2018-05-11 10:27:03Z" duration="0.001194" asserts="3" />
              <test-case id="2-1368" name="GetNextBeaconChunkReturnsNullIfGivenBeaconIDDoesNotExist" fullname="Dynatrace.OpenKit.Core.Caching.BeaconCacheTest.GetNextBeaconChunkReturnsNullIfGivenBeaconIDDoesNotExist" methodname="GetNextBeaconChunkReturnsNullIfGivenBeaconIDDoesNotExist" classname="Dynatrace.OpenKit.Core.Caching.BeaconCacheTest" runstate="Runnable" seed="1672112547" result="Passed" start-time="2018-05-11 10:27:03Z" end-time="2018-05-11 10:27:03Z" duration="0.000480" asserts="1" />
              <test-case id="2-1383" name="IsEmptyGivesFalseIfBeaconDataSizeIsNotEqualToZero" fullname="Dynatrace.OpenKit.Core.Caching.BeaconCacheTest.IsEmptyGivesFalseIfBeaconDataSizeIsNotEqualToZero" methodname="IsEmptyGivesFalseIfBeaconDataSizeIsNotEqualToZero" classname="Dynatrace.OpenKit.Core.Caching.BeaconCacheTest" runstate="Runnable" seed="235810319" result="Passed" start-time="2018-05-11 10:27:03Z" end-time="2018-05-11 10:27:03Z" duration="0.000403" asserts="1" />
              <test-case id="2-1384" name="IsEmptyGivesTrueIfBeaconDoesNotContainActiveData" fullname="Dynatrace.OpenKit.Core.Caching.BeaconCacheTest.IsEmptyGivesTrueIfBeaconDoesNotContainActiveData" methodname="IsEmptyGivesTrueIfBeaconDoesNotContainActiveData" classname="Dynatrace.OpenKit.Core.Caching.BeaconCacheTest" runstate="Runnable" seed="1259898666" result="Passed" start-time="2018-05-11 10:27:03Z" end-time="2018-05-11 10:27:03Z" duration="0.000482" asserts="1" />
              <test-case id="2-1382" name="IsEmptyGivesTrueIfBeaconDoesNotExistInCache" fullname="Dynatrace.OpenKit.Core.Caching.BeaconCacheTest.IsEmptyGivesTrueIfBeaconDoesNotExistInCache" methodname="IsEmptyGivesTrueIfBeaconDoesNotExistInCache" classname="Dynatrace.OpenKit.Core.Caching.BeaconCacheTest" runstate="Runnable" seed="685630518" result="Passed" start-time="2018-05-11 10:27:03Z" end-time="2018-05-11 10:27:03Z" duration="0.000487" asserts="1" />
              <test-case id="2-1372" name="RemoveChunkedDataClearsAlreadyRetrievedChunks" fullname="Dynatrace.OpenKit.Core.Caching.BeaconCacheTest.RemoveChunkedDataClearsAlreadyRetrievedChunks" methodname="RemoveChunkedDataClearsAlreadyRetrievedChunks" classname="Dynatrace.OpenKit.Core.Caching.BeaconCacheTest" runstate="Runnable" seed="936187964" result="Passed" start-time="2018-05-11 10:27:03Z" end-time="2018-05-11 10:27:03Z" duration="0.003072" asserts="6" />
              <test-case id="2-1373" name="RemoveChunkedDataDoesNothingIfCalledWithNonExistingBeaconID" fullname="Dynatrace.OpenKit.Core.Caching.BeaconCacheTest.RemoveChunkedDataDoesNothingIfCalledWithNonExistingBeaconID" methodname="RemoveChunkedDataDoesNothingIfCalledWithNonExistingBeaconID" classname="Dynatrace.OpenKit.Core.Caching.BeaconCacheTest" runstate="Runnable" seed="1695320903" result="Passed" start-time="2018-05-11 10:27:03Z" end-time="2018-05-11 10:27:03Z" duration="0.001348" asserts="2" />
              <test-case id="2-1377" name="ResetChunkedDoesNothingIfEntryDoesNotExist" fullname="Dynatrace.OpenKit.Core.Caching.BeaconCacheTest.ResetChunkedDoesNothingIfEntryDoesNotExist" methodname="ResetChunkedDoesNothingIfEntryDoesNotExist" classname="Dynatrace.OpenKit.Core.Caching.BeaconCacheTest" runstate="Runnable" seed="198386112" result="Passed" start-time="2018-05-11 10:27:03Z" end-time="2018-05-11 10:27:03Z" duration="0.001746" asserts="2" />
              <test-case id="2-1376" name="ResetChunkedRaisesEvent" fullname="Dynatrace.OpenKit.Core.Caching.BeaconCacheTest.ResetChunkedRaisesEvent" methodname="ResetChunkedRaisesEvent" classname="Dynatrace.OpenKit.Core.Caching.BeaconCacheTest" runstate="Runnable" seed="1893138063" result="Passed" start-time="2018-05-11 10:27:03Z" end-time="2018-05-11 10:27:03Z" duration="0.001460" asserts="1" />
              <test-case id="2-1375" name="ResetChunkedRestoresCacheSize" fullname="Dynatrace.OpenKit.Core.Caching.BeaconCacheTest.ResetChunkedRestoresCacheSize" methodname="ResetChunkedRestoresCacheSize" classname="Dynatrace.OpenKit.Core.Caching.BeaconCacheTest" runstate="Runnable" seed="2117473994" result="Passed" start-time="2018-05-11 10:27:03Z" end-time="2018-05-11 10:27:03Z" duration="0.000851" asserts="1" />
              <test-case id="2-1374" name="ResetChunkedRestoresData" fullname="Dynatrace.OpenKit.Core.Caching.BeaconCacheTest.ResetChunkedRestoresData" methodname="ResetChunkedRestoresData" classname="Dynatrace.OpenKit.Core.Caching.BeaconCacheTest" runstate="Runnable" seed="1366441819" result="Passed" start-time="2018-05-11 10:27:03Z" end-time="2018-05-11 10:27:03Z" duration="0.001527" asserts="4" />
            </test-suite>
            <test-suite type="TestFixture" id="2-1385" name="SpaceEvictionStrategyTest" fullname="Dynatrace.OpenKit.Core.Caching.SpaceEvictionStrategyTest" classname="Dynatrace.OpenKit.Core.Caching.SpaceEvictionStrategyTest" runstate="Runnable" testcasecount="16" result="Passed" start-time="2018-05-11 10:27:03Z" end-time="2018-05-11 10:27:03Z" duration="0.047832" total="16" passed="16" failed="0" warnings="0" inconclusive="0" skipped="0" asserts="8">
              <test-case id="2-1396" name="ExecuteEvictionCallsCacheMethodForEachBeacon" fullname="Dynatrace.OpenKit.Core.Caching.SpaceEvictionStrategyTest.ExecuteEvictionCallsCacheMethodForEachBeacon" methodname="ExecuteEvictionCallsCacheMethodForEachBeacon" classname="Dynatrace.OpenKit.Core.Caching.SpaceEvictionStrategyTest" runstate="Runnable" seed="1744744435" result="Passed" start-time="2018-05-11 10:27:03Z" end-time="2018-05-11 10:27:03Z" duration="0.013987" asserts="0" />
              <test-case id="2-1398" name="ExecuteEvictionDoesNotLogEvictionResultIfDebugIsDisabled" fullname="Dynatrace.OpenKit.Core.Caching.SpaceEvictionStrategyTest.ExecuteEvictionDoesNotLogEvictionResultIfDebugIsDisabled" methodname="ExecuteEvictionDoesNotLogEvictionResultIfDebugIsDisabled" classname="Dynatrace.OpenKit.Core.Caching.SpaceEvictionStrategyTest" runstate="Runnable" seed="677276839" result="Passed" start-time="2018-05-11 10:27:03Z" end-time="2018-05-11 10:27:03Z" duration="0.007441" asserts="0" />
              <test-case id="2-1395" name="ExecuteEvictionDoesNotLogIfStrategyIsDisabledAndInfoIsDisabledInLogger" fullname="Dynatrace.OpenKit.Core.Caching.SpaceEvictionStrategyTest.ExecuteEvictionDoesNotLogIfStrategyIsDisabledAndInfoIsDisabledInLogger" methodname="ExecuteEvictionDoesNotLogIfStrategyIsDisabledAndInfoIsDisabledInLogger" classname="Dynatrace.OpenKit.Core.Caching.SpaceEvictionStrategyTest" runstate="Runnable" seed="925308389" result="Passed" start-time="2018-05-11 10:27:03Z" end-time="2018-05-11 10:27:03Z" duration="0.001367" asserts="0" />
              <test-case id="2-1394" name="ExecuteEvictionLogsAMessageOnceAndReturnsIfStrategyIsDisabled" fullname="Dynatrace.OpenKit.Core.Caching.SpaceEvictionStrategyTest.ExecuteEvictionLogsAMessageOnceAndReturnsIfStrategyIsDisabled" methodname="ExecuteEvictionLogsAMessageOnceAndReturnsIfStrategyIsDisabled" classname="Dynatrace.OpenKit.Core.Caching.SpaceEvictionStrategyTest" runstate="Runnable" seed="373180378" result="Passed" start-time="2018-05-11 10:27:03Z" end-time="2018-05-11 10:27:03Z" duration="0.001695" asserts="0" />
              <test-case id="2-1397" name="ExecuteEvictionLogsEvictionResultIfDebugIsEnabled" fullname="Dynatrace.OpenKit.Core.Caching.SpaceEvictionStrategyTest.ExecuteEvictionLogsEvictionResultIfDebugIsEnabled" methodname="ExecuteEvictionLogsEvictionResultIfDebugIsEnabled" classname="Dynatrace.OpenKit.Core.Caching.SpaceEvictionStrategyTest" runstate="Runnable" seed="568555967" result="Passed" start-time="2018-05-11 10:27:03Z" end-time="2018-05-11 10:27:03Z" duration="0.007109" asserts="0" />
              <test-case id="2-1399" name="ExecuteEvictionRunsUntilTheCacheSizeIsLessThanOrEqualToLowerBound" fullname="Dynatrace.OpenKit.Core.Caching.SpaceEvictionStrategyTest.ExecuteEvictionRunsUntilTheCacheSizeIsLessThanOrEqualToLowerBound" methodname="ExecuteEvictionRunsUntilTheCacheSizeIsLessThanOrEqualToLowerBound" classname="Dynatrace.OpenKit.Core.Caching.SpaceEvictionStrategyTest" runstate="Runnable" seed="1966368807" result="Passed" start-time="2018-05-11 10:27:03Z" end-time="2018-05-11 10:27:03Z" duration="0.001707" asserts="0" />
              <test-case id="2-1401" name="ExecuteEvictionStopsIfNumBytesInCacheFallsBelowLowerBoundBetweenTwoBeacons" fullname="Dynatrace.OpenKit.Core.Caching.SpaceEvictionStrategyTest.ExecuteEvictionStopsIfNumBytesInCacheFallsBelowLowerBoundBetweenTwoBeacons" methodname="ExecuteEvictionStopsIfNumBytesInCacheFallsBelowLowerBoundBetweenTwoBeacons" classname="Dynatrace.OpenKit.Core.Caching.SpaceEvictionStrategyTest" runstate="Runnable" seed="593703446" result="Passed" start-time="2018-05-11 10:27:03Z" end-time="2018-05-11 10:27:03Z" duration="0.001865" asserts="0" />
              <test-case id="2-1400" name="ÉxecuteEvictionStopsIfThreadGetsInterruptedBetweenTwoBeacons" fullname="Dynatrace.OpenKit.Core.Caching.SpaceEvictionStrategyTest.ÉxecuteEvictionStopsIfThreadGetsInterruptedBetweenTwoBeacons" methodname="ÉxecuteEvictionStopsIfThreadGetsInterruptedBetweenTwoBeacons" classname="Dynatrace.OpenKit.Core.Caching.SpaceEvictionStrategyTest" runstate="Runnable" seed="1623881334" result="Passed" start-time="2018-05-11 10:27:03Z" end-time="2018-05-11 10:27:03Z" duration="0.005704" asserts="0" />
              <test-case id="2-1392" name="ShouldRunGivesFalseIfNumBytesInCacheIsEqualToUpperBoundLimit" fullname="Dynatrace.OpenKit.Core.Caching.SpaceEvictionStrategyTest.ShouldRunGivesFalseIfNumBytesInCacheIsEqualToUpperBoundLimit" methodname="ShouldRunGivesFalseIfNumBytesInCacheIsEqualToUpperBoundLimit" classname="Dynatrace.OpenKit.Core.Caching.SpaceEvictionStrategyTest" runstate="Runnable" seed="635204480" result="Passed" start-time="2018-05-11 10:27:03Z" end-time="2018-05-11 10:27:03Z" duration="0.000578" asserts="1" />
              <test-case id="2-1393" name="ShouldRunGivesFalseIfNumBytesInCacheIsLessThanUpperBoundLimit" fullname="Dynatrace.OpenKit.Core.Caching.SpaceEvictionStrategyTest.ShouldRunGivesFalseIfNumBytesInCacheIsLessThanUpperBoundLimit" methodname="ShouldRunGivesFalseIfNumBytesInCacheIsLessThanUpperBoundLimit" classname="Dynatrace.OpenKit.Core.Caching.SpaceEvictionStrategyTest" runstate="Runnable" seed="786935484" result="Passed" start-time="2018-05-11 10:27:03Z" end-time="2018-05-11 10:27:03Z" duration="0.001023" asserts="1" />
              <test-case id="2-1391" name="ShouldRunGivesTrueIfNumBytesInCacheIsGreaterThanUpperBoundLimit" fullname="Dynatrace.OpenKit.Core.Caching.SpaceEvictionStrategyTest.ShouldRunGivesTrueIfNumBytesInCacheIsGreaterThanUpperBoundLimit" methodname="ShouldRunGivesTrueIfNumBytesInCacheIsGreaterThanUpperBoundLimit" classname="Dynatrace.OpenKit.Core.Caching.SpaceEvictionStrategyTest" runstate="Runnable" seed="1959373267" result="Passed" start-time="2018-05-11 10:27:03Z" end-time="2018-05-11 10:27:03Z" duration="0.000828" asserts="1" />
              <test-case id="2-1387" name="TheStrategyIsDisabledIfCacheSizeLowerBoundIsEqualToZero" fullname="Dynatrace.OpenKit.Core.Caching.SpaceEvictionStrategyTest.TheStrategyIsDisabledIfCacheSizeLowerBoundIsEqualToZero" methodname="TheStrategyIsDisabledIfCacheSizeLowerBoundIsEqualToZero" classname="Dynatrace.OpenKit.Core.Caching.SpaceEvictionStrategyTest" runstate="Runnable" seed="2049713730" result="Passed" start-time="2018-05-11 10:27:03Z" end-time="2018-05-11 10:27:03Z" duration="0.000393" asserts="1" />
              <test-case id="2-1386" name="TheStrategyIsDisabledIfCacheSizeLowerBoundIsLessThanZero" fullname="Dynatrace.OpenKit.Core.Caching.SpaceEvictionStrategyTest.TheStrategyIsDisabledIfCacheSizeLowerBoundIsLessThanZero" methodname="TheStrategyIsDisabledIfCacheSizeLowerBoundIsLessThanZero" classname="Dynatrace.OpenKit.Core.Caching.SpaceEvictionStrategyTest" runstate="Runnable" seed="735402083" result="Passed" start-time="2018-05-11 10:27:03Z" end-time="2018-05-11 10:27:03Z" duration="0.000337" asserts="1" />
              <test-case id="2-1389" name="TheStrategyIsDisabledIfCacheSizeUpperBoundIsEqualToZero" fullname="Dynatrace.OpenKit.Core.Caching.SpaceEvictionStrategyTest.TheStrategyIsDisabledIfCacheSizeUpperBoundIsEqualToZero" methodname="TheStrategyIsDisabledIfCacheSizeUpperBoundIsEqualToZero" classname="Dynatrace.OpenKit.Core.Caching.SpaceEvictionStrategyTest" runstate="Runnable" seed="3556769" result="Passed" start-time="2018-05-11 10:27:03Z" end-time="2018-05-11 10:27:03Z" duration="0.000349" asserts="1" />
              <test-case id="2-1390" name="TheStrategyIsDisabledIfCacheSizeUpperBoundIsLessThanLowerBound" fullname="Dynatrace.OpenKit.Core.Caching.SpaceEvictionStrategyTest.TheStrategyIsDisabledIfCacheSizeUpperBoundIsLessThanLowerBound" methodname="TheStrategyIsDisabledIfCacheSizeUpperBoundIsLessThanLowerBound" classname="Dynatrace.OpenKit.Core.Caching.SpaceEvictionStrategyTest" runstate="Runnable" seed="1412516056" result="Passed" start-time="2018-05-11 10:27:03Z" end-time="2018-05-11 10:27:03Z" duration="0.001683" asserts="1" />
              <test-case id="2-1388" name="TheStrategyIsDisabledIfCacheSizeUpperBoundIsLessThanZero" fullname="Dynatrace.OpenKit.Core.Caching.SpaceEvictionStrategyTest.TheStrategyIsDisabledIfCacheSizeUpperBoundIsLessThanZero" methodname="TheStrategyIsDisabledIfCacheSizeUpperBoundIsLessThanZero" classname="Dynatrace.OpenKit.Core.Caching.SpaceEvictionStrategyTest" runstate="Runnable" seed="1624222544" result="Passed" start-time="2018-05-11 10:27:03Z" end-time="2018-05-11 10:27:03Z" duration="0.000490" asserts="1" />
            </test-suite>
            <test-suite type="TestFixture" id="2-1402" name="TimeEvicitionStrategyTest" fullname="Dynatrace.OpenKit.Core.Caching.TimeEvicitionStrategyTest" classname="Dynatrace.OpenKit.Core.Caching.TimeEvicitionStrategyTest" runstate="Runnable" testcasecount="14" result="Passed" start-time="2018-05-11 10:27:03Z" end-time="2018-05-11 10:27:03Z" duration="0.042727" total="14" passed="14" failed="0" warnings="0" inconclusive="0" skipped="0" asserts="11">
              <test-case id="2-1414" name="ExecuteEvictionCallsEvictionForEachBeaconSeparately" fullname="Dynatrace.OpenKit.Core.Caching.TimeEvicitionStrategyTest.ExecuteEvictionCallsEvictionForEachBeaconSeparately" methodname="ExecuteEvictionCallsEvictionForEachBeaconSeparately" classname="Dynatrace.OpenKit.Core.Caching.TimeEvicitionStrategyTest" runstate="Runnable" seed="597928872" result="Passed" start-time="2018-05-11 10:27:03Z" end-time="2018-05-11 10:27:03Z" duration="0.010399" asserts="1" />
              <test-case id="2-1411" name="ExecuteEvictionDoesNotLogIfStrategyIsDisabledAndInfoIsDisabledInLogger" fullname="Dynatrace.OpenKit.Core.Caching.TimeEvicitionStrategyTest.ExecuteEvictionDoesNotLogIfStrategyIsDisabledAndInfoIsDisabledInLogger" methodname="ExecuteEvictionDoesNotLogIfStrategyIsDisabledAndInfoIsDisabledInLogger" classname="Dynatrace.OpenKit.Core.Caching.TimeEvicitionStrategyTest" runstate="Runnable" seed="1338833620" result="Passed" start-time="2018-05-11 10:27:03Z" end-time="2018-05-11 10:27:03Z" duration="0.002267" asserts="0" />
              <test-case id="2-1416" name="ExecuteEvictionIsStoppedIfThreadGetsInterrupted" fullname="Dynatrace.OpenKit.Core.Caching.TimeEvicitionStrategyTest.ExecuteEvictionIsStoppedIfThreadGetsInterrupted" methodname="ExecuteEvictionIsStoppedIfThreadGetsInterrupted" classname="Dynatrace.OpenKit.Core.Caching.TimeEvicitionStrategyTest" runstate="Runnable" seed="288418035" result="Passed" start-time="2018-05-11 10:27:03Z" end-time="2018-05-11 10:27:03Z" duration="0.005508" asserts="0" />
              <test-case id="2-1410" name="ExecuteEvictionLogsAMessageOnceAndReturnsIfStrategyIsDisabled" fullname="Dynatrace.OpenKit.Core.Caching.TimeEvicitionStrategyTest.ExecuteEvictionLogsAMessageOnceAndReturnsIfStrategyIsDisabled" methodname="ExecuteEvictionLogsAMessageOnceAndReturnsIfStrategyIsDisabled" classname="Dynatrace.OpenKit.Core.Caching.TimeEvicitionStrategyTest" runstate="Runnable" seed="458687256" result="Passed" start-time="2018-05-11 10:27:03Z" end-time="2018-05-11 10:27:03Z" duration="0.002327" asserts="0" />
              <test-case id="2-1415" name="ExecuteEvictionLogsTheNumberOfRecordsRemoved" fullname="Dynatrace.OpenKit.Core.Caching.TimeEvicitionStrategyTest.ExecuteEvictionLogsTheNumberOfRecordsRemoved" methodname="ExecuteEvictionLogsTheNumberOfRecordsRemoved" classname="Dynatrace.OpenKit.Core.Caching.TimeEvicitionStrategyTest" runstate="Runnable" seed="888330726" result="Passed" start-time="2018-05-11 10:27:03Z" end-time="2018-05-11 10:27:03Z" duration="0.001486" asserts="0" />
              <test-case id="2-1413" name="ExecuteEvictionStopsIfNoBeaconIdsAreAvailableInCache" fullname="Dynatrace.OpenKit.Core.Caching.TimeEvicitionStrategyTest.ExecuteEvictionStopsIfNoBeaconIdsAreAvailableInCache" methodname="ExecuteEvictionStopsIfNoBeaconIdsAreAvailableInCache" classname="Dynatrace.OpenKit.Core.Caching.TimeEvicitionStrategyTest" runstate="Runnable" seed="1875265491" result="Passed" start-time="2018-05-11 10:27:03Z" end-time="2018-05-11 10:27:03Z" duration="0.001369" asserts="1" />
              <test-case id="2-1412" name="LastRuntimeStampIsAdjustedDuringFirstExecution" fullname="Dynatrace.OpenKit.Core.Caching.TimeEvicitionStrategyTest.LastRuntimeStampIsAdjustedDuringFirstExecution" methodname="LastRuntimeStampIsAdjustedDuringFirstExecution" classname="Dynatrace.OpenKit.Core.Caching.TimeEvicitionStrategyTest" runstate="Runnable" seed="2044448556" result="Passed" start-time="2018-05-11 10:27:03Z" end-time="2018-05-11 10:27:03Z" duration="0.001518" asserts="2" />
              <test-case id="2-1407" name="ShouldRunGivesFalseIfLastRunIsLessThanMaxAgeMillisecondsAgo" fullname="Dynatrace.OpenKit.Core.Caching.TimeEvicitionStrategyTest.ShouldRunGivesFalseIfLastRunIsLessThanMaxAgeMillisecondsAgo" methodname="ShouldRunGivesFalseIfLastRunIsLessThanMaxAgeMillisecondsAgo" classname="Dynatrace.OpenKit.Core.Caching.TimeEvicitionStrategyTest" runstate="Runnable" seed="1022697058" result="Passed" start-time="2018-05-11 10:27:03Z" end-time="2018-05-11 10:27:03Z" duration="0.000636" asserts="1" />
              <test-case id="2-1408" name="ShouldRunGivesTrueIfLastRunIsExactlyMaxAgeMillisecondsAgo" fullname="Dynatrace.OpenKit.Core.Caching.TimeEvicitionStrategyTest.ShouldRunGivesTrueIfLastRunIsExactlyMaxAgeMillisecondsAgo" methodname="ShouldRunGivesTrueIfLastRunIsExactlyMaxAgeMillisecondsAgo" classname="Dynatrace.OpenKit.Core.Caching.TimeEvicitionStrategyTest" runstate="Runnable" seed="1602739774" result="Passed" start-time="2018-05-11 10:27:03Z" end-time="2018-05-11 10:27:03Z" duration="0.000763" asserts="1" />
              <test-case id="2-1409" name="ShouldRunGivesTrueIfLastRunIsMoreThanMaxAgeMillisecondsAgo" fullname="Dynatrace.OpenKit.Core.Caching.TimeEvicitionStrategyTest.ShouldRunGivesTrueIfLastRunIsMoreThanMaxAgeMillisecondsAgo" methodname="ShouldRunGivesTrueIfLastRunIsMoreThanMaxAgeMillisecondsAgo" classname="Dynatrace.OpenKit.Core.Caching.TimeEvicitionStrategyTest" runstate="Runnable" seed="1078406709" result="Passed" start-time="2018-05-11 10:27:03Z" end-time="2018-05-11 10:27:03Z" duration="0.001054" asserts="1" />
              <test-case id="2-1403" name="TheInitialLastRunTimestampIsMinusOne" fullname="Dynatrace.OpenKit.Core.Caching.TimeEvicitionStrategyTest.TheInitialLastRunTimestampIsMinusOne" methodname="TheInitialLastRunTimestampIsMinusOne" classname="Dynatrace.OpenKit.Core.Caching.TimeEvicitionStrategyTest" runstate="Runnable" seed="1970169792" result="Passed" start-time="2018-05-11 10:27:03Z" end-time="2018-05-11 10:27:03Z" duration="0.000617" asserts="1" />
              <test-case id="2-1404" name="TheStrategyIsDisabledIfBeaconMaxAgeIsSetToLessThanZero" fullname="Dynatrace.OpenKit.Core.Caching.TimeEvicitionStrategyTest.TheStrategyIsDisabledIfBeaconMaxAgeIsSetToLessThanZero" methodname="TheStrategyIsDisabledIfBeaconMaxAgeIsSetToLessThanZero" classname="Dynatrace.OpenKit.Core.Caching.TimeEvicitionStrategyTest" runstate="Runnable" seed="287504395" result="Passed" start-time="2018-05-11 10:27:03Z" end-time="2018-05-11 10:27:03Z" duration="0.000412" asserts="1" />
              <test-case id="2-1405" name="TheStrategyIsDisabledIfBeaconMaxAgeIsSetToZero" fullname="Dynatrace.OpenKit.Core.Caching.TimeEvicitionStrategyTest.TheStrategyIsDisabledIfBeaconMaxAgeIsSetToZero" methodname="TheStrategyIsDisabledIfBeaconMaxAgeIsSetToZero" classname="Dynatrace.OpenKit.Core.Caching.TimeEvicitionStrategyTest" runstate="Runnable" seed="515997987" result="Passed" start-time="2018-05-11 10:27:03Z" end-time="2018-05-11 10:27:03Z" duration="0.000390" asserts="1" />
              <test-case id="2-1406" name="TheStrategyIsNotDisabledIFMaxRecordAgeIsGreaterThanZero" fullname="Dynatrace.OpenKit.Core.Caching.TimeEvicitionStrategyTest.TheStrategyIsNotDisabledIFMaxRecordAgeIsGreaterThanZero" methodname="TheStrategyIsNotDisabledIFMaxRecordAgeIsGreaterThanZero" classname="Dynatrace.OpenKit.Core.Caching.TimeEvicitionStrategyTest" runstate="Runnable" seed="1783639929" result="Passed" start-time="2018-05-11 10:27:03Z" end-time="2018-05-11 10:27:03Z" duration="0.000384" asserts="1" />
            </test-suite>
          </test-suite>
          <test-suite type="TestSuite" id="2-1424" name="Communication" fullname="Dynatrace.OpenKit.Core.Communication" runstate="Runnable" testcasecount="71" result="Passed" start-time="2018-05-11 10:27:02Z" end-time="2018-05-11 10:27:04Z" duration="1.695017" total="71" passed="71" failed="0" warnings="0" inconclusive="0" skipped="0" asserts="48">
            <test-suite type="TestFixture" id="2-1214" name="BeaconSendingCaptureOffStateTest" fullname="Dynatrace.OpenKit.Core.Communication.BeaconSendingCaptureOffStateTest" classname="Dynatrace.OpenKit.Core.Communication.BeaconSendingCaptureOffStateTest" runstate="Runnable" testcasecount="8" result="Passed" start-time="2018-05-11 10:27:03Z" end-time="2018-05-11 10:27:03Z" duration="0.160762" total="8" passed="8" failed="0" warnings="0" inconclusive="0" skipped="0" asserts="2">
              <test-case id="2-1216" name="ShutdownStateIsFlushState" fullname="Dynatrace.OpenKit.Core.Communication.BeaconSendingCaptureOffStateTest.ShutdownStateIsFlushState" methodname="ShutdownStateIsFlushState" classname="Dynatrace.OpenKit.Core.Communication.BeaconSendingCaptureOffStateTest" runstate="Runnable" seed="944492281" result="Passed" start-time="2018-05-11 10:27:03Z" end-time="2018-05-11 10:27:03Z" duration="0.021022" asserts="1" />
              <test-case id="2-1221" name="SleepIsCalledOnEntry" fullname="Dynatrace.OpenKit.Core.Communication.BeaconSendingCaptureOffStateTest.SleepIsCalledOnEntry" methodname="SleepIsCalledOnEntry" classname="Dynatrace.OpenKit.Core.Communication.BeaconSendingCaptureOffStateTest" runstate="Runnable" seed="518423502" result="Passed" start-time="2018-05-11 10:27:03Z" end-time="2018-05-11 10:27:03Z" duration="0.013207" asserts="0" />
[...]
            <test-case id="6-1053" name="DefaultMonitorNameIsNull" fullname="Dynatrace.OpenKit.Protocol.StatusResponseTest.DefaultMonitorNameIsNull" methodname="DefaultMonitorNameIsNull" classname="Dynatrace.OpenKit.Protocol.StatusResponseTest" runstate="Runnable" seed="535109351" result="Passed" start-time="2018-05-11 10:27:05Z" end-time="2018-05-11 10:27:05Z" duration="0.000162" asserts="1" />
            <test-case id="6-1052" name="DefaultSendIntervalIsMinusOne" fullname="Dynatrace.OpenKit.Protocol.StatusResponseTest.DefaultSendIntervalIsMinusOne" methodname="DefaultSendIntervalIsMinusOne" classname="Dynatrace.OpenKit.Protocol.StatusResponseTest" runstate="Runnable" seed="818419632" result="Passed" start-time="2018-05-11 10:27:05Z" end-time="2018-05-11 10:27:05Z" duration="0.000173" asserts="1" />
            <test-case id="6-1054" name="DefaultServerIDIsMinusOne" fullname="Dynatrace.OpenKit.Protocol.StatusResponseTest.DefaultServerIDIsMinusOne" methodname="DefaultServerIDIsMinusOne" classname="Dynatrace.OpenKit.Protocol.StatusResponseTest" runstate="Runnable" seed="1757109600" result="Passed" start-time="2018-05-11 10:27:05Z" end-time="2018-05-11 10:27:05Z" duration="0.000179" asserts="1" />
            <test-case id="6-1058" name="OddNumberOfTokensThrowsException" fullname="Dynatrace.OpenKit.Protocol.StatusResponseTest.OddNumberOfTokensThrowsException" methodname="OddNumberOfTokensThrowsException" classname="Dynatrace.OpenKit.Protocol.StatusResponseTest" runstate="Runnable" seed="324605919" result="Passed" start-time="2018-05-11 10:27:05Z" end-time="2018-05-11 10:27:05Z" duration="0.000555" asserts="1" />
            <test-case id="6-1071" name="ParsingInvalidMaxBeaconSizeThrowsException" fullname="Dynatrace.OpenKit.Protocol.StatusResponseTest.ParsingInvalidMaxBeaconSizeThrowsException" methodname="ParsingInvalidMaxBeaconSizeThrowsException" classname="Dynatrace.OpenKit.Protocol.StatusResponseTest" runstate="Runnable" seed="1005356646" result="Passed" start-time="2018-05-11 10:27:05Z" end-time="2018-05-11 10:27:05Z" duration="0.030944" asserts="3" />
            <test-case id="6-1077" name="ParsingInvalidNumericValueForCaptureCrashesThrowsException" fullname="Dynatrace.OpenKit.Protocol.StatusResponseTest.ParsingInvalidNumericValueForCaptureCrashesThrowsException" methodname="ParsingInvalidNumericValueForCaptureCrashesThrowsException" classname="Dynatrace.OpenKit.Protocol.StatusResponseTest" runstate="Runnable" seed="1599919626" result="Passed" start-time="2018-05-11 10:27:05Z" end-time="2018-05-11 10:27:05Z" duration="0.001042" asserts="3" />
            <test-case id="6-1074" name="ParsingInvalidNumericValueForCaptureErrorsThrowsException" fullname="Dynatrace.OpenKit.Protocol.StatusResponseTest.ParsingInvalidNumericValueForCaptureErrorsThrowsException" methodname="ParsingInvalidNumericValueForCaptureErrorsThrowsException" classname="Dynatrace.OpenKit.Protocol.StatusResponseTest" runstate="Runnable" seed="1257420872" result="Passed" start-time="2018-05-11 10:27:05Z" end-time="2018-05-11 10:27:05Z" duration="0.001042" asserts="3" />
            <test-case id="6-1062" name="ParsingInvalidNumericValueForCaptureThrowsException" fullname="Dynatrace.OpenKit.Protocol.StatusResponseTest.ParsingInvalidNumericValueForCaptureThrowsException" methodname="ParsingInvalidNumericValueForCaptureThrowsException" classname="Dynatrace.OpenKit.Protocol.StatusResponseTest" runstate="Runnable" seed="1541061744" result="Passed" start-time="2018-05-11 10:27:05Z" end-time="2018-05-11 10:27:05Z" duration="0.001970" asserts="3" />
            <test-case id="6-1065" name="ParsingInvalidSendIntervalThrowsException" fullname="Dynatrace.OpenKit.Protocol.StatusResponseTest.ParsingInvalidSendIntervalThrowsException" methodname="ParsingInvalidSendIntervalThrowsException" classname="Dynatrace.OpenKit.Protocol.StatusResponseTest" runstate="Runnable" seed="457444208" result="Passed" start-time="2018-05-11 10:27:05Z" end-time="2018-05-11 10:27:05Z" duration="0.001371" asserts="3" />
            <test-case id="6-1068" name="ParsingInvalidServerIDThrowsException" fullname="Dynatrace.OpenKit.Protocol.StatusResponseTest.ParsingInvalidServerIDThrowsException" methodname="ParsingInvalidServerIDThrowsException" classname="Dynatrace.OpenKit.Protocol.StatusResponseTest" runstate="Runnable" seed="720064250" result="Passed" start-time="2018-05-11 10:27:05Z" end-time="2018-05-11 10:27:05Z" duration="0.001052" asserts="3" />
            <test-case id="6-1069" name="ParsingMaxBeaconSize" fullname="Dynatrace.OpenKit.Protocol.StatusResponseTest.ParsingMaxBeaconSize" methodname="ParsingMaxBeaconSize" classname="Dynatrace.OpenKit.Protocol.StatusResponseTest" runstate="Runnable" seed="1983280535" result="Passed" start-time="2018-05-11 10:27:05Z" end-time="2018-05-11 10:27:05Z" duration="0.001120" asserts="5" />
            <test-case id="6-1066" name="ParsingMonitorNames" fullname="Dynatrace.OpenKit.Protocol.StatusResponseTest.ParsingMonitorNames" methodname="ParsingMonitorNames" classname="Dynatrace.OpenKit.Protocol.StatusResponseTest" runstate="Runnable" seed="1780281635" result="Passed" start-time="2018-05-11 10:27:05Z" end-time="2018-05-11 10:27:05Z" duration="0.000731" asserts="3" />
            <test-case id="6-1063" name="ParsingSendInterval" fullname="Dynatrace.OpenKit.Protocol.StatusResponseTest.ParsingSendInterval" methodname="ParsingSendInterval" classname="Dynatrace.OpenKit.Protocol.StatusResponseTest" runstate="Runnable" seed="1617674700" result="Passed" start-time="2018-05-11 10:27:05Z" end-time="2018-05-11 10:27:05Z" duration="0.000898" asserts="5" />
            <test-case id="6-1070" name="ParsingTooBigMaxBeaconSizeOverflows" fullname="Dynatrace.OpenKit.Protocol.StatusResponseTest.ParsingTooBigMaxBeaconSizeOverflows" methodname="ParsingTooBigMaxBeaconSizeOverflows" classname="Dynatrace.OpenKit.Protocol.StatusResponseTest" runstate="Runnable" seed="529561043" result="Passed" start-time="2018-05-11 10:27:05Z" end-time="2018-05-11 10:27:05Z" duration="0.000330" asserts="2" />
            <test-case id="6-1064" name="ParsingTooBigSendIntervalOverflows" fullname="Dynatrace.OpenKit.Protocol.StatusResponseTest.ParsingTooBigSendIntervalOverflows" methodname="ParsingTooBigSendIntervalOverflows" classname="Dynatrace.OpenKit.Protocol.StatusResponseTest" runstate="Runnable" seed="873817462" result="Passed" start-time="2018-05-11 10:27:05Z" end-time="2018-05-11 10:27:05Z" duration="0.000270" asserts="2" />
            <test-case id="6-1050" name="PassingEmptyResponseStringDoesNotThrow" fullname="Dynatrace.OpenKit.Protocol.StatusResponseTest.PassingEmptyResponseStringDoesNotThrow" methodname="PassingEmptyResponseStringDoesNotThrow" classname="Dynatrace.OpenKit.Protocol.StatusResponseTest" runstate="Runnable" seed="1489727999" result="Passed" start-time="2018-05-11 10:27:05Z" end-time="2018-05-11 10:27:05Z" duration="0.001073" asserts="1" />
            <test-case id="6-1049" name="PassingNullResponseStringDoesNotThrow" fullname="Dynatrace.OpenKit.Protocol.StatusResponseTest.PassingNullResponseStringDoesNotThrow" methodname="PassingNullResponseStringDoesNotThrow" classname="Dynatrace.OpenKit.Protocol.StatusResponseTest" runstate="Runnable" seed="463556541" result="Passed" start-time="2018-05-11 10:27:05Z" end-time="2018-05-11 10:27:05Z" duration="0.000294" asserts="1" />
            <test-case id="6-1078" name="ResponseCodeIsSet" fullname="Dynatrace.OpenKit.Protocol.StatusResponseTest.ResponseCodeIsSet" methodname="ResponseCodeIsSet" classname="Dynatrace.OpenKit.Protocol.StatusResponseTest" runstate="Runnable" seed="852655621" result="Passed" start-time="2018-05-11 10:27:05Z" end-time="2018-05-11 10:27:05Z" duration="0.000196" asserts="1" />
            <test-case id="6-1067" name="ServerIDIsParsed" fullname="Dynatrace.OpenKit.Protocol.StatusResponseTest.ServerIDIsParsed" methodname="ServerIDIsParsed" classname="Dynatrace.OpenKit.Protocol.StatusResponseTest" runstate="Runnable" seed="59589971" result="Passed" start-time="2018-05-11 10:27:05Z" end-time="2018-05-11 10:27:05Z" duration="0.000906" asserts="1" />
          </test-suite>
          <test-suite type="TestFixture" id="6-1079" name="TimeSyncResponseTest" fullname="Dynatrace.OpenKit.Protocol.TimeSyncResponseTest" classname="Dynatrace.OpenKit.Protocol.TimeSyncResponseTest" runstate="Runnable" testcasecount="12" result="Passed" start-time="2018-05-11 10:27:05Z" end-time="2018-05-11 10:27:05Z" duration="0.006067" total="12" passed="12" failed="0" warnings="0" inconclusive="0" skipped="0" asserts="16">
            <test-case id="6-1085" name="AmpersandIsNotAValidKeyValueSeparator" fullname="Dynatrace.OpenKit.Protocol.TimeSyncResponseTest.AmpersandIsNotAValidKeyValueSeparator" methodname="AmpersandIsNotAValidKeyValueSeparator" classname="Dynatrace.OpenKit.Protocol.TimeSyncResponseTest" runstate="Runnable" seed="1925966154" result="Passed" start-time="2018-05-11 10:27:05Z" end-time="2018-05-11 10:27:05Z" duration="0.000966" asserts="1" />
            <test-case id="6-1084" name="OddNumberOfTokensThrowsException" fullname="Dynatrace.OpenKit.Protocol.TimeSyncResponseTest.OddNumberOfTokensThrowsException" methodname="OddNumberOfTokensThrowsException" classname="Dynatrace.OpenKit.Protocol.TimeSyncResponseTest" runstate="Runnable" seed="484519106" result="Passed" start-time="2018-05-11 10:27:05Z" end-time="2018-05-11 10:27:05Z" duration="0.000492" asserts="1" />
            <test-case id="6-1089" name="ParsingInvalidRequestReceiveTimeThrowsException" fullname="Dynatrace.OpenKit.Protocol.TimeSyncResponseTest.ParsingInvalidRequestReceiveTimeThrowsException" methodname="ParsingInvalidRequestReceiveTimeThrowsException" classname="Dynatrace.OpenKit.Protocol.TimeSyncResponseTest" runstate="Runnable" seed="1219720621" result="Passed" start-time="2018-05-11 10:27:05Z" end-time="2018-05-11 10:27:05Z" duration="0.001114" asserts="3" />
            <test-case id="6-1087" name="ParsingInvalidResponseSendTimeThrowsException" fullname="Dynatrace.OpenKit.Protocol.TimeSyncResponseTest.ParsingInvalidResponseSendTimeThrowsException" methodname="ParsingInvalidResponseSendTimeThrowsException" classname="Dynatrace.OpenKit.Protocol.TimeSyncResponseTest" runstate="Runnable" seed="1447184510" result="Passed" start-time="2018-05-11 10:27:05Z" end-time="2018-05-11 10:27:05Z" duration="0.001113" asserts="3" />
            <test-case id="6-1090" name="ParsingUnknownKeyValueDoesNothing" fullname="Dynatrace.OpenKit.Protocol.TimeSyncResponseTest.ParsingUnknownKeyValueDoesNothing" methodname="ParsingUnknownKeyValueDoesNothing" classname="Dynatrace.OpenKit.Protocol.TimeSyncResponseTest" runstate="Runnable" seed="287619776" result="Passed" start-time="2018-05-11 10:27:05Z" end-time="2018-05-11 10:27:05Z" duration="0.000391" asserts="1" />
            <test-case id="6-1081" name="PassingEmptyResponseStringDoesNotThrow" fullname="Dynatrace.OpenKit.Protocol.TimeSyncResponseTest.PassingEmptyResponseStringDoesNotThrow" methodname="PassingEmptyResponseStringDoesNotThrow" classname="Dynatrace.OpenKit.Protocol.TimeSyncResponseTest" runstate="Runnable" seed="1183303008" result="Passed" start-time="2018-05-11 10:27:05Z" end-time="2018-05-11 10:27:05Z" duration="0.000289" asserts="1" />
            <test-case id="6-1080" name="PassingNullResponseStringDoesNotThrow" fullname="Dynatrace.OpenKit.Protocol.TimeSyncResponseTest.PassingNullResponseStringDoesNotThrow" methodname="PassingNullResponseStringDoesNotThrow" classname="Dynatrace.OpenKit.Protocol.TimeSyncResponseTest" runstate="Runnable" seed="37086422" result="Passed" start-time="2018-05-11 10:27:05Z" end-time="2018-05-11 10:27:05Z" duration="0.000312" asserts="1" />
            <test-case id="6-1088" name="RequestReceiveTimeIsParsed" fullname="Dynatrace.OpenKit.Protocol.TimeSyncResponseTest.RequestReceiveTimeIsParsed" methodname="RequestReceiveTimeIsParsed" classname="Dynatrace.OpenKit.Protocol.TimeSyncResponseTest" runstate="Runnable" seed="795183187" result="Passed" start-time="2018-05-11 10:27:05Z" end-time="2018-05-11 10:27:05Z" duration="0.000282" asserts="1" />
            <test-case id="6-1091" name="ResponseCodeIsSet" fullname="Dynatrace.OpenKit.Protocol.TimeSyncResponseTest.ResponseCodeIsSet" methodname="ResponseCodeIsSet" classname="Dynatrace.OpenKit.Protocol.TimeSyncResponseTest" runstate="Runnable" seed="1309554637" result="Passed" start-time="2018-05-11 10:27:05Z" end-time="2018-05-11 10:27:05Z" duration="0.000193" asserts="1" />
            <test-case id="6-1086" name="ResponseSendTimeIsParsed" fullname="Dynatrace.OpenKit.Protocol.TimeSyncResponseTest.ResponseSendTimeIsParsed" methodname="ResponseSendTimeIsParsed" classname="Dynatrace.OpenKit.Protocol.TimeSyncResponseTest" runstate="Runnable" seed="803648571" result="Passed" start-time="2018-05-11 10:27:05Z" end-time="2018-05-11 10:27:05Z" duration="0.000226" asserts="1" />
            <test-case id="6-1082" name="TheDefaultRequestReceiveTimeIsMinusOne" fullname="Dynatrace.OpenKit.Protocol.TimeSyncResponseTest.TheDefaultRequestReceiveTimeIsMinusOne" methodname="TheDefaultRequestReceiveTimeIsMinusOne" classname="Dynatrace.OpenKit.Protocol.TimeSyncResponseTest" runstate="Runnable" seed="2061946857" result="Passed" start-time="2018-05-11 10:27:05Z" end-time="2018-05-11 10:27:05Z" duration="0.000175" asserts="1" />
            <test-case id="6-1083" name="TheDefaultResponseSendTimeIsMinusOne" fullname="Dynatrace.OpenKit.Protocol.TimeSyncResponseTest.TheDefaultResponseSendTimeIsMinusOne" methodname="TheDefaultResponseSendTimeIsMinusOne" classname="Dynatrace.OpenKit.Protocol.TimeSyncResponseTest" runstate="Runnable" seed="437118101" result="Passed" start-time="2018-05-11 10:27:05Z" end-time="2018-05-11 10:27:05Z" duration="0.000191" asserts="1" />
          </test-suite>
        </test-suite>
        <test-suite type="TestSuite" id="6-1420" name="Providers" fullname="Dynatrace.OpenKit.Providers" runstate="Runnable" testcasecount="9" result="Passed" start-time="2018-05-11 10:27:03Z" end-time="2018-05-11 10:27:05Z" duration="1.839955" total="9" passed="9" failed="0" warnings="0" inconclusive="0" skipped="0" asserts="9">
          <test-suite type="TestFixture" id="6-1024" name="DefaultSessionIDProviderTest" fullname="Dynatrace.OpenKit.Providers.DefaultSessionIDProviderTest" classname="Dynatrace.OpenKit.Providers.DefaultSessionIDProviderTest" runstate="Runnable" testcasecount="4" result="Passed" start-time="2018-05-11 10:27:05Z" end-time="2018-05-11 10:27:05Z" duration="0.002616" total="4" passed="4" failed="0" warnings="0" inconclusive="0" skipped="0" asserts="4">
            <test-case id="6-1027" name="aProviderInitializedWithMaxIntValueProvidesMinSessionIdValueAtNextCall" fullname="Dynatrace.OpenKit.Providers.DefaultSessionIDProviderTest.aProviderInitializedWithMaxIntValueProvidesMinSessionIdValueAtNextCall" methodname="aProviderInitializedWithMaxIntValueProvidesMinSessionIdValueAtNextCall" classname="Dynatrace.OpenKit.Providers.DefaultSessionIDProviderTest" runstate="Runnable" seed="1726652077" result="Passed" start-time="2018-05-11 10:27:05Z" end-time="2018-05-11 10:27:05Z" duration="0.000839" asserts="1" />
            <test-case id="6-1028" name="aProviderInitializedWithZeroProvidesMinSessionIdValueAtNextCall" fullname="Dynatrace.OpenKit.Providers.DefaultSessionIDProviderTest.aProviderInitializedWithZeroProvidesMinSessionIdValueAtNextCall" methodname="aProviderInitializedWithZeroProvidesMinSessionIdValueAtNextCall" classname="Dynatrace.OpenKit.Providers.DefaultSessionIDProviderTest" runstate="Runnable" seed="2023959204" result="Passed" start-time="2018-05-11 10:27:05Z" end-time="2018-05-11 10:27:05Z" duration="0.000251" asserts="1" />
            <test-case id="6-1026" name="DefaultSessionIDProviderReturnsConsecutiveIDs" fullname="Dynatrace.OpenKit.Providers.DefaultSessionIDProviderTest.DefaultSessionIDProviderReturnsConsecutiveIDs" methodname="DefaultSessionIDProviderReturnsConsecutiveIDs" classname="Dynatrace.OpenKit.Providers.DefaultSessionIDProviderTest" runstate="Runnable" seed="1368078915" result="Passed" start-time="2018-05-11 10:27:05Z" end-time="2018-05-11 10:27:05Z" duration="0.000250" asserts="1" />
            <test-case id="6-1025" name="DefaultSessionIDProviderReturnsNonNegativeID" fullname="Dynatrace.OpenKit.Providers.DefaultSessionIDProviderTest.DefaultSessionIDProviderReturnsNonNegativeID" methodname="DefaultSessionIDProviderReturnsNonNegativeID" classname="Dynatrace.OpenKit.Providers.DefaultSessionIDProviderTest" runstate="Runnable" seed="517470936" result="Passed" start-time="2018-05-11 10:27:05Z" end-time="2018-05-11 10:27:05Z" duration="0.001061" asserts="1" />
          </test-suite>
          <test-suite type="TestFixture" id="6-1034" name="DefaultThreadIDProviderTest" fullname="Dynatrace.OpenKit.Providers.DefaultThreadIDProviderTest" classname="Dynatrace.OpenKit.Providers.DefaultThreadIDProviderTest" runstate="Runnable" testcasecount="1" result="Passed" start-time="2018-05-11 10:27:05Z" end-time="2018-05-11 10:27:05Z" duration="0.001113" total="1" passed="1" failed="0" warnings="0" inconclusive="0" skipped="0" asserts="1">
            <test-case id="6-1035" name="CurrentThreadIDIsReturned" fullname="Dynatrace.OpenKit.Providers.DefaultThreadIDProviderTest.CurrentThreadIDIsReturned" methodname="CurrentThreadIDIsReturned" classname="Dynatrace.OpenKit.Providers.DefaultThreadIDProviderTest" runstate="Runnable" seed="319456886" result="Passed" start-time="2018-05-11 10:27:05Z" end-time="2018-05-11 10:27:05Z" duration="0.000987" asserts="1" />
          </test-suite>
          <test-suite type="TestFixture" id="6-1029" name="DefaultTimingProviderTest" fullname="Dynatrace.OpenKit.Providers.DefaultTimingProviderTest" classname="Dynatrace.OpenKit.Providers.DefaultTimingProviderTest" runstate="Runnable" testcasecount="4" result="Passed" start-time="2018-05-11 10:27:05Z" end-time="2018-05-11 10:27:05Z" duration="0.038569" total="4" passed="4" failed="0" warnings="0" inconclusive="0" skipped="0" asserts="4">
            <test-case id="6-1033" name="CanConvertToClusterTime" fullname="Dynatrace.OpenKit.Providers.DefaultTimingProviderTest.CanConvertToClusterTime" methodname="CanConvertToClusterTime" classname="Dynatrace.OpenKit.Providers.DefaultTimingProviderTest" runstate="Runnable" seed="705855717" result="Passed" start-time="2018-05-11 10:27:05Z" end-time="2018-05-11 10:27:05Z" duration="0.037314" asserts="1" />
            <test-case id="6-1032" name="TimeSyncIsNotSupportedIfInitCalledWithFalse" fullname="Dynatrace.OpenKit.Providers.DefaultTimingProviderTest.TimeSyncIsNotSupportedIfInitCalledWithFalse" methodname="TimeSyncIsNotSupportedIfInitCalledWithFalse" classname="Dynatrace.OpenKit.Providers.DefaultTimingProviderTest" runstate="Runnable" seed="195567534" result="Passed" start-time="2018-05-11 10:27:05Z" end-time="2018-05-11 10:27:05Z" duration="0.000676" asserts="1" />
            <test-case id="6-1030" name="TimeSyncIsSupportedByDefault" fullname="Dynatrace.OpenKit.Providers.DefaultTimingProviderTest.TimeSyncIsSupportedByDefault" methodname="TimeSyncIsSupportedByDefault" classname="Dynatrace.OpenKit.Providers.DefaultTimingProviderTest" runstate="Runnable" seed="1708492466" result="Passed" start-time="2018-05-11 10:27:05Z" end-time="2018-05-11 10:27:05Z" duration="0.000188" asserts="1" />
            <test-case id="6-1031" name="TimeSyncIsSupportedIfInitCalledWithTrue" fullname="Dynatrace.OpenKit.Providers.DefaultTimingProviderTest.TimeSyncIsSupportedIfInitCalledWithTrue" methodname="TimeSyncIsSupportedIfInitCalledWithTrue" classname="Dynatrace.OpenKit.Providers.DefaultTimingProviderTest" runstate="Runnable" seed="1229977316" result="Passed" start-time="2018-05-11 10:27:05Z" end-time="2018-05-11 10:27:05Z" duration="0.000205" asserts="1" />
          </test-suite>
        </test-suite>
      </test-suite>
    </test-suite>
  </test-suite>
</test-run>