<?xml version="1.0" encoding="utf-8"?><TestRun id="b2f889b9-7f8a-48d6-89cf-f2a215aae3bf" name="andreas.doppelhofer@TAG009442327432 2018-09-20 12:48:02" runUser="DYNATRACE\andreas.doppelhofer" xmlns="http://microsoft.com/schemas/VisualStudio/TeamTest/2010"><Times creation="2018-09-20T12:48:02.7816900+02:00" queuing="2018-09-20T12:48:02.7816900+02:00" start="2018-09-20T12:48:01.4454458+02:00" finish="2018-09-20T12:48:05.2247983+02:00" /><TestSettings name="default" id="6a199310-1bc7-4bf6-9bfd-db3f66878fd6"><Deployment runDeploymentRoot="andreas.doppelhofer_TAG009442327432_2018-09-20_12_48_02" /></TestSettings><Results><UnitTestResult executionId="9ab7812c-5b78-42e9-8371-98eea47d1551" testId="9d68363b-f947-417b-9bc7-44d861d0c080" testName="SetBytesReceivedDoesNotSetAnythingIfStopped" computerName="TAG009442327432" duration="00:00:00.0010000" startTime="2018-09-20T12:48:03.0000000+02:00" endTime="2018-09-20T12:48:03.0000000+02:00" testType="13cdc9d9-ddb5-4fa4-a97d-d965ccfc6d4b" outcome="Passed" testListId="8c84fa94-04c1-424b-9868-57a2d4851a1d" relativeResultsDirectory="9ab7812c-5b78-42e9-8371-98eea47d1551" /><UnitTestResult executionId="6b733492-2945-4d50-892b-a5bf81b28529" testId="12858b85-1282-460a-83fb-19543fc29b82" testName="InitCompleteIsCalledOnInterrupt" computerName="TAG009442327432" duration="00:00:00.0000001" startTime="2018-09-20T12:48:03.0000000+02:00" endTime="2018-09-20T12:48:03.0000000+02:00" testType="13cdc9d9-ddb5-4fa4-a97d-d965ccfc6d4b" outcome="Passed" testListId="8c84fa94-04c1-424b-9868-57a2d4851a1d" relativeResultsDirectory="6b733492-2945-4d50-892b-a5bf81b28529" /><UnitTestResult executionId="2b8e7ab3-79d4-4769-98a9-e2297f982d81" testId="1e1da54f-e101-4c77-84e0-eee36d8c2e66" testName="RemoveOldestRecordsRemovesEventDataIfTopEventDataAndActionDataHaveSameTimestamp" computerName="TAG009442327432" duration="00:00:00.0010000" startTime="2018-09-20T12:48:02.0000000+02:00" endTime="2018-09-20T12:48:02.0000000+02:00" testType="13cdc9d9-ddb5-4fa4-a97d-d965ccfc6d4b" outcome="Passed" testListId="8c84fa94-04c1-424b-9868-57a2d4851a1d" relativeResultsDirectory="2b8e7ab3-79d4-4769-98a9-e2297f982d81" /><UnitTestResult executionId="2a7d2d42-3804-4b0b-92fc-093e3b40056b" testId="ebdef44f-c2b9-44a6-86ee-8af04cb0c189" testName="ABeaconSendingCaptureOffStateStaysInOffStateWhenServerRespondsWithTooManyRequests" computerName="TAG009442327432" duration="00:00:00.0130000" startTime="2018-09-20T12:48:02.0000000+02:00" endTime="2018-09-20T12:48:02.0000000+02:00" testType="13cdc9d9-ddb5-4fa4-a97d-d965ccfc6d4b" outcome="Passed" testListId="8c84fa94-04c1-424b-9868-57a2d4851a1d" relativeResultsDirectory="2a7d2d42-3804-4b0b-92fc-093e3b40056b" /><UnitTestResult executionId="87fad0f5-fa4d-4c64-8777-cfcb828a3f92" testId="6b1d7e2b-b570-472c-8aee-76d2f0f960d5" testName="ExecuteEvictionLogsAMessageOnceAndReturnsIfStrategyIsDisabled" computerName="TAG009442327432" duration="00:00:00.0010000" startTime="2018-09-20T12:48:02.0000000+02:00" endTime="2018-09-20T12:48:02.0000000+02:00" testType="13cdc9d9-ddb5-4fa4-a97d-d965ccfc6d4b" outcome="Passed" testListId="8c84fa94-04c1-424b-9868-57a2d4851a1d" relativeResultsDirectory="87fad0f5-fa4d-4c64-8777-cfcb828a3f92" /><UnitTestResult executionId="b361b814-0582-4df0-87df-31f6c833472e" testId="a09367eb-cf46-4722-9dbe-72acc0baf494" testName="TraceWebRequestGivesNullWebRequestTracerIfUrlHasAnInvalidScheme" computerName="TAG009442327432" duration="00:00:00.0010000" startTime="2018-09-20T12:48:03.0000000+02:00" endTime="2018-09-20T12:48:03.0000000+02:00" testType="13cdc9d9-ddb5-4fa4-a97d-d965ccfc6d4b" outcome="Passed" testListId="8c84fa94-04c1-424b-9868-57a2d4851a1d" relativeResultsDirectory="b361b814-0582-4df0-87df-31f6c833472e" /><UnitTestResult executionId="402206a6-e8bc-4beb-adbd-ef781df8ca98" testId="adfb9e97-f926-4b00-bf99-02858c8970f4" testName="CurrentStateIsSet" computerName="TAG009442327432" duration="00:00:00.0000001" startTime="2018-09-20T12:48:03.0000000+02:00" endTime="2018-09-20T12:48:03.0000000+02:00" testType="13cdc9d9-ddb5-4fa4-a97d-d965ccfc6d4b" outcome="Passed" testListId="8c84fa94-04c1-424b-9868-57a2d4851a1d" relativeResultsDirectory="402206a6-e8bc-4beb-adbd-ef781df8ca98" /><UnitTestResult executionId="47e21c3f-5e83-4871-822e-f2cad24e0774" testId="d7befb26-efd0-4444-b3c3-869c3fea8423" testName="CanSetCustomMaxBeaconRecordAgeForAppMon" computerName="TAG009442327432" duration="00:00:00.0000001" startTime="2018-09-20T12:48:03.0000000+02:00" endTime="2018-09-20T12:48:03.0000000+02:00" testType="13cdc9d9-ddb5-4fa4-a97d-d965ccfc6d4b" outcome="Passed" testListId="8c84fa94-04c1-424b-9868-57a2d4851a1d" relativeResultsDirectory="47e21c3f-5e83-4871-822e-f2cad24e0774" /><UnitTestResult executionId="5f105005-3ce7-4ecd-a953-f5f75b052863" testId="c36ec7f4-5dc4-4d3d-9689-40424cb3c791" testName="CanSetBeaconCacheLowerMemoryBoundaryForAppMon" computerName="TAG009442327432" duration="00:00:00.0010000" startTime="2018-09-20T12:48:03.0000000+02:00" endTime="2018-09-20T12:48:03.0000000+02:00" testType="13cdc9d9-ddb5-4fa4-a97d-d965ccfc6d4b" outcome="Passed" testListId="8c84fa94-04c1-424b-9868-57a2d4851a1d" relativeResultsDirectory="5f105005-3ce7-4ecd-a953-f5f75b052863" /><UnitTestResult executionId="0d9b942c-414c-4bb7-b77d-25a16f1a9225" testId="7cca2633-95c8-4fd9-a659-b441b55bc719" testName="ResetEventIsSetOnInitFailed" computerName="TAG009442327432" duration="00:00:00.0000001" startTime="2018-09-20T12:48:03.0000000+02:00" endTime="2018-09-20T12:48:03.0000000+02:00" testType="13cdc9d9-ddb5-4fa4-a97d-d965ccfc6d4b" outcome="Passed" testListId="8c84fa94-04c1-424b-9868-57a2d4851a1d" relativeResultsDirectory="0d9b942c-414c-4bb7-b77d-25a16f1a9225" /><UnitTestResult executionId="04683bb0-51dd-4b2b-9a03-56b8d7ff446e" testId="3f9dd4a1-278c-4f61-baa3-67f66602f064" testName="ResetChunkedDoesNothingIfEntryDoesNotExist" computerName="TAG009442327432" duration="00:00:00.0010000" startTime="2018-09-20T12:48:02.0000000+02:00" endTime="2018-09-20T12:48:02.0000000+02:00" testType="13cdc9d9-ddb5-4fa4-a97d-d965ccfc6d4b" outcome="Passed" testListId="8c84fa94-04c1-424b-9868-57a2d4851a1d" relativeResultsDirectory="04683bb0-51dd-4b2b-9a03-56b8d7ff446e" /><UnitTestResult executionId="81ab20a1-5702-4a54-bb55-5f2f7997f801" testId="5e1cca7c-ae70-4370-b2aa-416031bf67f8" testName="CreateTagReturnsEmptyStringForDataCollectionLevel0" computerName="TAG009442327432" duration="00:00:00.0000001" startTime="2018-09-20T12:48:03.0000000+02:00" endTime="2018-09-20T12:48:03.0000000+02:00" testType="13cdc9d9-ddb5-4fa4-a97d-d965ccfc6d4b" outcome="Passed" testListId="8c84fa94-04c1-424b-9868-57a2d4851a1d" relativeResultsDirectory="81ab20a1-5702-4a54-bb55-5f2f7997f801" /><UnitTestResult executionId="9f52033d-270b-4cae-b4a0-066f60d24f18" testId="a70f1d06-acb1-4d9f-a4cf-5f2b05ba96e7" testName="AWebRequestTracerIsStoppedAfterStopHasBeenCalled" computerName="TAG009442327432" duration="00:00:00.0020000" startTime="2018-09-20T12:48:03.0000000+02:00" endTime="2018-09-20T12:48:03.0000000+02:00" testType="13cdc9d9-ddb5-4fa4-a97d-d965ccfc6d4b" outcome="Passed" testListId="8c84fa94-04c1-424b-9868-57a2d4851a1d" relativeResultsDirectory="9f52033d-270b-4cae-b4a0-066f60d24f18" /><UnitTestResult executionId="e0d613d4-3cb8-46d5-a01c-98ff4fd0d677" testId="ce197520-53d5-43a9-bea7-643e25b03b84" testName="DefaultBeaconConfigurationSetsMultiplicityToOne" computerName="TAG009442327432" duration="00:00:00.0000001" startTime="2018-09-20T12:48:03.0000000+02:00" endTime="2018-09-20T12:48:03.0000000+02:00" testType="13cdc9d9-ddb5-4fa4-a97d-d965ccfc6d4b" outcome="Passed" testListId="8c84fa94-04c1-424b-9868-57a2d4851a1d" relativeResultsDirectory="e0d613d4-3cb8-46d5-a01c-98ff4fd0d677" /><UnitTestResult executionId="c99ae643-779d-42f1-80dd-cdd63b3dcf75" testId="f7f94c37-0f22-4067-ae13-1ee6fb318cea" testName="CanSetOperatingSystemForDynatrace" computerName="TAG009442327432" duration="00:00:00.0000001" startTime="2018-09-20T12:48:03.0000000+02:00" endTime="2018-09-20T12:48:03.0000000+02:00" testType="13cdc9d9-ddb5-4fa4-a97d-d965ccfc6d4b" outcome="Passed" testListId="8c84fa94-04c1-424b-9868-57a2d4851a1d" relativeResultsDirectory="c99ae643-779d-42f1-80dd-cdd63b3dcf75" /><UnitTestResult executionId="6fd4bdb9-6432-45e1-808d-8bbed131a591" testId="91cec24a-1e83-4b44-87d6-09624f5e6453" testName="LeavingAParentActionWillLeaveAllOpenChildActionsFirst" computerName="TAG009442327432" duration="00:00:00.0020000" startTime="2018-09-20T12:48:03.0000000+02:00" endTime="2018-09-20T12:48:03.0000000+02:00" testType="13cdc9d9-ddb5-4fa4-a97d-d965ccfc6d4b" outcome="Passed" testListId="8c84fa94-04c1-424b-9868-57a2d4851a1d" relativeResultsDirectory="6fd4bdb9-6432-45e1-808d-8bbed131a591" /><UnitTestResult executionId="633ad3b2-cc69-4d68-a465-a809be97d063" testId="80190ad0-6068-4a46-bfac-11acae6a92e2" testName="SendTimeSyncRequestWorksIfResponseIsNull" computerName="TAG009442327432" duration="00:00:00.0020000" startTime="2018-09-20T12:48:05.0000000+02:00" endTime="2018-09-20T12:48:05.0000000+02:00" testType="13cdc9d9-ddb5-4fa4-a97d-d965ccfc6d4b" outcome="Passed" testListId="8c84fa94-04c1-424b-9868-57a2d4851a1d" relativeResultsDirectory="633ad3b2-cc69-4d68-a465-a809be97d063" /><UnitTestResult executionId="592a7744-3cec-4724-936a-bb46dde21167" testId="d2292c4f-032f-40e3-8672-89e7f036eeda" testName="ParsingMonitorNames" computerName="TAG009442327432" duration="00:00:00.0010000" startTime="2018-09-20T12:48:05.0000000+02:00" endTime="2018-09-20T12:48:05.0000000+02:00" testType="13cdc9d9-ddb5-4fa4-a97d-d965ccfc6d4b" outcome="Passed" testListId="8c84fa94-04c1-424b-9868-57a2d4851a1d" relativeResultsDirectory="592a7744-3cec-4724-936a-bb46dde21167" /><UnitTestResult executionId="6a89953b-ca87-4e96-8bd0-b6edf8011d9d" testId="a2395f94-8d7a-4b6d-876d-28c3b6a95860" testName="CanSetLogger" computerName="TAG009442327432" duration="00:00:00.0000001" startTime="2018-09-20T12:48:03.0000000+02:00" endTime="2018-09-20T12:48:03.0000000+02:00" testType="13cdc9d9-ddb5-4fa4-a97d-d965ccfc6d4b" outcome="Passed" testListId="8c84fa94-04c1-424b-9868-57a2d4851a1d" relativeResultsDirectory="6a89953b-ca87-4e96-8bd0-b6edf8011d9d" /><UnitTestResult executionId="8aa48fb2-9a76-4914-97b6-3cd3a392b748" testId="20cc3872-b3cc-4f86-8b52-e476316f72e6" testName="DynatraceOpenKitBuilderTakesStringDeviceID" computerName="TAG009442327432" duration="00:00:00.0000001" startTime="2018-09-20T12:48:03.0000000+02:00" endTime="2018-09-20T12:48:03.0000000+02:00" testType="13cdc9d9-ddb5-4fa4-a97d-d965ccfc6d4b" outcome="Passed" testListId="8c84fa94-04c1-424b-9868-57a2d4851a1d" relativeResultsDirectory="8aa48fb2-9a76-4914-97b6-3cd3a392b748" /><UnitTestResult executionId="7b785d33-88b7-4a43-80f0-eb831741b4ed" testId="cf4a88df-10d2-4c24-9785-3368dd416ad3" testName="IsDebugEnabledIsFalseIfVerboseIsFalse" computerName="TAG009442327432" duration="00:00:00.0000001" startTime="2018-09-20T12:48:03.0000000+02:00" endTime="2018-09-20T12:48:03.0000000+02:00" testType="13cdc9d9-ddb5-4fa4-a97d-d965ccfc6d4b" outcome="Passed" testListId="8c84fa94-04c1-424b-9868-57a2d4851a1d" relativeResultsDirectory="7b785d33-88b7-4a43-80f0-eb831741b4ed" /><UnitTestResult executionId="289264d2-9395-4fad-a4d2-83be417fa853" testId="f770612a-f219-4411-9414-f37b2c477e41" testName="EndCallsWrappedSession" computerName="TAG009442327432" duration="00:00:00.0010000" startTime="2018-09-20T12:48:03.0000000+02:00" endTime="2018-09-20T12:48:03.0000000+02:00" testType="13cdc9d9-ddb5-4fa4-a97d-d965ccfc6d4b" outcome="Passed" testListId="8c84fa94-04c1-424b-9868-57a2d4851a1d" relativeResultsDirectory="289264d2-9395-4fad-a4d2-83be417fa853" /><UnitTestResult executionId="29cd3b5a-6e91-48c6-9370-79d54d1719e6" testId="a8fe8dd3-d68e-479c-b416-30792e22d88d" testName="AValidSchemeDoesNotStartWithADigit" computerName="TAG009442327432" duration="00:00:00.0010000" startTime="2018-09-20T12:48:03.0000000+02:00" endTime="2018-09-20T12:48:03.0000000+02:00" testType="13cdc9d9-ddb5-4fa4-a97d-d965ccfc6d4b" outcome="Passed" testListId="8c84fa94-04c1-424b-9868-57a2d4851a1d" relativeResultsDirectory="29cd3b5a-6e91-48c6-9370-79d54d1719e6" /><UnitTestResult executionId="f6ea1362-9153-466d-9da3-536bc5648211" testId="f6dc802c-07e3-475b-b9fb-d45aaedb632d" testName="ToStringReturnsTheStateName" computerName="TAG009442327432" duration="00:00:00.0000001" startTime="2018-09-20T12:48:03.0000000+02:00" endTime="2018-09-20T12:48:03.0000000+02:00" testType="13cdc9d9-ddb5-4fa4-a97d-d965ccfc6d4b" outcome="Passed" testListId="8c84fa94-04c1-424b-9868-57a2d4851a1d" relativeResultsDirectory="f6ea1362-9153-466d-9da3-536bc5648211" /><UnitTestResult executionId="34ba856f-b2c6-4b54-9a2e-959a1e7a6004" testId="5af30a14-20fd-40f5-a391-e778388e735b" testName="IdentifyUserDoesNothingIfSessionIsEnded" computerName="TAG009442327432" duration="00:00:00.0000001" startTime="2018-09-20T12:48:03.0000000+02:00" endTime="2018-09-20T12:48:03.0000000+02:00" testType="13cdc9d9-ddb5-4fa4-a97d-d965ccfc6d4b" outcome="Passed" testListId="8c84fa94-04c1-424b-9868-57a2d4851a1d" relativeResultsDirectory="34ba856f-b2c6-4b54-9a2e-959a1e7a6004" /><UnitTestResult executionId="791309b0-76ab-40a5-bd55-d461b8dd0ba1" testId="eabcca27-35d1-4251-973e-b5d6a674118a" testName="SendStatusRequestIsRetriedThreeTimesBeforeGivingUp" computerName="TAG009442327432" duration="00:00:00.4050000" startTime="2018-09-20T12:48:04.0000000+02:00" endTime="2018-09-20T12:48:04.0000000+02:00" testType="13cdc9d9-ddb5-4fa4-a97d-d965ccfc6d4b" outcome="Passed" testListId="8c84fa94-04c1-424b-9868-57a2d4851a1d" relativeResultsDirectory="791309b0-76ab-40a5-bd55-d461b8dd0ba1" /><UnitTestResult executionId="7d6f0398-fc5f-4348-b388-4e9a61cdd42e" testId="90b01b58-fdeb-482b-bba2-f9c7f3dfc000" testName="WaitForInitWhenTimeoutExpires" computerName="TAG009442327432" duration="00:00:00.0010000" startTime="2018-09-20T12:48:03.0000000+02:00" endTime="2018-09-20T12:48:03.0000000+02:00" testType="13cdc9d9-ddb5-4fa4-a97d-d965ccfc6d4b" outcome="Passed" testListId="8c84fa94-04c1-424b-9868-57a2d4851a1d" relativeResultsDirectory="7d6f0398-fc5f-4348-b388-4e9a61cdd42e" /><UnitTestResult executionId="47d8ee23-09a6-45a9-9b14-209602b0eff2" testId="8d4a0a73-7d88-464b-af2d-b683d199ac84" testName="ABeaconSendingFlushSessionsStateClosesOpenSessions" computerName="TAG009442327432" duration="00:00:00.0040000" startTime="2018-09-20T12:48:03.0000000+02:00" endTime="2018-09-20T12:48:03.0000000+02:00" testType="13cdc9d9-ddb5-4fa4-a97d-d965ccfc6d4b" outcome="Passed" testListId="8c84fa94-04c1-424b-9868-57a2d4851a1d" relativeResultsDirectory="47d8ee23-09a6-45a9-9b14-209602b0eff2" /><UnitTestResult executionId="1aad7a64-d10f-4660-a321-2ebc5b800c5f" testId="01a9d274-de44-4597-9e2e-84f264d75a53" testName="IsEmptyGivesTrueIfBeaconDoesNotContainActiveData" computerName="TAG009442327432" duration="00:00:00.0000001" startTime="2018-09-20T12:48:02.0000000+02:00" endTime="2018-09-20T12:48:02.0000000+02:00" testType="13cdc9d9-ddb5-4fa4-a97d-d965ccfc6d4b" outcome="Passed" testListId="8c84fa94-04c1-424b-9868-57a2d4851a1d" relativeResultsDirectory="1aad7a64-d10f-4660-a321-2ebc5b800c5f" /><UnitTestResult executionId="eb22c95a-aeb8-4d73-b725-55315a7c270c" testId="59a55c55-af72-468b-9e36-bd0d9c0740b6" testName="StateIsNotTerminal" computerName="TAG009442327432" duration="00:00:00.0000001" startTime="2018-09-20T12:48:03.0000000+02:00" endTime="2018-09-20T12:48:03.0000000+02:00" testType="13cdc9d9-ddb5-4fa4-a97d-d965ccfc6d4b" outcome="Passed" testListId="8c84fa94-04c1-424b-9868-57a2d4851a1d" relativeResultsDirectory="eb22c95a-aeb8-4d73-b725-55315a7c270c" /><UnitTestResult executionId="d7484b39-d0bc-43d1-aac8-9d2edca268f6" testId="50347b86-6c08-47c0-98bf-50b609c5bac8" testName="ToStringReturnsTheStateName" computerName="TAG009442327432" duration="00:00:00.0000001" startTime="2018-09-20T12:48:03.0000000+02:00" endTime="2018-09-20T12:48:03.0000000+02:00" testType="13cdc9d9-ddb5-4fa4-a97d-d965ccfc6d4b" outcome="Passed" testListId="8c84fa94-04c1-424b-9868-57a2d4851a1d" relativeResultsDirectory="d7484b39-d0bc-43d1-aac8-9d2edca268f6" /><UnitTestResult executionId="ed7e31ee-4d09-43a8-9a14-975d0b5ea741" testId="06c2f816-0e8c-4a16-bc70-3344ec90f2b2" testName="ADefaultConstructedCacheDoesNotContainBeacons" computerName="TAG009442327432" duration="00:00:00.0000001" startTime="2018-09-20T12:48:02.0000000+02:00" endTime="2018-09-20T12:48:02.0000000+02:00" testType="13cdc9d9-ddb5-4fa4-a97d-d965ccfc6d4b" outcome="Passed" testListId="8c84fa94-04c1-424b-9868-57a2d4851a1d" relativeResultsDirectory="ed7e31ee-4d09-43a8-9a14-975d0b5ea741" /><UnitTestResult executionId="5f7ea198-b5ca-4872-9152-e168b270fe61" testId="295331ce-bf85-470a-8c54-e0cad86088c7" testName="AValidSchemeOnlyContainsLettersDigitsPlusPeriodOrHyphen" computerName="TAG009442327432" duration="00:00:00.0000001" startTime="2018-09-20T12:48:03.0000000+02:00" endTime="2018-09-20T12:48:03.0000000+02:00" testType="13cdc9d9-ddb5-4fa4-a97d-d965ccfc6d4b" outcome="Passed" testListId="8c84fa94-04c1-424b-9868-57a2d4851a1d" relativeResultsDirectory="5f7ea198-b5ca-4872-9152-e168b270fe61" /><UnitTestResult executionId="a3f6150d-c78b-44b2-a9f6-4ef8a8a86e8a" testId="df930065-0723-405b-99e3-036783cb1055" testName="CanOverrideTrustManagerForAppMon" computerName="TAG009442327432" duration="00:00:00.0030000" startTime="2018-09-20T12:48:03.0000000+02:00" endTime="2018-09-20T12:48:03.0000000+02:00" testType="13cdc9d9-ddb5-4fa4-a97d-d965ccfc6d4b" outcome="Passed" testListId="8c84fa94-04c1-424b-9868-57a2d4851a1d" relativeResultsDirectory="a3f6150d-c78b-44b2-a9f6-4ef8a8a86e8a" /><UnitTestResult executionId="4f5c4273-f41f-4876-b6d9-352e2eae7747" testId="e2773c63-4953-433d-be72-11643d12a0c9" testName="MarkForSending" computerName="TAG009442327432" duration="00:00:00.0000001" startTime="2018-09-20T12:48:02.0000000+02:00" endTime="2018-09-20T12:48:02.0000000+02:00" testType="13cdc9d9-ddb5-4fa4-a97d-d965ccfc6d4b" outcome="Passed" testListId="8c84fa94-04c1-424b-9868-57a2d4851a1d" relativeResultsDirectory="4f5c4273-f41f-4876-b6d9-352e2eae7747" /><UnitTestResult executionId="47774c46-595d-48ae-8afa-ba84ea52a174" testId="203f5372-4a1b-466c-894a-99a7974bea51" testName="ParsingMaxBeaconSize" computerName="TAG009442327432" duration="00:00:00.0010000" startTime="2018-09-20T12:48:05.0000000+02:00" endTime="2018-09-20T12:48:05.0000000+02:00" testType="13cdc9d9-ddb5-4fa4-a97d-d965ccfc6d4b" outcome="Passed" testListId="8c84fa94-04c1-424b-9868-57a2d4851a1d" relativeResultsDirectory="47774c46-595d-48ae-8afa-ba84ea52a174" /><UnitTestResult executionId="14805a55-73f7-4faf-b157-4d8f313de551" testId="2b2de4f7-c3f4-4fc2-9237-ea88b2ef7a31" testName="ExecuteIsCalledOnCurrentState" computerName="TAG009442327432" duration="00:00:00.0030000" startTime="2018-09-20T12:48:03.0000000+02:00" endTime="2018-09-20T12:48:03.0000000+02:00" testType="13cdc9d9-ddb5-4fa4-a97d-d965ccfc6d4b" outcome="Passed" testListId="8c84fa94-04c1-424b-9868-57a2d4851a1d" relativeResultsDirectory="14805a55-73f7-4faf-b157-4d8f313de551" /><UnitTestResult executionId="980adcfc-67d5-4488-bd48-2332fd5f2ef6" testId="d5bc29b9-04e0-43f3-adf4-20e6ff8232c3" testName="IpV6AddressLinkLocalIsValidVeryShortLinkLocal" computerName="TAG009442327432" duration="00:00:00.0000001" startTime="2018-09-20T12:48:03.0000000+02:00" endTime="2018-09-20T12:48:03.0000000+02:00" testType="13cdc9d9-ddb5-4fa4-a97d-d965ccfc6d4b" outcome="Passed" testListId="8c84fa94-04c1-424b-9868-57a2d4851a1d" relativeResultsDirectory="980adcfc-67d5-4488-bd48-2332fd5f2ef6" /><UnitTestResult executionId="9cc82511-3f9a-4ed1-872e-1a779ff9cff3" testId="51551a66-5d94-4631-9d1e-6a34b338e896" testName="WaitForInitWhenWithTimeoutFailed" computerName="TAG009442327432" duration="00:00:00.0000001" startTime="2018-09-20T12:48:03.0000000+02:00" endTime="2018-09-20T12:48:03.0000000+02:00" testType="13cdc9d9-ddb5-4fa4-a97d-d965ccfc6d4b" outcome="Passed" testListId="8c84fa94-04c1-424b-9868-57a2d4851a1d" relativeResultsDirectory="9cc82511-3f9a-4ed1-872e-1a779ff9cff3" /><UnitTestResult executionId="a9e6b9c0-9d28-46a9-82c9-642113e8daf9" testId="959b1cd4-cb79-4e12-be85-4b13ff646d85" testName="AddingEventData" computerName="TAG009442327432" duration="00:00:00.0010000" startTime="2018-09-20T12:48:02.0000000+02:00" endTime="2018-09-20T12:48:02.0000000+02:00" testType="13cdc9d9-ddb5-4fa4-a97d-d965ccfc6d4b" outcome="Passed" testListId="8c84fa94-04c1-424b-9868-57a2d4851a1d" relativeResultsDirectory="a9e6b9c0-9d28-46a9-82c9-642113e8daf9" /><UnitTestResult executionId="efec3ee0-1b62-459f-b8c9-c1e93eda50ac" testId="9a1b3c3a-045a-4613-aca3-b3b986810c59" testName="IpV6AddressMixedNotationIsValid_ZerosIPv6Compressed" computerName="TAG009442327432" duration="00:00:00.0000001" startTime="2018-09-20T12:48:03.0000000+02:00" endTime="2018-09-20T12:48:03.0000000+02:00" testType="13cdc9d9-ddb5-4fa4-a97d-d965ccfc6d4b" outcome="Passed" testListId="8c84fa94-04c1-424b-9868-57a2d4851a1d" relativeResultsDirectory="efec3ee0-1b62-459f-b8c9-c1e93eda50ac" /><UnitTestResult executionId="bab75c11-7eb6-4767-8cc2-ca0a6a1ca187" testId="c872c035-fb53-45b9-8b88-d3146ca44508" testName="NoUserIdentificationIsReportedIfBeaconConfigurationDisablesCapturing" computerName="TAG009442327432" duration="00:00:00.0010000" startTime="2018-09-20T12:48:03.0000000+02:00" endTime="2018-09-20T12:48:03.0000000+02:00" testType="13cdc9d9-ddb5-4fa4-a97d-d965ccfc6d4b" outcome="Passed" testListId="8c84fa94-04c1-424b-9868-57a2d4851a1d" relativeResultsDirectory="bab75c11-7eb6-4767-8cc2-ca0a6a1ca187" /><UnitTestResult executionId="fe73b04c-c736-45c9-af72-0884138093b7" testId="14d8d5f5-b5de-4383-8f9b-7c63380b299a" testName="DefaultCaptureErrorsIsOn" computerName="TAG009442327432" duration="00:00:00.0000001" startTime="2018-09-20T12:48:05.0000000+02:00" endTime="2018-09-20T12:48:05.0000000+02:00" testType="13cdc9d9-ddb5-4fa4-a97d-d965ccfc6d4b" outcome="Passed" testListId="8c84fa94-04c1-424b-9868-57a2d4851a1d" relativeResultsDirectory="fe73b04c-c736-45c9-af72-0884138093b7" /><UnitTestResult executionId="3c3eeb48-30cb-46cc-8272-48ea2a57877f" testId="54f3ad21-9640-4ee7-90e2-905cf728a68f" testName="ParsingTooBigSendIntervalOverflows" computerName="TAG009442327432" duration="00:00:00.0000001" startTime="2018-09-20T12:48:05.0000000+02:00" endTime="2018-09-20T12:48:05.0000000+02:00" testType="13cdc9d9-ddb5-4fa4-a97d-d965ccfc6d4b" outcome="Passed" testListId="8c84fa94-04c1-424b-9868-57a2d4851a1d" relativeResultsDirectory="3c3eeb48-30cb-46cc-8272-48ea2a57877f" /><UnitTestResult executionId="8cdf2fb9-9dcb-4233-935e-8e7d3245a9f8" testId="20c78221-9f75-4d44-a4a2-09684da7d3b5" testName="EnterActionReturnsNullActionIfActionNameIsAnEmptyString" computerName="TAG009442327432" duration="00:00:00.0010000" startTime="2018-09-20T12:48:03.0000000+02:00" endTime="2018-09-20T12:48:03.0000000+02:00" testType="13cdc9d9-ddb5-4fa4-a97d-d965ccfc6d4b" outcome="Passed" testListId="8c84fa94-04c1-424b-9868-57a2d4851a1d" relativeResultsDirectory="8cdf2fb9-9dcb-4233-935e-8e7d3245a9f8" /><UnitTestResult executionId="3bf0ff57-50cf-47a3-960b-bdf12275782f" testId="bc97d4b4-6cfa-4944-9d3d-0e93186a25a0" testName="ActionNotReportedForDataCollectionLevel0" computerName="TAG009442327432" duration="00:00:00.0020000" startTime="2018-09-20T12:48:03.0000000+02:00" endTime="2018-09-20T12:48:03.0000000+02:00" testType="13cdc9d9-ddb5-4fa4-a97d-d965ccfc6d4b" outcome="Passed" testListId="8c84fa94-04c1-424b-9868-57a2d4851a1d" relativeResultsDirectory="3bf0ff57-50cf-47a3-960b-bdf12275782f" /><UnitTestResult executionId="2c17bad6-51f1-4940-99cd-b7cbd14b4205" testId="cc19b6c5-6a05-4beb-9ce9-40dadcfe5c35" testName="DefaultValues" computerName="TAG009442327432" duration="00:00:00.0010000" startTime="2018-09-20T12:48:03.0000000+02:00" endTime="2018-09-20T12:48:03.0000000+02:00" testType="13cdc9d9-ddb5-4fa4-a97d-d965ccfc6d4b" outcome="Passed" testListId="8c84fa94-04c1-424b-9868-57a2d4851a1d" relativeResultsDirectory="2c17bad6-51f1-4940-99cd-b7cbd14b4205" /><UnitTestResult executionId="d329ef0c-2f0c-40b2-8e54-66b9da4c026b" testId="57aeeac4-584c-400d-8f16-68f950357f08" testName="DeleteCacheEntriesDoesNothingIfGivenBeaconIDIsNotInCache" computerName="TAG009442327432" duration="00:00:00.0010000" startTime="2018-09-20T12:48:02.0000000+02:00" endTime="2018-09-20T12:48:02.0000000+02:00" testType="13cdc9d9-ddb5-4fa4-a97d-d965ccfc6d4b" outcome="Passed" testListId="8c84fa94-04c1-424b-9868-57a2d4851a1d" relativeResultsDirectory="d329ef0c-2f0c-40b2-8e54-66b9da4c026b" /><UnitTestResult executionId="76a16b70-c5b8-4286-8488-f2eb2e113b49" testId="5ffd73a1-f17c-434d-b1a5-d7b331817a93" testName="OpenSessionsAreSentIfSendIntervalIsExceeded" computerName="TAG009442327432" duration="00:00:00.0010000" startTime="2018-09-20T12:48:02.0000000+02:00" endTime="2018-09-20T12:48:02.0000000+02:00" testType="13cdc9d9-ddb5-4fa4-a97d-d965ccfc6d4b" outcome="Passed" testListId="8c84fa94-04c1-424b-9868-57a2d4851a1d" relativeResultsDirectory="76a16b70-c5b8-4286-8488-f2eb2e113b49" /><UnitTestResult executionId="7d75b0d8-b8b3-4504-b2a2-a850d347e036" testId="cc2ada78-8056-4433-bb28-de8be0550027" testName="ParsingInvalidNumericValueForCaptureThrowsException" computerName="TAG009442327432" duration="00:00:00.0010000" startTime="2018-09-20T12:48:05.0000000+02:00" endTime="2018-09-20T12:48:05.0000000+02:00" testType="13cdc9d9-ddb5-4fa4-a97d-d965ccfc6d4b" outcome="Passed" testListId="8c84fa94-04c1-424b-9868-57a2d4851a1d" relativeResultsDirectory="7d75b0d8-b8b3-4504-b2a2-a850d347e036" /><UnitTestResult executionId="11f19b04-487d-45c1-b973-5bfa611a80b9" testId="acac10c0-101a-4997-99d1-03bc896b5134" testName="ANewlyCreatedSessionIsNotEnded" computerName="TAG009442327432" duration="00:00:00.0000001" startTime="2018-09-20T12:48:03.0000000+02:00" endTime="2018-09-20T12:48:03.0000000+02:00" testType="13cdc9d9-ddb5-4fa4-a97d-d965ccfc6d4b" outcome="Passed" testListId="8c84fa94-04c1-424b-9868-57a2d4851a1d" relativeResultsDirectory="11f19b04-487d-45c1-b973-5bfa611a80b9" /><UnitTestResult executionId="4aed2d86-0347-434b-9508-be7e626f6a5f" testId="c8d91d04-8b03-4a3b-b108-d6a0d038b109" testName="CannotAddReceivedBytesWithInvalidValueSmallerZeroToWebRequestTracer" computerName="TAG009442327432" duration="00:00:00.0010000" startTime="2018-09-20T12:48:03.0000000+02:00" endTime="2018-09-20T12:48:03.0000000+02:00" testType="13cdc9d9-ddb5-4fa4-a97d-d965ccfc6d4b" outcome="Passed" testListId="8c84fa94-04c1-424b-9868-57a2d4851a1d" relativeResultsDirectory="4aed2d86-0347-434b-9508-be7e626f6a5f" /><UnitTestResult executionId="9166766b-8065-49f1-8617-a89e218b2e16" testId="76443179-d3a0-4578-80af-df82898eef4f" testName="SendBeaconRequestSendsOneHTTPPostRequest" computerName="TAG009442327432" duration="00:00:00.0020000" startTime="2018-09-20T12:48:03.0000000+02:00" endTime="2018-09-20T12:48:03.0000000+02:00" testType="13cdc9d9-ddb5-4fa4-a97d-d965ccfc6d4b" outcome="Passed" testListId="8c84fa94-04c1-424b-9868-57a2d4851a1d" relativeResultsDirectory="9166766b-8065-49f1-8617-a89e218b2e16" /><UnitTestResult executionId="80b1f291-1996-4f48-9ab2-cf371ed8b145" testId="d2dee49b-5b21-40de-a8f7-49eb6fef8bde" testName="ResponseSendTimeIsParsed" computerName="TAG009442327432" duration="00:00:00.0000001" startTime="2018-09-20T12:48:05.0000000+02:00" endTime="2018-09-20T12:48:05.0000000+02:00" testType="13cdc9d9-ddb5-4fa4-a97d-d965ccfc6d4b" outcome="Passed" testListId="8c84fa94-04c1-424b-9868-57a2d4851a1d" relativeResultsDirectory="80b1f291-1996-4f48-9ab2-cf371ed8b145" /><UnitTestResult executionId="b8d289f8-8cfa-46a7-ab9e-40f9de527a45" testId="58562fea-97b9-42e8-99a3-6d4ba2f3b09a" testName="AddActionDataAddsDataToAlreadyExistingBeaconId" computerName="TAG009442327432" duration="00:00:00.0010000" startTime="2018-09-20T12:48:02.0000000+02:00" endTime="2018-09-20T12:48:02.0000000+02:00" testType="13cdc9d9-ddb5-4fa4-a97d-d965ccfc6d4b" outcome="Passed" testListId="8c84fa94-04c1-424b-9868-57a2d4851a1d" relativeResultsDirectory="b8d289f8-8cfa-46a7-ab9e-40f9de527a45" /><UnitTestResult executionId="ce1bc355-dcee-47ad-8edb-04994ed72749" testId="c00ede1a-4bb3-4e1a-8438-5f543e8aa7c4" testName="LastTimeSyncTimeIsInitializedWithMinus1" computerName="TAG009442327432" duration="00:00:00.0000001" startTime="2018-09-20T12:48:03.0000000+02:00" endTime="2018-09-20T12:48:03.0000000+02:00" testType="13cdc9d9-ddb5-4fa4-a97d-d965ccfc6d4b" outcome="Passed" testListId="8c84fa94-04c1-424b-9868-57a2d4851a1d" relativeResultsDirectory="ce1bc355-dcee-47ad-8edb-04994ed72749" /><UnitTestResult executionId="6c8071bd-c446-4c38-afd5-1537bf8024d6" testId="1ba05800-0bec-4461-96cf-797e9017ca36" testName="CanSetAppNameForDynatrace" computerName="TAG009442327432" duration="00:00:00.0000001" startTime="2018-09-20T12:48:03.0000000+02:00" endTime="2018-09-20T12:48:03.0000000+02:00" testType="13cdc9d9-ddb5-4fa4-a97d-d965ccfc6d4b" outcome="Passed" testListId="8c84fa94-04c1-424b-9868-57a2d4851a1d" relativeResultsDirectory="6c8071bd-c446-4c38-afd5-1537bf8024d6" /><UnitTestResult executionId="1f3b97a2-ac7a-4dc1-9ebd-42cf6a0b0ccf" testId="90bfac1a-5b61-4a73-b902-a93ebd7e05b1" testName="IsDebugEnabledIsTrueIfVerboseIsTrue" computerName="TAG009442327432" duration="00:00:00.0000001" startTime="2018-09-20T12:48:03.0000000+02:00" endTime="2018-09-20T12:48:03.0000000+02:00" testType="13cdc9d9-ddb5-4fa4-a97d-d965ccfc6d4b" outcome="Passed" testListId="8c84fa94-04c1-424b-9868-57a2d4851a1d" relativeResultsDirectory="1f3b97a2-ac7a-4dc1-9ebd-42cf6a0b0ccf" /><UnitTestResult executionId="f941bac5-09fd-45f8-a4ac-b4a0c985aa3c" testId="d3886973-dee6-453f-a11d-1bfbbb064226" testName="AmpersandIsNotAValidKeyValueSeparator" computerName="TAG009442327432" duration="00:00:00.0080000" startTime="2018-09-20T12:48:05.0000000+02:00" endTime="2018-09-20T12:48:05.0000000+02:00" testType="13cdc9d9-ddb5-4fa4-a97d-d965ccfc6d4b" outcome="Passed" testListId="8c84fa94-04c1-424b-9868-57a2d4851a1d" relativeResultsDirectory="f941bac5-09fd-45f8-a4ac-b4a0c985aa3c" /><UnitTestResult executionId="c4fa8609-8ffa-4d5b-917d-aaf0c0fbb8b3" testId="f07792d6-2a14-4266-93d8-9521cdcac4d7" testName="SessionNotReportedForDataCollectionLevel0" computerName="TAG009442327432" duration="00:00:00.0000001" startTime="2018-09-20T12:48:03.0000000+02:00" endTime="2018-09-20T12:48:03.0000000+02:00" testType="13cdc9d9-ddb5-4fa4-a97d-d965ccfc6d4b" outcome="Passed" testListId="8c84fa94-04c1-424b-9868-57a2d4851a1d" relativeResultsDirectory="c4fa8609-8ffa-4d5b-917d-aaf0c0fbb8b3" /><UnitTestResult executionId="512c15ec-a1b4-4438-bc2a-d50f72227249" testId="abc4dd5f-1971-49dc-bd1e-ca136c13f542" testName="AfterCallingEndASessionIsEnded" computerName="TAG009442327432" duration="00:00:00.0010000" startTime="2018-09-20T12:48:03.0000000+02:00" endTime="2018-09-20T12:48:03.0000000+02:00" testType="13cdc9d9-ddb5-4fa4-a97d-d965ccfc6d4b" outcome="Passed" testListId="8c84fa94-04c1-424b-9868-57a2d4851a1d" relativeResultsDirectory="512c15ec-a1b4-4438-bc2a-d50f72227249" /><UnitTestResult executionId="fd8d918e-b0e1-4328-9235-5ab696556547" testId="1e98a186-3608-40e4-81f8-49f1e68c01bb" testName="SendBeaconRequestWorksIfResponseIsNull" computerName="TAG009442327432" duration="00:00:00.0010000" startTime="2018-09-20T12:48:03.0000000+02:00" endTime="2018-09-20T12:48:03.0000000+02:00" testType="13cdc9d9-ddb5-4fa4-a97d-d965ccfc6d4b" outcome="Passed" testListId="8c84fa94-04c1-424b-9868-57a2d4851a1d" relativeResultsDirectory="fd8d918e-b0e1-4328-9235-5ab696556547" /><UnitTestResult executionId="2a049205-ab00-42cc-813d-6e1209e5bedc" testId="03f12510-3862-45ff-984b-9797b136304a" testName="NotEqualInstancesHaveDifferentHashCode" computerName="TAG009442327432" duration="00:00:00.0010000" startTime="2018-09-20T12:48:02.0000000+02:00" endTime="2018-09-20T12:48:02.0000000+02:00" testType="13cdc9d9-ddb5-4fa4-a97d-d965ccfc6d4b" outcome="Passed" testListId="8c84fa94-04c1-424b-9868-57a2d4851a1d" relativeResultsDirectory="2a049205-ab00-42cc-813d-6e1209e5bedc" /><UnitTestResult executionId="8b1b1fd6-40cc-45b1-bcb2-cfcdad7cd742" testId="23cebca2-3d81-4c82-b740-54c5009efa82" testName="TransitionToCaptureOffStateIsPerformed" computerName="TAG009442327432" duration="00:00:00.0010000" startTime="2018-09-20T12:48:02.0000000+02:00" endTime="2018-09-20T12:48:02.0000000+02:00" testType="13cdc9d9-ddb5-4fa4-a97d-d965ccfc6d4b" outcome="Passed" testListId="8c84fa94-04c1-424b-9868-57a2d4851a1d" relativeResultsDirectory="8b1b1fd6-40cc-45b1-bcb2-cfcdad7cd742" /><UnitTestResult executionId="b211e32a-d813-4eee-8934-147d888feb25" testId="e95099c3-d0e1-4bc1-9858-0f6766cff6e5" testName="DefaultsAreSetForDynatrace" computerName="TAG009442327432" duration="00:00:00.0000001" startTime="2018-09-20T12:48:03.0000000+02:00" endTime="2018-09-20T12:48:03.0000000+02:00" testType="13cdc9d9-ddb5-4fa4-a97d-d965ccfc6d4b" outcome="Passed" testListId="8c84fa94-04c1-424b-9868-57a2d4851a1d" relativeResultsDirectory="b211e32a-d813-4eee-8934-147d888feb25" /><UnitTestResult executionId="936d77ca-547e-4b02-b5d5-efecf9c2d4c1" testId="cca3b1b5-b3b9-4661-b2ea-e1bbeb38685b" testName="AddActionDataRaisesEvent" computerName="TAG009442327432" duration="00:00:00.0010000" startTime="2018-09-20T12:48:02.0000000+02:00" endTime="2018-09-20T12:48:02.0000000+02:00" testType="13cdc9d9-ddb5-4fa4-a97d-d965ccfc6d4b" outcome="Passed" testListId="8c84fa94-04c1-424b-9868-57a2d4851a1d" relativeResultsDirectory="936d77ca-547e-4b02-b5d5-efecf9c2d4c1" /><UnitTestResult executionId="60a3822e-df15-47f7-88fb-ce0cfba9bdc3" testId="372423cc-9751-4b4f-b39d-5eaf6cd4357e" testName="StringValueReportedForDataCollectionLevel2" computerName="TAG009442327432" duration="00:00:00.0010000" startTime="2018-09-20T12:48:03.0000000+02:00" endTime="2018-09-20T12:48:03.0000000+02:00" testType="13cdc9d9-ddb5-4fa4-a97d-d965ccfc6d4b" outcome="Passed" testListId="8c84fa94-04c1-424b-9868-57a2d4851a1d" relativeResultsDirectory="60a3822e-df15-47f7-88fb-ce0cfba9bdc3" /><UnitTestResult executionId="bf345df4-6f8c-4f79-9f5f-0a9ec88f8d22" testId="8ba422cf-8505-4618-bd23-4c07b0eae0eb" testName="SameInstancesHaveSameHashCode" computerName="TAG009442327432" duration="00:00:00.0000001" startTime="2018-09-20T12:48:02.0000000+02:00" endTime="2018-09-20T12:48:02.0000000+02:00" testType="13cdc9d9-ddb5-4fa4-a97d-d965ccfc6d4b" outcome="Passed" testListId="8c84fa94-04c1-424b-9868-57a2d4851a1d" relativeResultsDirectory="bf345df4-6f8c-4f79-9f5f-0a9ec88f8d22" /><UnitTestResult executionId="d919384f-0988-43ec-9c7c-b5918ba344d9" testId="e5c3e1d3-2bb7-46ba-8d71-0aa9681941b8" testName="ReportErrorDoesNotReportOnDataCollectionLevel0" computerName="TAG009442327432" duration="00:00:00.0010000" startTime="2018-09-20T12:48:03.0000000+02:00" endTime="2018-09-20T12:48:03.0000000+02:00" testType="13cdc9d9-ddb5-4fa4-a97d-d965ccfc6d4b" outcome="Passed" testListId="8c84fa94-04c1-424b-9868-57a2d4851a1d" relativeResultsDirectory="d919384f-0988-43ec-9c7c-b5918ba344d9" /><UnitTestResult executionId="6f1be6f5-c42e-4b79-be62-4c333bba60c3" testId="ccd8df0b-40b4-4656-bf48-1b85daadd2a4" testName="ApplicationNameIsSetCorrectlyForAppMon" computerName="TAG009442327432" duration="00:00:00.0010000" startTime="2018-09-20T12:48:03.0000000+02:00" endTime="2018-09-20T12:48:03.0000000+02:00" testType="13cdc9d9-ddb5-4fa4-a97d-d965ccfc6d4b" outcome="Passed" testListId="8c84fa94-04c1-424b-9868-57a2d4851a1d" relativeResultsDirectory="6f1be6f5-c42e-4b79-be62-4c333bba60c3" /><UnitTestResult executionId="3f21e81d-690a-4386-8778-922c6bc6982a" testId="e2b54be4-33b7-4cb4-a9c4-4e394c691f18" testName="ABeaconSendingCaptureOffStateWaitsForGivenTime" computerName="TAG009442327432" duration="00:00:00.0010000" startTime="2018-09-20T12:48:02.0000000+02:00" endTime="2018-09-20T12:48:02.0000000+02:00" testType="13cdc9d9-ddb5-4fa4-a97d-d965ccfc6d4b" outcome="Passed" testListId="8c84fa94-04c1-424b-9868-57a2d4851a1d" relativeResultsDirectory="3f21e81d-690a-4386-8778-922c6bc6982a" /><UnitTestResult executionId="2ebe4e87-cda4-4961-9b0e-df096024737d" testId="a77bf2de-658b-4b87-b440-ced7e2b0d4c5" testName="IsSuccessfulResponseReturnsFalseIfResponseIsErroneous" computerName="TAG009442327432" duration="00:00:00.0000001" startTime="2018-09-20T12:48:03.0000000+02:00" endTime="2018-09-20T12:48:03.0000000+02:00" testType="13cdc9d9-ddb5-4fa4-a97d-d965ccfc6d4b" outcome="Passed" testListId="8c84fa94-04c1-424b-9868-57a2d4851a1d" relativeResultsDirectory="2ebe4e87-cda4-4961-9b0e-df096024737d" /><UnitTestResult executionId="6c82a11e-7281-42d8-a3bd-894449c62c16" testId="64d7b73a-5506-4758-979b-c38e9e6805a8" testName="StoppingABeaconCacheEvictorWhichIsNotAliveDoesNothing" computerName="TAG009442327432" duration="00:00:00.0000001" startTime="2018-09-20T12:48:02.0000000+02:00" endTime="2018-09-20T12:48:02.0000000+02:00" testType="13cdc9d9-ddb5-4fa4-a97d-d965ccfc6d4b" outcome="Passed" testListId="8c84fa94-04c1-424b-9868-57a2d4851a1d" relativeResultsDirectory="6c82a11e-7281-42d8-a3bd-894449c62c16" /><UnitTestResult executionId="599598e9-119e-4ab5-90fd-4f7f41e317b1" testId="e20a1e27-b770-43e5-a1b0-4d20b46e1234" testName="CanAddSentBytesValueZeroToWebRequestTracer" computerName="TAG009442327432" duration="00:00:00.0010000" startTime="2018-09-20T12:48:03.0000000+02:00" endTime="2018-09-20T12:48:03.0000000+02:00" testType="13cdc9d9-ddb5-4fa4-a97d-d965ccfc6d4b" outcome="Passed" testListId="8c84fa94-04c1-424b-9868-57a2d4851a1d" relativeResultsDirectory="599598e9-119e-4ab5-90fd-4f7f41e317b1" /><UnitTestResult executionId="94622964-90fc-470a-a0d6-5d6dc9116c6b" testId="d7ad2bbf-c801-4729-84f6-fb2372e7a985" testName="DefaultCaptureIsOn" computerName="TAG009442327432" duration="00:00:00.0000001" startTime="2018-09-20T12:48:05.0000000+02:00" endTime="2018-09-20T12:48:05.0000000+02:00" testType="13cdc9d9-ddb5-4fa4-a97d-d965ccfc6d4b" outcome="Passed" testListId="8c84fa94-04c1-424b-9868-57a2d4851a1d" relativeResultsDirectory="94622964-90fc-470a-a0d6-5d6dc9116c6b" /><UnitTestResult executionId="72b28aac-b393-4e9a-97cc-c8669dc19509" testId="f709e454-565c-48cf-89c6-d0e3ed5ebf18" testName="GetRetryAfterReturnsDefaultValueIfMultipleValuesWereRetrieved" computerName="TAG009442327432" duration="00:00:00.0010000" startTime="2018-09-20T12:48:05.0000000+02:00" endTime="2018-09-20T12:48:05.0000000+02:00" testType="13cdc9d9-ddb5-4fa4-a97d-d965ccfc6d4b" outcome="Passed" testListId="8c84fa94-04c1-424b-9868-57a2d4851a1d" relativeResultsDirectory="72b28aac-b393-4e9a-97cc-c8669dc19509" /><UnitTestResult executionId="a195c837-132d-4620-ae68-6bcdf6dbb20c" testId="6a104a78-c616-4a22-a5f5-7318b7e2918d" testName="SessionStartIsReported" computerName="TAG009442327432" duration="00:00:00.0000001" startTime="2018-09-20T12:48:03.0000000+02:00" endTime="2018-09-20T12:48:03.0000000+02:00" testType="13cdc9d9-ddb5-4fa4-a97d-d965ccfc6d4b" outcome="Passed" testListId="8c84fa94-04c1-424b-9868-57a2d4851a1d" relativeResultsDirectory="a195c837-132d-4620-ae68-6bcdf6dbb20c" /><UnitTestResult executionId="b0e051c6-aea2-45bf-b21c-f0225f4e7184" testId="d6990cb9-a3ad-494d-b461-dec36a1ae2b1" testName="ADefaultConstructedConfigurationEnablesCapturing" computerName="TAG009442327432" duration="00:00:00.0000001" startTime="2018-09-20T12:48:03.0000000+02:00" endTime="2018-09-20T12:48:03.0000000+02:00" testType="13cdc9d9-ddb5-4fa4-a97d-d965ccfc6d4b" outcome="Passed" testListId="8c84fa94-04c1-424b-9868-57a2d4851a1d" relativeResultsDirectory="b0e051c6-aea2-45bf-b21c-f0225f4e7184" /><UnitTestResult executionId="f5dcf36f-a4e6-459b-ab5b-8ee5b10a5bda" testId="fb099550-e7bf-4fe3-bdc0-23fbbe0a49c1" testName="CanSetManufactureForDynatrace" computerName="TAG009442327432" duration="00:00:00.0000001" startTime="2018-09-20T12:48:03.0000000+02:00" endTime="2018-09-20T12:48:03.0000000+02:00" testType="13cdc9d9-ddb5-4fa4-a97d-d965ccfc6d4b" outcome="Passed" testListId="8c84fa94-04c1-424b-9868-57a2d4851a1d" relativeResultsDirectory="f5dcf36f-a4e6-459b-ab5b-8ee5b10a5bda" /><UnitTestResult executionId="2d3eb03a-b10a-4dfd-b071-d891bd806289" testId="9ab2b82c-0919-4200-b76e-8a38e1f263dd" testName="IpV6AddressLinkLocalIsInvalidTooManyBlocks" computerName="TAG009442327432" duration="00:00:00.0000001" startTime="2018-09-20T12:48:03.0000000+02:00" endTime="2018-09-20T12:48:03.0000000+02:00" testType="13cdc9d9-ddb5-4fa4-a97d-d965ccfc6d4b" outcome="Passed" testListId="8c84fa94-04c1-424b-9868-57a2d4851a1d" relativeResultsDirectory="2d3eb03a-b10a-4dfd-b071-d891bd806289" /><UnitTestResult executionId="b94a23ea-dbb8-42f4-9f33-a70473939e67" testId="d268ae27-237b-4126-8365-86773989d3f2" testName="PassingNullResponseStringDoesNotThrow" computerName="TAG009442327432" duration="00:00:00.0000001" startTime="2018-09-20T12:48:05.0000000+02:00" endTime="2018-09-20T12:48:05.0000000+02:00" testType="13cdc9d9-ddb5-4fa4-a97d-d965ccfc6d4b" outcome="Passed" testListId="8c84fa94-04c1-424b-9868-57a2d4851a1d" relativeResultsDirectory="b94a23ea-dbb8-42f4-9f33-a70473939e67" /><UnitTestResult executionId="9d324adc-4681-4030-90ba-78191d50a0cb" testId="03019725-1246-4cfc-9fb8-01b99e03ff0b" testName="ReportCrashDoesNothingIfErrorNameIsAnEmptyString" computerName="TAG009442327432" duration="00:00:00.0010000" startTime="2018-09-20T12:48:03.0000000+02:00" endTime="2018-09-20T12:48:03.0000000+02:00" testType="13cdc9d9-ddb5-4fa4-a97d-d965ccfc6d4b" outcome="Passed" testListId="8c84fa94-04c1-424b-9868-57a2d4851a1d" relativeResultsDirectory="9d324adc-4681-4030-90ba-78191d50a0cb" /><UnitTestResult executionId="c509dd55-99ae-4dda-847f-66befd208ce0" testId="ffa46194-5036-46a1-927f-5f05fcfead4b" testName="AddEventDataAddsDataToAlreadyExistingBeaconId" computerName="TAG009442327432" duration="00:00:00.0010000" startTime="2018-09-20T12:48:02.0000000+02:00" endTime="2018-09-20T12:48:02.0000000+02:00" testType="13cdc9d9-ddb5-4fa4-a97d-d965ccfc6d4b" outcome="Passed" testListId="8c84fa94-04c1-424b-9868-57a2d4851a1d" relativeResultsDirectory="c509dd55-99ae-4dda-847f-66befd208ce0" /><UnitTestResult executionId="75319b90-ff76-495a-bb14-a415165fd9f4" testId="cb817a97-05c3-41aa-a7ff-2239b1fc9159" testName="DeleteCacheEntryDecrementsCacheSize" computerName="TAG009442327432" duration="00:00:00.0000001" startTime="2018-09-20T12:48:02.0000000+02:00" endTime="2018-09-20T12:48:02.0000000+02:00" testType="13cdc9d9-ddb5-4fa4-a97d-d965ccfc6d4b" outcome="Passed" testListId="8c84fa94-04c1-424b-9868-57a2d4851a1d" relativeResultsDirectory="75319b90-ff76-495a-bb14-a415165fd9f4" /><UnitTestResult executionId="1dd1d769-767c-478c-9d49-9a902ed69f35" testId="8c994209-5035-48b2-9e54-88100592e03c" testName="ByDefaultTheSessionIsNotFinished" computerName="TAG009442327432" duration="00:00:00.0000001" startTime="2018-09-20T12:48:03.0000000+02:00" endTime="2018-09-20T12:48:03.0000000+02:00" testType="13cdc9d9-ddb5-4fa4-a97d-d965ccfc6d4b" outcome="Passed" testListId="8c84fa94-04c1-424b-9868-57a2d4851a1d" relativeResultsDirectory="1dd1d769-767c-478c-9d49-9a902ed69f35" /><UnitTestResult executionId="1f78b570-7b67-4a54-aa5b-90588c897d54" testId="e2bac2db-119d-44ec-b604-b713d7115125" testName="NeedsDataCopyBeforeChunkingGivesTrueBeforeDataIsCopied" computerName="TAG009442327432" duration="00:00:00.0000001" startTime="2018-09-20T12:48:02.0000000+02:00" endTime="2018-09-20T12:48:02.0000000+02:00" testType="13cdc9d9-ddb5-4fa4-a97d-d965ccfc6d4b" outcome="Passed" testListId="8c84fa94-04c1-424b-9868-57a2d4851a1d" relativeResultsDirectory="1f78b570-7b67-4a54-aa5b-90588c897d54" /><UnitTestResult executionId="5473bc44-b2fe-4c5f-9611-29f35ab9b4a9" testId="961c6665-e328-4f50-b2bc-239dcce95fbd" testName="SendStatusRequestHandlesNullResponsesSameAsErroneousResponses" computerName="TAG009442327432" duration="00:00:00.0010000" startTime="2018-09-20T12:48:03.0000000+02:00" endTime="2018-09-20T12:48:03.0000000+02:00" testType="13cdc9d9-ddb5-4fa4-a97d-d965ccfc6d4b" outcome="Passed" testListId="8c84fa94-04c1-424b-9868-57a2d4851a1d" relativeResultsDirectory="5473bc44-b2fe-4c5f-9611-29f35ab9b4a9" /><UnitTestResult executionId="667d4417-3910-45e6-b48d-a55b24d3d8c0" testId="5b7b8763-0764-469e-b711-7e7bc5f90d39" testName="ÉxecuteEvictionStopsIfThreadGetsInterruptedBetweenTwoBeacons" computerName="TAG009442327432" duration="00:00:00.0020000" startTime="2018-09-20T12:48:02.0000000+02:00" endTime="2018-09-20T12:48:02.0000000+02:00" testType="13cdc9d9-ddb5-4fa4-a97d-d965ccfc6d4b" outcome="Passed" testListId="8c84fa94-04c1-424b-9868-57a2d4851a1d" relativeResultsDirectory="667d4417-3910-45e6-b48d-a55b24d3d8c0" /><UnitTestResult executionId="aa67a43e-9bce-4371-b4c6-3391800bfc16" testId="8426fdef-c5f7-4ae9-9700-9c0b22e3d974" testName="CapturingIsDisabledIfStatusResponseIsNull" computerName="TAG009442327432" duration="00:00:00.0000001" startTime="2018-09-20T12:48:03.0000000+02:00" endTime="2018-09-20T12:48:03.0000000+02:00" testType="13cdc9d9-ddb5-4fa4-a97d-d965ccfc6d4b" outcome="Passed" testListId="8c84fa94-04c1-424b-9868-57a2d4851a1d" relativeResultsDirectory="aa67a43e-9bce-4371-b4c6-3391800bfc16" /><UnitTestResult executionId="adf31146-2293-4a98-a5f5-32cee2dff713" testId="e8fe0825-45f7-4096-a93a-ee45835b8e52" testName="CapturingIsEnabledFromStatusResponse" computerName="TAG009442327432" duration="00:00:00.0000001" startTime="2018-09-20T12:48:03.0000000+02:00" endTime="2018-09-20T12:48:03.0000000+02:00" testType="13cdc9d9-ddb5-4fa4-a97d-d965ccfc6d4b" outcome="Passed" testListId="8c84fa94-04c1-424b-9868-57a2d4851a1d" relativeResultsDirectory="adf31146-2293-4a98-a5f5-32cee2dff713" /><UnitTestResult executionId="e129d4c0-087f-4715-ae69-b29b09dcbaa7" testId="d6ffb9fe-7851-4a41-940d-770fdea621a6" testName="ToStringReturnsTheStateName" computerName="TAG009442327432" duration="00:00:00.0000001" startTime="2018-09-20T12:48:02.0000000+02:00" endTime="2018-09-20T12:48:02.0000000+02:00" testType="13cdc9d9-ddb5-4fa4-a97d-d965ccfc6d4b" outcome="Passed" testListId="8c84fa94-04c1-424b-9868-57a2d4851a1d" relativeResultsDirectory="e129d4c0-087f-4715-ae69-b29b09dcbaa7" /><UnitTestResult executionId="811c2a98-b14c-4b74-ae72-961592fd3ece" testId="7c810e44-9736-4f56-864f-30c074283e46" testName="SendStatusRequestReturnsErrorCode" computerName="TAG009442327432" duration="00:00:00.0010000" startTime="2018-09-20T12:48:04.0000000+02:00" endTime="2018-09-20T12:48:04.0000000+02:00" testType="13cdc9d9-ddb5-4fa4-a97d-d965ccfc6d4b" outcome="Passed" testListId="8c84fa94-04c1-424b-9868-57a2d4851a1d" relativeResultsDirectory="811c2a98-b14c-4b74-ae72-961592fd3ece" /><UnitTestResult executionId="11092826-4485-4fd2-b5f3-9fe5dc5834ed" testId="c1152c45-d552-4fdc-8b61-1f1733856e0f" testName="IpV6AddressHexCompressedIsInvalidFirstBlockMissing" computerName="TAG009442327432" duration="00:00:00.0000001" startTime="2018-09-20T12:48:03.0000000+02:00" endTime="2018-09-20T12:48:03.0000000+02:00" testType="13cdc9d9-ddb5-4fa4-a97d-d965ccfc6d4b" outcome="Passed" testListId="8c84fa94-04c1-424b-9868-57a2d4851a1d" relativeResultsDirectory="11092826-4485-4fd2-b5f3-9fe5dc5834ed" /><UnitTestResult executionId="d1a8b379-1065-4696-8804-b3d00e9ed936" testId="b9f53fbc-45bb-48a9-a168-a98d872c5400" testName="DeviceIDIsRandomizedOnDataCollectionLevel0" computerName="TAG009442327432" duration="00:00:00.0010000" startTime="2018-09-20T12:48:03.0000000+02:00" endTime="2018-09-20T12:48:03.0000000+02:00" testType="13cdc9d9-ddb5-4fa4-a97d-d965ccfc6d4b" outcome="Passed" testListId="8c84fa94-04c1-424b-9868-57a2d4851a1d" relativeResultsDirectory="d1a8b379-1065-4696-8804-b3d00e9ed936" /><UnitTestResult executionId="0e76be20-7159-4fcf-9361-5a95e2f41767" testId="c278879c-b231-49ce-ae29-1b728630e265" testName="WarningLogsAppropriateMessage" computerName="TAG009442327432" duration="00:00:00.0010000" startTime="2018-09-20T12:48:03.0000000+02:00" endTime="2018-09-20T12:48:03.0000000+02:00" testType="13cdc9d9-ddb5-4fa4-a97d-d965ccfc6d4b" outcome="Passed" testListId="8c84fa94-04c1-424b-9868-57a2d4851a1d" relativeResultsDirectory="0e76be20-7159-4fcf-9361-5a95e2f41767" /><UnitTestResult executionId="87200491-f059-4d9d-b635-000bb1b9fe92" testId="563038ea-b149-4120-a94e-982ce8109526" testName="LeavingAnActionSetsTheEndSequenceNumber" computerName="TAG009442327432" duration="00:00:00.0010000" startTime="2018-09-20T12:48:02.0000000+02:00" endTime="2018-09-20T12:48:02.0000000+02:00" testType="13cdc9d9-ddb5-4fa4-a97d-d965ccfc6d4b" outcome="Passed" testListId="8c84fa94-04c1-424b-9868-57a2d4851a1d" relativeResultsDirectory="87200491-f059-4d9d-b635-000bb1b9fe92" /><UnitTestResult executionId="59eda92a-b292-4193-a5dc-ddfa80ac9f45" testId="c2cf4c5d-f71a-4954-b8ef-fb93351ffb1e" testName="TimeSyncRequetsAreRetried" computerName="TAG009442327432" duration="00:00:00.0020000" startTime="2018-09-20T12:48:03.0000000+02:00" endTime="2018-09-20T12:48:03.0000000+02:00" testType="13cdc9d9-ddb5-4fa4-a97d-d965ccfc6d4b" outcome="Passed" testListId="8c84fa94-04c1-424b-9868-57a2d4851a1d" relativeResultsDirectory="59eda92a-b292-4193-a5dc-ddfa80ac9f45" /><UnitTestResult executionId="57b0d44b-18cb-482f-b39e-f43beb555e4e" testId="a40109ed-6a8e-45dc-b89c-aca8e92ae0ac" testName="ShutdownStateIsTerminalState" computerName="TAG009442327432" duration="00:00:00.0000001" startTime="2018-09-20T12:48:03.0000000+02:00" endTime="2018-09-20T12:48:03.0000000+02:00" testType="13cdc9d9-ddb5-4fa4-a97d-d965ccfc6d4b" outcome="Passed" testListId="8c84fa94-04c1-424b-9868-57a2d4851a1d" relativeResultsDirectory="57b0d44b-18cb-482f-b39e-f43beb555e4e" /><UnitTestResult executionId="f6a149f4-6d88-4af0-aef7-0faa6e0fc12f" testId="7568c23d-f3d9-4812-808a-ddb3885da9c2" testName="DefaultSessionIDProviderReturnsConsecutiveIDs" computerName="TAG009442327432" duration="00:00:00.0000001" startTime="2018-09-20T12:48:05.0000000+02:00" endTime="2018-09-20T12:48:05.0000000+02:00" testType="13cdc9d9-ddb5-4fa4-a97d-d965ccfc6d4b" outcome="Passed" testListId="8c84fa94-04c1-424b-9868-57a2d4851a1d" relativeResultsDirectory="f6a149f4-6d88-4af0-aef7-0faa6e0fc12f" /><UnitTestResult executionId="be00890b-1f8b-4221-9e95-d91af6aeee6c" testId="ed5307b2-7eab-4af8-ade1-39cfc677abd1" testName="DeviceIDIsRandomizedOnDataCollectionLevel1" computerName="TAG009442327432" duration="00:00:00.0000001" startTime="2018-09-20T12:48:03.0000000+02:00" endTime="2018-09-20T12:48:03.0000000+02:00" testType="13cdc9d9-ddb5-4fa4-a97d-d965ccfc6d4b" outcome="Passed" testListId="8c84fa94-04c1-424b-9868-57a2d4851a1d" relativeResultsDirectory="be00890b-1f8b-4221-9e95-d91af6aeee6c" /><UnitTestResult executionId="c8f937fc-b145-4e63-bf09-e964a69cf5bf" testId="d49718fb-2f5f-41db-a0a7-eae58512c143" testName="AnURLIsOnlySetInConstructorIfItIsValid" computerName="TAG009442327432" duration="00:00:00.0010000" startTime="2018-09-20T12:48:03.0000000+02:00" endTime="2018-09-20T12:48:03.0000000+02:00" testType="13cdc9d9-ddb5-4fa4-a97d-d965ccfc6d4b" outcome="Passed" testListId="8c84fa94-04c1-424b-9868-57a2d4851a1d" relativeResultsDirectory="c8f937fc-b145-4e63-bf09-e964a69cf5bf" /><UnitTestResult executionId="2bc44d57-0664-469d-a1df-629e1424599c" testId="900148df-7110-4610-93a1-61e3e4beb5f8" testName="ParsingInvalidNumericValueForMultiplicityThrowsException" computerName="TAG009442327432" duration="00:00:00.0010000" startTime="2018-09-20T12:48:05.0000000+02:00" endTime="2018-09-20T12:48:05.0000000+02:00" testType="13cdc9d9-ddb5-4fa4-a97d-d965ccfc6d4b" outcome="Passed" testListId="8c84fa94-04c1-424b-9868-57a2d4851a1d" relativeResultsDirectory="2bc44d57-0664-469d-a1df-629e1424599c" /><UnitTestResult executionId="879e27fe-ccab-4de2-93dc-dcbd3e8a4e88" testId="f7ed1508-daa5-4eee-8d6f-1dbc1997ed05" testName="RemoveOldestRecordsStopsIfListsAreEmpty" computerName="TAG009442327432" duration="00:00:00.0020000" startTime="2018-09-20T12:48:02.0000000+02:00" endTime="2018-09-20T12:48:02.0000000+02:00" testType="13cdc9d9-ddb5-4fa4-a97d-d965ccfc6d4b" outcome="Passed" testListId="8c84fa94-04c1-424b-9868-57a2d4851a1d" relativeResultsDirectory="879e27fe-ccab-4de2-93dc-dcbd3e8a4e88" /><UnitTestResult executionId="ea1ede9d-ca9d-4c16-acc6-7beff768a4ce" testId="17036bf5-8433-465c-8b40-0616da9a3a65" testName="IsInitializedOnInitSuccess" computerName="TAG009442327432" duration="00:00:00.0000001" startTime="2018-09-20T12:48:03.0000000+02:00" endTime="2018-09-20T12:48:03.0000000+02:00" testType="13cdc9d9-ddb5-4fa4-a97d-d965ccfc6d4b" outcome="Passed" testListId="8c84fa94-04c1-424b-9868-57a2d4851a1d" relativeResultsDirectory="ea1ede9d-ca9d-4c16-acc6-7beff768a4ce" /><UnitTestResult executionId="578eeb62-41f3-4063-913c-76cc28f9bb0c" testId="0570a76f-6ce5-47e7-bd22-555bbec8042a" testName="ByDefaultBeaconConfigurationIsNotSet" computerName="TAG009442327432" duration="00:00:00.0000001" startTime="2018-09-20T12:48:03.0000000+02:00" endTime="2018-09-20T12:48:03.0000000+02:00" testType="13cdc9d9-ddb5-4fa4-a97d-d965ccfc6d4b" outcome="Passed" testListId="8c84fa94-04c1-424b-9868-57a2d4851a1d" relativeResultsDirectory="578eeb62-41f3-4063-913c-76cc28f9bb0c" /><UnitTestResult executionId="d1e822da-e618-45a7-a3c1-a6036ccc8ab6" testId="d3043ae5-69c8-47b1-901e-bcc386026cde" testName="IsWarnEnabledIsTrueIfVerboseIsTrue" computerName="TAG009442327432" duration="00:00:00.0000001" startTime="2018-09-20T12:48:03.0000000+02:00" endTime="2018-09-20T12:48:03.0000000+02:00" testType="13cdc9d9-ddb5-4fa4-a97d-d965ccfc6d4b" outcome="Passed" testListId="8c84fa94-04c1-424b-9868-57a2d4851a1d" relativeResultsDirectory="d1e822da-e618-45a7-a3c1-a6036ccc8ab6" /><UnitTestResult executionId="8be79e0f-e23d-4fe5-94e3-96555ff80025" testId="53deca7d-968e-48b9-aefd-d476f68137fa" testName="RandomDeviceIDCannotBeNegativeOnDataCollectionLevel0" computerName="TAG009442327432" duration="00:00:00.0010000" startTime="2018-09-20T12:48:03.0000000+02:00" endTime="2018-09-20T12:48:03.0000000+02:00" testType="13cdc9d9-ddb5-4fa4-a97d-d965ccfc6d4b" outcome="Passed" testListId="8c84fa94-04c1-424b-9868-57a2d4851a1d" relativeResultsDirectory="8be79e0f-e23d-4fe5-94e3-96555ff80025" /><UnitTestResult executionId="644c3323-7b67-4f07-a9cb-4df1dc68848b" testId="a212ebdc-2c8e-493d-8c9f-3852317102c4" testName="IpV6AddressLinkLocalIsInvalidIllegalNonHexCharacter" computerName="TAG009442327432" duration="00:00:00.0000001" startTime="2018-09-20T12:48:03.0000000+02:00" endTime="2018-09-20T12:48:03.0000000+02:00" testType="13cdc9d9-ddb5-4fa4-a97d-d965ccfc6d4b" outcome="Passed" testListId="8c84fa94-04c1-424b-9868-57a2d4851a1d" relativeResultsDirectory="644c3323-7b67-4f07-a9cb-4df1dc68848b" /><UnitTestResult executionId="930e805b-9b55-42c2-8efe-5eb58b378258" testId="932243dc-b370-4ba2-aa94-a5e8c91eb3cd" testName="DebugDoesNotLogIfVerboseIsDisabled" computerName="TAG009442327432" duration="00:00:00.0010000" startTime="2018-09-20T12:48:03.0000000+02:00" endTime="2018-09-20T12:48:03.0000000+02:00" testType="13cdc9d9-ddb5-4fa4-a97d-d965ccfc6d4b" outcome="Passed" testListId="8c84fa94-04c1-424b-9868-57a2d4851a1d" relativeResultsDirectory="930e805b-9b55-42c2-8efe-5eb58b378258" /><UnitTestResult executionId="249af780-85fd-433f-a9df-ceb140ed1303" testId="15ac563e-fb23-4db7-8071-e1be38178587" testName="NoSessionIsAddedIfBeaconConfigurationDisablesCapturing" computerName="TAG009442327432" duration="00:00:00.0000001" startTime="2018-09-20T12:48:03.0000000+02:00" endTime="2018-09-20T12:48:03.0000000+02:00" testType="13cdc9d9-ddb5-4fa4-a97d-d965ccfc6d4b" outcome="Passed" testListId="8c84fa94-04c1-424b-9868-57a2d4851a1d" relativeResultsDirectory="249af780-85fd-433f-a9df-ceb140ed1303" /><UnitTestResult executionId="375d47ac-8f04-42c1-af0c-ae8409b000ee" testId="d19613ac-d226-4104-b4ba-c9779cc407c6" testName="ReportCrash" computerName="TAG009442327432" duration="00:00:00.0020000" startTime="2018-09-20T12:48:03.0000000+02:00" endTime="2018-09-20T12:48:03.0000000+02:00" testType="13cdc9d9-ddb5-4fa4-a97d-d965ccfc6d4b" outcome="Passed" testListId="8c84fa94-04c1-424b-9868-57a2d4851a1d" relativeResultsDirectory="375d47ac-8f04-42c1-af0c-ae8409b000ee" /><UnitTestResult executionId="cf83bc3c-c26b-4b4e-a9ba-40a30ec48ae0" testId="769b9eea-01d8-46d3-b7b3-6bf85ad135d8" testName="IpV6AddressLinkLocalIsInvalidDueToTwoDoubleColonsInAddress" computerName="TAG009442327432" duration="00:00:00.0000001" startTime="2018-09-20T12:48:03.0000000+02:00" endTime="2018-09-20T12:48:03.0000000+02:00" testType="13cdc9d9-ddb5-4fa4-a97d-d965ccfc6d4b" outcome="Passed" testListId="8c84fa94-04c1-424b-9868-57a2d4851a1d" relativeResultsDirectory="cf83bc3c-c26b-4b4e-a9ba-40a30ec48ae0" /><UnitTestResult executionId="2eeea049-f997-4251-9f50-89d416230f9c" testId="642e1853-166d-47ba-b048-374338564cdd" testName="IpV6AddressHexCompressedIsValidBlock1" computerName="TAG009442327432" duration="00:00:00.0000001" startTime="2018-09-20T12:48:03.0000000+02:00" endTime="2018-09-20T12:48:03.0000000+02:00" testType="13cdc9d9-ddb5-4fa4-a97d-d965ccfc6d4b" outcome="Passed" testListId="8c84fa94-04c1-424b-9868-57a2d4851a1d" relativeResultsDirectory="2eeea049-f997-4251-9f50-89d416230f9c" /><UnitTestResult executionId="6f3004ca-6609-49cf-bb43-3e592236bef6" testId="14e424f3-3b43-441b-ad68-2e44f8999a8a" testName="ShutdownStateIsTerminalState" computerName="TAG009442327432" duration="00:00:00.0000001" startTime="2018-09-20T12:48:03.0000000+02:00" endTime="2018-09-20T12:48:03.0000000+02:00" testType="13cdc9d9-ddb5-4fa4-a97d-d965ccfc6d4b" outcome="Passed" testListId="8c84fa94-04c1-424b-9868-57a2d4851a1d" relativeResultsDirectory="6f3004ca-6609-49cf-bb43-3e592236bef6" /><UnitTestResult executionId="ba8f0e54-7179-4d4d-95c5-dcc1e6eebd20" testId="3abaf462-0248-4237-b363-f7fd6b7be4f8" testName="ANewlyCreatedActionIsNotLeft" computerName="TAG009442327432" duration="00:00:00.0010000" startTime="2018-09-20T12:48:02.0000000+02:00" endTime="2018-09-20T12:48:02.0000000+02:00" testType="13cdc9d9-ddb5-4fa4-a97d-d965ccfc6d4b" outcome="Passed" testListId="8c84fa94-04c1-424b-9868-57a2d4851a1d" relativeResultsDirectory="ba8f0e54-7179-4d4d-95c5-dcc1e6eebd20" /><UnitTestResult executionId="a5d5c2f6-679b-4449-a1a5-c395ea1e6092" testId="6a6059ea-da10-4ffd-bfc3-b22e5ba6735f" testName="CanSetApplicationVersionForDynatrace" computerName="TAG009442327432" duration="00:00:00.0000001" startTime="2018-09-20T12:48:03.0000000+02:00" endTime="2018-09-20T12:48:03.0000000+02:00" testType="13cdc9d9-ddb5-4fa4-a97d-d965ccfc6d4b" outcome="Passed" testListId="8c84fa94-04c1-424b-9868-57a2d4851a1d" relativeResultsDirectory="a5d5c2f6-679b-4449-a1a5-c395ea1e6092" /><UnitTestResult executionId="27198fa5-ae2f-4b94-b345-e5d46681fd81" testId="8329b5a6-a2ad-48c2-a718-e78dcb1090b3" testName="CannotAddRootActionIfCaptureIsOff" computerName="TAG009442327432" duration="00:00:00.0010000" startTime="2018-09-20T12:48:03.0000000+02:00" endTime="2018-09-20T12:48:03.0000000+02:00" testType="13cdc9d9-ddb5-4fa4-a97d-d965ccfc6d4b" outcome="Passed" testListId="8c84fa94-04c1-424b-9868-57a2d4851a1d" relativeResultsDirectory="27198fa5-ae2f-4b94-b345-e5d46681fd81" /><UnitTestResult executionId="b1c70a3b-ccd0-4445-a636-d95f0dd140ee" testId="dc2cb485-d96b-4294-b33b-9d2d3a0f498d" testName="InfoLogsAppropriateMessage" computerName="TAG009442327432" duration="00:00:00.0000001" startTime="2018-09-20T12:48:03.0000000+02:00" endTime="2018-09-20T12:48:03.0000000+02:00" testType="13cdc9d9-ddb5-4fa4-a97d-d965ccfc6d4b" outcome="Passed" testListId="8c84fa94-04c1-424b-9868-57a2d4851a1d" relativeResultsDirectory="b1c70a3b-ccd0-4445-a636-d95f0dd140ee" /><UnitTestResult executionId="90d701b1-ef8f-4134-8675-b8ff0c5de8d5" testId="e6d673e4-776d-44c9-a818-58b10a07bcb1" testName="ActionReportedForDataCollectionLevel2" computerName="TAG009442327432" duration="00:00:00.0010000" startTime="2018-09-20T12:48:03.0000000+02:00" endTime="2018-09-20T12:48:03.0000000+02:00" testType="13cdc9d9-ddb5-4fa4-a97d-d965ccfc6d4b" outcome="Passed" testListId="8c84fa94-04c1-424b-9868-57a2d4851a1d" relativeResultsDirectory="90d701b1-ef8f-4134-8675-b8ff0c5de8d5" /><UnitTestResult executionId="44b21288-6002-4d90-a026-d99503667eab" testId="3ac3d5eb-e648-4159-ad67-6c5585c6a2fc" testName="GetRetryAfterReturnsParsedValue" computerName="TAG009442327432" duration="00:00:00.0010000" startTime="2018-09-20T12:48:05.0000000+02:00" endTime="2018-09-20T12:48:05.0000000+02:00" testType="13cdc9d9-ddb5-4fa4-a97d-d965ccfc6d4b" outcome="Passed" testListId="8c84fa94-04c1-424b-9868-57a2d4851a1d" relativeResultsDirectory="44b21288-6002-4d90-a026-d99503667eab" /><UnitTestResult executionId="1e017898-65fc-4df2-b887-5593ea8a9fe4" testId="16319f79-e475-4fab-b6d4-9b2ceef77310" testName="RemoveRecordsOlderThanRemovesRecordsFromActionData" computerName="TAG009442327432" duration="00:00:00.0000001" startTime="2018-09-20T12:48:02.0000000+02:00" endTime="2018-09-20T12:48:02.0000000+02:00" testType="13cdc9d9-ddb5-4fa4-a97d-d965ccfc6d4b" outcome="Passed" testListId="8c84fa94-04c1-424b-9868-57a2d4851a1d" relativeResultsDirectory="1e017898-65fc-4df2-b887-5593ea8a9fe4" /><UnitTestResult executionId="c9a6a38f-5c5b-4b44-ae4d-df146cc052db" testId="5b471716-3a1d-4cdd-9a9c-5389f515aa8d" testName="ShutdownStateIsFlushSessionStateForTimeReSync" computerName="TAG009442327432" duration="00:00:00.0010000" startTime="2018-09-20T12:48:03.0000000+02:00" endTime="2018-09-20T12:48:03.0000000+02:00" testType="13cdc9d9-ddb5-4fa4-a97d-d965ccfc6d4b" outcome="Passed" testListId="8c84fa94-04c1-424b-9868-57a2d4851a1d" relativeResultsDirectory="c9a6a38f-5c5b-4b44-ae4d-df146cc052db" /><UnitTestResult executionId="89dd1faa-c1af-4576-9ee9-978093833331" testId="4990c798-7709-4e58-bc48-9d555fb0a3be" testName="IsEmptyCallsWrappedSession" computerName="TAG009442327432" duration="00:00:00.0000001" startTime="2018-09-20T12:48:03.0000000+02:00" endTime="2018-09-20T12:48:03.0000000+02:00" testType="13cdc9d9-ddb5-4fa4-a97d-d965ccfc6d4b" outcome="Passed" testListId="8c84fa94-04c1-424b-9868-57a2d4851a1d" relativeResultsDirectory="89dd1faa-c1af-4576-9ee9-978093833331" /><UnitTestResult executionId="1e43c5a4-b51a-4c3c-aff6-a3ac51d0c675" testId="be7bddd6-ab45-4b29-9bb6-29484a8d159c" testName="ADefaultConstructedBeaconCacheEvictorIsNotAlive" computerName="TAG009442327432" duration="00:00:00.0120000" startTime="2018-09-20T12:48:02.0000000+02:00" endTime="2018-09-20T12:48:02.0000000+02:00" testType="13cdc9d9-ddb5-4fa4-a97d-d965ccfc6d4b" outcome="Passed" testListId="8c84fa94-04c1-424b-9868-57a2d4851a1d" relativeResultsDirectory="1e43c5a4-b51a-4c3c-aff6-a3ac51d0c675" /><UnitTestResult executionId="9a639a57-3848-45bc-84e6-fbaec1259b92" testId="2b2d681c-6e24-4c1f-9ab6-4b16a2f20556" testName="CanConvertToClusterTime" computerName="TAG009442327432" duration="00:00:00.0010000" startTime="2018-09-20T12:48:05.0000000+02:00" endTime="2018-09-20T12:48:05.0000000+02:00" testType="13cdc9d9-ddb5-4fa4-a97d-d965ccfc6d4b" outcome="Passed" testListId="8c84fa94-04c1-424b-9868-57a2d4851a1d" relativeResultsDirectory="9a639a57-3848-45bc-84e6-fbaec1259b92" /><UnitTestResult executionId="ec38a4cf-021b-4ba5-b867-d86fbfe4b7b5" testId="ef2bf99e-cb53-4af2-aa46-8b304a40c5e3" testName="AnActionCanOnlyBeLeftOnce" computerName="TAG009442327432" duration="00:00:00.0230000" startTime="2018-09-20T12:48:02.0000000+02:00" endTime="2018-09-20T12:48:02.0000000+02:00" testType="13cdc9d9-ddb5-4fa4-a97d-d965ccfc6d4b" outcome="Passed" testListId="8c84fa94-04c1-424b-9868-57a2d4851a1d" relativeResultsDirectory="ec38a4cf-021b-4ba5-b867-d86fbfe4b7b5" /><UnitTestResult executionId="85f39054-d9b0-433b-9414-5494d5e59e46" testId="13735ae7-e9aa-4728-9b01-23d94ace8388" testName="IdentifyUserDoesNotReportOnDataCollectionLevel1" computerName="TAG009442327432" duration="00:00:00.0010000" startTime="2018-09-20T12:48:03.0000000+02:00" endTime="2018-09-20T12:48:03.0000000+02:00" testType="13cdc9d9-ddb5-4fa4-a97d-d965ccfc6d4b" outcome="Passed" testListId="8c84fa94-04c1-424b-9868-57a2d4851a1d" relativeResultsDirectory="85f39054-d9b0-433b-9414-5494d5e59e46" /><UnitTestResult executionId="377e586f-cf39-4a7f-8182-1acf726c0ce9" testId="aad79fc0-41ac-4ac8-a6b7-3b42a2110a9f" testName="CanSetManufacturerForAppMon" computerName="TAG009442327432" duration="00:00:00.0000001" startTime="2018-09-20T12:48:03.0000000+02:00" endTime="2018-09-20T12:48:03.0000000+02:00" testType="13cdc9d9-ddb5-4fa4-a97d-d965ccfc6d4b" outcome="Passed" testListId="8c84fa94-04c1-424b-9868-57a2d4851a1d" relativeResultsDirectory="377e586f-cf39-4a7f-8182-1acf726c0ce9" /><UnitTestResult executionId="2b835fcd-d14f-443f-99e5-64306e8bae6c" testId="fc2d028d-910f-4eb5-8773-a3dd3522abf0" testName="ReportEventDoesNothingIfEventNameIsNull" computerName="TAG009442327432" duration="00:00:00.0010000" startTime="2018-09-20T12:48:02.0000000+02:00" endTime="2018-09-20T12:48:02.0000000+02:00" testType="13cdc9d9-ddb5-4fa4-a97d-d965ccfc6d4b" outcome="Passed" testListId="8c84fa94-04c1-424b-9868-57a2d4851a1d" relativeResultsDirectory="2b835fcd-d14f-443f-99e5-64306e8bae6c" /><UnitTestResult executionId="a176f14d-f9d1-4a69-8782-6865bbbb15dd" testId="1864205e-714b-4a46-a4fb-07fd838076c3" testName="NameIsSet" computerName="TAG009442327432" duration="00:00:00.0000001" startTime="2018-09-20T12:48:02.0000000+02:00" endTime="2018-09-20T12:48:02.0000000+02:00" testType="13cdc9d9-ddb5-4fa4-a97d-d965ccfc6d4b" outcome="Passed" testListId="8c84fa94-04c1-424b-9868-57a2d4851a1d" relativeResultsDirectory="a176f14d-f9d1-4a69-8782-6865bbbb15dd" /><UnitTestResult executionId="a2d1a733-8960-425f-8681-5afb631013ef" testId="1b05de67-a21e-4991-ab0d-7037f44cb55b" testName="CanSetDataCollectionLevelForAppMon" computerName="TAG009442327432" duration="00:00:00.0010000" startTime="2018-09-20T12:48:03.0000000+02:00" endTime="2018-09-20T12:48:03.0000000+02:00" testType="13cdc9d9-ddb5-4fa4-a97d-d965ccfc6d4b" outcome="Passed" testListId="8c84fa94-04c1-424b-9868-57a2d4851a1d" relativeResultsDirectory="a2d1a733-8960-425f-8681-5afb631013ef" /><UnitTestResult executionId="aaf414f8-a9bd-41a3-b158-faa55de335b5" testId="25d8236a-2e7f-46f5-bcff-d7c955fb3523" testName="IsErroneousResponseGivesTrueForErrorCodeEqualTo400" computerName="TAG009442327432" duration="00:00:00.0000001" startTime="2018-09-20T12:48:05.0000000+02:00" endTime="2018-09-20T12:48:05.0000000+02:00" testType="13cdc9d9-ddb5-4fa4-a97d-d965ccfc6d4b" outcome="Passed" testListId="8c84fa94-04c1-424b-9868-57a2d4851a1d" relativeResultsDirectory="aaf414f8-a9bd-41a3-b158-faa55de335b5" /><UnitTestResult executionId="2d1cc1b4-edb6-4a3b-ac09-0ce71dfb3856" testId="e06463cd-fa8e-421f-ac36-2c53f3f47975" testName="ResetChunkedRaisesEvent" computerName="TAG009442327432" duration="00:00:00.0000001" startTime="2018-09-20T12:48:02.0000000+02:00" endTime="2018-09-20T12:48:02.0000000+02:00" testType="13cdc9d9-ddb5-4fa4-a97d-d965ccfc6d4b" outcome="Passed" testListId="8c84fa94-04c1-424b-9868-57a2d4851a1d" relativeResultsDirectory="2d1cc1b4-edb6-4a3b-ac09-0ce71dfb3856" /><UnitTestResult executionId="358f8402-1e40-41b6-86da-a503a483da78" testId="842ae036-64d5-4b6e-a888-78c47ea6c8bc" testName="ReportErrorAcceptsNullReason" computerName="TAG009442327432" duration="00:00:00.0010000" startTime="2018-09-20T12:48:02.0000000+02:00" endTime="2018-09-20T12:48:02.0000000+02:00" testType="13cdc9d9-ddb5-4fa4-a97d-d965ccfc6d4b" outcome="Passed" testListId="8c84fa94-04c1-424b-9868-57a2d4851a1d" relativeResultsDirectory="358f8402-1e40-41b6-86da-a503a483da78" /><UnitTestResult executionId="7d2a87c3-cd67-4b51-aaaa-f77940f13db7" testId="5bac1e60-4530-432b-8e8c-fd7f2bdd5007" testName="ReportErrorDoesNothingIfActionIsLeft" computerName="TAG009442327432" duration="00:00:00.0010000" startTime="2018-09-20T12:48:02.0000000+02:00" endTime="2018-09-20T12:48:02.0000000+02:00" testType="13cdc9d9-ddb5-4fa4-a97d-d965ccfc6d4b" outcome="Passed" testListId="8c84fa94-04c1-424b-9868-57a2d4851a1d" relativeResultsDirectory="7d2a87c3-cd67-4b51-aaaa-f77940f13db7" /><UnitTestResult executionId="93ee8cc8-ba40-4999-a59f-eb7397ebc00c" testId="56cfdb52-3a76-41f0-a8c3-3d32b74bf793" testName="ReportErrorDoesNothingIfErrorNameIsNull" computerName="TAG009442327432" duration="00:00:00.0000001" startTime="2018-09-20T12:48:02.0000000+02:00" endTime="2018-09-20T12:48:02.0000000+02:00" testType="13cdc9d9-ddb5-4fa4-a97d-d965ccfc6d4b" outcome="Passed" testListId="8c84fa94-04c1-424b-9868-57a2d4851a1d" relativeResultsDirectory="93ee8cc8-ba40-4999-a59f-eb7397ebc00c" /><UnitTestResult executionId="9dbf36a2-12b3-4ab9-a1a9-6d0dac303d4d" testId="c3a8ec50-3db8-4ecb-bd86-07bf596bbb3a" testName="SendNewSessionRequestReturnsErrorCode" computerName="TAG009442327432" duration="00:00:00.0030000" startTime="2018-09-20T12:48:04.0000000+02:00" endTime="2018-09-20T12:48:04.0000000+02:00" testType="13cdc9d9-ddb5-4fa4-a97d-d965ccfc6d4b" outcome="Passed" testListId="8c84fa94-04c1-424b-9868-57a2d4851a1d" relativeResultsDirectory="9dbf36a2-12b3-4ab9-a1a9-6d0dac303d4d" /><UnitTestResult executionId="a511c1df-d711-4826-b2c5-a47393842f7d" testId="8b4362ef-6d76-423d-8484-bf7e633a3830" testName="IsTooManyRequestsResponseReturnsFalseIfResponseCodeIsNotEqualToTooManyRequestsCode" computerName="TAG009442327432" duration="00:00:00.0020000" startTime="2018-09-20T12:48:03.0000000+02:00" endTime="2018-09-20T12:48:03.0000000+02:00" testType="13cdc9d9-ddb5-4fa4-a97d-d965ccfc6d4b" outcome="Passed" testListId="8c84fa94-04c1-424b-9868-57a2d4851a1d" relativeResultsDirectory="a511c1df-d711-4826-b2c5-a47393842f7d" /><UnitTestResult executionId="81439877-501a-4c6b-965e-343dbe9dc7c7" testId="ffefae02-d78a-487d-9319-dd9f92ed08ff" testName="LastTimeSyncTimeIsSet" computerName="TAG009442327432" duration="00:00:00.0000001" startTime="2018-09-20T12:48:03.0000000+02:00" endTime="2018-09-20T12:48:03.0000000+02:00" testType="13cdc9d9-ddb5-4fa4-a97d-d965ccfc6d4b" outcome="Passed" testListId="8c84fa94-04c1-424b-9868-57a2d4851a1d" relativeResultsDirectory="81439877-501a-4c6b-965e-343dbe9dc7c7" /><UnitTestResult executionId="c5093ffe-788c-45fe-94c0-1efe1d6d902d" testId="69c9a88d-ba6f-44b1-a46f-e4c48e7385f6" testName="RemoveOldestRecordsDoesNotRemoveAnythingFromEventAndActionsBeingSent" computerName="TAG009442327432" duration="00:00:00.0010000" startTime="2018-09-20T12:48:02.0000000+02:00" endTime="2018-09-20T12:48:02.0000000+02:00" testType="13cdc9d9-ddb5-4fa4-a97d-d965ccfc6d4b" outcome="Passed" testListId="8c84fa94-04c1-424b-9868-57a2d4851a1d" relativeResultsDirectory="c5093ffe-788c-45fe-94c0-1efe1d6d902d" /><UnitTestResult executionId="08d5ecf3-cc84-4fcc-9ba1-54b61545f22f" testId="345e639e-d146-4b45-9a85-41f325bbedb1" testName="IpV6AddressValid_RFCEmptyBlockNotShortened" computerName="TAG009442327432" duration="00:00:00.0000001" startTime="2018-09-20T12:48:03.0000000+02:00" endTime="2018-09-20T12:48:03.0000000+02:00" testType="13cdc9d9-ddb5-4fa4-a97d-d965ccfc6d4b" outcome="Passed" testListId="8c84fa94-04c1-424b-9868-57a2d4851a1d" relativeResultsDirectory="08d5ecf3-cc84-4fcc-9ba1-54b61545f22f" /><UnitTestResult executionId="48fdc559-914e-4bf2-bf69-5e19b5821ca9" testId="a42d087c-c29d-430d-9908-2466e7fec7ec" testName="CanAddReceivedBytesValueZeroToWebRequestTracer" computerName="TAG009442327432" duration="00:00:00.0010000" startTime="2018-09-20T12:48:03.0000000+02:00" endTime="2018-09-20T12:48:03.0000000+02:00" testType="13cdc9d9-ddb5-4fa4-a97d-d965ccfc6d4b" outcome="Passed" testListId="8c84fa94-04c1-424b-9868-57a2d4851a1d" relativeResultsDirectory="48fdc559-914e-4bf2-bf69-5e19b5821ca9" /><UnitTestResult executionId="86864ab6-b51b-4d0e-af5c-dfcd9cd934d6" testId="e09f2f3b-9911-4b00-96f2-29068d406842" testName="NoEventIsReportedIfBeaconConfigurationDisablesCapturing" computerName="TAG009442327432" duration="00:00:00.0010000" startTime="2018-09-20T12:48:03.0000000+02:00" endTime="2018-09-20T12:48:03.0000000+02:00" testType="13cdc9d9-ddb5-4fa4-a97d-d965ccfc6d4b" outcome="Passed" testListId="8c84fa94-04c1-424b-9868-57a2d4851a1d" relativeResultsDirectory="86864ab6-b51b-4d0e-af5c-dfcd9cd934d6" /><UnitTestResult executionId="b2ad9fa2-f375-4025-83a7-46b02432efb5" testId="7926e7b3-4f89-4b56-9410-d6ed0d75c943" testName="WhenBeaconConfigurationIsSetSendingIsDisallowedIfMultiplicityIsZero" computerName="TAG009442327432" duration="00:00:00.0000001" startTime="2018-09-20T12:48:03.0000000+02:00" endTime="2018-09-20T12:48:03.0000000+02:00" testType="13cdc9d9-ddb5-4fa4-a97d-d965ccfc6d4b" outcome="Passed" testListId="8c84fa94-04c1-424b-9868-57a2d4851a1d" relativeResultsDirectory="b2ad9fa2-f375-4025-83a7-46b02432efb5" /><UnitTestResult executionId="b7adbf47-ce06-4840-9f4b-69a78194d7f2" testId="fd5d3c51-c95b-4987-bbff-e990115859f9" testName="Timestamp" computerName="TAG009442327432" duration="00:00:00.0000001" startTime="2018-09-20T12:48:02.0000000+02:00" endTime="2018-09-20T12:48:02.0000000+02:00" testType="13cdc9d9-ddb5-4fa4-a97d-d965ccfc6d4b" outcome="Passed" testListId="8c84fa94-04c1-424b-9868-57a2d4851a1d" relativeResultsDirectory="b7adbf47-ce06-4840-9f4b-69a78194d7f2" /><UnitTestResult executionId="8a7327b6-cd2b-43ca-8ae7-6427fe16b293" testId="f179cf90-6183-4b04-81d6-c9fdda5bbd6a" testName="ReportStringValueWithValueBeingNullWorks" computerName="TAG009442327432" duration="00:00:00.0000001" startTime="2018-09-20T12:48:02.0000000+02:00" endTime="2018-09-20T12:48:02.0000000+02:00" testType="13cdc9d9-ddb5-4fa4-a97d-d965ccfc6d4b" outcome="Passed" testListId="8c84fa94-04c1-424b-9868-57a2d4851a1d" relativeResultsDirectory="8a7327b6-cd2b-43ca-8ae7-6427fe16b293" /><UnitTestResult executionId="3e7770cd-835e-438b-a5c6-e65c08b16804" testId="7374b302-3c09-4457-8697-3ad19515835b" testName="WhenBeaconConfigurationIsSetSendingIsAllowedIfMultiplicityIsGreaterThanZero" computerName="TAG009442327432" duration="00:00:00.0000001" startTime="2018-09-20T12:48:03.0000000+02:00" endTime="2018-09-20T12:48:03.0000000+02:00" testType="13cdc9d9-ddb5-4fa4-a97d-d965ccfc6d4b" outcome="Passed" testListId="8c84fa94-04c1-424b-9868-57a2d4851a1d" relativeResultsDirectory="3e7770cd-835e-438b-a5c6-e65c08b16804" /><UnitTestResult executionId="3ee9287c-3cea-4ae3-8dd9-8dc7fd0799f5" testId="fed600a7-9395-467a-a326-eec09ca59123" testName="FinishingANewSessionStillLeavesItNew" computerName="TAG009442327432" duration="00:00:00.0030000" startTime="2018-09-20T12:48:03.0000000+02:00" endTime="2018-09-20T12:48:03.0000000+02:00" testType="13cdc9d9-ddb5-4fa4-a97d-d965ccfc6d4b" outcome="Passed" testListId="8c84fa94-04c1-424b-9868-57a2d4851a1d" relativeResultsDirectory="3ee9287c-3cea-4ae3-8dd9-8dc7fd0799f5"><Output><StdOut>2018-09-20T10:48:03.0341493Z DEBUG [3] BeaconSender StartSession
2018-09-20T10:48:03.0341493Z DEBUG [3] BeaconCache AddEventData(sn=1, timestamp=0, data='et=18&amp;it=0&amp;pa=0&amp;s0=1&amp;t0=0')</StdOut></Output></UnitTestResult><UnitTestResult executionId="bcf861fc-4f0c-41de-9140-b9995cbc1b82" testId="4ad5de71-f887-49cb-9375-b199d4509a9b" testName="PassingEmptyResponseStringDoesNotThrow" computerName="TAG009442327432" duration="00:00:00.0010000" startTime="2018-09-20T12:48:05.0000000+02:00" endTime="2018-09-20T12:48:05.0000000+02:00" testType="13cdc9d9-ddb5-4fa4-a97d-d965ccfc6d4b" outcome="Passed" testListId="8c84fa94-04c1-424b-9868-57a2d4851a1d" relativeResultsDirectory="bcf861fc-4f0c-41de-9140-b9995cbc1b82" /><UnitTestResult executionId="cecd643e-a5a0-4b82-a787-db9ab0886a82" testId="69cc175f-710c-44bf-a353-5d676b820cda" testName="AppMonOpenKitBuilderTakesStringDeviceID" computerName="TAG009442327432" duration="00:00:00.0000001" startTime="2018-09-20T12:48:03.0000000+02:00" endTime="2018-09-20T12:48:03.0000000+02:00" testType="13cdc9d9-ddb5-4fa4-a97d-d965ccfc6d4b" outcome="Passed" testListId="8c84fa94-04c1-424b-9868-57a2d4851a1d" relativeResultsDirectory="cecd643e-a5a0-4b82-a787-db9ab0886a82" /><UnitTestResult executionId="2152f82a-53b5-4234-a151-f11a960b0e7f" testId="cfce2886-c981-40d9-af6f-e3a55c764fd3" testName="GetDataCollectionLevel" computerName="TAG009442327432" duration="00:00:00.0010000" startTime="2018-09-20T12:48:03.0000000+02:00" endTime="2018-09-20T12:48:03.0000000+02:00" testType="13cdc9d9-ddb5-4fa4-a97d-d965ccfc6d4b" outcome="Passed" testListId="8c84fa94-04c1-424b-9868-57a2d4851a1d" relativeResultsDirectory="2152f82a-53b5-4234-a151-f11a960b0e7f" /><UnitTestResult executionId="3696d114-a0e6-499c-875c-2dc8c9241d68" testId="4fe28351-6f6d-4851-ae9e-8418dcff9de2" testName="TheDefaultRequestReceiveTimeIsMinusOne" computerName="TAG009442327432" duration="00:00:00.0000001" startTime="2018-09-20T12:48:05.0000000+02:00" endTime="2018-09-20T12:48:05.0000000+02:00" testType="13cdc9d9-ddb5-4fa4-a97d-d965ccfc6d4b" outcome="Passed" testListId="8c84fa94-04c1-424b-9868-57a2d4851a1d" relativeResultsDirectory="3696d114-a0e6-499c-875c-2dc8c9241d68" /><UnitTestResult executionId="cec7ee19-bcf6-45b4-bd5c-279764be3a90" testId="a211227c-d797-4d15-9562-a1b85a7e6c7f" testName="SendTimeSyncRequestReturnsErrorCode" computerName="TAG009442327432" duration="00:00:00.0030000" startTime="2018-09-20T12:48:05.0000000+02:00" endTime="2018-09-20T12:48:05.0000000+02:00" testType="13cdc9d9-ddb5-4fa4-a97d-d965ccfc6d4b" outcome="Passed" testListId="8c84fa94-04c1-424b-9868-57a2d4851a1d" relativeResultsDirectory="cec7ee19-bcf6-45b4-bd5c-279764be3a90" /><UnitTestResult executionId="f605a4fd-3950-415b-a6c6-22fede48058f" testId="04ad2870-cecc-446a-9e3a-4175979e66fb" testName="AfterASessionHasBeenConfiguredItsOpenAndConfigured" computerName="TAG009442327432" duration="00:00:00.0020000" startTime="2018-09-20T12:48:03.0000000+02:00" endTime="2018-09-20T12:48:03.0000000+02:00" testType="13cdc9d9-ddb5-4fa4-a97d-d965ccfc6d4b" outcome="Passed" testListId="8c84fa94-04c1-424b-9868-57a2d4851a1d" relativeResultsDirectory="f605a4fd-3950-415b-a6c6-22fede48058f"><Output><StdOut>2018-09-20T10:48:03.0202174Z DEBUG [3] BeaconSender StartSession
2018-09-20T10:48:03.0202174Z DEBUG [3] BeaconCache AddEventData(sn=1, timestamp=0, data='et=18&amp;it=0&amp;pa=0&amp;s0=1&amp;t0=0')
2018-09-20T10:48:03.0202174Z DEBUG [3] BeaconSender StartSession
2018-09-20T10:48:03.0202174Z DEBUG [3] BeaconCache AddEventData(sn=2, timestamp=0, data='et=18&amp;it=0&amp;pa=0&amp;s0=1&amp;t0=0')</StdOut></Output></UnitTestResult><UnitTestResult executionId="9a6ad533-a5f8-4294-8082-dd961e769523" testId="a3268bc0-4c17-4b7b-acd8-b9ea51612851" testName="TraceWebRequestGivesValidWebRequestTracer" computerName="TAG009442327432" duration="00:00:00.0020000" startTime="2018-09-20T12:48:02.0000000+02:00" endTime="2018-09-20T12:48:02.0000000+02:00" testType="13cdc9d9-ddb5-4fa4-a97d-d965ccfc6d4b" outcome="Passed" testListId="8c84fa94-04c1-424b-9868-57a2d4851a1d" relativeResultsDirectory="9a6ad533-a5f8-4294-8082-dd961e769523" /><UnitTestResult executionId="6fc66375-7583-4568-b91c-1eddd28f13c5" testId="b41a2b82-020b-4fd0-8d6d-8d1041813dbf" testName="CacheSizeLowerBound" computerName="TAG009442327432" duration="00:00:00.0000001" startTime="2018-09-20T12:48:03.0000000+02:00" endTime="2018-09-20T12:48:03.0000000+02:00" testType="13cdc9d9-ddb5-4fa4-a97d-d965ccfc6d4b" outcome="Passed" testListId="8c84fa94-04c1-424b-9868-57a2d4851a1d" relativeResultsDirectory="6fc66375-7583-4568-b91c-1eddd28f13c5" /><UnitTestResult executionId="739bd30a-698e-4d67-a9c5-738078810426" testId="c22bc400-15e1-43b4-846a-e5866a53ce3b" testName="GetTotalNumberOfBytesCountsAddedRecordBytes" computerName="TAG009442327432" duration="00:00:00.0010000" startTime="2018-09-20T12:48:02.0000000+02:00" endTime="2018-09-20T12:48:02.0000000+02:00" testType="13cdc9d9-ddb5-4fa4-a97d-d965ccfc6d4b" outcome="Passed" testListId="8c84fa94-04c1-424b-9868-57a2d4851a1d" relativeResultsDirectory="739bd30a-698e-4d67-a9c5-738078810426" /><UnitTestResult executionId="e86592c8-0167-4637-a9f4-e34a45de2073" testId="2e9a64c9-69d7-4f26-b2d2-0829a32d3570" testName="ReportEvent" computerName="TAG009442327432" duration="00:00:00.0010000" startTime="2018-09-20T12:48:02.0000000+02:00" endTime="2018-09-20T12:48:02.0000000+02:00" testType="13cdc9d9-ddb5-4fa4-a97d-d965ccfc6d4b" outcome="Passed" testListId="8c84fa94-04c1-424b-9868-57a2d4851a1d" relativeResultsDirectory="e86592c8-0167-4637-a9f4-e34a45de2073" /><UnitTestResult executionId="8795b60d-045f-490b-8fb4-dd8a75baab2b" testId="72cbe1d8-818b-4ad1-b15a-c91c0a747e9d" testName="IpV6AddressMixedNotationIsValid_NonZeroIPv6Compressed" computerName="TAG009442327432" duration="00:00:00.0000001" startTime="2018-09-20T12:48:03.0000000+02:00" endTime="2018-09-20T12:48:03.0000000+02:00" testType="13cdc9d9-ddb5-4fa4-a97d-d965ccfc6d4b" outcome="Passed" testListId="8c84fa94-04c1-424b-9868-57a2d4851a1d" relativeResultsDirectory="8795b60d-045f-490b-8fb4-dd8a75baab2b" /><UnitTestResult executionId="35c29f9c-bdb3-4016-ae13-c4d3b40cb5ea" testId="0d0acf03-cd27-4c55-99e5-dba7566dd2b7" testName="ADifferentTypeIsNotConsider
[...]
81-c8f2-441a-b373-5dac06e5c8ed" executionId="4ba8d46f-34a4-41fe-b742-0deace8b3045" testListId="8c84fa94-04c1-424b-9868-57a2d4851a1d" /><TestEntry testId="f8174ffd-d56f-42c4-a223-261e36b204bc" executionId="120005d7-466d-409c-a26d-64a6a388cacc" testListId="8c84fa94-04c1-424b-9868-57a2d4851a1d" /><TestEntry testId="5c040a44-2e3e-4ab4-b7ac-cd267e3ee23f" executionId="56f4f8fb-6f60-4446-b8ff-6563f421b1b7" testListId="8c84fa94-04c1-424b-9868-57a2d4851a1d" /><TestEntry testId="2a41596b-d8c0-4e8e-a0c0-01b8d8fe846f" executionId="2c64bba9-ce2f-4ad8-b3a4-be68ae68dd1a" testListId="8c84fa94-04c1-424b-9868-57a2d4851a1d" /><TestEntry testId="c068bab4-eda5-4005-b402-441954263a42" executionId="2bf5bf8d-de41-43e3-a5b8-5bf8898fbf2e" testListId="8c84fa94-04c1-424b-9868-57a2d4851a1d" /><TestEntry testId="4e591fa3-c89a-488b-ad84-57dbe5c360a3" executionId="4fb062e4-f2b1-4f76-8141-d950837153f8" testListId="8c84fa94-04c1-424b-9868-57a2d4851a1d" /><TestEntry testId="b7dc6dc1-b654-4256-a522-9ade1a2306f7" executionId="f18dc5d9-3135-436b-8976-696d465c6f98" testListId="8c84fa94-04c1-424b-9868-57a2d4851a1d" /><TestEntry testId="998e8b0f-9aec-43f8-ae7a-180fda299ab6" executionId="5e6545cf-3ff0-4efc-9c20-14092c37d36a" testListId="8c84fa94-04c1-424b-9868-57a2d4851a1d" /><TestEntry testId="c0106984-4e89-4a7d-933d-290dc41a936a" executionId="db922494-6a46-47bc-a679-9401c256024b" testListId="8c84fa94-04c1-424b-9868-57a2d4851a1d" /><TestEntry testId="ce41e2cc-122d-4a32-933b-36c4677811c4" executionId="43c95419-6da4-49fe-890a-497c43ccef65" testListId="8c84fa94-04c1-424b-9868-57a2d4851a1d" /><TestEntry testId="074b5082-6f3c-49d3-b168-19c34a9f95a9" executionId="2924229d-d89d-4af7-83a6-fcc624ea85df" testListId="8c84fa94-04c1-424b-9868-57a2d4851a1d" /><TestEntry testId="e4d359bc-f8a8-48f3-bb6c-4ab26646425b" executionId="c4222cb9-7b46-485d-8811-1041035dc8a0" testListId="8c84fa94-04c1-424b-9868-57a2d4851a1d" /><TestEntry testId="bae60b3f-f091-4a32-8b40-cee17b4fe603" executionId="88f3bda8-8101-4055-ae10-3b5eb7e38b6c" testListId="8c84fa94-04c1-424b-9868-57a2d4851a1d" /><TestEntry testId="af1c435a-234d-45b3-b13d-8cd329d5dcc1" executionId="f890cf7d-a27d-4911-814a-0df22ae18c5c" testListId="8c84fa94-04c1-424b-9868-57a2d4851a1d" /><TestEntry testId="d77d73ce-4ed8-461f-a81a-b16c26efe53a" executionId="c661fd59-617d-4b6a-bfc0-efd37189807c" testListId="8c84fa94-04c1-424b-9868-57a2d4851a1d" /><TestEntry testId="19af4e3a-2c73-431c-a697-d94167096c1b" executionId="993b71da-e6e5-4d2d-a0bb-3a32ba6e0f2e" testListId="8c84fa94-04c1-424b-9868-57a2d4851a1d" /><TestEntry testId="19c97c08-0ea9-4e44-9098-5b02c55021c5" executionId="32834a9d-8d0c-4378-a2a6-b58debfb029e" testListId="8c84fa94-04c1-424b-9868-57a2d4851a1d" /><TestEntry testId="e0b08c3e-4593-4f58-9fa2-a6e45ded1681" executionId="1510f628-9374-47cd-aefc-4336df82a62a" testListId="8c84fa94-04c1-424b-9868-57a2d4851a1d" /><TestEntry testId="b1bc4f85-798d-43b0-bec7-6a74607a3d9e" executionId="6604f27e-ca09-45bb-9b59-8ae078c142ae" testListId="8c84fa94-04c1-424b-9868-57a2d4851a1d" /><TestEntry testId="e21e7df1-789b-4372-8489-24925a94b6ec" executionId="2fe133bc-50e1-4c66-9cb9-557a1ff516dc" testListId="8c84fa94-04c1-424b-9868-57a2d4851a1d" /><TestEntry testId="c74e879a-1bba-40ef-88d1-f0a3add7aa53" executionId="2c8d0394-9d8d-4dd1-a2f5-88cc66336d0c" testListId="8c84fa94-04c1-424b-9868-57a2d4851a1d" /><TestEntry testId="941eab58-9d41-4b4b-8853-5fdbe85ddc31" executionId="c036db66-01c9-4d50-9d0b-4d0c7f74929e" testListId="8c84fa94-04c1-424b-9868-57a2d4851a1d" /><TestEntry testId="8bceeaf3-8e20-4308-ae82-5db394468f0a" executionId="c917afaa-d603-4968-9ccb-e1db27eb1e3a" testListId="8c84fa94-04c1-424b-9868-57a2d4851a1d" /><TestEntry testId="77e2dcb9-c2c3-4e94-9495-b57fbee305c8" executionId="01a2a12c-5990-427b-ac57-79fe04abca1d" testListId="8c84fa94-04c1-424b-9868-57a2d4851a1d" /><TestEntry testId="9210fde4-36b0-4d9c-816f-7c9403a112c8" executionId="4fdcc6b9-6a28-4e71-989f-b33e8098243f" testListId="8c84fa94-04c1-424b-9868-57a2d4851a1d" /><TestEntry testId="b6553613-4fba-4693-b300-0ea939a791b0" executionId="02e86e40-9bb7-4bd5-8c91-5067bb2df5bb" testListId="8c84fa94-04c1-424b-9868-57a2d4851a1d" /><TestEntry testId="3cdda292-8a13-41d3-962d-d4b5d4921932" executionId="d5849f06-b852-41e4-820a-7944e990d716" testListId="8c84fa94-04c1-424b-9868-57a2d4851a1d" /><TestEntry testId="b50f0a06-a3cc-4615-b613-e959d63da104" executionId="d85c831a-7663-4b39-822f-e1cdd71415a2" testListId="8c84fa94-04c1-424b-9868-57a2d4851a1d" /><TestEntry testId="29eb4a91-2992-42c7-a382-4f497254a142" executionId="be574507-b886-4a84-93e1-4dc668962511" testListId="8c84fa94-04c1-424b-9868-57a2d4851a1d" /><TestEntry testId="5f0e0417-0e49-4844-a831-9a4fd83cc85b" executionId="a9aaee51-2f55-4b4e-8458-231adbfa9137" testListId="8c84fa94-04c1-424b-9868-57a2d4851a1d" /><TestEntry testId="62b78d4d-7e6e-473d-a8a9-3ace891bab68" executionId="536b0dbf-02eb-4840-b2f8-0cbc8da13cf8" testListId="8c84fa94-04c1-424b-9868-57a2d4851a1d" /><TestEntry testId="ea28e153-88f8-47c4-9355-e23bfc87d46a" executionId="3cb188f5-e68a-48b4-b4d0-36a0553888aa" testListId="8c84fa94-04c1-424b-9868-57a2d4851a1d" /><TestEntry testId="c26fa671-a90e-49e3-a2ab-cd61f530d02a" executionId="4906491c-ab7f-43f7-8bbc-cea7108f47ab" testListId="8c84fa94-04c1-424b-9868-57a2d4851a1d" /><TestEntry testId="868c77bc-343a-4e77-a2ff-b8758f2c1711" executionId="ae2cc551-ec31-4df5-bd39-7d60c4026d1d" testListId="8c84fa94-04c1-424b-9868-57a2d4851a1d" /><TestEntry testId="19dbf095-6d46-4c6b-a580-754cbf22303e" executionId="722d1247-92ee-4801-9cf9-f482e883efe0" testListId="8c84fa94-04c1-424b-9868-57a2d4851a1d" /><TestEntry testId="9a4789ea-ba11-4440-840f-340def6834c7" executionId="b1006c16-5ca6-4d97-ad47-7fc28048924d" testListId="8c84fa94-04c1-424b-9868-57a2d4851a1d" /><TestEntry testId="1bc24d3e-e5cf-43ef-8756-5d8f18a4920e" executionId="c584ecbe-81b1-4993-bf35-97abaada81d6" testListId="8c84fa94-04c1-424b-9868-57a2d4851a1d" /><TestEntry testId="00d83cac-dcfb-4653-8acd-b3be8b875dcc" executionId="c9987bf8-4218-49ed-98fe-90ff0ace68b0" testListId="8c84fa94-04c1-424b-9868-57a2d4851a1d" /><TestEntry testId="64f0741f-9525-418f-bfde-4b96a4c7fb06" executionId="3072031b-afdd-40b3-909e-3a4d061b8200" testListId="8c84fa94-04c1-424b-9868-57a2d4851a1d" /><TestEntry testId="88a29562-1103-40a8-9fc5-ac42e94c93db" executionId="680b5515-bdc7-4b85-b57f-328389aea2b5" testListId="8c84fa94-04c1-424b-9868-57a2d4851a1d" /><TestEntry testId="bb1e5e5e-b236-41ac-bdf8-fc90518c1932" executionId="564c0e78-d028-429f-be12-6c1fc4f3e513" testListId="8c84fa94-04c1-424b-9868-57a2d4851a1d" /><TestEntry testId="92bab606-ea04-457c-97e4-d800de8cf188" executionId="1ed5f790-a87c-40bb-8a3e-d37858678af6" testListId="8c84fa94-04c1-424b-9868-57a2d4851a1d" /><TestEntry testId="427224df-2d55-41e9-bab7-192f032e3484" executionId="dcd3fa83-7031-48b5-a05f-f1fedba3f940" testListId="8c84fa94-04c1-424b-9868-57a2d4851a1d" /><TestEntry testId="cc292104-5ce5-4df0-b8a3-62f4563379fd" executionId="a4efe690-6d2e-4537-8645-d6071d5891c5" testListId="8c84fa94-04c1-424b-9868-57a2d4851a1d" /><TestEntry testId="7cb64a86-cfc6-46e7-9f0d-3fc8c9993b80" executionId="b6593eb3-71c0-4e66-958f-cb16bd6a0b06" testListId="8c84fa94-04c1-424b-9868-57a2d4851a1d" /><TestEntry testId="7b1a2d1a-f64f-4606-a844-948875ebf6ae" executionId="dd7f4663-9f93-44b0-84ec-527145f7a58e" testListId="8c84fa94-04c1-424b-9868-57a2d4851a1d" /><TestEntry testId="87ee0d3d-07fc-4e0d-9f78-6036c53b3408" executionId="ffe6d878-64e3-4e84-bf39-6e0fb5a49ae4" testListId="8c84fa94-04c1-424b-9868-57a2d4851a1d" /><TestEntry testId="0cfc8917-cdc2-4d9d-89db-659a5a97bfb9" executionId="1d3f55d4-f0c3-4aa3-ab2d-9eeb9803836d" testListId="8c84fa94-04c1-424b-9868-57a2d4851a1d" /><TestEntry testId="17f241e1-5e14-401b-a7e0-e28443772b6f" executionId="c304b200-fc6a-4184-803b-6bb5397c5718" testListId="8c84fa94-04c1-424b-9868-57a2d4851a1d" /><TestEntry testId="6eec1c10-1c73-4a86-be14-f283966c413c" executionId="ed19ca56-dd59-4199-8dd2-b57c0665c2f5" testListId="8c84fa94-04c1-424b-9868-57a2d4851a1d" /><TestEntry testId="b45ad0a2-d1ff-4096-8cbc-b73349b8b02b" executionId="7bd759b0-c146-40cc-96b4-7da2236ad3c4" testListId="8c84fa94-04c1-424b-9868-57a2d4851a1d" /><TestEntry testId="ea33896d-6fe2-420b-bd1f-f35a2baae77b" executionId="0a101641-e73f-43ff-91a9-4305eb5eb45b" testListId="8c84fa94-04c1-424b-9868-57a2d4851a1d" /><TestEntry testId="a3ef7fa4-a57c-45c0-8265-ec59c242d247" executionId="df2a6e96-11b6-4d9e-bc66-d8d6c14ac3c8" testListId="8c84fa94-04c1-424b-9868-57a2d4851a1d" /><TestEntry testId="43b6a7f9-b062-4ada-9f0d-4b8d617ba617" executionId="5334dd44-3150-4895-894a-e4065b294a15" testListId="8c84fa94-04c1-424b-9868-57a2d4851a1d" /><TestEntry testId="7d672f6b-2289-4d4c-ba29-86e903284ff3" executionId="363700af-80f0-46f4-b856-028d7102ea9d" testListId="8c84fa94-04c1-424b-9868-57a2d4851a1d" /><TestEntry testId="51b64cec-d59d-4738-bcc8-058c0fd20614" executionId="6e859f0d-cd6b-485b-a06c-8ad95d001a35" testListId="8c84fa94-04c1-424b-9868-57a2d4851a1d" /><TestEntry testId="8ce8a9a9-109b-4be9-aebe-df71f60b1924" executionId="8a30ebfa-162a-49c9-b65c-d3a947ed41b9" testListId="8c84fa94-04c1-424b-9868-57a2d4851a1d" /><TestEntry testId="284a7abf-7b24-445a-a384-22cd7287f511" executionId="8e9145c0-fa42-4a55-aeef-9f1d78f38c55" testListId="8c84fa94-04c1-424b-9868-57a2d4851a1d" /><TestEntry testId="df63b76a-2213-4b84-9e0b-57c10f9d0f08" executionId="0bb3e2e3-02b5-4e59-a970-e461998e4376" testListId="8c84fa94-04c1-424b-9868-57a2d4851a1d" /><TestEntry testId="d09a1a5b-d78e-4986-910f-1b639991a505" executionId="f3b80abe-79d9-45c5-a72e-251883dd93c8" testListId="8c84fa94-04c1-424b-9868-57a2d4851a1d" /><TestEntry testId="e72154e0-2d2f-4114-a086-8369a1ca647a" executionId="745c8206-e284-42d4-a170-b6eb6b255359" testListId="8c84fa94-04c1-424b-9868-57a2d4851a1d" /><TestEntry testId="e17f64ce-68bc-4f5b-8e3c-464f33e49693" executionId="7e30b142-070a-46fc-886f-e78533861099" testListId="8c84fa94-04c1-424b-9868-57a2d4851a1d" /><TestEntry testId="c86fced8-f549-4be4-a57c-532283237ed5" executionId="8d8b81a9-49b7-4a1c-9882-b671f35aa609" testListId="8c84fa94-04c1-424b-9868-57a2d4851a1d" /><TestEntry testId="2de9f403-8081-4921-8d65-49c322a250b0" executionId="c376e5d7-dec0-4fbc-a28d-2d0f9d681198" testListId="8c84fa94-04c1-424b-9868-57a2d4851a1d" /><TestEntry testId="0d310928-a928-40d8-abc9-b0bd47e157b4" executionId="e7bd418c-7bed-4119-87f3-1b8d0e939c15" testListId="8c84fa94-04c1-424b-9868-57a2d4851a1d" /><TestEntry testId="1172a0e8-0c6b-48db-9d26-0e3f12874fd4" executionId="55078ff0-c075-4f47-83fa-83c1d63018ba" testListId="8c84fa94-04c1-424b-9868-57a2d4851a1d" /><TestEntry testId="44c4e5fa-1ff7-4872-b768-e98535e78ce3" executionId="2f1a9bf3-1858-48c9-b35e-3726fd69b290" testListId="8c84fa94-04c1-424b-9868-57a2d4851a1d" /><TestEntry testId="47bd6b48-6cba-411d-aeee-890779a51d36" executionId="0ab0f631-9d0e-486b-8565-3b158f691098" testListId="8c84fa94-04c1-424b-9868-57a2d4851a1d" /><TestEntry testId="d09ac312-591e-4f74-bb97-da85c03a9759" executionId="adcd06f2-0e64-4b79-a5bc-027765fc69fb" testListId="8c84fa94-04c1-424b-9868-57a2d4851a1d" /><TestEntry testId="29a25e08-d125-406c-a761-979825e1027c" executionId="1db9ec7c-07cc-448f-b712-477866dec687" testListId="8c84fa94-04c1-424b-9868-57a2d4851a1d" /><TestEntry testId="de330acf-792b-4881-9bcf-e83423dc0536" executionId="f2537528-7ae6-446e-8596-2c633464f098" testListId="8c84fa94-04c1-424b-9868-57a2d4851a1d" /><TestEntry testId="72127510-61b7-4a6b-b613-c8b8a45dc0f7" executionId="575e8228-4aea-47f6-a694-00b1e205ffd6" testListId="8c84fa94-04c1-424b-9868-57a2d4851a1d" /><TestEntry testId="d88bf6a1-ac4b-4e1d-b88a-a00c7e7c9ee8" executionId="ec397a8f-acad-4bf2-a726-aa28cdd481f4" testListId="8c84fa94-04c1-424b-9868-57a2d4851a1d" /><TestEntry testId="be8d0eb2-9378-430b-99af-c11da7b10f26" executionId="431e5b3f-6fd5-4979-ab1c-a6a0a99a72d9" testListId="8c84fa94-04c1-424b-9868-57a2d4851a1d" /><TestEntry testId="0b65b0e0-8f4a-486c-a14d-14b0e4d380b5" executionId="e327c33c-2980-462e-bcb9-1ee3b52bc99a" testListId="8c84fa94-04c1-424b-9868-57a2d4851a1d" /><TestEntry testId="286640ee-df35-486b-b70f-3e9ba6adb486" executionId="5a1f6c93-eeb1-4032-ada1-20b96e4e903a" testListId="8c84fa94-04c1-424b-9868-57a2d4851a1d" /><TestEntry testId="4368db7d-6059-4ae1-a349-74ce785434da" executionId="d9e43d2b-cec5-43b3-9242-87c9d34c2be8" testListId="8c84fa94-04c1-424b-9868-57a2d4851a1d" /><TestEntry testId="78c4c045-f2f7-449b-b2ac-5c474ea629bb" executionId="aaff3ac4-cefb-44f9-bae0-b0b829f37e60" testListId="8c84fa94-04c1-424b-9868-57a2d4851a1d" /><TestEntry testId="7ddd9cd6-6080-4e63-b75d-9e117e1c6875" executionId="2392a7ce-a2b8-4457-8dfb-f8cf0b3a9331" testListId="8c84fa94-04c1-424b-9868-57a2d4851a1d" /><TestEntry testId="4ba655a4-3997-4624-b5c2-defb2fee7fec" executionId="c00a5012-7013-4581-aabb-260eac11ac9a" testListId="8c84fa94-04c1-424b-9868-57a2d4851a1d" /><TestEntry testId="fe2eaee7-d971-421e-94b5-6bd5d06afa02" executionId="d59f2c28-bec1-49f7-b740-19520f329d92" testListId="8c84fa94-04c1-424b-9868-57a2d4851a1d" /><TestEntry testId="7cdf630c-b6b6-4b93-a74e-3a360c9e53dd" executionId="c4c94d15-27cb-4679-a989-3f37717e38fc" testListId="8c84fa94-04c1-424b-9868-57a2d4851a1d" /><TestEntry testId="68f97b52-f089-45a0-b3c7-e9e85fbca516" executionId="93751c27-0d96-4e35-ace8-27e740f553fc" testListId="8c84fa94-04c1-424b-9868-57a2d4851a1d" /><TestEntry testId="f8e59076-af84-416f-ad2c-92391f9511fd" executionId="41279f11-715e-4f2b-a0e2-631646e15a76" testListId="8c84fa94-04c1-424b-9868-57a2d4851a1d" /><TestEntry testId="0645475d-a9dd-466a-afb2-09169efb4765" executionId="1e1496df-f02c-4715-b9b0-17846ba51a08" testListId="8c84fa94-04c1-424b-9868-57a2d4851a1d" /><TestEntry testId="f281c374-fa7b-482b-9196-a22e8274711c" executionId="c3bf1917-4e34-4bd1-8745-10b14b6f14ff" testListId="8c84fa94-04c1-424b-9868-57a2d4851a1d" /><TestEntry testId="646418c8-3e7b-4c69-b9bb-3dad4a3e0679" executionId="6e8454a0-7294-44b4-96da-8907888bec6b" testListId="8c84fa94-04c1-424b-9868-57a2d4851a1d" /><TestEntry testId="00698e57-c30e-4225-b049-d49f5eef1d34" executionId="bcd1f849-549d-4b53-bfa2-9c263ac832c7" testListId="8c84fa94-04c1-424b-9868-57a2d4851a1d" /><TestEntry testId="f565cf50-ab4f-4b39-9d35-551f6e5d8ec9" executionId="ea64b700-4d9c-47eb-ad10-1b1b5289cda8" testListId="8c84fa94-04c1-424b-9868-57a2d4851a1d" /><TestEntry testId="dd997e4e-31e6-44a4-939b-63c25a8bbdb6" executionId="cc033004-bdf2-4711-a344-2b6493a45cb4" testListId="8c84fa94-04c1-424b-9868-57a2d4851a1d" /><TestEntry testId="c41e9ca9-e857-4245-b7d2-d7813f944a22" executionId="7267b744-22f4-4041-b4ef-9ea894523b51" testListId="8c84fa94-04c1-424b-9868-57a2d4851a1d" /><TestEntry testId="d4b929ad-bf90-4a40-b8bd-4396b15a89e6" executionId="578eb1eb-1e2a-4ec4-8ead-d9873badeb7a" testListId="8c84fa94-04c1-424b-9868-57a2d4851a1d" /><TestEntry testId="1fd501c5-05f2-4e21-92fd-e2aecee8525a" executionId="550169ef-e649-4113-8238-2c20f7f36f6a" testListId="8c84fa94-04c1-424b-9868-57a2d4851a1d" /><TestEntry testId="a813d97a-a2e8-481c-946e-26b09dbdc595" executionId="63a3e180-83ba-4087-b75d-a955e0866620" testListId="8c84fa94-04c1-424b-9868-57a2d4851a1d" /><TestEntry testId="e6aedadd-287e-4dbf-8f71-dfcee07c39b6" executionId="9e0dfc3f-da6d-461a-80e9-78c517b4830c" testListId="8c84fa94-04c1-424b-9868-57a2d4851a1d" /><TestEntry testId="6e61b5d1-6a70-4528-a03c-36bd47d58534" executionId="c27dcff3-d9d7-45e9-8cf9-982f927f21af" testListId="8c84fa94-04c1-424b-9868-57a2d4851a1d" /><TestEntry testId="84f84dbc-c792-4c83-83fd-7a45fb766a01" executionId="c8af19c8-c560-4bfd-9c9a-7c24eb32e5cc" testListId="8c84fa94-04c1-424b-9868-57a2d4851a1d" /><TestEntry testId="ef1dae61-f476-4e37-a4bf-5e29b552508d" executionId="37ed3a0a-1921-48da-bc91-f907f8851a88" testListId="8c84fa94-04c1-424b-9868-57a2d4851a1d" /><TestEntry testId="76d26d03-f365-45fa-87ff-6d0a5a74b604" executionId="d634eeec-bd5a-405d-8932-781249cc79a9" testListId="8c84fa94-04c1-424b-9868-57a2d4851a1d" /><TestEntry testId="803549b5-ec53-4647-bc97-e1bef9cd11eb" executionId="418315e3-01f7-4712-9757-71e658e73f1e" testListId="8c84fa94-04c1-424b-9868-57a2d4851a1d" /><TestEntry testId="71c87153-dca4-4b7a-a455-2f55f4f53b4f" executionId="3a44121e-1fb5-4895-8e0d-c741f232cdb5" testListId="8c84fa94-04c1-424b-9868-57a2d4851a1d" /><TestEntry testId="07f1d13b-8c2a-4cc7-98cd-5f5d664b3336" executionId="695e83e3-3082-45fc-862e-050e5fcb8740" testListId="8c84fa94-04c1-424b-9868-57a2d4851a1d" /><TestEntry testId="1b1546ff-a798-4f56-9281-003e69d1b2eb" executionId="1ed5806e-1d6a-4e67-b682-644a90a8c24c" testListId="8c84fa94-04c1-424b-9868-57a2d4851a1d" /><TestEntry testId="25cd0373-0097-4faa-80da-e7101cc087d1" executionId="c8522ebb-cf22-4c96-9868-b1cec4c9818f" testListId="8c84fa94-04c1-424b-9868-57a2d4851a1d" /><TestEntry testId="189f5c74-d0d2-4852-ad7f-2bef27d66bea" executionId="fbcd7af6-7bfc-4041-97b9-5aa471260de0" testListId="8c84fa94-04c1-424b-9868-57a2d4851a1d" /><TestEntry testId="2b432a81-e247-4003-8666-fa482802098c" executionId="d4301708-9e1c-44f8-b745-3434dec2e514" testListId="8c84fa94-04c1-424b-9868-57a2d4851a1d" /><TestEntry testId="50216929-d024-4181-bafa-e3fb85d26a96" executionId="1be3e59a-eb8e-4cc7-b5e1-ef3547a572f9" testListId="8c84fa94-04c1-424b-9868-57a2d4851a1d" /><TestEntry testId="5d0dbdfe-50b1-493d-95f0-416b2614c8d4" executionId="cbd07ba4-d17e-437a-be1f-dabde3a4c477" testListId="8c84fa94-04c1-424b-9868-57a2d4851a1d" /><TestEntry testId="b86eec67-8d50-4a1c-a979-ccc08aaef576" executionId="23c2f900-8a27-4dad-899f-eba6f147307f" testListId="8c84fa94-04c1-424b-9868-57a2d4851a1d" /><TestEntry testId="d7a47dfb-a557-4224-8922-c6a7d42bc0dd" executionId="1e0ebc8e-d515-4420-9548-64d123c8f232" testListId="8c84fa94-04c1-424b-9868-57a2d4851a1d" /><TestEntry testId="fe79d24d-7fb8-4f1e-97f5-d383ebcfd7cd" executionId="8fcc1102-dc52-49ff-965d-1b844bb9b631" testListId="8c84fa94-04c1-424b-9868-57a2d4851a1d" /><TestEntry testId="28b7154b-68ac-4f0a-a735-3877b7a8632c" executionId="73169a9b-afb3-42a0-a776-32cf380083d0" testListId="8c84fa94-04c1-424b-9868-57a2d4851a1d" /><TestEntry testId="0178256d-6c09-4f0d-bcc3-d8404af00f24" executionId="e4822645-e920-41c6-9545-f8682e7ce9e6" testListId="8c84fa94-04c1-424b-9868-57a2d4851a1d" /><TestEntry testId="7985a010-d21d-4e98-bbb5-a22edbd20101" executionId="da21f291-1c02-4a86-8daa-f88d277cedf5" testListId="8c84fa94-04c1-424b-9868-57a2d4851a1d" /><TestEntry testId="c1d7fb85-b8df-4008-bb62-e3f09aef6985" executionId="9a8a94eb-51f1-4cb9-8051-ba795060390e" testListId="8c84fa94-04c1-424b-9868-57a2d4851a1d" /><TestEntry testId="432546c9-a726-458b-9321-0bc0ff58633c" executionId="edf40956-ff67-4613-9a50-c18ddaa4868b" testListId="8c84fa94-04c1-424b-9868-57a2d4851a1d" /><TestEntry testId="6ee6691e-e141-40f7-81d6-468c373e5e6e" executionId="6caaf294-c034-4a5d-a197-7fc4e885c85f" testListId="8c84fa94-04c1-424b-9868-57a2d4851a1d" /><TestEntry testId="3d8c80df-a74e-4aa4-a69a-e4e7f0de1813" executionId="f21f1a35-758a-435d-9f79-d9179357a9d7" testListId="8c84fa94-04c1-424b-9868-57a2d4851a1d" /><TestEntry testId="38ddc9ba-c767-428d-be14-70acf254d19a" executionId="9c2e213a-7fe7-4294-a603-223a6f750749" testListId="8c84fa94-04c1-424b-9868-57a2d4851a1d" /><TestEntry testId="99325199-a389-42f6-bff2-762f9625face" executionId="4472d6b7-fff1-4c41-aa11-a3c727f638a5" testListId="8c84fa94-04c1-424b-9868-57a2d4851a1d" /></TestEntries><TestLists><TestList name="Results Not in a List" id="8c84fa94-04c1-424b-9868-57a2d4851a1d" /><TestList name="All Loaded Results" id="19431567-8539-422a-85d7-44ee4e166bda" /></TestLists><ResultSummary outcome="Completed"><Counters total="594" executed="594" passed="594" failed="0" error="0" timeout="0" aborted="0" inconclusive="0" passedButRunAborted="0" notRunnable="0" notExecuted="0" disconnected="0" warning="0" completed="0" inProgress="0" pending="0" /><Output><StdOut>NUnit Adapter 3.9.0.0: Test execution startedRunning all tests in C:\workspaces\openkit-dotnet\tests\openkit-dotnetcore-1.1.Tests\bin\Release\netcoreapp1.1\openkit-dotnetcore-1.1.Tests.dllNUnit3TestExecutor converted 594 of 594 NUnit test casesNUnit Adapter 3.9.0.0: Test execution complete</StdOut></Output></ResultSummary></TestRun>