<?xml version="1.0" encoding="utf-8"?><TestRun id="8cce0a52-3008-4db0-b1df-eb5a5a0ef40e" name="andreas.doppelhofer@TAG009442327432 2018-09-20 12:47:57" runUser="DYNATRACE\andreas.doppelhofer" xmlns="http://microsoft.com/schemas/VisualStudio/TeamTest/2010"><Times creation="2018-09-20T12:47:57.7913594+02:00" queuing="2018-09-20T12:47:57.7913594+02:00" start="2018-09-20T12:47:56.1291409+02:00" finish="2018-09-20T12:48:00.3199482+02:00" /><TestSettings name="default" id="235d82da-16af-49c5-b3cc-6009c65bcfc0"><Deployment runDeploymentRoot="andreas.doppelhofer_TAG009442327432_2018-09-20_12_47_57" /></TestSettings><Results><UnitTestResult executionId="12bb4b30-f17d-4f5f-8ee6-3b1ffe77418f" testId="b96fee1c-2692-4dac-b241-850a34da2c90" testName="resetDataMarkedForSendingReturnsIfDataHasNotBeenCopied" computerName="TAG009442327432" duration="00:00:00.0010000" startTime="2018-09-20T12:47:57.0000000+02:00" endTime="2018-09-20T12:47:57.0000000+02:00" testType="13cdc9d9-ddb5-4fa4-a97d-d965ccfc6d4b" outcome="Passed" testListId="8c84fa94-04c1-424b-9868-57a2d4851a1d" relativeResultsDirectory="12bb4b30-f17d-4f5f-8ee6-3b1ffe77418f" /><UnitTestResult executionId="04fc38c2-f148-4951-a968-3b9fc57cc893" testId="a867d6a4-a6aa-40af-bfbe-25e76abfc673" testName="AfterCallingEndASessionIsEnded" computerName="TAG009442327432" duration="00:00:00.0020000" startTime="2018-09-20T12:47:58.0000000+02:00" endTime="2018-09-20T12:47:58.0000000+02:00" testType="13cdc9d9-ddb5-4fa4-a97d-d965ccfc6d4b" outcome="Passed" testListId="8c84fa94-04c1-424b-9868-57a2d4851a1d" relativeResultsDirectory="04fc38c2-f148-4951-a968-3b9fc57cc893" /><UnitTestResult executionId="aef262a7-4abe-4bf0-941b-8fb694bbd4f4" testId="639f82e1-f45c-4d8d-ba20-4ea57f295d32" testName="TimeSyncRequestsAreInterruptedAfterUnsuccessfulRetries" computerName="TAG009442327432" duration="00:00:00.0010000" startTime="2018-09-20T12:47:58.0000000+02:00" endTime="2018-09-20T12:47:58.0000000+02:00" testType="13cdc9d9-ddb5-4fa4-a97d-d965ccfc6d4b" outcome="Passed" testListId="8c84fa94-04c1-424b-9868-57a2d4851a1d" relativeResultsDirectory="aef262a7-4abe-4bf0-941b-8fb694bbd4f4" /><UnitTestResult executionId="ba5db2d3-daff-4fcb-84dd-b2a8228dd80d" testId="4627f1e4-c20f-45bb-97d9-88aa4148d22f" testName="StartTimeIsSetInConstructor" computerName="TAG009442327432" duration="00:00:00.0010000" startTime="2018-09-20T12:47:57.0000000+02:00" endTime="2018-09-20T12:47:57.0000000+02:00" testType="13cdc9d9-ddb5-4fa4-a97d-d965ccfc6d4b" outcome="Passed" testListId="8c84fa94-04c1-424b-9868-57a2d4851a1d" relativeResultsDirectory="ba5db2d3-daff-4fcb-84dd-b2a8228dd80d" /><UnitTestResult executionId="9c2a77de-49c4-450a-bc5c-d15dbb1bf1b2" testId="a3127122-ad44-427f-9615-08b75466bd77" testName="aProviderInitializedWithMaxIntValueProvidesMinSessionIdValueAtNextCall" computerName="TAG009442327432" duration="00:00:00.0000001" startTime="2018-09-20T12:48:00.0000000+02:00" endTime="2018-09-20T12:48:00.0000000+02:00" testType="13cdc9d9-ddb5-4fa4-a97d-d965ccfc6d4b" outcome="Passed" testListId="8c84fa94-04c1-424b-9868-57a2d4851a1d" relativeResultsDirectory="9c2a77de-49c4-450a-bc5c-d15dbb1bf1b2" /><UnitTestResult executionId="9eae19bf-d08b-4a75-97c0-0087008a8166" testId="3e28f60a-b474-41e6-ad18-7903e0d07c40" testName="IpV6AddressHexCompressedIsValidBlock4" computerName="TAG009442327432" duration="00:00:00.0000001" startTime="2018-09-20T12:47:58.0000000+02:00" endTime="2018-09-20T12:47:58.0000000+02:00" testType="13cdc9d9-ddb5-4fa4-a97d-d965ccfc6d4b" outcome="Passed" testListId="8c84fa94-04c1-424b-9868-57a2d4851a1d" relativeResultsDirectory="9eae19bf-d08b-4a75-97c0-0087008a8166" /><UnitTestResult executionId="58cd168c-1804-432f-9c43-64cb7c0951c4" testId="e2f27836-3733-495a-9726-a7925a9219a7" testName="TransitionToCaptureOnStateIsPerformed" computerName="TAG009442327432" duration="00:00:00.0010000" startTime="2018-09-20T12:47:57.0000000+02:00" endTime="2018-09-20T12:47:57.0000000+02:00" testType="13cdc9d9-ddb5-4fa4-a97d-d965ccfc6d4b" outcome="Passed" testListId="8c84fa94-04c1-424b-9868-57a2d4851a1d" relativeResultsDirectory="58cd168c-1804-432f-9c43-64cb7c0951c4" /><UnitTestResult executionId="72a2012e-a1af-45bc-a8ac-39dca920370e" testId="e1ef54fc-3995-409d-8636-496991336c65" testName="FinishingANewSessionStillLeavesItNew" computerName="TAG009442327432" duration="00:00:00.0030000" startTime="2018-09-20T12:47:58.0000000+02:00" endTime="2018-09-20T12:47:58.0000000+02:00" testType="13cdc9d9-ddb5-4fa4-a97d-d965ccfc6d4b" outcome="Passed" testListId="8c84fa94-04c1-424b-9868-57a2d4851a1d" relativeResultsDirectory="72a2012e-a1af-45bc-a8ac-39dca920370e"><Output><StdOut>2018-09-20T10:47:58.0983730Z DEBUG [3] BeaconSender StartSession
2018-09-20T10:47:58.0983730Z DEBUG [3] BeaconCache AddEventData(sn=1, timestamp=0, data='et=18&amp;it=0&amp;pa=0&amp;s0=1&amp;t0=0')</StdOut></Output></UnitTestResult><UnitTestResult executionId="4c2fe7cc-b79d-48d3-a3f6-4f2f45fc087e" testId="b53d4940-8990-44c6-9366-edeccdcc24cc" testName="CapturingIsDisabledFromStatusResponse" computerName="TAG009442327432" duration="00:00:00.0010000" startTime="2018-09-20T12:47:58.0000000+02:00" endTime="2018-09-20T12:47:58.0000000+02:00" testType="13cdc9d9-ddb5-4fa4-a97d-d965ccfc6d4b" outcome="Passed" testListId="8c84fa94-04c1-424b-9868-57a2d4851a1d" relativeResultsDirectory="4c2fe7cc-b79d-48d3-a3f6-4f2f45fc087e" /><UnitTestResult executionId="3bea376a-75d1-4cd4-9bb7-e6fc1772fad8" testId="c6e0ccdd-bca5-477c-bd95-455deec99f51" testName="InitializeTimeSyncDelegatesToTimingProvider" computerName="TAG009442327432" duration="00:00:00.0010000" startTime="2018-09-20T12:47:58.0000000+02:00" endTime="2018-09-20T12:47:58.0000000+02:00" testType="13cdc9d9-ddb5-4fa4-a97d-d965ccfc6d4b" outcome="Passed" testListId="8c84fa94-04c1-424b-9868-57a2d4851a1d" relativeResultsDirectory="3bea376a-75d1-4cd4-9bb7-e6fc1772fad8" /><UnitTestResult executionId="86af52bc-253b-496d-8c01-d03a5c917c2a" testId="80223036-68ac-442e-a8b3-eeeb4e5df0c8" testName="ShouldRunGivesFalseIfNumBytesInCacheIsLessThanUpperBoundLimit" computerName="TAG009442327432" duration="00:00:00.0000001" startTime="2018-09-20T12:47:57.0000000+02:00" endTime="2018-09-20T12:47:57.0000000+02:00" testType="13cdc9d9-ddb5-4fa4-a97d-d965ccfc6d4b" outcome="Passed" testListId="8c84fa94-04c1-424b-9868-57a2d4851a1d" relativeResultsDirectory="86af52bc-253b-496d-8c01-d03a5c917c2a" /><UnitTestResult executionId="98b42ae3-4e38-4f56-8b96-da2afe2124be" testId="e473b166-8b4e-4492-a243-6e7624ead855" testName="SessionIDIsAlwaysValue1OnDataCollectionLevel1" computerName="TAG009442327432" duration="00:00:00.0000001" startTime="2018-09-20T12:47:58.0000000+02:00" endTime="2018-09-20T12:47:58.0000000+02:00" testType="13cdc9d9-ddb5-4fa4-a97d-d965ccfc6d4b" outcome="Passed" testListId="8c84fa94-04c1-424b-9868-57a2d4851a1d" relativeResultsDirectory="98b42ae3-4e38-4f56-8b96-da2afe2124be" /><UnitTestResult executionId="08c678a4-9899-441e-83d9-6137daa8be1f" testId="450a01b4-c4af-42f3-993a-922193b7b8cb" testName="IpV6AddressHexCompressedIsValidBlock2" computerName="TAG009442327432" duration="00:00:00.0000001" startTime="2018-09-20T12:47:58.0000000+02:00" endTime="2018-09-20T12:47:58.0000000+02:00" testType="13cdc9d9-ddb5-4fa4-a97d-d965ccfc6d4b" outcome="Passed" testListId="8c84fa94-04c1-424b-9868-57a2d4851a1d" relativeResultsDirectory="08c678a4-9899-441e-83d9-6137daa8be1f" /><UnitTestResult executionId="a8f6e2c8-8343-4584-9b5d-e6d948c40ee3" testId="d68d3f7c-11c2-40ad-873c-c5982b9b5180" testName="TheStrategyIsDisabledIfCacheSizeUpperBoundIsLessThanZero" computerName="TAG009442327432" duration="00:00:00.0000001" startTime="2018-09-20T12:47:57.0000000+02:00" endTime="2018-09-20T12:47:57.0000000+02:00" testType="13cdc9d9-ddb5-4fa4-a97d-d965ccfc6d4b" outcome="Passed" testListId="8c84fa94-04c1-424b-9868-57a2d4851a1d" relativeResultsDirectory="a8f6e2c8-8343-4584-9b5d-e6d948c40ee3" /><UnitTestResult executionId="4d88c538-e36d-44fc-9610-40ce55e7d50b" testId="5e5d4acf-010f-46df-a982-9d19f84f32c3" testName="SendTimeSyncRequestReturnsAnUnknownErrorResponseForUnparseableStatusResponse" computerName="TAG009442327432" duration="00:00:00.0040000" startTime="2018-09-20T12:48:00.0000000+02:00" endTime="2018-09-20T12:48:00.0000000+02:00" testType="13cdc9d9-ddb5-4fa4-a97d-d965ccfc6d4b" outcome="Passed" testListId="8c84fa94-04c1-424b-9868-57a2d4851a1d" relativeResultsDirectory="4d88c538-e36d-44fc-9610-40ce55e7d50b" /><UnitTestResult executionId="9ae7a009-5a2b-428a-bd9c-19e5f250030e" testId="a0ea9164-a3f3-4d30-9197-a55556ec0d34" testName="IpV6AddressValid_RFCLeadingZeros" computerName="TAG009442327432" duration="00:00:00.0000001" startTime="2018-09-20T12:47:58.0000000+02:00" endTime="2018-09-20T12:47:58.0000000+02:00" testType="13cdc9d9-ddb5-4fa4-a97d-d965ccfc6d4b" outcome="Passed" testListId="8c84fa94-04c1-424b-9868-57a2d4851a1d" relativeResultsDirectory="9ae7a009-5a2b-428a-bd9c-19e5f250030e" /><UnitTestResult executionId="7c0cb195-8948-46a0-99fb-7ce95847a1ff" testId="57506ce3-b6b6-44c0-bfa7-ef1f69013c15" testName="ClearCapturedDataClearsDataFromSession" computerName="TAG009442327432" duration="00:00:00.0010000" startTime="2018-09-20T12:47:58.0000000+02:00" endTime="2018-09-20T12:47:58.0000000+02:00" testType="13cdc9d9-ddb5-4fa4-a97d-d965ccfc6d4b" outcome="Passed" testListId="8c84fa94-04c1-424b-9868-57a2d4851a1d" relativeResultsDirectory="7c0cb195-8948-46a0-99fb-7ce95847a1ff" /><UnitTestResult executionId="17536015-e4eb-4e66-a15f-dac05a1f5091" testId="088f70e4-828f-4844-80f7-8f1516638a90" testName="ParsingInvalidMaxBeaconSizeThrowsException" computerName="TAG009442327432" duration="00:00:00.0020000" startTime="2018-09-20T12:48:00.0000000+02:00" endTime="2018-09-20T12:48:00.0000000+02:00" testType="13cdc9d9-ddb5-4fa4-a97d-d965ccfc6d4b" outcome="Passed" testListId="8c84fa94-04c1-424b-9868-57a2d4851a1d" relativeResultsDirectory="17536015-e4eb-4e66-a15f-dac05a1f5091" /><UnitTestResult executionId="fe5aff48-7518-4f29-bf53-1a280667d96f" testId="703fde59-c27c-47f8-a81d-727697b607b8" testName="SetBytesSentSetsTheNumberOfSentBytes" computerName="TAG009442327432" duration="00:00:00.0000001" startTime="2018-09-20T12:47:58.0000000+02:00" endTime="2018-09-20T12:47:58.0000000+02:00" testType="13cdc9d9-ddb5-4fa4-a97d-d965ccfc6d4b" outcome="Passed" testListId="8c84fa94-04c1-424b-9868-57a2d4851a1d" relativeResultsDirectory="fe5aff48-7518-4f29-bf53-1a280667d96f" /><UnitTestResult executionId="8054aa66-02a4-4016-8a26-e0133188796f" testId="066b4c0e-5d59-4314-84ef-2b78669476e8" testName="IsDebugEnabledIsTrueIfVerboseIsTrue" computerName="TAG009442327432" duration="00:00:00.0000001" startTime="2018-09-20T12:47:58.0000000+02:00" endTime="2018-09-20T12:47:58.0000000+02:00" testType="13cdc9d9-ddb5-4fa4-a97d-d965ccfc6d4b" outcome="Passed" testListId="8c84fa94-04c1-424b-9868-57a2d4851a1d" relativeResultsDirectory="8054aa66-02a4-4016-8a26-e0133188796f" /><UnitTestResult executionId="b37b23d0-add2-42ec-b0fb-75713c3b73de" testId="584f163d-ae82-4267-910b-524a26cf2746" testName="CaptureCrashesIsFalseWhenItIsEqualToZero" computerName="TAG009442327432" duration="00:00:00.0000001" startTime="2018-09-20T12:48:00.0000000+02:00" endTime="2018-09-20T12:48:00.0000000+02:00" testType="13cdc9d9-ddb5-4fa4-a97d-d965ccfc6d4b" outcome="Passed" testListId="8c84fa94-04c1-424b-9868-57a2d4851a1d" relativeResultsDirectory="b37b23d0-add2-42ec-b0fb-75713c3b73de" /><UnitTestResult executionId="bbec2bd3-a18f-49c2-81c8-3a94cf28d805" testId="5efcf2f9-af1d-4a9f-85a1-6261e2f0e9ca" testName="LeavingAnActionSetsTheEndSequenceNumber" computerName="TAG009442327432" duration="00:00:00.0010000" startTime="2018-09-20T12:47:57.0000000+02:00" endTime="2018-09-20T12:47:57.0000000+02:00" testType="13cdc9d9-ddb5-4fa4-a97d-d965ccfc6d4b" outcome="Passed" testListId="8c84fa94-04c1-424b-9868-57a2d4851a1d" relativeResultsDirectory="bbec2bd3-a18f-49c2-81c8-3a94cf28d805" /><UnitTestResult executionId="3d1b7001-e3a6-48fc-bf79-607f211924b2" testId="7c8b134f-e0e6-48de-84bc-6771cba50f9b" testName="ReceivingTooManyRequestsResponseDisablesCapturing" computerName="TAG009442327432" duration="00:00:00.0060000" startTime="2018-09-20T12:47:58.0000000+02:00" endTime="2018-09-20T12:47:58.0000000+02:00" testType="13cdc9d9-ddb5-4fa4-a97d-d965ccfc6d4b" outcome="Passed" testListId="8c84fa94-04c1-424b-9868-57a2d4851a1d" relativeResultsDirectory="3d1b7001-e3a6-48fc-bf79-607f211924b2" /><UnitTestResult executionId="09f06e3f-368d-4d84-a554-a74b23aead72" testId="162d2317-4e21-4ad8-bad8-826c728ae27c" testName="ReportIntValueDoesNothingIfValueNameIsNull" computerName="TAG009442327432" duration="00:00:00.0010000" startTime="2018-09-20T12:47:57.0000000+02:00" endTime="2018-09-20T12:47:57.0000000+02:00" testType="13cdc9d9-ddb5-4fa4-a97d-d965ccfc6d4b" outcome="Passed" testListId="8c84fa94-04c1-424b-9868-57a2d4851a1d" relativeResultsDirectory="09f06e3f-368d-4d84-a554-a74b23aead72" /><UnitTestResult executionId="60f46013-2eb2-447c-8ce3-812fec0bd725" testId="4d352b69-a3af-461f-a7a3-32d293136456" testName="TraceWebRequestGivesNullWebRequestTracerIfUrlIsAnEmptyString" computerName="TAG009442327432" duration="00:00:00.0010000" startTime="2018-09-20T12:47:57.0000000+02:00" endTime="2018-09-20T12:47:57.0000000+02:00" testType="13cdc9d9-ddb5-4fa4-a97d-d965ccfc6d4b" outcome="Passed" testListId="8c84fa94-04c1-424b-9868-57a2d4851a1d" relativeResultsDirectory="60f46013-2eb2-447c-8ce3-812fec0bd725" /><UnitTestResult executionId="77b37868-bdeb-471a-9caf-5232aa2f3b2c" testId="2229233f-184a-4552-b5d5-857fe2912f33" testName="NeedsDataCopyBeforeChunkingGivesFalseAfterDataHasBeenCopied" computerName="TAG009442327432" duration="00:00:00.0010000" startTime="2018-09-20T12:47:57.0000000+02:00" endTime="2018-09-20T12:47:57.0000000+02:00" testType="13cdc9d9-ddb5-4fa4-a97d-d965ccfc6d4b" outcome="Passed" testListId="8c84fa94-04c1-424b-9868-57a2d4851a1d" relativeResultsDirectory="77b37868-bdeb-471a-9caf-5232aa2f3b2c" /><UnitTestResult executionId="bf54a938-70b0-41e9-aa4a-720b1375943c" testId="65b5a037-e8a1-4b61-bbf8-260bb6e98c11" testName="GetRetryAfterReturnsDefaultValueIfValueIsNotParsableAsInteger" computerName="TAG009442327432" duration="00:00:00.0010000" startTime="2018-09-20T12:48:00.0000000+02:00" endTime="2018-09-20T12:48:00.0000000+02:00" testType="13cdc9d9-ddb5-4fa4-a97d-d965ccfc6d4b" outcome="Passed" testListId="8c84fa94-04c1-424b-9868-57a2d4851a1d" relativeResultsDirectory="bf54a938-70b0-41e9-aa4a-720b1375943c" /><UnitTestResult executionId="57dc042e-2c82-47b6-8944-ca37688ab41e" testId="9a47f1c2-52b3-4920-bf51-386b1f9f9ad9" testName="NamedEventNotReportedForDataCollectionLevel0" computerName="TAG009442327432" duration="00:00:00.0020000" startTime="2018-09-20T12:47:58.0000000+02:00" endTime="2018-09-20T12:47:58.0000000+02:00" testType="13cdc9d9-ddb5-4fa4-a97d-d965ccfc6d4b" outcome="Passed" testListId="8c84fa94-04c1-424b-9868-57a2d4851a1d" relativeResultsDirectory="57dc042e-2c82-47b6-8944-ca37688ab41e" /><UnitTestResult executionId="37a27b92-71f4-4845-b284-0adc3d42a9bf" testId="b892d6e6-55ad-4d98-aa49-0a8588d25449" testName="SleepTimeIsDoubledBetweenConsecutiveRetries" computerName="TAG009442327432" duration="00:00:00.0010000" startTime="2018-09-20T12:47:58.0000000+02:00" endTime="2018-09-20T12:47:58.0000000+02:00" testType="13cdc9d9-ddb5-4fa4-a97d-d965ccfc6d4b" outcome="Passed" testListId="8c84fa94-04c1-424b-9868-57a2d4851a1d" relativeResultsDirectory="37a27b92-71f4-4845-b284-0adc3d42a9bf" /><UnitTestResult executionId="4927f464-76cf-4ac8-947f-4d538390dfcc" testId="7594db89-595f-45c0-9db8-b3c9f8350181" testName="ParsingInvalidResponseSendTimeThrowsException" computerName="TAG009442327432" duration="00:00:00.0020000" startTime="2018-09-20T12:48:00.0000000+02:00" endTime="2018-09-20T12:48:00.0000000+02:00" testType="13cdc9d9-ddb5-4fa4-a97d-d965ccfc6d4b" outcome="Passed" testListId="8c84fa94-04c1-424b-9868-57a2d4851a1d" relativeResultsDirectory="4927f464-76cf-4ac8-947f-4d538390dfcc" /><UnitTestResult executionId="b2e6a3a5-5ea4-443c-9a49-b37f17a093c3" testId="0f6cd966-3fc6-4e1e-a833-0a9f6fb6fa76" testName="CurrentThreadIDIsReturned" computerName="TAG009442327432" duration="00:00:00.0000001" startTime="2018-09-20T12:48:00.0000000+02:00" endTime="2018-09-20T12:48:00.0000000+02:00" testType="13cdc9d9-ddb5-4fa4-a97d-d965ccfc6d4b" outcome="Passed" testListId="8c84fa94-04c1-424b-9868-57a2d4851a1d" relativeResultsDirectory="b2e6a3a5-5ea4-443c-9a49-b37f17a093c3" /><UnitTestResult executionId="2ff294c6-d198-4b2c-8d32-726746dec991" testId="bb847ebb-1108-4edb-9e79-cfd176eaee6d" testName="RemoveOldestRecordsRemovesEventDataIfActionDataIsEmpty" computerName="TAG009442327432" duration="00:00:00.0010000" startTime="2018-09-20T12:47:57.0000000+02:00" endTime="2018-09-20T12:47:57.0000000+02:00" testType="13cdc9d9-ddb5-4fa4-a97d-d965ccfc6d4b" outcome="Passed" testListId="8c84fa94-04c1-424b-9868-57a2d4851a1d" relativeResultsDirectory="2ff294c6-d198-4b2c-8d32-726746dec991" /><UnitTestResult executionId="6d619e5c-03d0-4f1f-9f45-f1b4bdcc2fe2" testId="c0dc9930-e506-4bb9-a507-ba785fb72ee0" testName="ANewlyCreatedSessionIsNotEnded" computerName="TAG009442327432" duration="00:00:00.0010000" startTime="2018-09-20T12:47:58.0000000+02:00" endTime="2018-09-20T12:47:58.0000000+02:00" testType="13cdc9d9-ddb5-4fa4-a97d-d965ccfc6d4b" outcome="Passed" testListId="8c84fa94-04c1-424b-9868-57a2d4851a1d" relativeResultsDirectory="6d619e5c-03d0-4f1f-9f45-f1b4bdcc2fe2" /><UnitTestResult executionId="9e218013-f77f-4749-8eda-d31ea4111b48" testId="643c9aaf-cd2d-4493-a11c-495f0c8a52f5" testName="CannotAddSentBytesWithInvalidValueSmallerZeroToWebRequestTracer" computerName="TAG009442327432" duration="00:00:00.0010000" startTime="2018-09-20T12:47:58.0000000+02:00" endTime="2018-09-20T12:47:58.0000000+02:00" testType="13cdc9d9-ddb5-4fa4-a97d-d965ccfc6d4b" outcome="Passed" testListId="8c84fa94-04c1-424b-9868-57a2d4851a1d" relativeResultsDirectory="9e218013-f77f-4749-8eda-d31ea4111b48" /><UnitTestResult executionId="bffccdf2-ca27-4e97-86f2-01c32bf02f75" testId="e8c39f96-b1cc-429e-af85-8f91f3f94922" testName="ToStringReturnStateName" computerName="TAG009442327432" duration="00:00:00.0010000" startTime="2018-09-20T12:47:58.0000000+02:00" endTime="2018-09-20T12:47:58.0000000+02:00" testType="13cdc9d9-ddb5-4fa4-a97d-d965ccfc6d4b" outcome="Passed" testListId="8c84fa94-04c1-424b-9868-57a2d4851a1d" relativeResultsDirectory="bffccdf2-ca27-4e97-86f2-01c32bf02f75" /><UnitTestResult executionId="6a054298-2586-4c94-b11d-eb36bd525e70" testId="cf4f054b-c6e4-4fac-b4d3-4e0b02a3ec3b" testName="LastRuntimeStampIsAdjustedDuringFirstExecution" computerName="TAG009442327432" duration="00:00:00.0010000" startTime="2018-09-20T12:47:57.0000000+02:00" endTime="2018-09-20T12:47:57.0000000+02:00" testType="13cdc9d9-ddb5-4fa4-a97d-d965ccfc6d4b" outcome="Passed" testListId="8c84fa94-04c1-424b-9868-57a2d4851a1d" relativeResultsDirectory="6a054298-2586-4c94-b11d-eb36bd525e70" /><UnitTestResult executionId="104d01c4-f4f7-4d67-93b9-3c62fd303a96" testId="c0cb0309-8c5c-4530-9037-6cb9885bcf43" testName="ByDefaultTheSessionIsNotFinished" computerName="TAG009442327432" duration="00:00:00.0000001" startTime="2018-09-20T12:47:58.0000000+02:00" endTime="2018-09-20T12:47:58.0000000+02:00" testType="13cdc9d9-ddb5-4fa4-a97d-d965ccfc6d4b" outcome="Passed" testListId="8c84fa94-04c1-424b-9868-57a2d4851a1d" relativeResultsDirectory="104d01c4-f4f7-4d67-93b9-3c62fd303a96" /><UnitTestResult executionId="903e65c1-a277-4cd6-9a71-4de0e8655071" testId="ac083a3a-9294-404f-8352-79566f23c3e3" testName="ReportDoubleValueDoesNothingIfValueNameIsAnEmptyString" computerName="TAG009442327432" duration="00:00:00.0060000" startTime="2018-09-20T12:47:57.0000000+02:00" endTime="2018-09-20T12:47:57.0000000+02:00" testType="13cdc9d9-ddb5-4fa4-a97d-d965ccfc6d4b" outcome="Passed" testListId="8c84fa94-04c1-424b-9868-57a2d4851a1d" relativeResultsDirectory="903e65c1-a277-4cd6-9a71-4de0e8655071" /><UnitTestResult executionId="89e28ddb-67d4-4735-ab55-dcadd1927591" testId="17bfde3d-aab0-4e16-8778-3007e0c9b2a5" testName="IpV6AddressValid_RFCExample" computerName="TAG009442327432" duration="00:00:00.0000001" startTime="2018-09-20T12:47:58.0000000+02:00" endTime="2018-09-20T12:47:58.0000000+02:00" testType="13cdc9d9-ddb5-4fa4-a97d-d965ccfc6d4b" outcome="Passed" testListId="8c84fa94-04c1-424b-9868-57a2d4851a1d" relativeResultsDirectory="89e28ddb-67d4-4735-ab55-dcadd1927591" /><UnitTestResult executionId="b9a12767-da99-4b7f-b02b-ec3ac26338dd" testId="d1fc86d3-1b0f-4d8e-b04b-fa4a6e9a2803" testName="IsTooManyRequestsResponseReturnsFalseIfResponseCodeIsNotEqualToTooManyRequestsCode" computerName="TAG009442327432" duration="00:00:00.0000001" startTime="2018-09-20T12:47:58.0000000+02:00" endTime="2018-09-20T12:47:58.0000000+02:00" testType="13cdc9d9-ddb5-4fa4-a97d-d965ccfc6d4b" outcome="Passed" testListId="8c84fa94-04c1-424b-9868-57a2d4851a1d" relativeResultsDirectory="b9a12767-da99-4b7f-b02b-ec3ac26338dd" /><UnitTestResult executionId="86531a0f-9086-4d7d-afd7-6892a756c15b" testId="c4c6101a-c2fc-4bdb-933d-a36ef42df815" testName="GetSessionReturnsWrappedSession" computerName="TAG009442327432" duration="00:00:00.0000001" startTime="2018-09-20T12:47:58.0000000+02:00" endTime="2018-09-20T12:47:58.0000000+02:00" testType="13cdc9d9-ddb5-4fa4-a97d-d965ccfc6d4b" outcome="Passed" testListId="8c84fa94-04c1-424b-9868-57a2d4851a1d" relativeResultsDirectory="86531a0f-9086-4d7d-afd7-6892a756c15b" /><UnitTestResult executionId="b96c18f1-a027-4f14-b39f-1942f540613a" testId="b3660568-4a92-4a39-bfc5-3fde4c44c307" testName="HeadersAreSet" computerName="TAG009442327432" duration="00:00:00.0010000" startTime="2018-09-20T12:48:00.0000000+02:00" endTime="2018-09-20T12:48:00.0000000+02:00" testType="13cdc9d9-ddb5-4fa4-a97d-d965ccfc6d4b" outcome="Passed" testListId="8c84fa94-04c1-424b-9868-57a2d4851a1d" relativeResultsDirectory="b96c18f1-a027-4f14-b39f-1942f540613a" /><UnitTestResult executionId="5d11a88f-e6e3-47af-82ea-d17beb2fc085" testId="11152813-688b-4afd-bc09-ec2420d74888" testName="CaptureErrorsIsTrueWhenItIsNotEqualToZero" computerName="TAG009442327432" duration="00:00:00.0010000" startTime="2018-09-20T12:48:00.0000000+02:00" endTime="2018-09-20T12:48:00.0000000+02:00" testType="13cdc9d9-ddb5-4fa4-a97d-d965ccfc6d4b" outcome="Passed" testListId="8c84fa94-04c1-424b-9868-57a2d4851a1d" relativeResultsDirectory="5d11a88f-e6e3-47af-82ea-d17beb2fc085" /><UnitTestResult executionId="870523c1-71fa-41cd-8cf0-8d753133fe4d" testId="5e6e2587-d2d9-4e20-8bdc-650afe15b8cf" testName="DeleteCacheEntriesDoesNothingIfGivenBeaconIDIsNotInCache" computerName="TAG009442327432" duration="00:00:00.0010000" startTime="2018-09-20T12:47:57.0000000+02:00" endTime="2018-09-20T12:47:57.0000000+02:00" testType="13cdc9d9-ddb5-4fa4-a97d-d965ccfc6d4b" outcome="Passed" testListId="8c84fa94-04c1-424b-9868-57a2d4851a1d" relativeResultsDirectory="870523c1-71fa-41cd-8cf0-8d753133fe4d" /><UnitTestResult executionId="3a5d856e-32d5-4cc1-874b-141bd9760f4b" testId="06094e7b-9d2c-46eb-b661-edae48648689" testName="TheStrategyIsNotDisabledIFMaxRecordAgeIsGreaterThanZero" computerName="TAG009442327432" duration="00:00:00.0000001" startTime="2018-09-20T12:47:57.0000000+02:00" endTime="2018-09-20T12:47:57.0000000+02:00" testType="13cdc9d9-ddb5-4fa4-a97d-d965ccfc6d4b" outcome="Passed" testListId="8c84fa94-04c1-424b-9868-57a2d4851a1d" relativeResultsDirectory="3a5d856e-32d5-4cc1-874b-141bd9760f4b" /><UnitTestResult executionId="dd80c396-662f-4e7f-82fb-b34111bae8d7" testId="37b66960-4112-434f-acc7-65fb134c25e8" testName="WarningLogsAppropriateMessage" computerName="TAG009442327432" duration="00:00:00.0010000" startTime="2018-09-20T12:47:58.0000000+02:00" endTime="2018-09-20T12:47:58.0000000+02:00" testType="13cdc9d9-ddb5-4fa4-a97d-d965ccfc6d4b" outcome="Passed" testListId="8c84fa94-04c1-424b-9868-57a2d4851a1d" relativeResultsDirectory="dd80c396-662f-4e7f-82fb-b34111bae8d7" /><UnitTestResult executionId="d0adf4d7-ad4e-40ed-aea2-a2c436c34f27" testId="3daae409-ab62-4f38-9c71-c89e8f58df8a" testName="DefaultMonitorNameIsNull" computerName="TAG009442327432" duration="00:00:00.0010000" startTime="2018-09-20T12:48:00.0000000+02:00" endTime="2018-09-20T12:48:00.0000000+02:00" testType="13cdc9d9-ddb5-4fa4-a97d-d965ccfc6d4b" outcome="Passed" testListId="8c84fa94-04c1-424b-9868-57a2d4851a1d" relativeResultsDirectory="d0adf4d7-ad4e-40ed-aea2-a2c436c34f27" /><UnitTestResult executionId="99748aa3-14f5-47d0-a98d-f1f33a509f39" testId="3e6a6863-61cd-4cc8-9f1c-6c6fd5c6544d" testName="TransitionToTimeSyncIsPerformedIfNotDoneYet" computerName="TAG009442327432" duration="00:00:00.0110000" startTime="2018-09-20T12:47:57.0000000+02:00" endTime="2018-09-20T12:47:58.0000000+02:00" testType="13cdc9d9-ddb5-4fa4-a97d-d965ccfc6d4b" outcome="Passed" testListId="8c84fa94-04c1-424b-9868-57a2d4851a1d" relativeResultsDirectory="99748aa3-14f5-47d0-a98d-f1f33a509f39" /><UnitTestResult executionId="4e0b9a11-c6f8-41e2-970b-f8edf3e6cfad" testId="bddc3bb5-14e5-4372-b329-ee6e65040457" testName="GetTag" computerName="TAG009442327432" duration="00:00:00.0010000" startTime="2018-09-20T12:47:58.0000000+02:00" endTime="2018-09-20T12:47:58.0000000+02:00" testType="13cdc9d9-ddb5-4fa4-a97d-d965ccfc6d4b" outcome="Passed" testListId="8c84fa94-04c1-424b-9868-57a2d4851a1d" relativeResultsDirectory="4e0b9a11-c6f8-41e2-970b-f8edf3e6cfad" /><UnitTestResult executionId="0a9f24d3-0932-4822-ab56-366110fea9e2" testId="5bac88ef-fcf7-4703-9fe4-dbdd419c264b" testName="RemoveChunkedDataDoesNothingIfCalledWithNonExistingBeaconID" computerName="TAG009442327432" duration="00:00:00.0010000" startTime="2018-09-20T12:47:57.0000000+02:00" endTime="2018-09-20T12:47:57.0000000+02:00" testType="13cdc9d9-ddb5-4fa4-a97d-d965ccfc6d4b" outcome="Passed" testListId="8c84fa94-04c1-424b-9868-57a2d4851a1d" relativeResultsDirectory="0a9f24d3-0932-4822-ab56-366110fea9e2" /><UnitTestResult executionId="0ff47cb4-9f5c-4c1f-a27d-ddf37220137c" testId="85563c5a-b6d6-4c6c-9228-b4e969089985" testName="EnterActionGivesNullActionIfActionNameIsNull" computerName="TAG009442327432" duration="00:00:00.0010000" startTime="2018-09-20T12:47:58.0000000+02:00" endTime="2018-09-20T12:47:58.0000000+02:00" testType="13cdc9d9-ddb5-4fa4-a97d-d965ccfc6d4b" outcome="Passed" testListId="8c84fa94-04c1-424b-9868-57a2d4851a1d" relativeResultsDirectory="0ff47cb4-9f5c-4c1f-a27d-ddf37220137c" /><UnitTestResult executionId="3a8da6e6-d8bc-4e65-ba43-329c45422641" testId="3b5e2fc9-3982-498a-a481-7fc8535a987c" testName="OddNumberOfTokensThrowsException" computerName="TAG009442327432" duration="00:00:00.0010000" startTime="2018-09-20T12:48:00.0000000+02:00" endTime="2018-09-20T12:48:00.0000000+02:00" testType="13cdc9d9-ddb5-4fa4-a97d-d965ccfc6d4b" outcome="Passed" testListId="8c84fa94-04c1-424b-9868-57a2d4851a1d" relativeResultsDirectory="3a8da6e6-d8bc-4e65-ba43-329c45422641" /><UnitTestResult executionId="a109f89c-06c9-498f-82fb-03cc9ae56c21" testId="351de08d-bae1-4d94-8c8a-9132a502c1f6" testName="NoErrorIsReportedIfBeaconConfigurationDisablesCapturing" computerName="TAG009442327432" duration="00:00:00.0010000" startTime="2018-09-20T12:47:58.0000000+02:00" endTime="2018-09-20T12:47:58.0000000+02:00" testType="13cdc9d9-ddb5-4fa4-a97d-d965ccfc6d4b" outcome="Passed" testListId="8c84fa94-04c1-424b-9868-57a2d4851a1d" relativeResultsDirectory="a109f89c-06c9-498f-82fb-03cc9ae56c21" /><UnitTestResult executionId="3056d305-f6a8-48b6-a9f4-3349f53ae1c5" testId="5455821e-573a-444f-a67b-28eaede70586" testName="ReportDoubleValue" computerName="TAG009442327432" duration="00:00:00.0020000" startTime="2018-09-20T12:47:57.0000000+02:00" endTime="2018-09-20T12:47:57.0000000+02:00" testType="13cdc9d9-ddb5-4fa4-a97d-d965ccfc6d4b" outcome="Passed" testListId="8c84fa94-04c1-424b-9868-57a2d4851a1d" relativeResultsDirectory="3056d305-f6a8-48b6-a9f4-3349f53ae1c5" /><UnitTestResult executionId="a87635f4-c991-46cc-9ad3-16085c978506" testId="8ca67b9a-cf8d-4bba-9485-5bf81a515c9a" testName="SetResponseCodeDoesNotSetTheResponseCodeIfStopped" computerName="TAG009442327432" duration="00:00:00.0010000" startTime="2018-09-20T12:47:58.0000000+02:00" endTime="2018-09-20T12:47:58.0000000+02:00" testType="13cdc9d9-ddb5-4fa4-a97d-d965ccfc6d4b" outcome="Passed" testListId="8c84fa94-04c1-424b-9868-57a2d4851a1d" relativeResultsDirectory="a87635f4-c991-46cc-9ad3-16085c978506" /><UnitTestResult executionId="aeb9b5fb-ae6f-4352-832e-110ed92c66d3" testId="253d6a33-b1c6-4b54-a8ef-5cbe31a44844" testName="IpV6AddressMixedNotationInvalid_Compressed3Colon" computerName="TAG009442327432" duration="00:00:00.0000001" startTime="2018-09-20T12:47:58.0000000+02:00" endTime="2018-09-20T12:47:58.0000000+02:00" testType="13cdc9d9-ddb5-4fa4-a97d-d965ccfc6d4b" outcome="Passed" testListId="8c84fa94-04c1-424b-9868-57a2d4851a1d" relativeResultsDirectory="aeb9b5fb-ae6f-4352-832e-110ed92c66d3" /><UnitTestResult executionId="891ea9f3-07b1-498a-9f7f-91dba06d9726" testId="6d95f517-1a85-463b-a34c-a341476e991e" testName="StatusRequestIsRetried" computerName="TAG009442327432" duration="00:00:00.0010000" startTime="2018-09-20T12:47:58.0000000+02:00" endTime="2018-09-20T12:47:58.0000000+02:00" testType="13cdc9d9-ddb5-4fa4-a97d-d965ccfc6d4b" outcome="Passed" testListId="8c84fa94-04c1-424b-9868-57a2d4851a1d" relativeResultsDirectory="891ea9f3-07b1-498a-9f7f-91dba06d9726" /><UnitTestResult executionId="6b273fc5-d632-4a05-b59d-97b021a18ecc" testId="48a75a84-97da-4cdb-9dc9-b6a003a1c255" testName="TheInitialLastRunTimestampIsMinusOne" computerName="TAG009442327432" duration="00:00:00.0000001" startTime="2018-09-20T12:47:57.0000000+02:00" endTime="2018-09-20T12:47:57.0000000+02:00" testType="13cdc9d9-ddb5-4fa4-a97d-d965ccfc6d4b" outcome="Passed" testListId="8c84fa94-04c1-424b-9868-57a2d4851a1d" relativeResultsDirectory="6b273fc5-d632-4a05-b59d-97b021a18ecc" /><UnitTestResult executionId="6ff5f7b9-7427-4afd-909b-06341c7051ff" testId="8a1fbf68-973f-4338-aa79-c3ff4417099e" testName="TheStrategyIsDisabledIfCacheSizeLowerBoundIsLessThanZero" computerName="TAG009442327432" duration="00:00:00.0000001" startTime="2018-09-20T12:47:57.0000000+02:00" endTime="2018-09-20T12:47:57.0000000+02:00" testType="13cdc9d9-ddb5-4fa4-a97d-d965ccfc6d4b" outcome="Passed" testListId="8c84fa94-04c1-424b-9868-57a2d4851a1d" relativeResultsDirectory="6ff5f7b9-7427-4afd-909b-06341c7051ff" /><UnitTestResult executionId="c1e644b8-9422-4116-aaa4-06d77623cbb9" testId="89c2bb8a-3f8b-40cb-a5e0-86a82cf61640" testName="SendStatusRequestSendsOneHTTPGetRequest" computerName="TAG009442327432" duration="00:00:00.0010000" startTime="2018-09-20T12:47:59.0000000+02:00" endTime="2018-09-20T12:47:59.0000000+02:00" testType="13cdc9d9-ddb5-4fa4-a97d-d965ccfc6d4b" outcome="Passed" testListId="8c84fa94-04c1-424b-9868-57a2d4851a1d" relativeResultsDirectory="c1e644b8-9422-4116-aaa4-06d77623cbb9" /><UnitTestResult executionId="187ab03c-037a-4237-82d4-a9a45530c680" testId="2c9cbfae-9948-4b79-ba3a-00976fa50111" testName="GetMultiplicityReturnsMultiplicitySetInConstructor" computerName="TAG009442327432" duration="00:00:00.0000001" startTime="2018-09-20T12:47:58.0000000+02:00" endTime="2018-09-20T12:47:58.0000000+02:00" testType="13cdc9d9-ddb5-4fa4-a97d-d965ccfc6d4b" outcome="Passed" testListId="8c84fa94-04c1-424b-9868-57a2d4851a1d" relativeResultsDirectory="187ab03c-037a-4237-82d4-a9a45530c680" /><UnitTestResult executionId="4d54d2ac-9ccd-4824-bc2a-c1e36c8c7b2c" testId="00d632ef-95a5-4da1-b345-d6b055e039ee" testName="ClearDataClearsActionAndEventData" computerName="TAG009442327432" duration="00:00:00.0010000" startTime="2018-09-20T12:47:58.0000000+02:00" endTime="2018-09-20T12:47:58.0000000+02:00" testType="13cdc9d9-ddb5-4fa4-a97d-d965ccfc6d4b" outcome="Passed" testListId="8c84fa94-04c1-424b-9868-57a2d4851a1d" relativeResultsDirectory="4d54d2ac-9ccd-4824-bc2a-c1e36c8c7b2c" /><UnitTestResult executionId="10c464cd-b193-42de-8430-1b279de281e0" testId="792ad89a-3d61-4510-88d0-f5cb160391df" testName="CacheSizeUpperBound" computerName="TAG009442327432" duration="00:00:00.0000001" startTime="2018-09-20T12:47:58.0000000+02:00" endTime="2018-09-20T12:47:58.0000000+02:00" testType="13cdc9d9-ddb5-4fa4-a97d-d965ccfc6d4b" outcome="Passed" testListId="8c84fa94-04c1-424b-9868-57a2d4851a1d" relativeResultsDirectory="10c464cd-b193-42de-8430-1b279de281e0" /><UnitTestResult executionId="0c6e6748-32cb-4468-8e18-ee7af74c09ef" testId="ae5e322c-b66a-455d-922c-029c9fcd035a" testName="SessionStartIsReportedForDataCollectionLevel0" computerName="TAG009442327432" duration="00:00:00.0010000" startTime="2018-09-20T12:47:58.0000000+02:00" endTime="2018-09-20T12:47:58.0000000+02:00" testType="13cdc9d9-ddb5-4fa4-a97d-d965ccfc6d4b" outcome="Passed" testListId="8c84fa94-04c1-424b-9868-57a2d4851a1d" relativeResultsDirectory="0c6e6748-32cb-4468-8e18-ee7af74c09ef" /><UnitTestResult executionId="2877f0c2-73a4-406f-bfc8-ad9cbabf71d3" testId="717002c9-23eb-4fbf-9be0-2913c104aef8" testName="IsSuccessfulResponseReturnsFalseIfResponseIsErroneous" computerName="TAG009442327432" duration="00:00:00.0000001" startTime="2018-09-20T12:47:58.0000000+02:00" endTime="2018-09-20T12:47:58.0000000+02:00" testType="13cdc9d9-ddb5-4fa4-a97d-d965ccfc6d4b" outcome="Passed" testListId="8c84fa94-04c1-424b-9868-57a2d4851a1d" relativeResultsDirectory="2877f0c2-73a4-406f-bfc8-ad9cbabf71d3" /><UnitTestResult executionId="211ecb8b-f1e3-4347-bc27-e01e081f368f" testId="5eb82770-2200-4c18-a977-700d4ccbcc7b" testName="IpV6AddressMixedNotationIsValidStartingWithDoubleColon" computerName="TAG009442327432" duration="00:00:00.0000001" startTime="2018-09-20T12:47:58.0000000+02:00" endTime="2018-09-20T12:47:58.0000000+02:00" testType="13cdc9d9-ddb5-4fa4-a97d-d965ccfc6d4b" outcome="Passed" testListId="8c84fa94-04c1-424b-9868-57a2d4851a1d" relativeResultsDirectory="211ecb8b-f1e3-4347-bc27-e01e081f368f" /><UnitTestResult executionId="9f842743-44b4-42cd-8d30-5cdf84e46a2e" testId="bd1217c6-d017-4526-8b02-998c198ccd5e" testName="SendBeaconRequestWorksIfResponseIsNull" computerName="TAG009442327432" duration="00:00:00.0010000" startTime="2018-09-20T12:47:58.0000000+02:00" endTime="2018-09-20T12:47:58.0000000+02:00" testType="13cdc9d9-ddb5-4fa4-a97d-d965ccfc6d4b" outcome="Passed" testListId="8c84fa94-04c1-424b-9868-57a2d4851a1d" relativeResultsDirectory="9f842743-44b4-42cd-8d30-5cdf84e46a2e" /><UnitTestResult executionId="424419c4-155b-474c-8943-072c86e22c69" testId="46be68b2-c124-40ea-8f3f-7be441c31092" testName="SessionStartIsReported" computerName="TAG009442327432" duration="00:00:00.0000001" startTime="2018-09-20T12:47:58.0000000+02:00" endTime="2018-09-20T12:47:58.0000000+02:00" testType="13cdc9d9-ddb5-4fa4-a97d-d965ccfc6d4b" outcome="Passed" testListId="8c84fa94-04c1-424b-9868-57a2d4851a1d" relativeResultsDirectory="424419c4-155b-474c-8943-072c86e22c69" /><UnitTestResult executionId="255c1726-a578-4ebd-b1c6-228457ecf2a9" testId="8334f704-3f0d-427b-8871-dfc394a94d53" testName="CanSetModelIDForAppMon" computerName="TAG009442327432" duration="00:00:00.0000001" startTime="2018-09-20T12:47:58.0000000+02:00" endTime="2018-09-20T12:47:58.0000000+02:00" testType="13cdc9d9-ddb5-4fa4-a97d-d965ccfc6d4b" outcome="Passed" testListId="8c84fa94-04c1-424b-9868-57a2d4851a1d" relativeResultsDirectory="255c1726-a578-4ebd-b1c6-228457ecf2a9" /><UnitTestResult executionId="ce718e14-c196-4235-a569-99c3e0789d2b" testId="5356cc7b-7260-4ea2-adc9-42fca677f09d" testName="CanSetAppNameForDynatrace" computerName="TAG009442327432" duration="00:00:00.0000001" startTime="2018-09-20T12:47:58.0000000+02:00" endTime="2018-09-20T12:47:58.0000000+02:00" testType="13cdc9d9-ddb5-4fa4-a97d-d965ccfc6d4b" outcome="Passed" testListId="8c84fa94-04c1-424b-9868-57a2d4851a1d" relativeResultsDirectory="ce718e14-c196-4235-a569-99c3e0789d2b" /><UnitTestResult executionId="c6c6f4f2-0dae-4f0b-aa77-41b38e58fa31" testId="299431d0-8059-4e63-bdcc-00310ff75260" testName="AmpersandIsNotAValidKeyValueSeparator" computerName="TAG009442327432" duration="00:00:00.0070000" startTime="2018-09-20T12:48:00.0000000+02:00" endTime="2018-09-20T12:48:00.0000000+02:00" testType="13cdc9d9-ddb5-4fa4-a97d-d965ccfc6d4b" outcome="Passed" testListId="8c84fa94-04c1-424b-9868-57a2d4851a1d" relativeResultsDirectory="c6c6f4f2-0dae-4f0b-aa77-41b38e58fa31" /><UnitTestResult executionId="b3a9c169-772f-4ee6-823c-be7d5fb70d3c" testId="6437a71f-8bb3-45b8-b224-67b8711d1fd5" testName="IsWarnEnabledIsTrueIfVerboseIsFalse" computerName="TAG009442327432" duration="00:00:00.0000001" startTime="2018-09-20T12:47:58.0000000+02:00" endTime="2018-09-20T12:47:58.0000000+02:00" testType="13cdc9d9-ddb5-4fa4-a97d-d965ccfc6d4b" outcome="Passed" testListId="8c84fa94-04c1-424b-9868-57a2d4851a1d" relativeResultsDirectory="b3a9c169-772f-4ee6-823c-be7d5fb70d3c" /><UnitTestResult executionId="c84e4dd5-b303-42c6-9b31-48b4402d9521" testId="ac52b544-bf37-4739-be80-53a979a5e983" testName="IpV4AddressIsInvalidDueToAdditionalCharacterInFirstBlock" computerName="TAG009442327432" duration="00:00:00.0000001" startTime="2018-09-20T12:47:58.0000000+02:00" endTime="2018-09-20T12:47:58.0000000+02:00" testType="13cdc9d9-ddb5-4fa4-a97d-d965ccfc6d4b" outcome="Passed" testListId="8c84fa94-04c1-424b-9868-57a2d4851a1d" relativeResultsDirectory="c84e4dd5-b303-42c6-9b31-48b4402d9521" /><UnitTestResult executionId="8629d7e4-1d7e-4175-a591-f964126f6f8e" testId="92e83583-9e73-4965-ab61-bc4764ab3a77" testName="CanAddSentBytesToWebRequestTracer" computerName="TAG009442327432" duration="00:00:00.0010000" startTime="2018-09-20T12:47:58.0000000+02:00" endTime="2018-09-20T12:47:58.0000000+02:00" testType="13cdc9d9-ddb5-4fa4-a97d-d965ccfc6d4b" outcome="Passed" testListId="8c84fa94-04c1-424b-9868-57a2d4851a1d" relativeResultsDirectory="8629d7e4-1d7e-4175-a591-f964126f6f8e" /><UnitTestResult executionId="bad8a11a-71c0-4838-a633-1495fe84eb68" testId="edbb67d3-e978-4c97-a9b9-94eb5e06cbd2" testName="TheStrategyIsDisabledIfCacheSizeLowerBoundIsEqualToZero" computerName="TAG009442327432" duration="00:00:00.0000001" startTime="2018-09-20T12:47:57.0000000+02:00" endTime="2018-09-20T12:47:57.0000000+02:00" testType="13cdc9d9-ddb5-4fa4-a97d-d965ccfc6d4b" outcome="Passed" testListId="8c84fa94-04c1-424b-9868-57a2d4851a1d" relativeResultsDirectory="bad8a11a-71c0-4838-a633-1495fe84eb68" /><UnitTestResult executionId="a30842ce-7146-4225-b8c9-a85a503f49ac" testId="7e149670-7607-41cb-b283-a8dadc303bb5" testName="AfterLeavingAnActionItIsLeft" computerName="TAG009442327432" duration="00:00:00.1670000" startTime="2018-09-20T12:47:57.0000000+02:00" endTime="2018-09-20T12:47:57.0000000+02:00" testType="13cdc9d9-ddb5-4fa4-a97d-d965ccfc6d4b" outcome="Passed" testListId="8c84fa94-04c1-424b-9868-57a2d4851a1d" relativeResultsDirectory="a30842ce-7146-4225-b8c9-a85a503f49ac" /><UnitTestResult executionId="b49d98a8-2eb4-4625-a59f-e4bbeeb1dba8" testId="460344f7-c041-49b1-bb67-781c92efd4c2" testName="IsErroneousResponseGivesTrueForErrorCodeEqualTo400" computerName="TAG009442327432" duration="00:00:00.0000001" startTime="2018-09-20T12:48:00.0000000+02:00" endTime="2018-09-20T12:48:00.0000000+02:00" testType="13cdc9d9-ddb5-4fa4-a97d-d965ccfc6d4b" outcome="Passed" testListId="8c84fa94-04c1-424b-9868-57a2d4851a1d" relativeResultsDirectory="b49d98a8-2eb4-4625-a59f-e4bbeeb1dba8" /><UnitTestResult executionId="b1ee488c-f757-4738-aefe-73338f08ba8e" testId="54d7b7e9-6fbf-4e77-bab5-f85ed3d02174" testName="ParsingMultiplictyWorks" computerName="TAG009442327432" duration="00:00:00.0010000" startTime="2018-09-20T12:48:00.0000000+02:00" endTime="2018-09-20T12:48:00.0000000+02:00" testType="13cdc9d9-ddb5-4fa4-a97d-d965ccfc6d4b" outcome="Passed" testListId="8c84fa94-04c1-424b-9868-57a2d4851a1d" relativeResultsDirectory="b1ee488c-f757-4738-aefe-73338f08ba8e" /><UnitTestResult executionId="8541b4fc-2de8-4934-9b41-0dc67c233ff6" testId="fd005957-bf8a-40ed-977d-2d9052cce7cf" testName="AddActionDataIncreasesCacheSize" computerName="TAG009442327432" duration="00:00:00.0010000" startTime="2018-09-20T12:47:57.0000000+02:00" endTime="2018-09-20T12:47:57.0000000+02:00" testType="13cdc9d9-ddb5-4fa4-a97d-d965ccfc6d4b" outcome="Passed" testListId="8c84fa94-04c1-424b-9868-57a2d4851a1d" relativeResultsDirectory="8541b4fc-2de8-4934-9b41-0dc67c233ff6" /><UnitTestResult executionId="7f2c7446-2f1f-409b-8ded-f2b47c7b1533" testId="a3f251f9-6a29-42a1-957e-44f7ac674a9d" testName="ParsingInvalidSendIntervalThrowsException" computerName="TAG009442327432" duration="00:00:00.0020000" startTime="2018-09-20T12:48:00.0000000+02:00" endTime="2018-09-20T12:48:00.0000000+02:00" testType="13cdc9d9-ddb5-4fa4-a97d-d965ccfc6d4b" outcome="Passed" testListId="8c84fa94-04c1-424b-9868-57a2d4851a1d" relativeResultsDirectory="7f2c7446-2f1f-409b-8ded-f2b47c7b1533" /><UnitTestResult executionId="a109febf-62b2-4ccd-9fbe-9b5d9a5b3763" testId="7363a5dd-531e-4d7e-aea5-1b710bbe1915" testName="ReportCrashDoesNothingIfSessionIsEnded" computerName="TAG009442327432" duration="00:00:00.0010000" startTime="2018-09-20T12:47:58.0000000+02:00" endTime="2018-09-20T12:47:58.0000000+02:00" testType="13cdc9d9-ddb5-4fa4-a97d-d965ccfc6d4b" outcome="Passed" testListId="8c84fa94-04c1-424b-9868-57a2d4851a1d" relativeResultsDirectory="a109febf-62b2-4ccd-9fbe-9b5d9a5b3763" /><UnitTestResult executionId="b4f98083-7569-41ad-b07a-2d98ca0c3647" testId="8812eba7-8851-4eef-a545-943b8184612b" testName="IpV6AddressLinkLocalIsInvalidTooManyBlocks" computerName="TAG009442327432" duration="00:00:00.0000001" startTime="2018-09-20T12:47:58.0000000+02:00" endTime="2018-09-20T12:47:58.0000000+02:00" testType="13cdc9d9-ddb5-4fa4-a97d-d965ccfc6d4b" outcome="Passed" testListId="8c84fa94-04c1-424b-9868-57a2d4851a1d" relativeResultsDirectory="b4f98083-7569-41ad-b07a-2d98ca0c3647" /><UnitTestResult executionId="5e20cf6f-8136-4ba5-88d0-72d2b2a98f41" testId="c7bdfe73-c8e6-4b5b-9303-aee09afa8234" testName="CanSetApplicationVersionForDynatrace" computerName="TAG009442327432" duration="00:00:00.0000001" startTime="2018-09-20T12:47:58.0000000+02:00" endTime="2018-09-20T12:47:58.0000000+02:00" testType="13cdc9d9-ddb5-4fa4-a97d-d965ccfc6d4b" outcome="Passed" testListId="8c84fa94-04c1-424b-9868-57a2d4851a1d" relativeResultsDirectory="5e20cf6f-8136-4ba5-88d0-72d2b2a98f41" /><UnitTestResult executionId="1c36b6f9-f409-4437-9f1f-bf803ee40a4b" testId="a6c47670-888e-4827-ae3e-3671c168cb1c" testName="SendNewSessionRequestWorksIfResponseIsNull" computerName="TAG009442327432" duration="00:00:00.0010000" startTime="2018-09-20T12:47:59.0000000+02:00" endTime="2018-09-20T12:47:59.0000000+02:00" testType="13cdc9d9-ddb5-4fa4-a97d-d965ccfc6d4b" outcome="Passed" testListId="8c84fa94-04c1-424b-9868-57a2d4851a1d" relativeResultsDirectory="1c36b6f9-f409-4437-9f1f-bf803ee40a4b" /><UnitTestResult executionId="20c90e75-031b-4f3f-a6aa-6e047688ce75" testId="98bfa827-3086-40f5-83fd-f7e7b8e3106e" testName="SetBytesSentDoesNotSetAnythingIfStopped" computerName="TAG009442327432" duration="00:00:00.0010000" startTime="2018-09-20T12:47:58.0000000+02:00" endTime="2018-09-20T12:47:58.0000000+02:00" testType="13cdc9d9-ddb5-4fa4-a97d-d965ccfc6d4b" outcome="Passed" testListId="8c84fa94-04c1-424b-9868-57a2d4851a1d" relativeResultsDirectory="20c90e75-031b-4f3f-a6aa-6e047688ce75" /><UnitTestResult executionId="51aefd25-a584-4152-8d2b-539303fe6a08" testId="c02e9136-cd5e-4ef1-af42-c393e0228804" testName="DynatraceOpenKitBuilderTakesStringDeviceID" computerName="TAG009442327432" duration="00:00:00.0000001" startTime="2018-09-20T12:47:58.0000000+02:00" endTime="2018-09-20T12:47:58.0000000+02:00" testType="13cdc9d9-ddb5-4fa4-a97d-d965ccfc6d4b" outcome="Passed" testListId="8c84fa94-04c1-424b-9868-57a2d4851a1d" relativeResultsDirectory="51aefd25-a584-4152-8d2b-539303fe6a08" /><UnitTestResult executionId="cdf0bc05-5308-4903-8cb0-b7cb9e7e8a6a" testId="3b57f9f4-cefa-4b12-a745-ee918359d17b" testName="TraceWebRequestGivesNullWebRequestTracerIfUrlIsNull" computerName="TAG009442327432" duration="00:00:00.0010000" startTime="2018-09-20T12:47:57.0000000+02:00" endTime="2018-09-20T12:47:57.0000000+02:00" testType="13cdc9d9-ddb5-4fa4-a97d-d965ccfc6d4b" outcome="Passed" testListId="8c84fa94-04c1-424b-9868-57a2d4851a1d" relativeResultsDirectory="cdf0bc05-5308-4903-8cb0-b7cb9e7e8a6a" /><UnitTestResult executionId="cd0e6f0e-4628-4f87-9151-509d87dda2b6" testId="0d379d45-c9fd-4c66-bb67-2b3fb4c92209" testName="ExecuteEvictionLogsAMessageOnceAndReturnsIfStrategyIsDisabled" computerName="TAG009442327432" duration="00:00:00.0010000" startTime="2018-09-20T12:47:57.0000000+02:00" endTime="2018-09-20T12:47:57.0000000+02:00" testType="13cdc9d9-ddb5-4fa4-a97d-d965ccfc6d4b" outcome="Passed" testListId="8c84fa94-04c1-424b-9868-57a2d4851a1d" relativeResultsDirectory="cd0e6f0e-4628-4f87-9151-509d87dda2b6" /><UnitTestResult executionId="b1a03213-dc26-4779-a18f-44eeeeec5919" testId="f8b8df1b-2249-4f99-a410-8b3423de31fe" testName="DefaultCaptureCrashesIsOn" computerName="TAG009442327432" duration="00:00:00.0000001" startTime="2018-09-20T12:48:00.0000000+02:00" endTime="2018-09-20T12:48:00.0000000+02:00" testType="13cdc9d9-ddb5-4fa4-a97d-d965ccfc6d4b" outcome="Passed" testListId="8c84fa94-04c1-424b-9868-57a2d4851a1d" relativeResultsDirectory="b1a03213-dc26-4779-a18f-44eeeeec5919" /><UnitTestResult executionId="76a359a8-e778-423c-aeab-823c3713d526" testId="04b9a109-9604-4416-9803-b12ff129b946" testName="EnterActionReturnsNullActionIfActionNameIsNull" computerName="TAG009442327432" duration="00:00:00.0010000" startTime="2018-09-20T12:47:58.0000000+02:00" endTime="2018-09-20T12:47:58.0000000+02:00" testType="13cdc9d9-ddb5-4fa4-a97d-d965ccfc6d4b" outcome="Passed" testListId="8c84fa94-04c1-424b-9868-57a2d4851a1d" relativeResultsDirectory="76a359a8-e778-423c-aeab-823c3713d526" /><UnitTestResult executionId="1c8f96b5-d2f6-4fbf-9392-0218ec3d7fe7" testId="dc179450-8771-4d4b-b74e-7f37694b556d" testName="ShouldRunGivesTrueIfLastRunIsMoreThanMaxAgeMillisecondsAgo" computerName="TAG009442327432" duration="00:00:00.0000001" startTime="2018-09-20T12:47:57.0000000+02:00" endTime="2018-09-20T12:47:57.0000000+02:00" testType="13cdc9d9-ddb5-4fa4-a97d-d965ccfc6d4b" outcome="Passed" testListId="8c84fa94-04c1-424b-9868-57a2d4851a1d" relativeResultsDirectory="1c8f96b5-d2f6-4fbf-9392-0218ec3d7fe7" /><UnitTestResult executionId="2ea6ed24-318f-462f-84ad-ea9aea7e971c" testId="fc90f8db-f07c-4e75-a06a-9eaea309789a" testName="DefaultSleepTimeIsUsed" computerName="TAG009442327432" duration="00:00:00.0010000" startTime="2018-09-20T12:47:58.0000000+02:00" endTime="2018-09-20T12:47:58.0000000+02:00" testType="13cdc9d9-ddb5-4fa4-a97d-d965ccfc6d4b" outcome="Passed" testListId="8c84fa94-04c1-424b-9868-57a2d4851a1d" relativeResultsDirectory="2ea6ed24-318f-462f-84ad-ea9aea7e971c" /><UnitTestResult executionId="2f7406ec-6b4a-428d-841e-89a41213a834" testId="dc8333a7-738d-4af4-a204-5f16626c89e2" testName="ReportErrorDoesNothingIfErrorNameIsNull" computerName="TAG009442327432" duration="00:00:00.0010000" startTime="2018-09-20T12:47:57.0000000+02:00" endTime="2018-09-20T12:47:57.0000000+02:00" testType="13cdc9d9-ddb5-4fa4-a97d-d965ccfc6d4b" outcome="Passed" testListId="8c84fa94-04c1-424b-9868-57a2d4851a1d" relativeResultsDirectory="2f7406ec-6b4a-428d-841e-89a41213a834" /><UnitTestResult executionId="0d0607e0-50ab-462e-bc5b-2dda803c3a4e" testId="f8a6193a-3c0c-4745-9843-483a29c1be22" testName="ReportErrorDoesNothingIfActionIsLeft" computerName="TAG009442327432" duration="00:00:00.0010000" startTime="2018-09-20T12:47:57.0000000+02:00" endTime="2018-09-20T12:47:57.0000000+02:00" testType="13cdc9d9-ddb5-4fa4-a97d-d965ccfc6d4b" outcome="Passed" testListId="8c84fa94-04c1-424b-9868-57a2d4851a1d" relativeResultsDirectory="0d0607e0-50ab-462e-bc5b-2dda803c3a4e" /><UnitTestResult executionId="1f959902-d496-4948-a9a6-38fc3f0b36ed" testId="0144940e-e80b-4872-acb6-24bedb34597d" testName="DeleteCacheEntryRemovesTheGivenBeacon" computerName="TAG009442327432" duration="00:00:00.0000001" startTime="2018-09-20T12:47:57.0000000+02:00" endTime="2018-09-20T12:47:57.0000000+02:00" testType="13cdc9d9-ddb5-4fa4-a97d-d965ccfc6d4b" outcome="Passed" testListId="8c84fa94-04c1-424b-9868-57a2d4851a1d" relativeResultsDirectory="1f959902-d496-4948-a9a6-38fc3f0b36ed" /><UnitTestResult executionId="8519debe-1aa2-4907-bc91-7f6b0989e8c3" testId="4a5c9e97-2fd2-4cd0-abec-9ec0c5ed4f6a" testName="ReportCrash" computerName="TAG009442327432" duration="00:00:00.0010000" startTime="2018-09-20T12:47:58.0000000+02:00" endTime="2018-09-20T12:47:58.0000000+02:00" testType="13cdc9d9-ddb5-4fa4-a97d-d965ccfc6d4b" outcome="Passed" testListId="8c84fa94-04c1-424b-9868-57a2d4851a1d" relativeResultsDirectory="8519debe-1aa2-4907-bc91-7f6b0989e8c3" /><UnitTestResult executionId="46bf32f6-04e2-4d76-8a8b-71b99eef4fa9" testId="9e7d93d1-f895-41c9-9324-05be0e65a2bd" testName="NoWebRequestIsReportedIfBeaconConfigurationDisablesCapturing" computerName="TAG009442327432" duration="00:00:00.0010000" startTime="2018-09-20T12:47:58.0000000+02:00" endTime="2018-09-20T12:47:58.0000000+02:00" testType="13cdc9d9-ddb5-4fa4-a97d-d965ccfc6d4b" outcome="Passed" testListId="8c84fa94-04c1-424b-9868-57a2d4851a1d" relativeResultsDirectory="46bf32f6-04e2-4d76-8a8b-71b99eef4fa9" /><UnitTestResult executionId="b420a936-06c0-4f32-8e16-bdeef3a65773" testId="6208c258-edf8-4c4a-b99a-f763bf49d0a6" testName="SendNewSessionRequestReturnsAnUnknownErrorResponseForUnparseableStatusResponse" computerName="TAG009442327432" duration="00:00:00.0030000" startTime="2018-09-20T12:47:59.0000000+02:00" endTime="2018-09-20T12:47:59.0000000+02:00" testType="13cdc9d9-ddb5-4fa4-a97d-d965ccfc6d4b" outcome="Passed" testListId="8c84fa94-04c1-424b-9868-57a2d4851a1d" relativeResultsDirectory="b420a936-06c0-4f32-8e16-bdeef3a65773" /><UnitTestResult executionId="5e8b49cc-0e0b-4d8d-b1af-81460f6e18e7" testId="6579127d-4b42-4d63-a144-3e003bfa8a9e" testName="AddActionDataAddsBeaconIdToCache" computerName="TAG009442327432" duration="00:00:00.0050000" startTime="2018-09-20T12:47:57.0000000+02:00" endTime="2018-09-20T12:47:57.0000000+02:00" testType="13cdc9d9-ddb5-4fa4-a97d-d965ccfc6d4b" outcome="Passed" testListId="8c84fa94-04c1-424b-9868-57a2d4851a1d" relativeResultsDirectory="5e8b49cc-0e0b-4d8d-b1af-81460f6e18e7" /><UnitTestResult executionId="78863ed9-2db5-430d-9d80-26a884233325" testId="b87ab210-f666-4afc-adeb-c260f8468edd" testName="InitCompleteIsCalledOnInterrupt" computerName="TAG009442327432" duration="00:00:00.0000001" startTime="2018-09-20T12:47:58.0000000+02:00" endTime="2018-09-20T12:47:58.0000000+02:00" testType="13cdc9d9-ddb5-4fa4-a97d-d965ccfc6d4b" outcome="Passed" testListId="8c84fa94-04c1-424b-9868-57a2d4851a1d" relativeResultsDirectory="78863ed9-2db5-430d-9d80-26a884233325" /><UnitTestResult executionId="7236d295-e504-4a77-a67a-b01d69c800a9" testId="f90dfe14-c31c-4cec-99bd-c3f3d6be5c62" testName="ExecuteEvictionStopsIfNumBytesInCacheFallsBelowLowerBoundBetweenTwoBeacons" computerName="TAG009442327432" duration="00:00:00.0010000" startTime="2018-09-20T12:47:57.0000000+02:00" endTime="2018-09-20T12:47:57.0000000+02:00" testType="13cdc9d9-ddb5-4fa4-a97d-d965ccfc6d4b" outcome="Passed" testListId="8c84fa94-04c1-424b-9868-57a2d4851a1d" relativeResultsDirectory="7236d295-e504-4a77-a67a-b01d69c800a9" /><UnitTestResult executionId="31d97ff0-dbbb-4060-ac10-42fd7829f4ae" testId="915a2ea6-5c46-431f-84ac-387cb8891460" testName="IpV6AddressMixedNotationIsValid_NonZeroIPv6NonCompressed" computerName="TAG009442327432" duration="00:00:00.0000001" startTime="2018-09-20T12:47:58.0000000+02:00" endTime="2018-09-20T12:47:58.0000000+02:00" testType="13cdc9d9-ddb5-4fa4-a97d-d965ccfc6d4b" outcome="Passed" testListId="8c84fa94-04c1-424b-9868-57a2d4851a1d" relativeResultsDirectory="31d97ff0-dbbb-4060-ac10-42fd7829f4ae" /><UnitTestResult executionId="e8bc1bbb-fa25-4d5f-99d1-70a31ae3d991" testId="f0562800-b914-42d7-b3c8-1aa9778b0468" testName="ReportCrashDoesNotReportOnDataCollectionLevel1" computerName="TAG009442327432" duration="00:00:00.0010000" startTime="2018-09-20T12:47:58.0000000+02:00" endTime="2018-09-20T12:47:58.0000000+02:00" testType="13cdc9d9-ddb5-4fa4-a97d-d965ccfc6d4b" outcome="Passed" testListId="8c84fa94-04c1-424b-9868-57a2d4851a1d" relativeResultsDirectory="e8bc1bbb-fa25-4d5f-99d1-70a31ae3d991" /><UnitTestResult executionId="c0b11b76-e1b0-44f5-8618-2ed652120bca" testId="774df1f6-fdfa-46aa-a6d8-ffd3f66e35a7" testName="ADefaultConstructedConfigurationUsesStrictTrustManager" computerName="TAG009442327432" duration="00:00:00.0000001" startTime="2018-09-20T12:47:58.0000000+02:00" endTime="2018-09-20T12:47:58.0000000+02:00" testType="13cdc9d9-ddb5-4fa4-a97d-d965ccfc6d4b" outcome="Passed" testListId="8c84fa94-04c1-424b-9868-57a2d4851a1d" relativeResultsDirectory="c0b11b76-e1b0-44f5-8618-2ed652120bca" /><UnitTestResult executionId="4b773276-d1f5-4999-acb2-983d0cb5fd3e" testId="2a3de990-60d3-4c0b-9890-ce9369587a3e" testName="AfterDecreasingNumNewSessionRequestsFourTimesSendingRequestsIsNoLongerAllowed" computerName="TAG009442327432" duration="00:00:00.0010000" startTime="2018-09-20T12:47:58.0000000+02:00" endTime="2018-09-20T12:47:58.0000000+02:00" testType="13cdc9d9-ddb5-4fa4-a97d-d965ccfc6d4b" outcome="Passed" testListId="8c84fa94-04c1-424b-9868-57a2d4851a1d" relativeResultsDirectory="4b773276-d1f5-4999-acb2-983d0cb5fd3e" /><UnitTestResult executionId="cdbbb66a-06e4-49fc-b0a3-b3dfe156dc4e" testId="c11edbfa-62f4-4017-a76d-4b8168f34793" testName="DisposingAWebRequestTracerStopsIt" computerName="TAG009442327432" duration="00:00:00.0000001" startTime="2018-09-20T12:47:58.0000000+02:00" endTime="2018-09-20T12:47:58.0000000+02:00" testType="13cdc9d9-ddb5-4fa4-a97d-d965ccfc6d4b" outcome="Passed" testListId="8c84fa94-04c1-424b-9868-57a2d4851a1d" relativeResultsDirectory="cdbbb66a-06e4-49fc-b0a3-b3dfe156dc4e" /><UnitTestResult executionId="54905579-b414-4ea7-9ebc-56bbc6c94648" testId="f5b1c302-2fea-42ac-bb4f-a72e4521a247" testName="ANewlyCreatedActionHasAnID" computerName="TAG009442327432" duration="00:00:00.0010000" startTime="2018-09-20T12:47:57.0000000+02:00" endTime="2018-09-20T12:47:57.0000000+02:00" testType="13cdc9d9-ddb5-4fa4-a97d-d965ccfc6d4b" outcome="Passed" testListId="8c84fa94-04c1-424b-9868-57a2d4851a1d" relativeResultsDirectory="54905579-b414-4ea7-9ebc-56bbc6c94648" /><UnitTestResult executionId="927188c6-7826-4a74-a9b8-b606a67630b3" testId="7d127f3e-5c85-4e81-8a9b-305797fae532" testName="ReportIntValue" computerName="TAG009442327432" duration="00:00:00.0010000" startTime="2018-09-20T12:47:57.0000000+02:00" endTime="2018-09-20T12:47:57.0000000+02:00" testType="13cdc9d9-ddb5-4fa4-a97d-d965ccfc6d4b" outcome="Passed" testListId="8c84fa94-04c1-424b-9868-57a2d4851a1d" relativeResultsDirectory="927188c6-7826-4a74-a9b8-b606a67630b3" /><UnitTestResult executionId="7259cfca-d610-4cbb-a1b0-59ad0997c62c" testId="b94e5bda-0c10-456b-8881-a9038e7a6e1f" testName="TwoEqualInstancesHaveSameHashCode" computerName="TAG009442327432" duration="00:00:00.0000001" startTime="2018-09-20T12:47:57.0000000+02:00" endTime="2018-09-20T12:47:57.0000000+02:00" testType="13cdc9d9-ddb5-4fa4-a97d-d965ccfc6d4b" outcome="Passed" testListId="8c84fa94-04c1-424b-9868-57a2d4851a1d" relativeResultsDirectory="7259cfca-d610-4cbb-a1b0-59ad0997c62c" /><UnitTestResult executionId="c9c75cff-b788-40e8-a5d7-7b44e09bb61b" testId="0fe91298-c19a-4475-81ce-976537a0f787" testName="ResponseCodeIsSet" computerName="TAG009442327432" duration="00:00:00.0010000" startTime="2018-09-20T12:48:00.0000000+02:00" endTime="2018-09-20T12:48:00.0000000+02:00" testType="13cdc9d9-ddb5-4fa4-a97d-d965ccfc6d4b" outcome="Passed" testListId="8c84fa94-04c1-424b-9868-57a2d4851a1d" relativeResultsDirectory="c9c75cff-b788-40e8-a5d7-7b44e09bb61b" /><UnitTestResult executionId="730a3efd-a63f-4c76-b214-818ad45c1937" testId="20864b7f-0eea-4ce5-8ed3-a40e5c7d7fa3" testName="NoWebRequestIsReportedForDataCollectionLevel0" computerName="TAG009442327432" duration="00:00:00.0020000" startTime="2018-09-20T12:47:58.0000000+02:00" endTime="2018-09-20T12:47:58.0000000+02:00" testType="13cdc9d9-ddb5-4fa4-a97d-d965ccfc6d4b" outcome="Passed" testListId="8c84fa94-04c1-424b-9868-57a2d4851a1d" relativeResultsDirectory="730a3efd-a63f-4c76-b214-818ad45c1937" /><UnitTestResult executionId="2f8490fd-d1c4-456b-94a9-a573907f61ec" testId="c4b5554d-d1e7-4f51-89fb-636534e1b070" testName="ABeaconSendingFlushSessionsStateTransitionsToTerminalStateWhenDataIsSent" computerName="TAG009442327432" duration="00:00:00.0000001" startTime="2018-09-20T12:47:58.0000000+02:00" endTime="2018-09-20T12:47:58.0000000+02:00" testType="13cdc9d9-ddb5-4fa4-a97d-d965ccfc6d4b" outcome="Passed" testListId="8c84fa94-04c1-424b-9868-57a2d4851a1d" relativeResultsDirectory="2f8490fd-d1c4-456b-94a9-a573907f61ec" /><UnitTestResult executionId="e3445522-a0c3-49b7-865d-46c55dbb2533" testId="0aa99af5-1124-4905-9a50-f64c11c8c329" testName="ReportEventDoesNothingIfEventNameIsAnEmptyString" computerName="TAG009442327432" duration="00:00:00.0010000" startTime="2018-09-20T12:47:57.0000000+02:00" endTime="2018-09-20T12:47:57.0000000+02:00" testType="13cdc9d9-ddb5-4fa4-a97d-d965ccfc6d4b" outcome="Passed" testListId="8c84fa94-04c1-424b-9868-57a2d4851a1d" relativeResultsDirectory="e3445522-a0c3-49b7-865d-46c55dbb2533" /><UnitTestResult executionId="1199bb74-c712-4354-80f7-86a10422cb2b" testId="36f752e6-1d09-4b4f-895f-2ad4bcb4f902" testName="ParsingInvalidServerIDThrowsException" computerName="TAG009442327432" duration="00:00:00.0030000" startTime="2018-09-20T12:48:00.0000000+02:00" endTime="2018-09-20T12:48:00.0000000+02:00" testType="13cdc9d9-ddb5-4fa4-a97d-d965ccfc6d4b" outcome="Passed" testListId="8c84fa94-04c1-424b-9868-57a2d4851a1d" relativeResultsDirectory="1199bb74-c712-4354-80f7-86a10422cb2b" /><UnitTestResult executionId="32395f35-9014-4290-be58-aa679559ba7f" testId="baaec214-f7c5-4295-b003-d8c2b6c857bf" testName="SendStatusRequestReturnsTooManyRequestsResponseImmediately" computerName="TAG009442327432" duration="00:00:00.0010000" startTime="2018-09-20T12:47:58.0000000+02:00" endTime="2018-09-20T12:47:58.0000000+02:00" testType="13cdc9d9-ddb5-4fa4-a97d-d965ccfc6d4b" outcome="Passed" testListId="8c84fa94-04c1-424b-9868-57a2d4851a1d" relativeResultsDirectory="32395f35-9014-4290-be58-aa679559ba7f" /><UnitTestResult executionId="ef473ceb-9808-40f6-89c3-d6dc449a413c" testId="7f6964cb-5940-4ba6-b5ed-9d9ee2c81b05" testName="SendBeaconRequestReturnsErrorCode" computerName="TAG009442327432" duration="00:00:00.0010000" startTime="2018-09-20T12:47:58.0000000+02:00" endTime="2018-09-20T12:47:58.0000000+02:00" testType="13cdc9d9-ddb5-4fa4-a97d-d965ccfc6d4b" outcome="Passed" testListId="8c84fa94-04c1-424b-9868-57a2d4851a1d" relativeResultsDirectory="ef473ceb-9808-40f6-89c3-d6dc449a413c" /><UnitTestResult executionId="7d088ce3-e247-4c23-a254-bb88051ba1d6" testId="4e785cd8-96de-4a2c-89b9-18e6c736dca1" testName="AnActionAddsItselfIntoListInContstructor" computerName="TAG009442327432" duration="00:00:00.0200000" startTime="2018-09-20T12:47:57.0000000+02:00" endTime="2018-09-20T12:47:57.0000000+02:00" testType="13cdc9d9-ddb5-4fa4-a97d-d965ccfc6d4b" outcome="Passed" testListId="8c84fa94-04c1-424b-9868-57a2d4851a1d" relativeResultsDirectory="7d088ce3-e247-4c23-a254-bb88051ba1d6" /><UnitTestResult executionId="d04a22d5-c48e-441b-a568-84d134c8d927" testId="d22f3e47-a971-4d77-b699-d4132dd02a88" testName="GetRetryAfterReturnsDefaultValueIfMultipleValuesWereRetrieved" computerName="TAG009442327432" duration="00:00:00.0010000" startTime="2018-09-20T12:48:00.0000000+02:00" endTime="2018-09-20T12:48:00.0000000+02:00" testType="13cdc9d9-ddb5-4fa4-a97d-d965ccfc6d4b" outcome="Passed" testListId="8c84fa94-04c1-424b-9868-57a2d4851a1d" relativeResultsDirectory="d04a22d5-c48e-441b-a568-84d134c8d927" /><UnitTestResult executionId="87c5c8c5-b8c7-4f5e-a0fc-640c800dd628" testId="3d0d3e33-2342-48a8-81cc-6eddfcc01e23" testName="LeavingAnActionReturnsTheParentAction" computerName="TAG009442327432" duration="00:00:00.0040000" startTime="2018-09-20T12:47:57.0000000+02:00" endTime="2018-09-20T12:47:57.0000000+02:00" testType="13cdc9d9-ddb5-4fa4-a97d-d965ccfc6d4b" outcome="Passed" testListId="8c84fa94-04c1-424b-9868-57a2d4851a1d" relativeResultsDirectory="87c5c8c5-b8c7-4f5e-a0fc-640c800dd628" /><UnitTestResult executionId="90141c23-847c-4334-95fc-b791f7a50885" testId="6a4ad305-a6a3-4c83-b8cd-328b65e280dd" testName="DisposingASessionEndsTheSession" computerName="TAG009442327432" duration="00:00:00.0010000" startTime="2018-09-20T12:47:58.0000000+02:00" endTime="2018-09-20T12:47:58.0000000+02:00" testType="13cdc9d9-ddb5-4fa4-a97d-d965ccfc6d4b" outcome="Passed" testListId="8c84fa94-04c1-424b-9868-57a2d4851a1d" relativeResultsDirectory="90141c23-847c-4334-95fc-b791f7a50885" /><UnitTestResult executionId="b4e6bfd2-7897-4242-93a7-7b1d0a7fd14f" testId="48d29c5f-14ee-49ef-b3f0-f6d8fcf10614" testName="DefaultBeaconConfigurationDoesNotDisableCapturing" computerName="TAG009442327432" duration="00:00:00.0000001" startTime="2018-09-20T12:47:58.0000000+02:00" endTime="2018-09-20T12:47:58.0000000+02:00" testType="13cdc9d9-ddb5-4fa4-a97d-d965ccfc6d4b" outcome="Passed" testListId="8c84fa94-04c1-424b-9868-57a2d4851a1d" relativeResultsDirectory="b4e6bfd2-7897-4242-93a7-7b1d0a7fd14f" /><UnitTestResult executionId="608b0f7d-6320-4406-9ac1-752c3c01691c" testId="a56bb305-5d1b-4f67-b4f2-31cefab2d19a" testName="DefaultsAreSetForDynatrace" computerName="TAG009442327432" duration="00:00:00.0010000" startTime="2018-09-20T12:47:58.0000000+02:00" endTime="2018-09-20T12:47:58.0000000+02:00" testType="13cdc9d9-ddb5-4fa4-a97d-d965ccfc6d4b" outcome="Passed" testListId="8c84fa94-04c1-424b-9868-57a2d4851a1d" relativeResultsDirectory="608b0f7d-6320-4406-9ac1-752c3c01691c" /><UnitTestResult executionId="30367739-084b-4170-bbbb-a3de597bbc70" testId="32bfcba7-acc7-467d-93f8-8aecbe24738a" testName="ActionReportedForDataCollectionLevel2" computerName="TAG009442327432" duration="00:00:00.0010000" startTime="2018-09-20T12:47:58.0000000+02:00" endTime="2018-09-20T12:47:58.0000000+02:00" testType="13cdc9d9-ddb5-4fa4-a97d-d965ccfc6d4b" outcome="Passed" testListId="8c84fa94-04c1-424b-9868-57a2d4851a1d" relativeResultsDirectory="30367739-084b-4170-bbbb-a3de597bbc70" /><UnitTestResult executionId="182f3af0-cb87-4e53-8070-3c0a0ded212a" testId="718e3b6a-a6dc-4326-b668-8575e2dc62ab" testName="ReportIntValueDoesNothingIfValueNameIsAnEmptyString" computerName="TAG009442327432" duration="00:00:00.0010000" startTime="2018-09-20T12:47:57.0000000+02:00" endTime="2018-09-20T12:47:57.0000000+02:00" testType="13cdc9d9-ddb5-4fa4-a97d-d965ccfc6d4b" outcome="Passed" testListId="8c84fa94-04c1-424b-9868-57a2d4851a1d" relativeResultsDirectory="182f3af0-cb87-4e53-8070-3c0a0ded212a" /><UnitTestResult executionId="3d9e585b-d827-4565-aa71-78353464d29b" testId="832f2f95-394d-4b3d-a9c4-aa0e1e4f7b88" testName="IsEmptyCallsWrappedSession" computerName="TAG009442327432" duration="00:00:00.0010000" startTime="2018-09-20T12:47:58.0000000+02:00" endTime="2018-09-20T12:47:58.0000000+02:00" testType="13cdc9d9-ddb5-4fa4-a97d-d965ccfc6d4b" outcome="Passed" testListId="8c84fa94-04c1-424b-9868-57a2d4851a1d" relativeResultsDirectory="3d9e585b-d827-4565-aa71-78353464d29b" /><UnitTestResult executionId="8acd7778-e739-4674-9e8d-11940ad7b452" testId="cfe3fe22-db73-4806-88d6-1cc829db64be" testName="ResetChunkedRestoresData" computerName="TAG009442327432" duration="00:00:00.0010000" startTime="2018-09-20T12:47:57.0000000+02:00" endTime="2018-09-20T12:47:57.0000000+02:00" testType="13cdc9d9-ddb5-4fa4-a97d-d965ccfc6d4b" outcome="Passed" testListId="8c84fa94-04c1-424b-9868-57a2d4851a1d" relativeResultsDirectory="8acd7778-e739-4674-9e8d-11940ad7b452" /><UnitTestResult executionId="bcb50c11-e2c5-4ea9-b76d-cb2b1feec565" testId="dce5cbbe-fd9e-4bd1-abb7-17538adbbf72" testName="ErrorWithStacktraceLogsAppropriateMessage" computerName="TAG009442327432" duration="00:00:00.0020000" startTime="2018-09-20T12:47:58.0000000+02:00" endTime="2018-09-20T12:47:58.0000000+02:00" testType="13cdc9d9-ddb5-4fa4-a97d-d965ccfc6d4b" outcome="Passed" testListId="8c84fa94-04c1-424b-9868-57a2d4851a1d" relativeResultsDirectory="bcb50c11-e2c5-4ea9-b76d-cb2b1feec565" /><UnitTestResult executionId="3eff2ada-3e63-4643-83a3-502b6865eaa0" testId="de6830a3-7923-4acb-bf4a-9125f251a388" testName="TimeSyncIsNotSupportedIfInitCalledWithFalse" computerName="TAG009442327432" duration="00:00:00.0000001" startTime="2018-09-20T12:48:00.0000000+02:00" endTime="2018-09-20T12:48:00.0000000+02:00" testType="13cdc9d9-ddb5-4fa4-a97d-d965ccfc6d4b" outcome="Passed" testListId="8c84fa94-04c1-424b-9868-57a2d4851a1d" relativeResultsDirectory="3eff2ada-3e63-4643-83a3-502b6865eaa0" /><UnitTestResult executionId="30208bbf-d333-4ed8-a5b8-5eed43e812b3" testId="1533d1c2-6a77-48f8-8a24-de1fe9130900" testName="DebugLogsAppropriateMessage" computerName="TAG009442327432" duration="00:00:00.0020000" startTime="2018-09-20T12:47:58.0000000+02:00" endTime="2018-09-20T12:47:58.0000000+02:00" testType="13cdc9d9-ddb5-4fa4-a97d-d965ccfc6d4b" outcome="Passed" testListId="8c84fa94-04c1-424b-9868-57a2d4851a1d" relativeResultsDirectory="30208bbf-d333-4ed8-a5b8-5eed43e812b3" /><UnitTestResult executionId="a189598b-9fcc-4b0b-8759-869160aad1f3" testId="b0c6b360-79a3-4b07-a8d5-7119e1150c8c" testName="NoCrashIsReportedIfBeaconConfigurationDisablesCapturing" computerName="TAG009442327432" duration="00:00:00.0000001" startTime="2018-09-20T12:47:58.0000000+02:00" endTime="2018-09-20T12:47:58.0000000+02:00" testType="13cdc9d9-ddb5-4fa4-a97d-d965ccfc6d4b" outcome="Passed" testListId="8c84fa94-04c1-424b-9868-57a2d4851a1d" relativeResultsDirectory="a189598b-9fcc-4b0b-8759-869160aad1f3" /><UnitTestResult executionId="21ebfdff-c1b9-4c33-95fc-178c91f97fca" testId="bb1bf432-910a-4205-b0cd-2f5a1ed6b45b" testName="ExecuteEvictionRunsUntilTheCacheSizeIsLessThanOrEqualToLowerBound" computerName="TAG009442327432" duration="00:00:00.0010000" startTime="2018-09-20T12:47:57.0000000+02:00" endTime="2018-09-20T12:47:57.0000000+02:00" testType="13cdc9d9-ddb5-4fa4-a97d-d965ccfc6d4b" outcome="Passed" testListId="8c84fa94-04c1-424b-9868-57a2d4851a1d" relativeResultsDirectory="21ebfdff-c1b9-4c33-95fc-178c91f97fca" /><UnitTestResult executionId="a17b3e85-71f7-4e15-a00e-0786e2b5789d" testId="96cbef56-4f65-4828-b44f-75d712fa3ecd" testName="ShutdownStateIsFlushSessionStateForTimeReSync" computerName="TAG009442327432" duration="00:00:00.0010000" startTime="2018-09-20T12:47:58.0000000+02:00" endTime="2018-09-20T12:47:58.0000000+02:00" testType="13cdc9d9-ddb5-4fa4-a97d-d965ccfc6d4b" outcome="Passed" testListId="8c84fa94-04c1-424b-9868-57a2d4851a1d" relativeResultsDirectory="a17b3e85-71f7-4e15-a00e-0786e2b5789d" /><UnitTestResult executionId="51b5525c-f18f-45e0-933b-b011f7e1dd0f" testId="8208bb07-e77f-41e7-a93e-f600421fa58b" testName="TraceWebRequestGivesNullWebRequestTracerIfSessionIsAlreadyEnded" computerName="TAG009442327432" duration="00:00:00.0010000" startTime="2018-09-20T12:47:58.0000000+02:00" endTime="2018-09-20T12:47:58.0000000+02:00" testType="13cdc9d9-ddb5-4fa4-a97d-d965ccfc6d4b" outcome="Passed" testListId="8c84fa94-04c1-424b-9868-57a2d4851a1d" relativeResultsDirectory="51b5525c-f18f-45e0-933b-b011f7e1dd0f" /><UnitTestResult executionId="bd2a6f0b-d958-463a-ad0d-edf8b9ceea75" testId="e87a8bf2-183b-4878-91ea-4bdcbda4fe97" testName="PassingEmptyResponseStringDoesNotThrow" computerName="TAG009442327432" duration="00:00:00.0000001" startTime="2018-09-20T12:48:00.0000000+02:00" endTime="2018-09-20T12:48:00.0000000+02:00" testType="13cdc9d9-ddb5-4fa4-a97d-d965ccfc6d4b" outcome="Passed" testListId="8c84fa94-04c1-424b-9868-57a2d4851a1d" relativeResultsDirectory="bd2a6f0b-d958-463a-ad0d-edf8b9ceea75" /><UnitTestResult executionId="6162c734-8d96-45aa-9918-a8ad0cb6eff1" testId="81103788-68a7-439a-b970-54b2c7cfe52f" testName="DefaultCaptureIsOn" computerName="TAG009442327432" duration="00:00:00.0000001" startTime="2018-09-20T12:48:00.0000000+02:00" endTime="2018-09-20T12:48:00.0000000+02:00" testType="13cdc9d9-ddb5-4fa4-a97d-d965ccfc6d4b" outcome="Passed" testListId="8c84fa94-04c1-424b-9868-57a2d4851a1d" relativeResultsDirectory="6162c734-8d96-45aa-9918-a8ad0cb6eff1" /><UnitTestResult executionId="ab969619-b8cc-4823-93e9-7bd83f6ded07" testId="aa88e6b6-686e-446c-998b-c019cc219fe9" testName="CanAddReceivedBytesToWebRequestTracer" computerName="TAG009442327432" duration="00:00:00.0010000" startTime="2018-09-20T12:47:58.0000000+02:00" endTime="2018-09-20T12:47:58.0000000+02:00" testType="13cdc9d9-ddb5-4fa4-a97d-d965ccfc6d4b" outcome="Passed" testListId="8c84fa94-04c1-424b-9868-57a2d4851a1d" relativeResultsDirectory="ab969619-b8cc-4823-93e9-7bd83f6ded07" /><UnitTestResult executionId="ac46c790-0d0f-4afc-9d42-879da1d14107" testId="b06455a3-5795-4186-8bc6-8aab96b779de" testName="IpV6AddressLinkLocalIsInvalidZoneIndexUsedWithInvalidPrefix" computerName="TAG009442327432" duration="00:00:00.0000001" startTime="2018-09-20T12:47:58.0000000+02:00" endTime="2018-09-20T12:47:58.0000000+02:00" testType="13cdc9d9-ddb5-4fa4-a97d-d965ccfc6d4b" outcome="Passed" testListId="8c84fa94-04c1-424b-9868-57a2d4851a1d" relativeResultsDirectory="ac46c790-0d0f-4afc-9d42-879da1d14107" /><UnitTestResult executionId="b6babc4f-3a53-437e-a9dc-7b3716d98d39" testId="c85e94e0-a23e-40ed-9fd3-5450335f7bfb" testName="NotEqualInstancesHaveDifferentHashCode" computerName="TAG009442327432" duration="00:00:00.0030000" startTime="2018-09-20T12:47:57.0000000+02:00" endTime="2018-09-20T12:47:57.0000000+02:00" testType="13cdc9d9-ddb5-4fa4-a97d-d965ccfc6d4b" outcome="Passed" testListId="8c84fa94-04c1-424b-9868-57a2d4851a1d" relativeResultsDirectory="b6babc4f-3a53-437e-a9dc-7b3716d98d39" /><UnitTestResult executionId="9736597c-962c-4d4e-8949-da85b7c94654" testId="b68829fa-25d6-4d2e-a5bf-77b0bb1b2bd6" testName="RemoveRecordsOlderThanDoesNotRemoveAnythingFromEventAndActionsBeingSent" computerName="TAG009442327432" duration="00:00:00.0010000" startTime="2018-09-20T12:47:57.0000000+02:00" endTime="2018-09-20T12:47:57.0000000+02:00" testType="13cdc9d9-ddb5-4fa4-a97d-d965ccfc6d4b" outcome="Passed" testListId="8c84fa94-04c1-424b-9868-57a2d4851a1d" relativeResultsDirectory="9736597c-962c-4d4e-8949-da85b7c94654" /><UnitTestResult executionId="aad27a7b-307a-4c65-95a4-7760ed3b713a" testId="969e249f-b54d-4a6b-b7fe-ad014890a2c3" testName="RequestReceiveTimeIsParsed" computerName="TAG009442327432" duration="00:00:00.0000001" startTime="2018-09-20T12:48:00.0000000+02:00" endTime="2018-09-20T12:48:00.0000000+02:00" testType="13cdc9d9-ddb5-4fa4-a97d-d965ccfc6d4b" outcome="Passed" testListId="8c84fa94-04c1-424b-9868-57a2d4851a1d" relativeResultsDirectory="aad27a7b-307a-4c65-95a4-7760ed3b713a" /><UnitTestResult executionId="0025a021-8588-436a-baf5-a8b535008776" testId="b00f5608-e54b-4d55-abb7-c0c49f05b3ae" testName="SetBytesReceivedSetsTheNumberOfReceivedBytes" computerName="TAG009442327432" duration="00:00:00.0010000" startTime="2018-09-20T12:47:58.0000000+02:00" endTime="2018-09-20T12:47:58.0000000+02:00" testType="13cdc9d9-ddb5-4fa4-a97d-d965ccfc6d4b" outcome="Passed" testListId="8c84fa94-04c1-424b-9868-57a2d4851a1d" relativeResultsDirectory="0025a021-8588-436a-baf5-a8b535008776" /><UnitTestResult executionId="5be4574d-1f8e-40df-80d7-79cbdecbe351" testId="f966c7eb-210e-4513-9c0d-d6b68534afcb" testName="IsTooManyRequestsResponseReturnsFalseIfResponseIsNull" computerName="TAG009442327432" duration="00:00:00.0000001" startTime="2018-09-20T12:47:58.0000000+02:00" endTime="2018-09-20T12:47:58.0000000+02:00" testType="13cdc9d9-ddb5-4fa4-a97d-d965ccfc6d4b" outcome="Passed" testListId="8c84fa94-04c1-424b-9868-57a2d4851a1d" relativeResultsDirectory="5be4574d-1f8e-40df-80d7-79cbdecbe351" /><UnitTestResult executionId="eed9a27d-f63f-4690-91ce-b5464154416d" testId="77117caa-91ed-4640-ad97-1ff0e276c59b" testName="RandomDeviceIDCannotBeNegativeOnDataCollectionLevel0" computerName="TAG009442327432" duration="00:00:00.0010000" startTime="2018-09-20T12:47:58.0000000+02:00" endTime="2018-09-20T12:47:58.0000000+02:00" testType="13cdc9d9-ddb5-4fa4-a97d-d965ccfc6d4b" outcome="Passed" testListId="8c84fa94-04c1-424b-9868-57a2d4851a1d" relativeResultsDirectory="eed9a27d-f63f-4690-91ce-b5464154416d" /><UnitTestResult executionId="66cd21fd-97f5-4b26-b8f5-40f3bc77969b" testId="9246a823-ff85-47f9-aa2f-0d66ba480ac7" testName="LastOpenSessionBeaconSendTimeIsSetInExecute" computerName="TAG009442327432" duration="00:00:00.0010000" startTime="2018-09-20T12:47:58.0000000+02:00" endTime="2018-09-20T12:47:58.0000000+02:00" testType="13cdc9d9-ddb5-4fa4-a97d-d965ccfc6d4b" outcome="Passed" testListId="8c84fa94-04c1-424b-9868-57a2d4851a1d" relativeResultsDirectory="66cd21fd-97f5-4b26-b8f5-40f3bc77969b" /><UnitTestResult executionId="c0f0333a-f635-4bea-b884-1d49be06081b" testId="0577a302-9349-440d-9ff4-b28380aa5c89" testName="ReportStringValue" computerName="TAG009442327432" duration="00:00:00.0020000" startTime="2018-09-20T12:47:57.0000000+02:00" endTime="2018-09-20T12:47:57.0000000+02:00" testType="13cdc9d9-ddb5-4fa4-a97d-d965ccfc6d4b" outcome="Passed" testListId="8c84fa94-04c1-424b-9868-57a2d4851a1d" relativeResultsDirectory="c0f0333a-f635-4bea-b884-1d49be06081b" /><UnitTestResult executionId="7db3b652-fbe4-4b6f-99c4-010709a9593d" testId="02906d83-d730-4a75-b133-02753e36db23" testName="ABeaconSendingFlushSessionsStateConfiguresAllUnconfiguredSessions" computerName="TAG009442327432" duration="00:00:00.0020000" startTime="2018-09-20T12:47:58.0000000+02:00" endTime="2018-09-20T12:47:58.0000000+02:00" testType="13cdc9d9-ddb5-4fa4-a97d-d965ccfc6d4b" outcome="Passed" testListId="8c84fa94-04c1-424b-9868-57a2d4851a1d" relativeResultsDirectory="7db3b652-fbe4-4b6f-99c4-010709a9593d" /><UnitTestResult executionId="91717709-15a5-443a-a4e1-f0323878dd42" testId="f10f067f-453c-4271-9763-1d5750aebc3d" testName="TimeSyncRequestsAreInterruptedAfterUnsuccessfulRetriesWithNullResponse" computerName="TAG009442327432" duration="00:00:00.0010000" startTime="2018-09-20T12:47:58.0000000+02:00" endTime="2018-09-20T12:47:58.0000000+02:00" testType="13cdc9d9-ddb5-4fa4-a97d-d965ccfc6d4b" outcome="Passed" testListId="8c84fa94-04c1-424b-9868-57a2d4851a1d" relativeResultsDirectory="91717709-15a5-443a-a4e1-f0323878dd42" /><UnitTestResult executionId="3a113977-5e0d-4eb2-a355-9177cbfe7a90" testId="0647ace1-3019-4952-b56a-c1ba8b803990" testName="ErrorLogsAppropriateMessage" computerName="TAG009442327432" duration="00:00:00.0010000" startTime="2018-09-20T12:47:58.0000000+02:00" endTime="2018-09-20T12:47:58.0000000+02:00" testType="13cdc9d9-ddb5-4fa4-a97d-d965ccfc6d4b" outcome="Passed" testListId="8c84fa94-04c1-424b-9868-57a2d4851a1d" relativeResultsDirectory="3a113977-5e0d-4eb2-a355-9177cbfe7a90" /><UnitTestResult executionId="81e25ef6-3951-46b8-8981-2d36fc0c09af" testId="1c4b0773-bd8c-4a9d-926e-5ece2b0052bf" testName="ReportStringValueWithValueBeingNullWorks" computerName="TAG009442327432" duration="00:00:00.0010000" startTime="2018-09-20T12:47:57.0000000+02:00" endTime="2018-09-20T12:47:57.0000000+02:00" testType="13cdc9d9-ddb5-4fa4-a97d-d965ccfc6d4b" outcome="Passed" testListId="8c84fa94-04c1-424b-9868-57a2d4851a1d" relativeResultsDirectory="81e25ef6-3951-46b8-8981-2d36fc0c09af" /><UnitTestResult executionId="6cb70bb1-ad93-4e7f-b094-2961fb1fe300" testId="744760ee-ad4a-42e0-ba8a-b86989e5567a" testName="TerminalStateCallsShutdownOnExecution" computerName="TAG009442327432" duration="00:00:00.0000001" startTime="2018-09-20T12:47:58.0000000+02:00" endTime="2018-09-20T12:47:58.0000000+02:00" testType="13cdc9d9-ddb5-4fa4-a97d-d965ccfc6d4b" outcome="Passed" testListId="8c84fa94-04c1-424b-9868-57a2d4851a1d" relativeResultsDirectory="6cb70bb1-ad93-4e7f-b094-2961fb1fe300" /><UnitTestResult executionId="446dae3f-9416-47fe-abf7-11484b8a06d3" testId="7f058b37-0378-46b4-96ef-b0f69b9d1065" testName="ResponseSendTimeIsParsed" computerName="TAG009442327432" duration="00:00:00.0000001" startTime="2018-09-20T12:48:00.0000000+02:00" endTime="2018-09-20T12:48:00.0000000+02:00" testType="13cdc9d9-ddb5-4fa4-a97d-d965ccfc6d4b" outcome="Passed" testListId="8c84fa94-04c1-424b-9868-57a2d4851a1d" relativeResultsDirectory="446dae3f-9416-47fe-abf7-11484b8a06d3" /><UnitTestResult executionId="339fefdc-c0fb-4c58-992b-60523aee0b66" testId="20ee215a-11bb-4e3c-b428-624aa5fe78e3" testName="CacheSizeLowerBound" computerName="TAG009442327432" duration="00:00:00.0000001" startTime="2018-09-20T12:47:58.0000000+02:00" endTime="2018-09-20T12:47:58.0000000+02:00" testType="13cdc9d9-ddb5-4fa4-a97d-d965ccfc6d4b" outcome="Passed" testListId="8c84fa94-04c1-424b-9868-57a2d4851a1d" relativeResultsDirectory="339fefdc-c0fb-4c58-992b-60523aee0b66" /><UnitTestResult executionId="66b652df-1504-450b-9541-e72ff108677e" testId="f549b162-7ab0-4599-b6f7-050d9b6d4e75" testName="CopyDataForChunkingMovesData" computerName="TAG009442327432" duration="00:00:00.0010000" startTime="2018-09-20T12:47:57.0000000+02:00" endTime="2018-09-20T12:47:57.0000000+02:00" testType="13cdc9d9-ddb5-4fa4-a97d-d965ccfc6d4b" outcome="Passed" testListId="8c84fa94-04c1-424b-9868-57a2d4851a1d" relativeResultsDirectory="66b652df-1504-450b-9541-e72ff108677e" /><UnitTestResult executionId="f2016cc8-4ab8-4536-b63b-7354a6f2f349" testId="c5d118bb-7573-45a9-8e74-c8d02692fd83" testName="CanSetBeaconCacheUpperMemoryBoundaryForDynatrace" computerName="TAG009442327432" duration="00:00:00.0010000" startTime="2018-09-20T12:47:58.0000000+02:00" endTime="2018-09-20T12:47:58.0000000+02:00" testType="13cdc9d9-ddb5-4fa4-a97d-d965ccfc6d4b" outcome="Passed" testListId="8c84fa94-04c1-424b-9868-57a2d4851a1d" relativeResultsDirectory="f2016cc8-4ab8-4536-b63b-7354a6f2f349" /><UnitTestResult executionId="00fc5c8f-df3c-4350-9e22-2d7786a3dcd7" testId="0179c90b-deae-4d55-92a4-3ccbb58a33d7" testName="NoActionIsAddedIfBeaconConfigurationDisablesCapturing" computerName="TAG009442327432" duration="00:00:00.0010000" startTime="2018-09-20T12:47:58.0000000+02:00" endTime="2018-09-20T12:47:58.0000000+02:00" testType="13cdc9d9-ddb5-4fa4-a97d-d965ccfc6d4b" outcome="Passed" testListId="8c84fa94-04c1-424b-9868-57a2d4851a1d" relativeResultsDirectory="00fc5c8f-df3c-4350-9e22-2d7786a3dcd7" /><UnitTestResult executionId="335ef280-bcfd-4b06-aa4d-6c7693f8e05f" testId="cf8bbdbf-f564-4e9d-84e1-7b0fa8051211" testName="NoEventIsReportedIfBeaconConfigurationDisablesCapturing" computerName="TAG009442327432" duration="00:00:00.0010000" startTime="2018-09-20T12:47:58.0000000+02:00" endTime="2018-09-20T12:47:58.0000000+02:00" testType="13cdc9d9-ddb5-4fa4-a97d-d965ccfc6d4b" outcome="Passed" testListId="8c84fa94-04c1-424b-9868-57a2d4851a1d" relativeResultsDirectory="335ef280-bcfd-4b06-aa4d-6c7693f8e05f" /><UnitTestResult executionId="0944d978-2c7d-44f5-9c66-58671fc71f20" testId="bc59bf58-bc9f-4675-80ad-fe82be6dad0a" testName="IpV6AddressHexCompressedIsInvalidFirstBlockMissing" computerName="TAG009442327432" duration="00:00:00.0000001" startTime="2018-09-20T12:47:58.0000000+02:00" endTime="2018-09-20T12:47:58.0000000+02:00" testType="13cdc9d9-ddb5-4fa4-a97d-d965ccfc6d4b" outcome="Passed" testListId="8c84fa94-04c1-424b-9868-57a2d4851a1d" relativeResultsDirectory="0944d978-2c7d-44f5-9c66-58671fc71f20" /><UnitTestResult executionId="44bb9d17-824c-468b-a954-a330a73eed58" testId="64b851bc-3670-4670-9f4a-816b1d0a9826" testName="StopCanOnlyBeExecutedOnce" computerName="TAG009442327432" duration="00:00:00.0010000" startTime="2018-09-20T12:47:58.0000000+02:00" endTime="2018-09-20T12:47:58.0000000+02:00" testType="13cdc9d9-ddb5-4fa4-a97d-d965ccfc6d4b" outcome="Passed" testListId="8c84fa94-04c1-424b-9868-57a2d4851a1d" relativeResultsDirectory="44bb9d17-824c-468b-a954-a330a73eed58" /><UnitTestResult executionId="2b1355f5-4871-452f-a448-bed12b746bb3" testId="48fe8a31-67b6-4f60-99a1-bcfca0a9e475" testName="TimeSyncRequetsAreRetried" computerName="TAG009442327432" duration="00:00:00.0030000" startTime="2018-09-20T12:47:58.0000000+02:00" endTime="2018-09-20T12:47:58.0000000+02:00" testType="13cdc9d9-ddb5-4fa4-a97d-d965ccfc6d4b" outcome="Passed" testListId="8c84fa94-04c1-424b-9868-57a2d4851a1d" relativeResultsDirectory="2b1355f5-4871-452f-a448-bed12b746bb3" /><UnitTestResult executionId="13cf7560-9a23-49c8-9c1f-d890ffa9cd3a" testId="67111b74-b700-4096-94bf-9b3fbd901730" testName="ParsingTooBigSendInterva
[...]
b0-6fe8-45ee-a477-7cff5e3dbd74" executionId="1352a018-559b-4c68-9060-bc8d27d6e291" testListId="8c84fa94-04c1-424b-9868-57a2d4851a1d" /><TestEntry testId="606fabd7-5a22-43b1-b1c9-febceb91f178" executionId="864abf24-febe-467e-802d-d573dfcd2f0e" testListId="8c84fa94-04c1-424b-9868-57a2d4851a1d" /><TestEntry testId="62d6c8ec-d638-46ff-a542-7a90c6205191" executionId="20557adf-e0c9-48bf-ad45-9d03b69c0b18" testListId="8c84fa94-04c1-424b-9868-57a2d4851a1d" /><TestEntry testId="bb9ddb1f-9aaa-4971-a263-d4313aea97b7" executionId="d92e4536-2b39-4c5b-824a-36416a72928b" testListId="8c84fa94-04c1-424b-9868-57a2d4851a1d" /><TestEntry testId="6ac8461e-ddb9-4dcd-becc-673be01ad78c" executionId="f244f1a7-f212-44b6-bfaf-bf09a16ba417" testListId="8c84fa94-04c1-424b-9868-57a2d4851a1d" /><TestEntry testId="74b3f12f-6f70-408b-9f5c-b9ef9ae60771" executionId="043c2cd0-cf75-486e-8953-90fa53516544" testListId="8c84fa94-04c1-424b-9868-57a2d4851a1d" /><TestEntry testId="369b4b84-62ec-4c66-a9c6-6ee7bb10e11b" executionId="3dff3b18-cba3-4512-a184-bdbdf77d473a" testListId="8c84fa94-04c1-424b-9868-57a2d4851a1d" /><TestEntry testId="af2a0055-d7c7-4677-851e-93ee59ebc73b" executionId="f1d8e335-82bb-4ca5-92f7-bafb1b7bddf9" testListId="8c84fa94-04c1-424b-9868-57a2d4851a1d" /><TestEntry testId="3c1e26f8-be73-4b67-b95e-1390a5569b91" executionId="6b6af0b6-6a11-447c-901a-17881f2f34b0" testListId="8c84fa94-04c1-424b-9868-57a2d4851a1d" /><TestEntry testId="84fd4cbf-c786-45e8-9c9b-12f98333f8a5" executionId="333e9b6a-b60a-4ae2-a779-9e8205589a3f" testListId="8c84fa94-04c1-424b-9868-57a2d4851a1d" /><TestEntry testId="1795f7d2-0883-496c-8ceb-d4233877a5bb" executionId="f7ce2a84-8c0c-472e-945c-91a1bd04cd56" testListId="8c84fa94-04c1-424b-9868-57a2d4851a1d" /><TestEntry testId="06f81fef-9897-4f90-859a-5020241dda97" executionId="a5fce0ca-3d91-44b5-be69-38461f0c5ee6" testListId="8c84fa94-04c1-424b-9868-57a2d4851a1d" /><TestEntry testId="39c18e80-3840-49c4-91be-50cb4329cdc4" executionId="63bce883-a1b8-4833-9172-d792fc5684c4" testListId="8c84fa94-04c1-424b-9868-57a2d4851a1d" /><TestEntry testId="28a9dc79-8e96-485b-ab8b-0b27bd8de902" executionId="7cc12636-0680-47f4-8953-974c07867988" testListId="8c84fa94-04c1-424b-9868-57a2d4851a1d" /><TestEntry testId="12d0051d-519a-470c-bb43-a61281d2502a" executionId="3f4adc4e-163d-4534-b2db-a9e5f5f6c612" testListId="8c84fa94-04c1-424b-9868-57a2d4851a1d" /><TestEntry testId="f94b18b4-4496-43c2-9641-1bfdfa933648" executionId="17298f46-b97a-4611-86a8-519bd0e2dfe0" testListId="8c84fa94-04c1-424b-9868-57a2d4851a1d" /><TestEntry testId="87d0c293-3107-4b25-a305-b16b5b43248c" executionId="0a1c8800-8600-437c-a33c-dda498320659" testListId="8c84fa94-04c1-424b-9868-57a2d4851a1d" /><TestEntry testId="5de6477b-2630-453a-ae47-404fae1403cc" executionId="def4361b-bc31-46f4-a47f-cd24d16fc352" testListId="8c84fa94-04c1-424b-9868-57a2d4851a1d" /><TestEntry testId="a7f7db29-76ac-45f3-83b7-9a2619a6f51d" executionId="a204f1b0-38d1-4839-be10-511e68d4924b" testListId="8c84fa94-04c1-424b-9868-57a2d4851a1d" /><TestEntry testId="9d56c32e-53fd-4254-9521-92e2844ad1f4" executionId="78285077-a206-47c9-abac-a7bebe2f5ef9" testListId="8c84fa94-04c1-424b-9868-57a2d4851a1d" /><TestEntry testId="272eda6f-6e2e-4706-af6d-8b8ea83a816f" executionId="7693e5f1-31fa-4175-9910-ce8b3f7ebed2" testListId="8c84fa94-04c1-424b-9868-57a2d4851a1d" /><TestEntry testId="0f882d98-b6a4-4b92-b3e4-1286e70389ed" executionId="1bd1f314-3b40-48e2-b0b3-8762f2641bd2" testListId="8c84fa94-04c1-424b-9868-57a2d4851a1d" /><TestEntry testId="c9343990-7ca6-434b-a713-1b886c1915b7" executionId="d1141cec-3050-4a09-ad85-76d9a877a4f5" testListId="8c84fa94-04c1-424b-9868-57a2d4851a1d" /><TestEntry testId="3c2b0a33-e02e-4291-8d3e-c2e76197cf9d" executionId="33916808-0369-48fe-8a35-05347875ad77" testListId="8c84fa94-04c1-424b-9868-57a2d4851a1d" /><TestEntry testId="d274ebc6-1fab-488f-bc5a-d316aa4cdce2" executionId="d7a8afa4-0360-45f0-a5ca-5c3b1b9185cd" testListId="8c84fa94-04c1-424b-9868-57a2d4851a1d" /><TestEntry testId="4faa9fdf-f758-4aba-8bae-4c5a534b2d53" executionId="30399ae2-ebe4-45a4-b8ef-f434c82d77e5" testListId="8c84fa94-04c1-424b-9868-57a2d4851a1d" /><TestEntry testId="a5a2e0e0-04eb-4d86-a33f-7a562837341a" executionId="4ce120d5-8686-42f3-a7e4-0a88ee14ae99" testListId="8c84fa94-04c1-424b-9868-57a2d4851a1d" /><TestEntry testId="b37358a7-44ed-4299-a2a9-e99f70696870" executionId="4de2fbb9-4524-403f-89f9-8aefd8fccf7f" testListId="8c84fa94-04c1-424b-9868-57a2d4851a1d" /><TestEntry testId="a793ac71-20fe-43f5-9f69-fa534036db41" executionId="4fb12757-9e90-4afa-9f4d-8027cd3a35fd" testListId="8c84fa94-04c1-424b-9868-57a2d4851a1d" /><TestEntry testId="d53bdaad-f276-44c5-ac34-239ae67e88c4" executionId="846c4f97-eadb-4d92-8135-da90a2dad153" testListId="8c84fa94-04c1-424b-9868-57a2d4851a1d" /><TestEntry testId="82ae9bd3-a439-4236-b97d-e8bdda925804" executionId="3a729803-ea0f-4a05-a63c-fa930249c2f8" testListId="8c84fa94-04c1-424b-9868-57a2d4851a1d" /><TestEntry testId="e0802ecd-e8d1-4827-9ddf-d0ef6dd61306" executionId="7bf3f66d-1021-4da2-8b03-8833fd812cf5" testListId="8c84fa94-04c1-424b-9868-57a2d4851a1d" /><TestEntry testId="c2d713b6-aa49-4804-a72c-75600fe20b4f" executionId="5dbeee70-afc9-41d8-8e0d-20cf17a70dd9" testListId="8c84fa94-04c1-424b-9868-57a2d4851a1d" /><TestEntry testId="c51730ee-7e01-4596-82d5-a31c7e6df57a" executionId="6753c7fc-a256-4a31-9c95-db1d716ecad9" testListId="8c84fa94-04c1-424b-9868-57a2d4851a1d" /><TestEntry testId="ad67fde4-e123-4102-a105-da58e81badc4" executionId="6874fd44-3104-4f4b-8c55-3e9932820c9f" testListId="8c84fa94-04c1-424b-9868-57a2d4851a1d" /><TestEntry testId="35060d86-fc5c-4670-8f30-69537b56d451" executionId="a41d0811-aa28-4236-ab4e-997ddbf267ef" testListId="8c84fa94-04c1-424b-9868-57a2d4851a1d" /><TestEntry testId="301dcef0-bf70-4992-b107-d7f976ae084f" executionId="e6446021-82c9-4a72-a490-a80e2aadc5b7" testListId="8c84fa94-04c1-424b-9868-57a2d4851a1d" /><TestEntry testId="c242a51b-c535-4b93-86cf-d2e34d1a942a" executionId="71b926d8-1ee8-4ece-9fa9-58cd535ad511" testListId="8c84fa94-04c1-424b-9868-57a2d4851a1d" /><TestEntry testId="614f319d-0aa6-4909-9550-8c491492d7de" executionId="21773b21-e052-4c48-bee4-bfb88f1e2b2e" testListId="8c84fa94-04c1-424b-9868-57a2d4851a1d" /><TestEntry testId="8c9996b6-4df0-4c0d-8f2d-ccc78c0cef43" executionId="4608009e-3724-467f-9b7d-f8d9d0816655" testListId="8c84fa94-04c1-424b-9868-57a2d4851a1d" /><TestEntry testId="9b547af3-2887-4682-8e27-69062b24faf5" executionId="b70260df-5404-42e5-bdea-f7ae1f6a40e0" testListId="8c84fa94-04c1-424b-9868-57a2d4851a1d" /><TestEntry testId="deab335f-91f0-4f2f-9827-e1c43190a960" executionId="a6569c4c-2cc8-463a-b65a-775f8c92f431" testListId="8c84fa94-04c1-424b-9868-57a2d4851a1d" /><TestEntry testId="50d8dd19-78bc-4be0-9ef2-d5ab042f842a" executionId="20fc044d-1338-4542-8dee-ff772265219e" testListId="8c84fa94-04c1-424b-9868-57a2d4851a1d" /><TestEntry testId="4bd69214-d3e2-4632-8a2b-d948e85802f8" executionId="c729da4a-889d-456a-8761-0c3f48c647a9" testListId="8c84fa94-04c1-424b-9868-57a2d4851a1d" /><TestEntry testId="be36ac70-f6c0-4522-b182-096759ec7e33" executionId="e92be6c5-e15b-43de-a130-96529b3be9d3" testListId="8c84fa94-04c1-424b-9868-57a2d4851a1d" /><TestEntry testId="05a79789-5fba-4713-8eee-b604d8425f82" executionId="49292387-d31c-4324-bac7-0b7c473515b1" testListId="8c84fa94-04c1-424b-9868-57a2d4851a1d" /><TestEntry testId="30808523-52b2-4335-a636-194d22d167f2" executionId="c0b00494-9abe-47f1-b18b-01420dad2cbd" testListId="8c84fa94-04c1-424b-9868-57a2d4851a1d" /><TestEntry testId="f9c53458-d2e8-4d9a-a033-d83603c0e2e0" executionId="1e81be5c-f038-456d-95fb-0e52a5b972e9" testListId="8c84fa94-04c1-424b-9868-57a2d4851a1d" /><TestEntry testId="d12044a7-bd37-446d-99e0-e43948de2238" executionId="d9053a75-fe66-4316-a733-95c6824e7e89" testListId="8c84fa94-04c1-424b-9868-57a2d4851a1d" /><TestEntry testId="4b92b8b3-b392-4314-a5fc-50d11b2fb925" executionId="282123c3-7e0a-45b9-91cf-7a1590934f9b" testListId="8c84fa94-04c1-424b-9868-57a2d4851a1d" /><TestEntry testId="29e44585-d7a4-4304-aae0-e6794fe6c6cf" executionId="209d2697-ce6e-41c7-aa79-bf85f40da2bb" testListId="8c84fa94-04c1-424b-9868-57a2d4851a1d" /><TestEntry testId="9e8a3bf7-2485-44e9-a781-1d44c6bd7e9e" executionId="703b666e-01e8-40cf-b442-2c89fe1120bc" testListId="8c84fa94-04c1-424b-9868-57a2d4851a1d" /><TestEntry testId="177e579d-d25d-46d4-bb89-47812de5e579" executionId="c86d6677-a0ea-4542-a61e-4a3360706b7d" testListId="8c84fa94-04c1-424b-9868-57a2d4851a1d" /><TestEntry testId="4993e20d-8ecc-4d7a-b125-bf95e4e279ed" executionId="b05f03b2-cf0d-497b-9740-aa3c87fcf48d" testListId="8c84fa94-04c1-424b-9868-57a2d4851a1d" /><TestEntry testId="b7167ee6-9a4e-48d4-9616-e8d3294ab245" executionId="72c002e1-8dda-44e6-8274-dd210cbd6b21" testListId="8c84fa94-04c1-424b-9868-57a2d4851a1d" /><TestEntry testId="7e3c1425-9643-4c49-84c2-f59ed0b44d19" executionId="d574b3cd-7850-4ce2-b0f4-8ca5b2cb3262" testListId="8c84fa94-04c1-424b-9868-57a2d4851a1d" /><TestEntry testId="caf651ef-e08f-4959-98a7-4dc26763311d" executionId="6f4fe979-69e3-4dbc-8267-3ad4ef079a6d" testListId="8c84fa94-04c1-424b-9868-57a2d4851a1d" /><TestEntry testId="b19236e0-8de5-47f1-a544-95e46dbd78ee" executionId="c70db6ae-e24a-4285-b095-895fcbd7e185" testListId="8c84fa94-04c1-424b-9868-57a2d4851a1d" /><TestEntry testId="48441fe3-911c-4ed8-b05b-73b65ada8cc5" executionId="683b9872-a484-4ec4-9f0b-6c3856bd9088" testListId="8c84fa94-04c1-424b-9868-57a2d4851a1d" /><TestEntry testId="23cb193b-cbd9-43d2-bd37-16d358ec4319" executionId="c803ab8d-67ce-4430-8bbf-397914629307" testListId="8c84fa94-04c1-424b-9868-57a2d4851a1d" /><TestEntry testId="f52823ad-c4e4-4065-9061-0f63a1c7172e" executionId="622baa51-e9cb-4d86-8091-1ca46b91d79b" testListId="8c84fa94-04c1-424b-9868-57a2d4851a1d" /><TestEntry testId="fc298e88-0692-4120-9d5c-490da52e171c" executionId="7909b822-d15c-4c0f-a87b-70f98d0dc28b" testListId="8c84fa94-04c1-424b-9868-57a2d4851a1d" /><TestEntry testId="b4de38d0-62e8-4f82-a8a0-d7aa15817fba" executionId="65a0da91-1c90-466a-a0ea-004aecea65ec" testListId="8c84fa94-04c1-424b-9868-57a2d4851a1d" /><TestEntry testId="8b21a8cb-2388-4e58-9b6b-79b0f2e9bd7f" executionId="2247f618-64b8-442f-aad1-6157ae9af4df" testListId="8c84fa94-04c1-424b-9868-57a2d4851a1d" /><TestEntry testId="ef93deb8-4d29-4eaa-94d1-6c6f22e9f5a8" executionId="1b62a37f-6643-46de-af70-5a5946995b35" testListId="8c84fa94-04c1-424b-9868-57a2d4851a1d" /><TestEntry testId="e1b6047d-91e1-4c62-988e-b86574e1684b" executionId="30c973c2-5870-42ca-be1b-12771782b5a5" testListId="8c84fa94-04c1-424b-9868-57a2d4851a1d" /><TestEntry testId="50523c09-9797-4466-9730-f6435cbfe7d4" executionId="8dd527a7-86ff-455a-91ff-33dd2804a971" testListId="8c84fa94-04c1-424b-9868-57a2d4851a1d" /><TestEntry testId="9b4f2a36-d6f3-49ed-a15c-034e64d0dc07" executionId="646553d8-47a4-469d-bf23-787b83a8428c" testListId="8c84fa94-04c1-424b-9868-57a2d4851a1d" /><TestEntry testId="e7017ef6-eeea-48e8-be0f-263860c4d50d" executionId="c2dc9799-fda3-4a15-8006-15f60fc2ad25" testListId="8c84fa94-04c1-424b-9868-57a2d4851a1d" /><TestEntry testId="346f2dcd-4c43-4cf3-9794-4fa6ddbf71dc" executionId="413e0506-0a89-4243-af28-9ed12f5ebf73" testListId="8c84fa94-04c1-424b-9868-57a2d4851a1d" /><TestEntry testId="1cc16f51-535a-4a7a-a644-9f5edaa2bfd4" executionId="69a3d9a5-0c56-49b1-b136-3da417558526" testListId="8c84fa94-04c1-424b-9868-57a2d4851a1d" /><TestEntry testId="86c5062a-497a-413a-9877-cba404091222" executionId="49274633-0f22-43e0-83fd-6b20a4c042e4" testListId="8c84fa94-04c1-424b-9868-57a2d4851a1d" /><TestEntry testId="a805c477-7243-4d65-9ff8-816ca6c31a73" executionId="94583559-99dc-411b-930f-043d8f651cee" testListId="8c84fa94-04c1-424b-9868-57a2d4851a1d" /><TestEntry testId="26103ab1-44b8-4c97-874c-d582a1ed2a40" executionId="ef7735f8-cb67-4067-8bb0-fddca7d0ec38" testListId="8c84fa94-04c1-424b-9868-57a2d4851a1d" /><TestEntry testId="0afd8e41-be02-4b35-8ab8-515bc6bd9b39" executionId="ae5c9897-8db6-4be2-b5cb-740eb2cd2fab" testListId="8c84fa94-04c1-424b-9868-57a2d4851a1d" /><TestEntry testId="27735332-f46d-4f43-add6-d45efc1daadf" executionId="675dc294-9a13-4fbc-a828-9afe58d420a3" testListId="8c84fa94-04c1-424b-9868-57a2d4851a1d" /><TestEntry testId="37378e98-3f4c-4076-b008-05214ff2a577" executionId="8bdb7e12-cc0d-48b6-aff4-e323cd0f7822" testListId="8c84fa94-04c1-424b-9868-57a2d4851a1d" /><TestEntry testId="b34933dd-8f45-4585-9a43-49937bbd84ea" executionId="415b6545-a773-4a17-ab54-e6dbed1ea435" testListId="8c84fa94-04c1-424b-9868-57a2d4851a1d" /><TestEntry testId="ab644899-29ac-456e-a29e-8422af75c837" executionId="95daa1b7-227d-425b-bee2-0b2d146caf66" testListId="8c84fa94-04c1-424b-9868-57a2d4851a1d" /><TestEntry testId="20ee8906-4a88-4baf-be11-cdedde72d33a" executionId="a9e6842e-444c-4766-aa7f-984c36e7c1be" testListId="8c84fa94-04c1-424b-9868-57a2d4851a1d" /><TestEntry testId="190c9d73-0002-462a-933c-39d73c38ebcd" executionId="aee85948-9cb7-422e-83a4-1bc023fb3eac" testListId="8c84fa94-04c1-424b-9868-57a2d4851a1d" /><TestEntry testId="a3f77cde-8e3d-43d4-8450-ce6c511cd270" executionId="d0ac523d-9a8b-4220-a864-33a6c233d113" testListId="8c84fa94-04c1-424b-9868-57a2d4851a1d" /><TestEntry testId="1336c287-de41-4019-ac66-cad189cf7736" executionId="6b52ef7e-0af6-42c4-9e07-0d42de2dccd7" testListId="8c84fa94-04c1-424b-9868-57a2d4851a1d" /><TestEntry testId="7bde327c-71dc-4fd9-acbb-8cc09142c21f" executionId="a014268e-dee6-4e55-85dc-159b5b329e3e" testListId="8c84fa94-04c1-424b-9868-57a2d4851a1d" /><TestEntry testId="e97c67d5-b113-44d2-ac92-663666809751" executionId="1fd9a906-cade-4681-89c9-2d1db65bef86" testListId="8c84fa94-04c1-424b-9868-57a2d4851a1d" /><TestEntry testId="65501e46-a687-46c0-8b07-6e0c1d146860" executionId="6aa7dfc9-b392-44e1-ac19-a85a1ce14632" testListId="8c84fa94-04c1-424b-9868-57a2d4851a1d" /><TestEntry testId="0b91f91b-4268-41fe-87ff-09e2520830b8" executionId="cc9c750c-0be9-4dc8-b593-a7fae13e0c0e" testListId="8c84fa94-04c1-424b-9868-57a2d4851a1d" /><TestEntry testId="6a1694d3-faa4-410f-b6b5-3b84b03e0e0b" executionId="55ac590b-5772-4e8c-99a7-0b5de414ad0c" testListId="8c84fa94-04c1-424b-9868-57a2d4851a1d" /><TestEntry testId="7ce478d3-d813-4b63-b424-801a8f4656a0" executionId="efd6531f-8257-4dc5-886c-5425a5aee6b0" testListId="8c84fa94-04c1-424b-9868-57a2d4851a1d" /><TestEntry testId="1949e3f1-4d9a-4826-8716-6383598ece7d" executionId="395fe565-7e85-4c6a-8f46-7faec548ed4e" testListId="8c84fa94-04c1-424b-9868-57a2d4851a1d" /><TestEntry testId="02d69d44-68f5-4226-8d0a-930d44de4daf" executionId="770754fb-2856-4a1c-a15d-8542ed452fa8" testListId="8c84fa94-04c1-424b-9868-57a2d4851a1d" /><TestEntry testId="2d5ab786-eabb-41fc-93b9-02a0ff43b6d4" executionId="17c1dbfe-ebca-41e3-854d-7b1f33373d60" testListId="8c84fa94-04c1-424b-9868-57a2d4851a1d" /><TestEntry testId="b382dc00-26ac-41d4-87e2-ef5aca12e7ff" executionId="e77b6df8-d86b-414a-8a3f-e8e5d5b16914" testListId="8c84fa94-04c1-424b-9868-57a2d4851a1d" /><TestEntry testId="a35a1221-f091-46e2-8a1c-ff511a9de701" executionId="7c3c970d-d12a-4eb2-8d2a-ef4ca0081e01" testListId="8c84fa94-04c1-424b-9868-57a2d4851a1d" /><TestEntry testId="da63b636-e424-43e0-8cdd-a3ae1f9f57f2" executionId="8296791f-6cda-4a55-98ab-82f13da6716e" testListId="8c84fa94-04c1-424b-9868-57a2d4851a1d" /><TestEntry testId="f4d3921e-8bde-4a14-a14a-53611acba33b" executionId="3a9f84a8-3eb7-49af-8030-27042cb4631c" testListId="8c84fa94-04c1-424b-9868-57a2d4851a1d" /><TestEntry testId="a30c436b-851d-47b4-8117-14d73bd045cc" executionId="d8880637-41b6-42cf-afa8-92d77469d7b3" testListId="8c84fa94-04c1-424b-9868-57a2d4851a1d" /><TestEntry testId="9b284c6e-7fbe-4b42-b77b-e73f2f31d108" executionId="d2cf97bf-2b46-4a96-8da7-76179135e0b2" testListId="8c84fa94-04c1-424b-9868-57a2d4851a1d" /><TestEntry testId="c40b0889-140b-4b35-bb91-41185930af2d" executionId="95c580aa-65fb-4e18-9084-6aedeb356aa7" testListId="8c84fa94-04c1-424b-9868-57a2d4851a1d" /><TestEntry testId="3ec946cd-5cca-4000-a825-aa7d62fc61c0" executionId="0f8dfbef-fe46-44cd-a776-7b02a4b46740" testListId="8c84fa94-04c1-424b-9868-57a2d4851a1d" /><TestEntry testId="b51fe28d-2015-43ab-a105-146a102b41b6" executionId="64387c94-fbcc-4b6e-b4da-317aeee0cee8" testListId="8c84fa94-04c1-424b-9868-57a2d4851a1d" /><TestEntry testId="910ab7ba-d578-492c-aa74-8cfb0133581d" executionId="8c08e799-8ecc-4ea7-970d-948c9c97c51e" testListId="8c84fa94-04c1-424b-9868-57a2d4851a1d" /><TestEntry testId="0a96e21f-a04a-4c35-840c-cd4c552550de" executionId="af06d596-1dff-4b97-889f-8d4807a8d8a7" testListId="8c84fa94-04c1-424b-9868-57a2d4851a1d" /><TestEntry testId="3cdd2b92-66e3-4e74-b132-2fc9a5e135f8" executionId="a5447ba9-92af-4b54-bb4a-4b3712068359" testListId="8c84fa94-04c1-424b-9868-57a2d4851a1d" /><TestEntry testId="7d8e3419-7980-4ec8-993c-e2c02279e1e4" executionId="4cedc9e4-31f7-4e93-b1aa-7b4888da348a" testListId="8c84fa94-04c1-424b-9868-57a2d4851a1d" /><TestEntry testId="8ff6385a-3541-44d7-8720-3f7573dcf7b5" executionId="3111ffdb-812e-4ed9-b3f9-424cb1bdec0c" testListId="8c84fa94-04c1-424b-9868-57a2d4851a1d" /><TestEntry testId="a1055238-cdd0-4b61-85e7-df98ba654099" executionId="913094ef-db50-4328-a919-556bbc3d218b" testListId="8c84fa94-04c1-424b-9868-57a2d4851a1d" /><TestEntry testId="59ffb8bf-2158-4da1-865a-c136e71189eb" executionId="b771dc78-e383-4833-adda-1d5122ce3c84" testListId="8c84fa94-04c1-424b-9868-57a2d4851a1d" /><TestEntry testId="2fabc165-7aa3-44bb-baea-6c68db727b4b" executionId="19328c76-1d28-43e7-8e0f-94e4e182e857" testListId="8c84fa94-04c1-424b-9868-57a2d4851a1d" /><TestEntry testId="39d5fdd3-64a8-49b9-833d-806b58fc348a" executionId="23ed4566-5fb7-4a0a-97f8-e0abd96780e0" testListId="8c84fa94-04c1-424b-9868-57a2d4851a1d" /><TestEntry testId="e9a6c8cf-8bce-4b4e-b6bb-b218b2092960" executionId="3c613662-a0df-448d-9151-6f79a8e654a5" testListId="8c84fa94-04c1-424b-9868-57a2d4851a1d" /><TestEntry testId="b3e09a2f-9322-4776-a915-f87143aded7a" executionId="08cf7c85-148c-4556-9ecb-10c03aaf61bc" testListId="8c84fa94-04c1-424b-9868-57a2d4851a1d" /><TestEntry testId="2d504c2d-bf83-4af1-8829-e822ff7e2cce" executionId="f4f72af0-2560-4370-ba31-c49a40ad7681" testListId="8c84fa94-04c1-424b-9868-57a2d4851a1d" /><TestEntry testId="f965f8dd-af1c-4a98-9603-772bd75f8bfb" executionId="55054310-632e-4e17-8f78-4ece5daa50ef" testListId="8c84fa94-04c1-424b-9868-57a2d4851a1d" /><TestEntry testId="243813fb-64d2-4a3c-991a-afc2fbd97e76" executionId="71ebef24-2468-4680-a3ba-bed61136cf46" testListId="8c84fa94-04c1-424b-9868-57a2d4851a1d" /><TestEntry testId="6e9fa018-9441-436a-890c-c1fdcef947fa" executionId="892b5a31-7b98-4c64-84db-e558b3779283" testListId="8c84fa94-04c1-424b-9868-57a2d4851a1d" /><TestEntry testId="5cde3b67-eb7d-4302-8590-76a0ad150db7" executionId="b727f81a-f475-437a-ac8b-85934d0e65e1" testListId="8c84fa94-04c1-424b-9868-57a2d4851a1d" /><TestEntry testId="6cacebbb-6fcb-4384-bc8a-47a5479dad50" executionId="f11d03b9-d015-4080-b3dd-4ef84ee57452" testListId="8c84fa94-04c1-424b-9868-57a2d4851a1d" /><TestEntry testId="fea429fb-772c-49b6-85fc-7ac15208157c" executionId="bab7f9cc-1afc-4ce8-9041-89e5058f79fc" testListId="8c84fa94-04c1-424b-9868-57a2d4851a1d" /><TestEntry testId="368a9167-8485-4d07-99e3-f9101d824029" executionId="99187372-639b-48f6-9ed2-b945905a5fe9" testListId="8c84fa94-04c1-424b-9868-57a2d4851a1d" /></TestEntries><TestLists><TestList name="Results Not in a List" id="8c84fa94-04c1-424b-9868-57a2d4851a1d" /><TestList name="All Loaded Results" id="19431567-8539-422a-85d7-44ee4e166bda" /></TestLists><ResultSummary outcome="Completed"><Counters total="596" executed="596" passed="596" failed="0" error="0" timeout="0" aborted="0" inconclusive="0" passedButRunAborted="0" notRunnable="0" notExecuted="0" disconnected="0" warning="0" completed="0" inProgress="0" pending="0" /><Output><StdOut>NUnit Adapter 3.9.0.0: Test execution startedRunning all tests in C:\workspaces\openkit-dotnet\tests\openkit-dotnetcore-1.0.Tests\bin\Release\netcoreapp1.0\openkit-dotnetcore-1.0.Tests.dllNUnit3TestExecutor converted 596 of 596 NUnit test casesNUnit Adapter 3.9.0.0: Test execution complete</StdOut></Output></ResultSummary></TestRun>